[2024-05-30T15:37:31.027-0500] {processor.py:161} INFO - Started process (PID=21987) to work on /home/diallo/Documents/workspace/Python/AirFlowProjects/AirFlow01/venv/lib/python3.10/site-packages/airflow/example_dags/plugins/event_listener.py
[2024-05-30T15:37:31.028-0500] {processor.py:830} INFO - Processing file /home/diallo/Documents/workspace/Python/AirFlowProjects/AirFlow01/venv/lib/python3.10/site-packages/airflow/example_dags/plugins/event_listener.py for tasks to queue
[2024-05-30T15:37:31.030-0500] {logging_mixin.py:188} INFO - [2024-05-30T15:37:31.030-0500] {dagbag.py:545} INFO - Filling up the DagBag from /home/diallo/Documents/workspace/Python/AirFlowProjects/AirFlow01/venv/lib/python3.10/site-packages/airflow/example_dags/plugins/event_listener.py
[2024-05-30T15:37:31.034-0500] {processor.py:842} WARNING - No viable dags retrieved from /home/diallo/Documents/workspace/Python/AirFlowProjects/AirFlow01/venv/lib/python3.10/site-packages/airflow/example_dags/plugins/event_listener.py
[2024-05-30T15:37:31.046-0500] {processor.py:183} INFO - Processing /home/diallo/Documents/workspace/Python/AirFlowProjects/AirFlow01/venv/lib/python3.10/site-packages/airflow/example_dags/plugins/event_listener.py took 0.028 seconds
[2024-05-30T15:39:04.592-0500] {processor.py:161} INFO - Started process (PID=22815) to work on /home/diallo/Documents/workspace/Python/AirFlowProjects/AirFlow01/venv/lib/python3.10/site-packages/airflow/example_dags/plugins/event_listener.py
[2024-05-30T15:39:04.606-0500] {processor.py:830} INFO - Processing file /home/diallo/Documents/workspace/Python/AirFlowProjects/AirFlow01/venv/lib/python3.10/site-packages/airflow/example_dags/plugins/event_listener.py for tasks to queue
[2024-05-30T15:39:04.608-0500] {logging_mixin.py:188} INFO - [2024-05-30T15:39:04.607-0500] {dagbag.py:545} INFO - Filling up the DagBag from /home/diallo/Documents/workspace/Python/AirFlowProjects/AirFlow01/venv/lib/python3.10/site-packages/airflow/example_dags/plugins/event_listener.py
[2024-05-30T15:39:04.610-0500] {processor.py:842} WARNING - No viable dags retrieved from /home/diallo/Documents/workspace/Python/AirFlowProjects/AirFlow01/venv/lib/python3.10/site-packages/airflow/example_dags/plugins/event_listener.py
[2024-05-30T15:39:04.804-0500] {processor.py:183} INFO - Processing /home/diallo/Documents/workspace/Python/AirFlowProjects/AirFlow01/venv/lib/python3.10/site-packages/airflow/example_dags/plugins/event_listener.py took 0.225 seconds
[2024-05-30T15:41:01.192-0500] {processor.py:161} INFO - Started process (PID=23706) to work on /home/diallo/Documents/workspace/Python/AirFlowProjects/AirFlow01/venv/lib/python3.10/site-packages/airflow/example_dags/plugins/event_listener.py
[2024-05-30T15:41:01.230-0500] {processor.py:830} INFO - Processing file /home/diallo/Documents/workspace/Python/AirFlowProjects/AirFlow01/venv/lib/python3.10/site-packages/airflow/example_dags/plugins/event_listener.py for tasks to queue
[2024-05-30T15:41:01.237-0500] {logging_mixin.py:188} INFO - [2024-05-30T15:41:01.235-0500] {dagbag.py:545} INFO - Filling up the DagBag from /home/diallo/Documents/workspace/Python/AirFlowProjects/AirFlow01/venv/lib/python3.10/site-packages/airflow/example_dags/plugins/event_listener.py
[2024-05-30T15:41:01.244-0500] {processor.py:842} WARNING - No viable dags retrieved from /home/diallo/Documents/workspace/Python/AirFlowProjects/AirFlow01/venv/lib/python3.10/site-packages/airflow/example_dags/plugins/event_listener.py
[2024-05-30T15:41:01.266-0500] {processor.py:183} INFO - Processing /home/diallo/Documents/workspace/Python/AirFlowProjects/AirFlow01/venv/lib/python3.10/site-packages/airflow/example_dags/plugins/event_listener.py took 0.083 seconds
[2024-05-30T15:42:13.977-0500] {processor.py:161} INFO - Started process (PID=24255) to work on /home/diallo/Documents/workspace/Python/AirFlowProjects/AirFlow01/venv/lib/python3.10/site-packages/airflow/example_dags/plugins/event_listener.py
[2024-05-30T15:42:14.010-0500] {processor.py:830} INFO - Processing file /home/diallo/Documents/workspace/Python/AirFlowProjects/AirFlow01/venv/lib/python3.10/site-packages/airflow/example_dags/plugins/event_listener.py for tasks to queue
[2024-05-30T15:42:14.016-0500] {logging_mixin.py:188} INFO - [2024-05-30T15:42:14.015-0500] {dagbag.py:545} INFO - Filling up the DagBag from /home/diallo/Documents/workspace/Python/AirFlowProjects/AirFlow01/venv/lib/python3.10/site-packages/airflow/example_dags/plugins/event_listener.py
[2024-05-30T15:42:14.024-0500] {processor.py:842} WARNING - No viable dags retrieved from /home/diallo/Documents/workspace/Python/AirFlowProjects/AirFlow01/venv/lib/python3.10/site-packages/airflow/example_dags/plugins/event_listener.py
[2024-05-30T15:42:14.044-0500] {processor.py:183} INFO - Processing /home/diallo/Documents/workspace/Python/AirFlowProjects/AirFlow01/venv/lib/python3.10/site-packages/airflow/example_dags/plugins/event_listener.py took 0.076 seconds
[2024-05-30T15:43:15.010-0500] {processor.py:161} INFO - Started process (PID=24757) to work on /home/diallo/Documents/workspace/Python/AirFlowProjects/AirFlow01/venv/lib/python3.10/site-packages/airflow/example_dags/plugins/event_listener.py
[2024-05-30T15:43:15.050-0500] {processor.py:830} INFO - Processing file /home/diallo/Documents/workspace/Python/AirFlowProjects/AirFlow01/venv/lib/python3.10/site-packages/airflow/example_dags/plugins/event_listener.py for tasks to queue
[2024-05-30T15:43:15.056-0500] {logging_mixin.py:188} INFO - [2024-05-30T15:43:15.054-0500] {dagbag.py:545} INFO - Filling up the DagBag from /home/diallo/Documents/workspace/Python/AirFlowProjects/AirFlow01/venv/lib/python3.10/site-packages/airflow/example_dags/plugins/event_listener.py
[2024-05-30T15:43:15.063-0500] {processor.py:842} WARNING - No viable dags retrieved from /home/diallo/Documents/workspace/Python/AirFlowProjects/AirFlow01/venv/lib/python3.10/site-packages/airflow/example_dags/plugins/event_listener.py
[2024-05-30T15:43:15.089-0500] {processor.py:183} INFO - Processing /home/diallo/Documents/workspace/Python/AirFlowProjects/AirFlow01/venv/lib/python3.10/site-packages/airflow/example_dags/plugins/event_listener.py took 0.087 seconds
[2024-05-30T15:44:20.038-0500] {processor.py:161} INFO - Started process (PID=25272) to work on /home/diallo/Documents/workspace/Python/AirFlowProjects/AirFlow01/venv/lib/python3.10/site-packages/airflow/example_dags/plugins/event_listener.py
[2024-05-30T15:44:20.071-0500] {processor.py:830} INFO - Processing file /home/diallo/Documents/workspace/Python/AirFlowProjects/AirFlow01/venv/lib/python3.10/site-packages/airflow/example_dags/plugins/event_listener.py for tasks to queue
[2024-05-30T15:44:20.074-0500] {logging_mixin.py:188} INFO - [2024-05-30T15:44:20.073-0500] {dagbag.py:545} INFO - Filling up the DagBag from /home/diallo/Documents/workspace/Python/AirFlowProjects/AirFlow01/venv/lib/python3.10/site-packages/airflow/example_dags/plugins/event_listener.py
[2024-05-30T15:44:20.077-0500] {processor.py:842} WARNING - No viable dags retrieved from /home/diallo/Documents/workspace/Python/AirFlowProjects/AirFlow01/venv/lib/python3.10/site-packages/airflow/example_dags/plugins/event_listener.py
[2024-05-30T15:44:20.094-0500] {processor.py:183} INFO - Processing /home/diallo/Documents/workspace/Python/AirFlowProjects/AirFlow01/venv/lib/python3.10/site-packages/airflow/example_dags/plugins/event_listener.py took 0.078 seconds
[2024-05-30T15:45:25.602-0500] {processor.py:161} INFO - Started process (PID=25749) to work on /home/diallo/Documents/workspace/Python/AirFlowProjects/AirFlow01/venv/lib/python3.10/site-packages/airflow/example_dags/plugins/event_listener.py
[2024-05-30T15:45:25.752-0500] {processor.py:830} INFO - Processing file /home/diallo/Documents/workspace/Python/AirFlowProjects/AirFlow01/venv/lib/python3.10/site-packages/airflow/example_dags/plugins/event_listener.py for tasks to queue
[2024-05-30T15:45:25.758-0500] {logging_mixin.py:188} INFO - [2024-05-30T15:45:25.756-0500] {dagbag.py:545} INFO - Filling up the DagBag from /home/diallo/Documents/workspace/Python/AirFlowProjects/AirFlow01/venv/lib/python3.10/site-packages/airflow/example_dags/plugins/event_listener.py
[2024-05-30T15:45:25.766-0500] {processor.py:842} WARNING - No viable dags retrieved from /home/diallo/Documents/workspace/Python/AirFlowProjects/AirFlow01/venv/lib/python3.10/site-packages/airflow/example_dags/plugins/event_listener.py
[2024-05-30T15:45:25.790-0500] {processor.py:183} INFO - Processing /home/diallo/Documents/workspace/Python/AirFlowProjects/AirFlow01/venv/lib/python3.10/site-packages/airflow/example_dags/plugins/event_listener.py took 0.197 seconds
[2024-05-30T15:46:19.787-0500] {processor.py:161} INFO - Started process (PID=26181) to work on /home/diallo/Documents/workspace/Python/AirFlowProjects/AirFlow01/venv/lib/python3.10/site-packages/airflow/example_dags/plugins/event_listener.py
[2024-05-30T15:46:19.826-0500] {processor.py:830} INFO - Processing file /home/diallo/Documents/workspace/Python/AirFlowProjects/AirFlow01/venv/lib/python3.10/site-packages/airflow/example_dags/plugins/event_listener.py for tasks to queue
[2024-05-30T15:46:19.830-0500] {logging_mixin.py:188} INFO - [2024-05-30T15:46:19.829-0500] {dagbag.py:545} INFO - Filling up the DagBag from /home/diallo/Documents/workspace/Python/AirFlowProjects/AirFlow01/venv/lib/python3.10/site-packages/airflow/example_dags/plugins/event_listener.py
[2024-05-30T15:46:19.835-0500] {processor.py:842} WARNING - No viable dags retrieved from /home/diallo/Documents/workspace/Python/AirFlowProjects/AirFlow01/venv/lib/python3.10/site-packages/airflow/example_dags/plugins/event_listener.py
[2024-05-30T15:46:19.855-0500] {processor.py:183} INFO - Processing /home/diallo/Documents/workspace/Python/AirFlowProjects/AirFlow01/venv/lib/python3.10/site-packages/airflow/example_dags/plugins/event_listener.py took 0.088 seconds
[2024-05-30T15:47:28.660-0500] {processor.py:161} INFO - Started process (PID=26722) to work on /home/diallo/Documents/workspace/Python/AirFlowProjects/AirFlow01/venv/lib/python3.10/site-packages/airflow/example_dags/plugins/event_listener.py
[2024-05-30T15:47:28.702-0500] {processor.py:830} INFO - Processing file /home/diallo/Documents/workspace/Python/AirFlowProjects/AirFlow01/venv/lib/python3.10/site-packages/airflow/example_dags/plugins/event_listener.py for tasks to queue
[2024-05-30T15:47:28.708-0500] {logging_mixin.py:188} INFO - [2024-05-30T15:47:28.707-0500] {dagbag.py:545} INFO - Filling up the DagBag from /home/diallo/Documents/workspace/Python/AirFlowProjects/AirFlow01/venv/lib/python3.10/site-packages/airflow/example_dags/plugins/event_listener.py
[2024-05-30T15:47:28.719-0500] {processor.py:842} WARNING - No viable dags retrieved from /home/diallo/Documents/workspace/Python/AirFlowProjects/AirFlow01/venv/lib/python3.10/site-packages/airflow/example_dags/plugins/event_listener.py
[2024-05-30T15:47:28.766-0500] {processor.py:183} INFO - Processing /home/diallo/Documents/workspace/Python/AirFlowProjects/AirFlow01/venv/lib/python3.10/site-packages/airflow/example_dags/plugins/event_listener.py took 0.124 seconds
[2024-05-30T15:48:33.598-0500] {processor.py:161} INFO - Started process (PID=27265) to work on /home/diallo/Documents/workspace/Python/AirFlowProjects/AirFlow01/venv/lib/python3.10/site-packages/airflow/example_dags/plugins/event_listener.py
[2024-05-30T15:48:33.632-0500] {processor.py:830} INFO - Processing file /home/diallo/Documents/workspace/Python/AirFlowProjects/AirFlow01/venv/lib/python3.10/site-packages/airflow/example_dags/plugins/event_listener.py for tasks to queue
[2024-05-30T15:48:33.635-0500] {logging_mixin.py:188} INFO - [2024-05-30T15:48:33.634-0500] {dagbag.py:545} INFO - Filling up the DagBag from /home/diallo/Documents/workspace/Python/AirFlowProjects/AirFlow01/venv/lib/python3.10/site-packages/airflow/example_dags/plugins/event_listener.py
[2024-05-30T15:48:33.639-0500] {processor.py:842} WARNING - No viable dags retrieved from /home/diallo/Documents/workspace/Python/AirFlowProjects/AirFlow01/venv/lib/python3.10/site-packages/airflow/example_dags/plugins/event_listener.py
[2024-05-30T15:48:33.657-0500] {processor.py:183} INFO - Processing /home/diallo/Documents/workspace/Python/AirFlowProjects/AirFlow01/venv/lib/python3.10/site-packages/airflow/example_dags/plugins/event_listener.py took 0.070 seconds
[2024-05-30T15:49:33.083-0500] {processor.py:161} INFO - Started process (PID=27739) to work on /home/diallo/Documents/workspace/Python/AirFlowProjects/AirFlow01/venv/lib/python3.10/site-packages/airflow/example_dags/plugins/event_listener.py
[2024-05-30T15:49:33.084-0500] {processor.py:830} INFO - Processing file /home/diallo/Documents/workspace/Python/AirFlowProjects/AirFlow01/venv/lib/python3.10/site-packages/airflow/example_dags/plugins/event_listener.py for tasks to queue
[2024-05-30T15:49:33.086-0500] {logging_mixin.py:188} INFO - [2024-05-30T15:49:33.085-0500] {dagbag.py:545} INFO - Filling up the DagBag from /home/diallo/Documents/workspace/Python/AirFlowProjects/AirFlow01/venv/lib/python3.10/site-packages/airflow/example_dags/plugins/event_listener.py
[2024-05-30T15:49:33.088-0500] {processor.py:842} WARNING - No viable dags retrieved from /home/diallo/Documents/workspace/Python/AirFlowProjects/AirFlow01/venv/lib/python3.10/site-packages/airflow/example_dags/plugins/event_listener.py
[2024-05-30T15:49:33.099-0500] {processor.py:183} INFO - Processing /home/diallo/Documents/workspace/Python/AirFlowProjects/AirFlow01/venv/lib/python3.10/site-packages/airflow/example_dags/plugins/event_listener.py took 0.024 seconds
