[2024-05-30T15:37:30.713-0500] {processor.py:161} INFO - Started process (PID=21985) to work on /home/diallo/Documents/workspace/Python/AirFlowProjects/AirFlow01/venv/lib/python3.10/site-packages/airflow/example_dags/plugins/workday.py
[2024-05-30T15:37:30.715-0500] {processor.py:830} INFO - Processing file /home/diallo/Documents/workspace/Python/AirFlowProjects/AirFlow01/venv/lib/python3.10/site-packages/airflow/example_dags/plugins/workday.py for tasks to queue
[2024-05-30T15:37:30.719-0500] {logging_mixin.py:188} INFO - [2024-05-30T15:37:30.718-0500] {dagbag.py:545} INFO - Filling up the DagBag from /home/diallo/Documents/workspace/Python/AirFlowProjects/AirFlow01/venv/lib/python3.10/site-packages/airflow/example_dags/plugins/workday.py
[2024-05-30T15:37:30.725-0500] {logging_mixin.py:188} INFO - [2024-05-30T15:37:30.724-0500] {workday.py:41} WARNING - Could not import pandas. Holidays will not be considered.
[2024-05-30T15:37:30.726-0500] {processor.py:842} WARNING - No viable dags retrieved from /home/diallo/Documents/workspace/Python/AirFlowProjects/AirFlow01/venv/lib/python3.10/site-packages/airflow/example_dags/plugins/workday.py
[2024-05-30T15:37:30.739-0500] {processor.py:183} INFO - Processing /home/diallo/Documents/workspace/Python/AirFlowProjects/AirFlow01/venv/lib/python3.10/site-packages/airflow/example_dags/plugins/workday.py took 0.043 seconds
[2024-05-30T15:39:03.011-0500] {processor.py:161} INFO - Started process (PID=22814) to work on /home/diallo/Documents/workspace/Python/AirFlowProjects/AirFlow01/venv/lib/python3.10/site-packages/airflow/example_dags/plugins/workday.py
[2024-05-30T15:39:03.037-0500] {processor.py:830} INFO - Processing file /home/diallo/Documents/workspace/Python/AirFlowProjects/AirFlow01/venv/lib/python3.10/site-packages/airflow/example_dags/plugins/workday.py for tasks to queue
[2024-05-30T15:39:03.039-0500] {logging_mixin.py:188} INFO - [2024-05-30T15:39:03.038-0500] {dagbag.py:545} INFO - Filling up the DagBag from /home/diallo/Documents/workspace/Python/AirFlowProjects/AirFlow01/venv/lib/python3.10/site-packages/airflow/example_dags/plugins/workday.py
[2024-05-30T15:39:03.042-0500] {logging_mixin.py:188} INFO - [2024-05-30T15:39:03.041-0500] {workday.py:41} WARNING - Could not import pandas. Holidays will not be considered.
[2024-05-30T15:39:03.042-0500] {processor.py:842} WARNING - No viable dags retrieved from /home/diallo/Documents/workspace/Python/AirFlowProjects/AirFlow01/venv/lib/python3.10/site-packages/airflow/example_dags/plugins/workday.py
[2024-05-30T15:39:03.056-0500] {processor.py:183} INFO - Processing /home/diallo/Documents/workspace/Python/AirFlowProjects/AirFlow01/venv/lib/python3.10/site-packages/airflow/example_dags/plugins/workday.py took 0.050 seconds
[2024-05-30T15:41:00.034-0500] {processor.py:161} INFO - Started process (PID=23705) to work on /home/diallo/Documents/workspace/Python/AirFlowProjects/AirFlow01/venv/lib/python3.10/site-packages/airflow/example_dags/plugins/workday.py
[2024-05-30T15:41:00.035-0500] {processor.py:830} INFO - Processing file /home/diallo/Documents/workspace/Python/AirFlowProjects/AirFlow01/venv/lib/python3.10/site-packages/airflow/example_dags/plugins/workday.py for tasks to queue
[2024-05-30T15:41:00.037-0500] {logging_mixin.py:188} INFO - [2024-05-30T15:41:00.036-0500] {dagbag.py:545} INFO - Filling up the DagBag from /home/diallo/Documents/workspace/Python/AirFlowProjects/AirFlow01/venv/lib/python3.10/site-packages/airflow/example_dags/plugins/workday.py
[2024-05-30T15:41:00.040-0500] {logging_mixin.py:188} INFO - [2024-05-30T15:41:00.040-0500] {workday.py:41} WARNING - Could not import pandas. Holidays will not be considered.
[2024-05-30T15:41:00.040-0500] {processor.py:842} WARNING - No viable dags retrieved from /home/diallo/Documents/workspace/Python/AirFlowProjects/AirFlow01/venv/lib/python3.10/site-packages/airflow/example_dags/plugins/workday.py
[2024-05-30T15:41:00.050-0500] {processor.py:183} INFO - Processing /home/diallo/Documents/workspace/Python/AirFlowProjects/AirFlow01/venv/lib/python3.10/site-packages/airflow/example_dags/plugins/workday.py took 0.024 seconds
[2024-05-30T15:42:12.808-0500] {processor.py:161} INFO - Started process (PID=24254) to work on /home/diallo/Documents/workspace/Python/AirFlowProjects/AirFlow01/venv/lib/python3.10/site-packages/airflow/example_dags/plugins/workday.py
[2024-05-30T15:42:12.836-0500] {processor.py:830} INFO - Processing file /home/diallo/Documents/workspace/Python/AirFlowProjects/AirFlow01/venv/lib/python3.10/site-packages/airflow/example_dags/plugins/workday.py for tasks to queue
[2024-05-30T15:42:12.838-0500] {logging_mixin.py:188} INFO - [2024-05-30T15:42:12.837-0500] {dagbag.py:545} INFO - Filling up the DagBag from /home/diallo/Documents/workspace/Python/AirFlowProjects/AirFlow01/venv/lib/python3.10/site-packages/airflow/example_dags/plugins/workday.py
[2024-05-30T15:42:12.840-0500] {logging_mixin.py:188} INFO - [2024-05-30T15:42:12.840-0500] {workday.py:41} WARNING - Could not import pandas. Holidays will not be considered.
[2024-05-30T15:42:12.841-0500] {processor.py:842} WARNING - No viable dags retrieved from /home/diallo/Documents/workspace/Python/AirFlowProjects/AirFlow01/venv/lib/python3.10/site-packages/airflow/example_dags/plugins/workday.py
[2024-05-30T15:42:12.851-0500] {processor.py:183} INFO - Processing /home/diallo/Documents/workspace/Python/AirFlowProjects/AirFlow01/venv/lib/python3.10/site-packages/airflow/example_dags/plugins/workday.py took 0.050 seconds
[2024-05-30T15:43:13.736-0500] {processor.py:161} INFO - Started process (PID=24756) to work on /home/diallo/Documents/workspace/Python/AirFlowProjects/AirFlow01/venv/lib/python3.10/site-packages/airflow/example_dags/plugins/workday.py
[2024-05-30T15:43:13.776-0500] {processor.py:830} INFO - Processing file /home/diallo/Documents/workspace/Python/AirFlowProjects/AirFlow01/venv/lib/python3.10/site-packages/airflow/example_dags/plugins/workday.py for tasks to queue
[2024-05-30T15:43:13.781-0500] {logging_mixin.py:188} INFO - [2024-05-30T15:43:13.780-0500] {dagbag.py:545} INFO - Filling up the DagBag from /home/diallo/Documents/workspace/Python/AirFlowProjects/AirFlow01/venv/lib/python3.10/site-packages/airflow/example_dags/plugins/workday.py
[2024-05-30T15:43:13.791-0500] {logging_mixin.py:188} INFO - [2024-05-30T15:43:13.790-0500] {workday.py:41} WARNING - Could not import pandas. Holidays will not be considered.
[2024-05-30T15:43:13.792-0500] {processor.py:842} WARNING - No viable dags retrieved from /home/diallo/Documents/workspace/Python/AirFlowProjects/AirFlow01/venv/lib/python3.10/site-packages/airflow/example_dags/plugins/workday.py
[2024-05-30T15:43:13.819-0500] {processor.py:183} INFO - Processing /home/diallo/Documents/workspace/Python/AirFlowProjects/AirFlow01/venv/lib/python3.10/site-packages/airflow/example_dags/plugins/workday.py took 0.105 seconds
[2024-05-30T15:44:18.843-0500] {processor.py:161} INFO - Started process (PID=25271) to work on /home/diallo/Documents/workspace/Python/AirFlowProjects/AirFlow01/venv/lib/python3.10/site-packages/airflow/example_dags/plugins/workday.py
[2024-05-30T15:44:18.870-0500] {processor.py:830} INFO - Processing file /home/diallo/Documents/workspace/Python/AirFlowProjects/AirFlow01/venv/lib/python3.10/site-packages/airflow/example_dags/plugins/workday.py for tasks to queue
[2024-05-30T15:44:18.876-0500] {logging_mixin.py:188} INFO - [2024-05-30T15:44:18.875-0500] {dagbag.py:545} INFO - Filling up the DagBag from /home/diallo/Documents/workspace/Python/AirFlowProjects/AirFlow01/venv/lib/python3.10/site-packages/airflow/example_dags/plugins/workday.py
[2024-05-30T15:44:18.886-0500] {logging_mixin.py:188} INFO - [2024-05-30T15:44:18.885-0500] {workday.py:41} WARNING - Could not import pandas. Holidays will not be considered.
[2024-05-30T15:44:18.887-0500] {processor.py:842} WARNING - No viable dags retrieved from /home/diallo/Documents/workspace/Python/AirFlowProjects/AirFlow01/venv/lib/python3.10/site-packages/airflow/example_dags/plugins/workday.py
[2024-05-30T15:44:18.920-0500] {processor.py:183} INFO - Processing /home/diallo/Documents/workspace/Python/AirFlowProjects/AirFlow01/venv/lib/python3.10/site-packages/airflow/example_dags/plugins/workday.py took 0.083 seconds
[2024-05-30T15:45:24.604-0500] {processor.py:161} INFO - Started process (PID=25748) to work on /home/diallo/Documents/workspace/Python/AirFlowProjects/AirFlow01/venv/lib/python3.10/site-packages/airflow/example_dags/plugins/workday.py
[2024-05-30T15:45:24.616-0500] {processor.py:830} INFO - Processing file /home/diallo/Documents/workspace/Python/AirFlowProjects/AirFlow01/venv/lib/python3.10/site-packages/airflow/example_dags/plugins/workday.py for tasks to queue
[2024-05-30T15:45:24.619-0500] {logging_mixin.py:188} INFO - [2024-05-30T15:45:24.618-0500] {dagbag.py:545} INFO - Filling up the DagBag from /home/diallo/Documents/workspace/Python/AirFlowProjects/AirFlow01/venv/lib/python3.10/site-packages/airflow/example_dags/plugins/workday.py
[2024-05-30T15:45:24.621-0500] {logging_mixin.py:188} INFO - [2024-05-30T15:45:24.621-0500] {workday.py:41} WARNING - Could not import pandas. Holidays will not be considered.
[2024-05-30T15:45:24.621-0500] {processor.py:842} WARNING - No viable dags retrieved from /home/diallo/Documents/workspace/Python/AirFlowProjects/AirFlow01/venv/lib/python3.10/site-packages/airflow/example_dags/plugins/workday.py
[2024-05-30T15:45:24.631-0500] {processor.py:183} INFO - Processing /home/diallo/Documents/workspace/Python/AirFlowProjects/AirFlow01/venv/lib/python3.10/site-packages/airflow/example_dags/plugins/workday.py took 0.036 seconds
[2024-05-30T15:46:19.253-0500] {processor.py:161} INFO - Started process (PID=26180) to work on /home/diallo/Documents/workspace/Python/AirFlowProjects/AirFlow01/venv/lib/python3.10/site-packages/airflow/example_dags/plugins/workday.py
[2024-05-30T15:46:19.293-0500] {processor.py:830} INFO - Processing file /home/diallo/Documents/workspace/Python/AirFlowProjects/AirFlow01/venv/lib/python3.10/site-packages/airflow/example_dags/plugins/workday.py for tasks to queue
[2024-05-30T15:46:19.299-0500] {logging_mixin.py:188} INFO - [2024-05-30T15:46:19.298-0500] {dagbag.py:545} INFO - Filling up the DagBag from /home/diallo/Documents/workspace/Python/AirFlowProjects/AirFlow01/venv/lib/python3.10/site-packages/airflow/example_dags/plugins/workday.py
[2024-05-30T15:46:19.309-0500] {logging_mixin.py:188} INFO - [2024-05-30T15:46:19.309-0500] {workday.py:41} WARNING - Could not import pandas. Holidays will not be considered.
[2024-05-30T15:46:19.312-0500] {processor.py:842} WARNING - No viable dags retrieved from /home/diallo/Documents/workspace/Python/AirFlowProjects/AirFlow01/venv/lib/python3.10/site-packages/airflow/example_dags/plugins/workday.py
[2024-05-30T15:46:19.357-0500] {processor.py:183} INFO - Processing /home/diallo/Documents/workspace/Python/AirFlowProjects/AirFlow01/venv/lib/python3.10/site-packages/airflow/example_dags/plugins/workday.py took 0.129 seconds
[2024-05-30T15:47:27.380-0500] {processor.py:161} INFO - Started process (PID=26721) to work on /home/diallo/Documents/workspace/Python/AirFlowProjects/AirFlow01/venv/lib/python3.10/site-packages/airflow/example_dags/plugins/workday.py
[2024-05-30T15:47:27.415-0500] {processor.py:830} INFO - Processing file /home/diallo/Documents/workspace/Python/AirFlowProjects/AirFlow01/venv/lib/python3.10/site-packages/airflow/example_dags/plugins/workday.py for tasks to queue
[2024-05-30T15:47:27.423-0500] {logging_mixin.py:188} INFO - [2024-05-30T15:47:27.421-0500] {dagbag.py:545} INFO - Filling up the DagBag from /home/diallo/Documents/workspace/Python/AirFlowProjects/AirFlow01/venv/lib/python3.10/site-packages/airflow/example_dags/plugins/workday.py
[2024-05-30T15:47:27.435-0500] {logging_mixin.py:188} INFO - [2024-05-30T15:47:27.434-0500] {workday.py:41} WARNING - Could not import pandas. Holidays will not be considered.
[2024-05-30T15:47:27.437-0500] {processor.py:842} WARNING - No viable dags retrieved from /home/diallo/Documents/workspace/Python/AirFlowProjects/AirFlow01/venv/lib/python3.10/site-packages/airflow/example_dags/plugins/workday.py
[2024-05-30T15:47:27.469-0500] {processor.py:183} INFO - Processing /home/diallo/Documents/workspace/Python/AirFlowProjects/AirFlow01/venv/lib/python3.10/site-packages/airflow/example_dags/plugins/workday.py took 0.117 seconds
[2024-05-30T15:48:32.574-0500] {processor.py:161} INFO - Started process (PID=27250) to work on /home/diallo/Documents/workspace/Python/AirFlowProjects/AirFlow01/venv/lib/python3.10/site-packages/airflow/example_dags/plugins/workday.py
[2024-05-30T15:48:32.609-0500] {processor.py:830} INFO - Processing file /home/diallo/Documents/workspace/Python/AirFlowProjects/AirFlow01/venv/lib/python3.10/site-packages/airflow/example_dags/plugins/workday.py for tasks to queue
[2024-05-30T15:48:32.615-0500] {logging_mixin.py:188} INFO - [2024-05-30T15:48:32.614-0500] {dagbag.py:545} INFO - Filling up the DagBag from /home/diallo/Documents/workspace/Python/AirFlowProjects/AirFlow01/venv/lib/python3.10/site-packages/airflow/example_dags/plugins/workday.py
[2024-05-30T15:48:32.625-0500] {logging_mixin.py:188} INFO - [2024-05-30T15:48:32.624-0500] {workday.py:41} WARNING - Could not import pandas. Holidays will not be considered.
[2024-05-30T15:48:32.627-0500] {processor.py:842} WARNING - No viable dags retrieved from /home/diallo/Documents/workspace/Python/AirFlowProjects/AirFlow01/venv/lib/python3.10/site-packages/airflow/example_dags/plugins/workday.py
[2024-05-30T15:48:32.646-0500] {processor.py:183} INFO - Processing /home/diallo/Documents/workspace/Python/AirFlowProjects/AirFlow01/venv/lib/python3.10/site-packages/airflow/example_dags/plugins/workday.py took 0.083 seconds
[2024-05-30T15:49:31.926-0500] {processor.py:161} INFO - Started process (PID=27738) to work on /home/diallo/Documents/workspace/Python/AirFlowProjects/AirFlow01/venv/lib/python3.10/site-packages/airflow/example_dags/plugins/workday.py
[2024-05-30T15:49:31.955-0500] {processor.py:830} INFO - Processing file /home/diallo/Documents/workspace/Python/AirFlowProjects/AirFlow01/venv/lib/python3.10/site-packages/airflow/example_dags/plugins/workday.py for tasks to queue
[2024-05-30T15:49:31.960-0500] {logging_mixin.py:188} INFO - [2024-05-30T15:49:31.959-0500] {dagbag.py:545} INFO - Filling up the DagBag from /home/diallo/Documents/workspace/Python/AirFlowProjects/AirFlow01/venv/lib/python3.10/site-packages/airflow/example_dags/plugins/workday.py
[2024-05-30T15:49:31.970-0500] {logging_mixin.py:188} INFO - [2024-05-30T15:49:31.970-0500] {workday.py:41} WARNING - Could not import pandas. Holidays will not be considered.
[2024-05-30T15:49:31.972-0500] {processor.py:842} WARNING - No viable dags retrieved from /home/diallo/Documents/workspace/Python/AirFlowProjects/AirFlow01/venv/lib/python3.10/site-packages/airflow/example_dags/plugins/workday.py
[2024-05-30T15:49:31.990-0500] {processor.py:183} INFO - Processing /home/diallo/Documents/workspace/Python/AirFlowProjects/AirFlow01/venv/lib/python3.10/site-packages/airflow/example_dags/plugins/workday.py took 0.074 seconds
