[2024-05-30T15:38:40.889-0500] {processor.py:161} INFO - Started process (PID=22614) to work on /home/diallo/Documents/workspace/Python/AirFlowProjects/AirFlow01/venv/lib/python3.10/site-packages/airflow/example_dags/example_bash_decorator.py
[2024-05-30T15:38:40.890-0500] {processor.py:830} INFO - Processing file /home/diallo/Documents/workspace/Python/AirFlowProjects/AirFlow01/venv/lib/python3.10/site-packages/airflow/example_dags/example_bash_decorator.py for tasks to queue
[2024-05-30T15:38:40.892-0500] {logging_mixin.py:188} INFO - [2024-05-30T15:38:40.892-0500] {dagbag.py:545} INFO - Filling up the DagBag from /home/diallo/Documents/workspace/Python/AirFlowProjects/AirFlow01/venv/lib/python3.10/site-packages/airflow/example_dags/example_bash_decorator.py
[2024-05-30T15:38:40.909-0500] {processor.py:840} INFO - DAG(s) 'example_bash_decorator' retrieved from /home/diallo/Documents/workspace/Python/AirFlowProjects/AirFlow01/venv/lib/python3.10/site-packages/airflow/example_dags/example_bash_decorator.py
[2024-05-30T15:38:41.131-0500] {logging_mixin.py:188} INFO - [2024-05-30T15:38:41.131-0500] {override.py:1829} INFO - Created Permission View: can delete on DAG:example_bash_decorator
[2024-05-30T15:38:41.190-0500] {logging_mixin.py:188} INFO - [2024-05-30T15:38:41.188-0500] {override.py:1829} INFO - Created Permission View: can edit on DAG:example_bash_decorator
[2024-05-30T15:38:41.258-0500] {logging_mixin.py:188} INFO - [2024-05-30T15:38:41.257-0500] {override.py:1829} INFO - Created Permission View: can read on DAG:example_bash_decorator
[2024-05-30T15:38:41.259-0500] {logging_mixin.py:188} INFO - [2024-05-30T15:38:41.258-0500] {dag.py:3096} INFO - Sync 1 DAGs
[2024-05-30T15:38:41.369-0500] {logging_mixin.py:188} INFO - [2024-05-30T15:38:41.369-0500] {dag.py:3118} INFO - Creating ORM DAG for example_bash_decorator
[2024-05-30T15:38:41.370-0500] {logging_mixin.py:188} INFO - [2024-05-30T15:38:41.370-0500] {dag.py:3954} INFO - Setting next_dagrun for example_bash_decorator to None, run_after=None
[2024-05-30T15:38:41.468-0500] {processor.py:183} INFO - Processing /home/diallo/Documents/workspace/Python/AirFlowProjects/AirFlow01/venv/lib/python3.10/site-packages/airflow/example_dags/example_bash_decorator.py took 0.588 seconds
[2024-05-30T15:40:01.189-0500] {processor.py:161} INFO - Started process (PID=23259) to work on /home/diallo/Documents/workspace/Python/AirFlowProjects/AirFlow01/venv/lib/python3.10/site-packages/airflow/example_dags/example_bash_decorator.py
[2024-05-30T15:40:01.190-0500] {processor.py:830} INFO - Processing file /home/diallo/Documents/workspace/Python/AirFlowProjects/AirFlow01/venv/lib/python3.10/site-packages/airflow/example_dags/example_bash_decorator.py for tasks to queue
[2024-05-30T15:40:01.193-0500] {logging_mixin.py:188} INFO - [2024-05-30T15:40:01.192-0500] {dagbag.py:545} INFO - Filling up the DagBag from /home/diallo/Documents/workspace/Python/AirFlowProjects/AirFlow01/venv/lib/python3.10/site-packages/airflow/example_dags/example_bash_decorator.py
[2024-05-30T15:40:01.215-0500] {processor.py:840} INFO - DAG(s) 'example_bash_decorator' retrieved from /home/diallo/Documents/workspace/Python/AirFlowProjects/AirFlow01/venv/lib/python3.10/site-packages/airflow/example_dags/example_bash_decorator.py
[2024-05-30T15:40:01.251-0500] {logging_mixin.py:188} INFO - [2024-05-30T15:40:01.251-0500] {dag.py:3096} INFO - Sync 1 DAGs
[2024-05-30T15:40:01.274-0500] {logging_mixin.py:188} INFO - [2024-05-30T15:40:01.274-0500] {dag.py:3954} INFO - Setting next_dagrun for example_bash_decorator to None, run_after=None
[2024-05-30T15:40:02.463-0500] {processor.py:183} INFO - Processing /home/diallo/Documents/workspace/Python/AirFlowProjects/AirFlow01/venv/lib/python3.10/site-packages/airflow/example_dags/example_bash_decorator.py took 1.286 seconds
[2024-05-30T15:42:54.376-0500] {processor.py:161} INFO - Started process (PID=24593) to work on /home/diallo/Documents/workspace/Python/AirFlowProjects/AirFlow01/venv/lib/python3.10/site-packages/airflow/example_dags/example_bash_decorator.py
[2024-05-30T15:42:54.410-0500] {processor.py:830} INFO - Processing file /home/diallo/Documents/workspace/Python/AirFlowProjects/AirFlow01/venv/lib/python3.10/site-packages/airflow/example_dags/example_bash_decorator.py for tasks to queue
[2024-05-30T15:42:54.416-0500] {logging_mixin.py:188} INFO - [2024-05-30T15:42:54.415-0500] {dagbag.py:545} INFO - Filling up the DagBag from /home/diallo/Documents/workspace/Python/AirFlowProjects/AirFlow01/venv/lib/python3.10/site-packages/airflow/example_dags/example_bash_decorator.py
[2024-05-30T15:42:54.448-0500] {processor.py:840} INFO - DAG(s) 'example_bash_decorator' retrieved from /home/diallo/Documents/workspace/Python/AirFlowProjects/AirFlow01/venv/lib/python3.10/site-packages/airflow/example_dags/example_bash_decorator.py
[2024-05-30T15:42:54.467-0500] {logging_mixin.py:188} INFO - [2024-05-30T15:42:54.467-0500] {dag.py:3096} INFO - Sync 1 DAGs
[2024-05-30T15:42:54.479-0500] {logging_mixin.py:188} INFO - [2024-05-30T15:42:54.478-0500] {dag.py:3954} INFO - Setting next_dagrun for example_bash_decorator to None, run_after=None
[2024-05-30T15:42:54.581-0500] {processor.py:183} INFO - Processing /home/diallo/Documents/workspace/Python/AirFlowProjects/AirFlow01/venv/lib/python3.10/site-packages/airflow/example_dags/example_bash_decorator.py took 0.214 seconds
[2024-05-30T15:43:59.688-0500] {processor.py:161} INFO - Started process (PID=25103) to work on /home/diallo/Documents/workspace/Python/AirFlowProjects/AirFlow01/venv/lib/python3.10/site-packages/airflow/example_dags/example_bash_decorator.py
[2024-05-30T15:43:59.724-0500] {processor.py:830} INFO - Processing file /home/diallo/Documents/workspace/Python/AirFlowProjects/AirFlow01/venv/lib/python3.10/site-packages/airflow/example_dags/example_bash_decorator.py for tasks to queue
[2024-05-30T15:43:59.726-0500] {logging_mixin.py:188} INFO - [2024-05-30T15:43:59.725-0500] {dagbag.py:545} INFO - Filling up the DagBag from /home/diallo/Documents/workspace/Python/AirFlowProjects/AirFlow01/venv/lib/python3.10/site-packages/airflow/example_dags/example_bash_decorator.py
[2024-05-30T15:43:59.743-0500] {processor.py:840} INFO - DAG(s) 'example_bash_decorator' retrieved from /home/diallo/Documents/workspace/Python/AirFlowProjects/AirFlow01/venv/lib/python3.10/site-packages/airflow/example_dags/example_bash_decorator.py
[2024-05-30T15:43:59.763-0500] {logging_mixin.py:188} INFO - [2024-05-30T15:43:59.763-0500] {dag.py:3096} INFO - Sync 1 DAGs
[2024-05-30T15:43:59.774-0500] {logging_mixin.py:188} INFO - [2024-05-30T15:43:59.774-0500] {dag.py:3954} INFO - Setting next_dagrun for example_bash_decorator to None, run_after=None
[2024-05-30T15:43:59.835-0500] {processor.py:183} INFO - Processing /home/diallo/Documents/workspace/Python/AirFlowProjects/AirFlow01/venv/lib/python3.10/site-packages/airflow/example_dags/example_bash_decorator.py took 0.169 seconds
[2024-05-30T15:45:58.977-0500] {processor.py:161} INFO - Started process (PID=26002) to work on /home/diallo/Documents/workspace/Python/AirFlowProjects/AirFlow01/venv/lib/python3.10/site-packages/airflow/example_dags/example_bash_decorator.py
[2024-05-30T15:45:59.021-0500] {processor.py:830} INFO - Processing file /home/diallo/Documents/workspace/Python/AirFlowProjects/AirFlow01/venv/lib/python3.10/site-packages/airflow/example_dags/example_bash_decorator.py for tasks to queue
[2024-05-30T15:45:59.026-0500] {logging_mixin.py:188} INFO - [2024-05-30T15:45:59.025-0500] {dagbag.py:545} INFO - Filling up the DagBag from /home/diallo/Documents/workspace/Python/AirFlowProjects/AirFlow01/venv/lib/python3.10/site-packages/airflow/example_dags/example_bash_decorator.py
[2024-05-30T15:45:59.062-0500] {processor.py:840} INFO - DAG(s) 'example_bash_decorator' retrieved from /home/diallo/Documents/workspace/Python/AirFlowProjects/AirFlow01/venv/lib/python3.10/site-packages/airflow/example_dags/example_bash_decorator.py
[2024-05-30T15:45:59.083-0500] {logging_mixin.py:188} INFO - [2024-05-30T15:45:59.082-0500] {dag.py:3096} INFO - Sync 1 DAGs
[2024-05-30T15:45:59.094-0500] {logging_mixin.py:188} INFO - [2024-05-30T15:45:59.094-0500] {dag.py:3954} INFO - Setting next_dagrun for example_bash_decorator to None, run_after=None
[2024-05-30T15:45:59.177-0500] {processor.py:183} INFO - Processing /home/diallo/Documents/workspace/Python/AirFlowProjects/AirFlow01/venv/lib/python3.10/site-packages/airflow/example_dags/example_bash_decorator.py took 0.214 seconds
[2024-05-30T15:47:12.066-0500] {processor.py:161} INFO - Started process (PID=26598) to work on /home/diallo/Documents/workspace/Python/AirFlowProjects/AirFlow01/venv/lib/python3.10/site-packages/airflow/example_dags/example_bash_decorator.py
[2024-05-30T15:47:12.097-0500] {processor.py:830} INFO - Processing file /home/diallo/Documents/workspace/Python/AirFlowProjects/AirFlow01/venv/lib/python3.10/site-packages/airflow/example_dags/example_bash_decorator.py for tasks to queue
[2024-05-30T15:47:12.100-0500] {logging_mixin.py:188} INFO - [2024-05-30T15:47:12.099-0500] {dagbag.py:545} INFO - Filling up the DagBag from /home/diallo/Documents/workspace/Python/AirFlowProjects/AirFlow01/venv/lib/python3.10/site-packages/airflow/example_dags/example_bash_decorator.py
[2024-05-30T15:47:12.119-0500] {processor.py:840} INFO - DAG(s) 'example_bash_decorator' retrieved from /home/diallo/Documents/workspace/Python/AirFlowProjects/AirFlow01/venv/lib/python3.10/site-packages/airflow/example_dags/example_bash_decorator.py
[2024-05-30T15:47:12.140-0500] {logging_mixin.py:188} INFO - [2024-05-30T15:47:12.140-0500] {dag.py:3096} INFO - Sync 1 DAGs
[2024-05-30T15:47:12.154-0500] {logging_mixin.py:188} INFO - [2024-05-30T15:47:12.154-0500] {dag.py:3954} INFO - Setting next_dagrun for example_bash_decorator to None, run_after=None
[2024-05-30T15:47:12.258-0500] {processor.py:183} INFO - Processing /home/diallo/Documents/workspace/Python/AirFlowProjects/AirFlow01/venv/lib/python3.10/site-packages/airflow/example_dags/example_bash_decorator.py took 0.202 seconds
[2024-05-30T15:48:20.928-0500] {processor.py:161} INFO - Started process (PID=27163) to work on /home/diallo/Documents/workspace/Python/AirFlowProjects/AirFlow01/venv/lib/python3.10/site-packages/airflow/example_dags/example_bash_decorator.py
[2024-05-30T15:48:20.966-0500] {processor.py:830} INFO - Processing file /home/diallo/Documents/workspace/Python/AirFlowProjects/AirFlow01/venv/lib/python3.10/site-packages/airflow/example_dags/example_bash_decorator.py for tasks to queue
[2024-05-30T15:48:20.969-0500] {logging_mixin.py:188} INFO - [2024-05-30T15:48:20.968-0500] {dagbag.py:545} INFO - Filling up the DagBag from /home/diallo/Documents/workspace/Python/AirFlowProjects/AirFlow01/venv/lib/python3.10/site-packages/airflow/example_dags/example_bash_decorator.py
[2024-05-30T15:48:20.993-0500] {processor.py:840} INFO - DAG(s) 'example_bash_decorator' retrieved from /home/diallo/Documents/workspace/Python/AirFlowProjects/AirFlow01/venv/lib/python3.10/site-packages/airflow/example_dags/example_bash_decorator.py
[2024-05-30T15:48:21.013-0500] {logging_mixin.py:188} INFO - [2024-05-30T15:48:21.013-0500] {dag.py:3096} INFO - Sync 1 DAGs
[2024-05-30T15:48:21.025-0500] {logging_mixin.py:188} INFO - [2024-05-30T15:48:21.024-0500] {dag.py:3954} INFO - Setting next_dagrun for example_bash_decorator to None, run_after=None
[2024-05-30T15:48:21.104-0500] {processor.py:183} INFO - Processing /home/diallo/Documents/workspace/Python/AirFlowProjects/AirFlow01/venv/lib/python3.10/site-packages/airflow/example_dags/example_bash_decorator.py took 0.192 seconds
[2024-05-30T15:49:20.618-0500] {processor.py:161} INFO - Started process (PID=27635) to work on /home/diallo/Documents/workspace/Python/AirFlowProjects/AirFlow01/venv/lib/python3.10/site-packages/airflow/example_dags/example_bash_decorator.py
[2024-05-30T15:49:20.659-0500] {processor.py:830} INFO - Processing file /home/diallo/Documents/workspace/Python/AirFlowProjects/AirFlow01/venv/lib/python3.10/site-packages/airflow/example_dags/example_bash_decorator.py for tasks to queue
[2024-05-30T15:49:20.660-0500] {logging_mixin.py:188} INFO - [2024-05-30T15:49:20.660-0500] {dagbag.py:545} INFO - Filling up the DagBag from /home/diallo/Documents/workspace/Python/AirFlowProjects/AirFlow01/venv/lib/python3.10/site-packages/airflow/example_dags/example_bash_decorator.py
[2024-05-30T15:49:20.675-0500] {processor.py:840} INFO - DAG(s) 'example_bash_decorator' retrieved from /home/diallo/Documents/workspace/Python/AirFlowProjects/AirFlow01/venv/lib/python3.10/site-packages/airflow/example_dags/example_bash_decorator.py
[2024-05-30T15:49:20.693-0500] {logging_mixin.py:188} INFO - [2024-05-30T15:49:20.693-0500] {dag.py:3096} INFO - Sync 1 DAGs
[2024-05-30T15:49:20.704-0500] {logging_mixin.py:188} INFO - [2024-05-30T15:49:20.704-0500] {dag.py:3954} INFO - Setting next_dagrun for example_bash_decorator to None, run_after=None
[2024-05-30T15:49:20.794-0500] {processor.py:183} INFO - Processing /home/diallo/Documents/workspace/Python/AirFlowProjects/AirFlow01/venv/lib/python3.10/site-packages/airflow/example_dags/example_bash_decorator.py took 0.185 seconds
