[2024-05-30T15:37:35.653-0500] {processor.py:161} INFO - Started process (PID=22023) to work on /home/diallo/Documents/workspace/Python/AirFlowProjects/AirFlow01/venv/lib/python3.10/site-packages/airflow/example_dags/example_sla_dag.py
[2024-05-30T15:37:35.654-0500] {processor.py:830} INFO - Processing file /home/diallo/Documents/workspace/Python/AirFlowProjects/AirFlow01/venv/lib/python3.10/site-packages/airflow/example_dags/example_sla_dag.py for tasks to queue
[2024-05-30T15:37:35.657-0500] {logging_mixin.py:188} INFO - [2024-05-30T15:37:35.656-0500] {dagbag.py:545} INFO - Filling up the DagBag from /home/diallo/Documents/workspace/Python/AirFlowProjects/AirFlow01/venv/lib/python3.10/site-packages/airflow/example_dags/example_sla_dag.py
[2024-05-30T15:37:35.716-0500] {processor.py:840} INFO - DAG(s) 'example_sla_dag' retrieved from /home/diallo/Documents/workspace/Python/AirFlowProjects/AirFlow01/venv/lib/python3.10/site-packages/airflow/example_dags/example_sla_dag.py
[2024-05-30T15:37:35.939-0500] {logging_mixin.py:188} INFO - [2024-05-30T15:37:35.938-0500] {override.py:1829} INFO - Created Permission View: can delete on DAG:example_sla_dag
[2024-05-30T15:37:36.006-0500] {logging_mixin.py:188} INFO - [2024-05-30T15:37:36.005-0500] {override.py:1829} INFO - Created Permission View: can edit on DAG:example_sla_dag
[2024-05-30T15:37:36.074-0500] {logging_mixin.py:188} INFO - [2024-05-30T15:37:36.073-0500] {override.py:1829} INFO - Created Permission View: can read on DAG:example_sla_dag
[2024-05-30T15:37:36.075-0500] {logging_mixin.py:188} INFO - [2024-05-30T15:37:36.075-0500] {dag.py:3096} INFO - Sync 1 DAGs
[2024-05-30T15:37:36.108-0500] {logging_mixin.py:188} INFO - [2024-05-30T15:37:36.107-0500] {dag.py:3118} INFO - Creating ORM DAG for example_sla_dag
[2024-05-30T15:37:36.122-0500] {logging_mixin.py:188} INFO - [2024-05-30T15:37:36.122-0500] {dag.py:3954} INFO - Setting next_dagrun for example_sla_dag to 2024-05-30 20:34:00+00:00, run_after=2024-05-30 20:36:00+00:00
[2024-05-30T15:37:36.213-0500] {processor.py:183} INFO - Processing /home/diallo/Documents/workspace/Python/AirFlowProjects/AirFlow01/venv/lib/python3.10/site-packages/airflow/example_dags/example_sla_dag.py took 0.571 seconds
[2024-05-30T15:39:09.098-0500] {processor.py:161} INFO - Started process (PID=22850) to work on /home/diallo/Documents/workspace/Python/AirFlowProjects/AirFlow01/venv/lib/python3.10/site-packages/airflow/example_dags/example_sla_dag.py
[2024-05-30T15:39:09.105-0500] {processor.py:830} INFO - Processing file /home/diallo/Documents/workspace/Python/AirFlowProjects/AirFlow01/venv/lib/python3.10/site-packages/airflow/example_dags/example_sla_dag.py for tasks to queue
[2024-05-30T15:39:09.121-0500] {logging_mixin.py:188} INFO - [2024-05-30T15:39:09.118-0500] {dagbag.py:545} INFO - Filling up the DagBag from /home/diallo/Documents/workspace/Python/AirFlowProjects/AirFlow01/venv/lib/python3.10/site-packages/airflow/example_dags/example_sla_dag.py
[2024-05-30T15:39:09.137-0500] {processor.py:840} INFO - DAG(s) 'example_sla_dag' retrieved from /home/diallo/Documents/workspace/Python/AirFlowProjects/AirFlow01/venv/lib/python3.10/site-packages/airflow/example_dags/example_sla_dag.py
[2024-05-30T15:39:09.164-0500] {logging_mixin.py:188} INFO - [2024-05-30T15:39:09.163-0500] {dag.py:3096} INFO - Sync 1 DAGs
[2024-05-30T15:39:09.210-0500] {logging_mixin.py:188} INFO - [2024-05-30T15:39:09.210-0500] {dag.py:3954} INFO - Setting next_dagrun for example_sla_dag to 2024-05-30 20:36:00+00:00, run_after=2024-05-30 20:38:00+00:00
[2024-05-30T15:39:09.295-0500] {processor.py:183} INFO - Processing /home/diallo/Documents/workspace/Python/AirFlowProjects/AirFlow01/venv/lib/python3.10/site-packages/airflow/example_dags/example_sla_dag.py took 0.205 seconds
[2024-05-30T15:41:07.876-0500] {processor.py:161} INFO - Started process (PID=23753) to work on /home/diallo/Documents/workspace/Python/AirFlowProjects/AirFlow01/venv/lib/python3.10/site-packages/airflow/example_dags/example_sla_dag.py
[2024-05-30T15:41:07.931-0500] {processor.py:830} INFO - Processing file /home/diallo/Documents/workspace/Python/AirFlowProjects/AirFlow01/venv/lib/python3.10/site-packages/airflow/example_dags/example_sla_dag.py for tasks to queue
[2024-05-30T15:41:07.936-0500] {logging_mixin.py:188} INFO - [2024-05-30T15:41:07.935-0500] {dagbag.py:545} INFO - Filling up the DagBag from /home/diallo/Documents/workspace/Python/AirFlowProjects/AirFlow01/venv/lib/python3.10/site-packages/airflow/example_dags/example_sla_dag.py
[2024-05-30T15:41:07.962-0500] {processor.py:840} INFO - DAG(s) 'example_sla_dag' retrieved from /home/diallo/Documents/workspace/Python/AirFlowProjects/AirFlow01/venv/lib/python3.10/site-packages/airflow/example_dags/example_sla_dag.py
[2024-05-30T15:41:07.979-0500] {logging_mixin.py:188} INFO - [2024-05-30T15:41:07.979-0500] {dag.py:3096} INFO - Sync 1 DAGs
[2024-05-30T15:41:08.084-0500] {logging_mixin.py:188} INFO - [2024-05-30T15:41:08.084-0500] {dag.py:3954} INFO - Setting next_dagrun for example_sla_dag to 2024-05-30 20:38:00+00:00, run_after=2024-05-30 20:40:00+00:00
[2024-05-30T15:41:08.760-0500] {processor.py:183} INFO - Processing /home/diallo/Documents/workspace/Python/AirFlowProjects/AirFlow01/venv/lib/python3.10/site-packages/airflow/example_dags/example_sla_dag.py took 0.891 seconds
[2024-05-30T15:42:19.167-0500] {processor.py:161} INFO - Started process (PID=24316) to work on /home/diallo/Documents/workspace/Python/AirFlowProjects/AirFlow01/venv/lib/python3.10/site-packages/airflow/example_dags/example_sla_dag.py
[2024-05-30T15:42:19.191-0500] {processor.py:830} INFO - Processing file /home/diallo/Documents/workspace/Python/AirFlowProjects/AirFlow01/venv/lib/python3.10/site-packages/airflow/example_dags/example_sla_dag.py for tasks to queue
[2024-05-30T15:42:19.197-0500] {logging_mixin.py:188} INFO - [2024-05-30T15:42:19.196-0500] {dagbag.py:545} INFO - Filling up the DagBag from /home/diallo/Documents/workspace/Python/AirFlowProjects/AirFlow01/venv/lib/python3.10/site-packages/airflow/example_dags/example_sla_dag.py
[2024-05-30T15:42:19.219-0500] {processor.py:840} INFO - DAG(s) 'example_sla_dag' retrieved from /home/diallo/Documents/workspace/Python/AirFlowProjects/AirFlow01/venv/lib/python3.10/site-packages/airflow/example_dags/example_sla_dag.py
[2024-05-30T15:42:19.235-0500] {logging_mixin.py:188} INFO - [2024-05-30T15:42:19.234-0500] {dag.py:3096} INFO - Sync 1 DAGs
[2024-05-30T15:42:19.257-0500] {logging_mixin.py:188} INFO - [2024-05-30T15:42:19.257-0500] {dag.py:3954} INFO - Setting next_dagrun for example_sla_dag to 2024-05-30 20:40:00+00:00, run_after=2024-05-30 20:42:00+00:00
[2024-05-30T15:42:19.953-0500] {processor.py:183} INFO - Processing /home/diallo/Documents/workspace/Python/AirFlowProjects/AirFlow01/venv/lib/python3.10/site-packages/airflow/example_dags/example_sla_dag.py took 0.800 seconds
[2024-05-30T15:43:18.650-0500] {processor.py:161} INFO - Started process (PID=24789) to work on /home/diallo/Documents/workspace/Python/AirFlowProjects/AirFlow01/venv/lib/python3.10/site-packages/airflow/example_dags/example_sla_dag.py
[2024-05-30T15:43:18.685-0500] {processor.py:830} INFO - Processing file /home/diallo/Documents/workspace/Python/AirFlowProjects/AirFlow01/venv/lib/python3.10/site-packages/airflow/example_dags/example_sla_dag.py for tasks to queue
[2024-05-30T15:43:18.691-0500] {logging_mixin.py:188} INFO - [2024-05-30T15:43:18.689-0500] {dagbag.py:545} INFO - Filling up the DagBag from /home/diallo/Documents/workspace/Python/AirFlowProjects/AirFlow01/venv/lib/python3.10/site-packages/airflow/example_dags/example_sla_dag.py
[2024-05-30T15:43:18.716-0500] {processor.py:840} INFO - DAG(s) 'example_sla_dag' retrieved from /home/diallo/Documents/workspace/Python/AirFlowProjects/AirFlow01/venv/lib/python3.10/site-packages/airflow/example_dags/example_sla_dag.py
[2024-05-30T15:43:18.735-0500] {logging_mixin.py:188} INFO - [2024-05-30T15:43:18.735-0500] {dag.py:3096} INFO - Sync 1 DAGs
[2024-05-30T15:43:18.759-0500] {logging_mixin.py:188} INFO - [2024-05-30T15:43:18.759-0500] {dag.py:3954} INFO - Setting next_dagrun for example_sla_dag to 2024-05-30 20:40:00+00:00, run_after=2024-05-30 20:42:00+00:00
[2024-05-30T15:43:18.826-0500] {processor.py:183} INFO - Processing /home/diallo/Documents/workspace/Python/AirFlowProjects/AirFlow01/venv/lib/python3.10/site-packages/airflow/example_dags/example_sla_dag.py took 0.188 seconds
[2024-05-30T15:44:26.315-0500] {processor.py:161} INFO - Started process (PID=25317) to work on /home/diallo/Documents/workspace/Python/AirFlowProjects/AirFlow01/venv/lib/python3.10/site-packages/airflow/example_dags/example_sla_dag.py
[2024-05-30T15:44:26.324-0500] {processor.py:830} INFO - Processing file /home/diallo/Documents/workspace/Python/AirFlowProjects/AirFlow01/venv/lib/python3.10/site-packages/airflow/example_dags/example_sla_dag.py for tasks to queue
[2024-05-30T15:44:26.329-0500] {logging_mixin.py:188} INFO - [2024-05-30T15:44:26.328-0500] {dagbag.py:545} INFO - Filling up the DagBag from /home/diallo/Documents/workspace/Python/AirFlowProjects/AirFlow01/venv/lib/python3.10/site-packages/airflow/example_dags/example_sla_dag.py
[2024-05-30T15:44:26.348-0500] {processor.py:840} INFO - DAG(s) 'example_sla_dag' retrieved from /home/diallo/Documents/workspace/Python/AirFlowProjects/AirFlow01/venv/lib/python3.10/site-packages/airflow/example_dags/example_sla_dag.py
[2024-05-30T15:44:26.364-0500] {logging_mixin.py:188} INFO - [2024-05-30T15:44:26.364-0500] {dag.py:3096} INFO - Sync 1 DAGs
[2024-05-30T15:44:26.389-0500] {logging_mixin.py:188} INFO - [2024-05-30T15:44:26.389-0500] {dag.py:3954} INFO - Setting next_dagrun for example_sla_dag to 2024-05-30 20:42:00+00:00, run_after=2024-05-30 20:44:00+00:00
[2024-05-30T15:44:27.497-0500] {processor.py:183} INFO - Processing /home/diallo/Documents/workspace/Python/AirFlowProjects/AirFlow01/venv/lib/python3.10/site-packages/airflow/example_dags/example_sla_dag.py took 1.191 seconds
[2024-05-30T15:45:31.189-0500] {processor.py:161} INFO - Started process (PID=25794) to work on /home/diallo/Documents/workspace/Python/AirFlowProjects/AirFlow01/venv/lib/python3.10/site-packages/airflow/example_dags/example_sla_dag.py
[2024-05-30T15:45:31.286-0500] {processor.py:830} INFO - Processing file /home/diallo/Documents/workspace/Python/AirFlowProjects/AirFlow01/venv/lib/python3.10/site-packages/airflow/example_dags/example_sla_dag.py for tasks to queue
[2024-05-30T15:45:31.291-0500] {logging_mixin.py:188} INFO - [2024-05-30T15:45:31.290-0500] {dagbag.py:545} INFO - Filling up the DagBag from /home/diallo/Documents/workspace/Python/AirFlowProjects/AirFlow01/venv/lib/python3.10/site-packages/airflow/example_dags/example_sla_dag.py
[2024-05-30T15:45:31.317-0500] {processor.py:840} INFO - DAG(s) 'example_sla_dag' retrieved from /home/diallo/Documents/workspace/Python/AirFlowProjects/AirFlow01/venv/lib/python3.10/site-packages/airflow/example_dags/example_sla_dag.py
[2024-05-30T15:45:31.336-0500] {logging_mixin.py:188} INFO - [2024-05-30T15:45:31.336-0500] {dag.py:3096} INFO - Sync 1 DAGs
[2024-05-30T15:45:31.358-0500] {logging_mixin.py:188} INFO - [2024-05-30T15:45:31.358-0500] {dag.py:3954} INFO - Setting next_dagrun for example_sla_dag to 2024-05-30 20:42:00+00:00, run_after=2024-05-30 20:44:00+00:00
[2024-05-30T15:45:32.842-0500] {processor.py:183} INFO - Processing /home/diallo/Documents/workspace/Python/AirFlowProjects/AirFlow01/venv/lib/python3.10/site-packages/airflow/example_dags/example_sla_dag.py took 1.673 seconds
[2024-05-30T15:46:23.236-0500] {processor.py:161} INFO - Started process (PID=26214) to work on /home/diallo/Documents/workspace/Python/AirFlowProjects/AirFlow01/venv/lib/python3.10/site-packages/airflow/example_dags/example_sla_dag.py
[2024-05-30T15:46:23.277-0500] {processor.py:830} INFO - Processing file /home/diallo/Documents/workspace/Python/AirFlowProjects/AirFlow01/venv/lib/python3.10/site-packages/airflow/example_dags/example_sla_dag.py for tasks to queue
[2024-05-30T15:46:23.283-0500] {logging_mixin.py:188} INFO - [2024-05-30T15:46:23.281-0500] {dagbag.py:545} INFO - Filling up the DagBag from /home/diallo/Documents/workspace/Python/AirFlowProjects/AirFlow01/venv/lib/python3.10/site-packages/airflow/example_dags/example_sla_dag.py
[2024-05-30T15:46:23.328-0500] {processor.py:840} INFO - DAG(s) 'example_sla_dag' retrieved from /home/diallo/Documents/workspace/Python/AirFlowProjects/AirFlow01/venv/lib/python3.10/site-packages/airflow/example_dags/example_sla_dag.py
[2024-05-30T15:46:23.381-0500] {logging_mixin.py:188} INFO - [2024-05-30T15:46:23.381-0500] {dag.py:3096} INFO - Sync 1 DAGs
[2024-05-30T15:46:23.414-0500] {logging_mixin.py:188} INFO - [2024-05-30T15:46:23.413-0500] {dag.py:3954} INFO - Setting next_dagrun for example_sla_dag to 2024-05-30 20:44:00+00:00, run_after=2024-05-30 20:46:00+00:00
[2024-05-30T15:46:23.555-0500] {processor.py:183} INFO - Processing /home/diallo/Documents/workspace/Python/AirFlowProjects/AirFlow01/venv/lib/python3.10/site-packages/airflow/example_dags/example_sla_dag.py took 0.328 seconds
[2024-05-30T15:47:32.584-0500] {processor.py:161} INFO - Started process (PID=26753) to work on /home/diallo/Documents/workspace/Python/AirFlowProjects/AirFlow01/venv/lib/python3.10/site-packages/airflow/example_dags/example_sla_dag.py
[2024-05-30T15:47:32.625-0500] {processor.py:830} INFO - Processing file /home/diallo/Documents/workspace/Python/AirFlowProjects/AirFlow01/venv/lib/python3.10/site-packages/airflow/example_dags/example_sla_dag.py for tasks to queue
[2024-05-30T15:47:32.627-0500] {logging_mixin.py:188} INFO - [2024-05-30T15:47:32.627-0500] {dagbag.py:545} INFO - Filling up the DagBag from /home/diallo/Documents/workspace/Python/AirFlowProjects/AirFlow01/venv/lib/python3.10/site-packages/airflow/example_dags/example_sla_dag.py
[2024-05-30T15:47:32.647-0500] {processor.py:840} INFO - DAG(s) 'example_sla_dag' retrieved from /home/diallo/Documents/workspace/Python/AirFlowProjects/AirFlow01/venv/lib/python3.10/site-packages/airflow/example_dags/example_sla_dag.py
[2024-05-30T15:47:32.678-0500] {logging_mixin.py:188} INFO - [2024-05-30T15:47:32.678-0500] {dag.py:3096} INFO - Sync 1 DAGs
[2024-05-30T15:47:32.717-0500] {logging_mixin.py:188} INFO - [2024-05-30T15:47:32.717-0500] {dag.py:3954} INFO - Setting next_dagrun for example_sla_dag to 2024-05-30 20:44:00+00:00, run_after=2024-05-30 20:46:00+00:00
[2024-05-30T15:47:32.829-0500] {processor.py:183} INFO - Processing /home/diallo/Documents/workspace/Python/AirFlowProjects/AirFlow01/venv/lib/python3.10/site-packages/airflow/example_dags/example_sla_dag.py took 0.266 seconds
[2024-05-30T15:48:36.733-0500] {processor.py:161} INFO - Started process (PID=27283) to work on /home/diallo/Documents/workspace/Python/AirFlowProjects/AirFlow01/venv/lib/python3.10/site-packages/airflow/example_dags/example_sla_dag.py
[2024-05-30T15:48:36.766-0500] {processor.py:830} INFO - Processing file /home/diallo/Documents/workspace/Python/AirFlowProjects/AirFlow01/venv/lib/python3.10/site-packages/airflow/example_dags/example_sla_dag.py for tasks to queue
[2024-05-30T15:48:36.771-0500] {logging_mixin.py:188} INFO - [2024-05-30T15:48:36.769-0500] {dagbag.py:545} INFO - Filling up the DagBag from /home/diallo/Documents/workspace/Python/AirFlowProjects/AirFlow01/venv/lib/python3.10/site-packages/airflow/example_dags/example_sla_dag.py
[2024-05-30T15:48:36.793-0500] {processor.py:840} INFO - DAG(s) 'example_sla_dag' retrieved from /home/diallo/Documents/workspace/Python/AirFlowProjects/AirFlow01/venv/lib/python3.10/site-packages/airflow/example_dags/example_sla_dag.py
[2024-05-30T15:48:36.810-0500] {logging_mixin.py:188} INFO - [2024-05-30T15:48:36.810-0500] {dag.py:3096} INFO - Sync 1 DAGs
[2024-05-30T15:48:36.835-0500] {logging_mixin.py:188} INFO - [2024-05-30T15:48:36.834-0500] {dag.py:3954} INFO - Setting next_dagrun for example_sla_dag to 2024-05-30 20:46:00+00:00, run_after=2024-05-30 20:48:00+00:00
[2024-05-30T15:48:36.955-0500] {processor.py:183} INFO - Processing /home/diallo/Documents/workspace/Python/AirFlowProjects/AirFlow01/venv/lib/python3.10/site-packages/airflow/example_dags/example_sla_dag.py took 0.233 seconds
[2024-05-30T15:49:40.101-0500] {processor.py:161} INFO - Started process (PID=27801) to work on /home/diallo/Documents/workspace/Python/AirFlowProjects/AirFlow01/venv/lib/python3.10/site-packages/airflow/example_dags/example_sla_dag.py
[2024-05-30T15:49:40.175-0500] {processor.py:830} INFO - Processing file /home/diallo/Documents/workspace/Python/AirFlowProjects/AirFlow01/venv/lib/python3.10/site-packages/airflow/example_dags/example_sla_dag.py for tasks to queue
[2024-05-30T15:49:40.182-0500] {logging_mixin.py:188} INFO - [2024-05-30T15:49:40.180-0500] {dagbag.py:545} INFO - Filling up the DagBag from /home/diallo/Documents/workspace/Python/AirFlowProjects/AirFlow01/venv/lib/python3.10/site-packages/airflow/example_dags/example_sla_dag.py
[2024-05-30T15:49:40.209-0500] {processor.py:840} INFO - DAG(s) 'example_sla_dag' retrieved from /home/diallo/Documents/workspace/Python/AirFlowProjects/AirFlow01/venv/lib/python3.10/site-packages/airflow/example_dags/example_sla_dag.py
[2024-05-30T15:49:40.228-0500] {logging_mixin.py:188} INFO - [2024-05-30T15:49:40.228-0500] {dag.py:3096} INFO - Sync 1 DAGs
[2024-05-30T15:49:40.253-0500] {logging_mixin.py:188} INFO - [2024-05-30T15:49:40.253-0500] {dag.py:3954} INFO - Setting next_dagrun for example_sla_dag to 2024-05-30 20:46:00+00:00, run_after=2024-05-30 20:48:00+00:00
[2024-05-30T15:49:41.371-0500] {processor.py:183} INFO - Processing /home/diallo/Documents/workspace/Python/AirFlowProjects/AirFlow01/venv/lib/python3.10/site-packages/airflow/example_dags/example_sla_dag.py took 1.291 seconds
