[2024-05-30T15:37:13.244-0500] {processor.py:161} INFO - Started process (PID=21819) to work on /home/diallo/Documents/workspace/Python/AirFlowProjects/AirFlow01/venv/lib/python3.10/site-packages/airflow/example_dags/example_xcomargs.py
[2024-05-30T15:37:13.245-0500] {processor.py:830} INFO - Processing file /home/diallo/Documents/workspace/Python/AirFlowProjects/AirFlow01/venv/lib/python3.10/site-packages/airflow/example_dags/example_xcomargs.py for tasks to queue
[2024-05-30T15:37:13.247-0500] {logging_mixin.py:188} INFO - [2024-05-30T15:37:13.246-0500] {dagbag.py:545} INFO - Filling up the DagBag from /home/diallo/Documents/workspace/Python/AirFlowProjects/AirFlow01/venv/lib/python3.10/site-packages/airflow/example_dags/example_xcomargs.py
[2024-05-30T15:37:13.261-0500] {processor.py:840} INFO - DAG(s) 'example_xcom_args', 'example_xcom_args_with_operators' retrieved from /home/diallo/Documents/workspace/Python/AirFlowProjects/AirFlow01/venv/lib/python3.10/site-packages/airflow/example_dags/example_xcomargs.py
[2024-05-30T15:37:13.480-0500] {logging_mixin.py:188} INFO - [2024-05-30T15:37:13.478-0500] {override.py:1829} INFO - Created Permission View: can delete on DAG:example_xcom_args
[2024-05-30T15:37:13.547-0500] {logging_mixin.py:188} INFO - [2024-05-30T15:37:13.545-0500] {override.py:1829} INFO - Created Permission View: can edit on DAG:example_xcom_args
[2024-05-30T15:37:13.614-0500] {logging_mixin.py:188} INFO - [2024-05-30T15:37:13.613-0500] {override.py:1829} INFO - Created Permission View: can read on DAG:example_xcom_args
[2024-05-30T15:37:13.739-0500] {logging_mixin.py:188} INFO - [2024-05-30T15:37:13.738-0500] {override.py:1829} INFO - Created Permission View: can delete on DAG:example_xcom_args_with_operators
[2024-05-30T15:37:13.794-0500] {logging_mixin.py:188} INFO - [2024-05-30T15:37:13.794-0500] {override.py:1829} INFO - Created Permission View: can edit on DAG:example_xcom_args_with_operators
[2024-05-30T15:37:13.852-0500] {logging_mixin.py:188} INFO - [2024-05-30T15:37:13.850-0500] {override.py:1829} INFO - Created Permission View: can read on DAG:example_xcom_args_with_operators
[2024-05-30T15:37:13.853-0500] {logging_mixin.py:188} INFO - [2024-05-30T15:37:13.853-0500] {dag.py:3096} INFO - Sync 2 DAGs
[2024-05-30T15:37:13.886-0500] {logging_mixin.py:188} INFO - [2024-05-30T15:37:13.886-0500] {dag.py:3118} INFO - Creating ORM DAG for example_xcom_args
[2024-05-30T15:37:13.888-0500] {logging_mixin.py:188} INFO - [2024-05-30T15:37:13.887-0500] {dag.py:3118} INFO - Creating ORM DAG for example_xcom_args_with_operators
[2024-05-30T15:37:13.889-0500] {logging_mixin.py:188} INFO - [2024-05-30T15:37:13.888-0500] {dag.py:3954} INFO - Setting next_dagrun for example_xcom_args to None, run_after=None
[2024-05-30T15:37:13.889-0500] {logging_mixin.py:188} INFO - [2024-05-30T15:37:13.889-0500] {dag.py:3954} INFO - Setting next_dagrun for example_xcom_args_with_operators to None, run_after=None
[2024-05-30T15:37:13.980-0500] {processor.py:183} INFO - Processing /home/diallo/Documents/workspace/Python/AirFlowProjects/AirFlow01/venv/lib/python3.10/site-packages/airflow/example_dags/example_xcomargs.py took 0.744 seconds
[2024-05-30T15:38:48.182-0500] {processor.py:161} INFO - Started process (PID=22690) to work on /home/diallo/Documents/workspace/Python/AirFlowProjects/AirFlow01/venv/lib/python3.10/site-packages/airflow/example_dags/example_xcomargs.py
[2024-05-30T15:38:48.205-0500] {processor.py:830} INFO - Processing file /home/diallo/Documents/workspace/Python/AirFlowProjects/AirFlow01/venv/lib/python3.10/site-packages/airflow/example_dags/example_xcomargs.py for tasks to queue
[2024-05-30T15:38:48.208-0500] {logging_mixin.py:188} INFO - [2024-05-30T15:38:48.207-0500] {dagbag.py:545} INFO - Filling up the DagBag from /home/diallo/Documents/workspace/Python/AirFlowProjects/AirFlow01/venv/lib/python3.10/site-packages/airflow/example_dags/example_xcomargs.py
[2024-05-30T15:38:48.220-0500] {processor.py:840} INFO - DAG(s) 'example_xcom_args', 'example_xcom_args_with_operators' retrieved from /home/diallo/Documents/workspace/Python/AirFlowProjects/AirFlow01/venv/lib/python3.10/site-packages/airflow/example_dags/example_xcomargs.py
[2024-05-30T15:38:48.255-0500] {logging_mixin.py:188} INFO - [2024-05-30T15:38:48.254-0500] {dag.py:3096} INFO - Sync 2 DAGs
[2024-05-30T15:38:48.278-0500] {logging_mixin.py:188} INFO - [2024-05-30T15:38:48.277-0500] {dag.py:3954} INFO - Setting next_dagrun for example_xcom_args to None, run_after=None
[2024-05-30T15:38:48.282-0500] {logging_mixin.py:188} INFO - [2024-05-30T15:38:48.282-0500] {dag.py:3954} INFO - Setting next_dagrun for example_xcom_args_with_operators to None, run_after=None
[2024-05-30T15:38:48.404-0500] {processor.py:183} INFO - Processing /home/diallo/Documents/workspace/Python/AirFlowProjects/AirFlow01/venv/lib/python3.10/site-packages/airflow/example_dags/example_xcomargs.py took 0.232 seconds
[2024-05-30T15:39:31.347-0500] {processor.py:161} INFO - Started process (PID=23032) to work on /home/diallo/Documents/workspace/Python/AirFlowProjects/AirFlow01/venv/lib/python3.10/site-packages/airflow/example_dags/example_xcomargs.py
[2024-05-30T15:39:31.397-0500] {processor.py:830} INFO - Processing file /home/diallo/Documents/workspace/Python/AirFlowProjects/AirFlow01/venv/lib/python3.10/site-packages/airflow/example_dags/example_xcomargs.py for tasks to queue
[2024-05-30T15:39:31.406-0500] {logging_mixin.py:188} INFO - [2024-05-30T15:39:31.403-0500] {dagbag.py:545} INFO - Filling up the DagBag from /home/diallo/Documents/workspace/Python/AirFlowProjects/AirFlow01/venv/lib/python3.10/site-packages/airflow/example_dags/example_xcomargs.py
[2024-05-30T15:39:31.453-0500] {processor.py:840} INFO - DAG(s) 'example_xcom_args', 'example_xcom_args_with_operators' retrieved from /home/diallo/Documents/workspace/Python/AirFlowProjects/AirFlow01/venv/lib/python3.10/site-packages/airflow/example_dags/example_xcomargs.py
[2024-05-30T15:39:31.489-0500] {logging_mixin.py:188} INFO - [2024-05-30T15:39:31.489-0500] {dag.py:3096} INFO - Sync 2 DAGs
[2024-05-30T15:39:31.506-0500] {logging_mixin.py:188} INFO - [2024-05-30T15:39:31.506-0500] {dag.py:3954} INFO - Setting next_dagrun for example_xcom_args to None, run_after=None
[2024-05-30T15:39:31.511-0500] {logging_mixin.py:188} INFO - [2024-05-30T15:39:31.511-0500] {dag.py:3954} INFO - Setting next_dagrun for example_xcom_args_with_operators to None, run_after=None
[2024-05-30T15:39:31.612-0500] {processor.py:183} INFO - Processing /home/diallo/Documents/workspace/Python/AirFlowProjects/AirFlow01/venv/lib/python3.10/site-packages/airflow/example_dags/example_xcomargs.py took 0.298 seconds
[2024-05-30T15:40:08.944-0500] {processor.py:161} INFO - Started process (PID=23323) to work on /home/diallo/Documents/workspace/Python/AirFlowProjects/AirFlow01/venv/lib/python3.10/site-packages/airflow/example_dags/example_xcomargs.py
[2024-05-30T15:40:08.946-0500] {processor.py:830} INFO - Processing file /home/diallo/Documents/workspace/Python/AirFlowProjects/AirFlow01/venv/lib/python3.10/site-packages/airflow/example_dags/example_xcomargs.py for tasks to queue
[2024-05-30T15:40:08.948-0500] {logging_mixin.py:188} INFO - [2024-05-30T15:40:08.947-0500] {dagbag.py:545} INFO - Filling up the DagBag from /home/diallo/Documents/workspace/Python/AirFlowProjects/AirFlow01/venv/lib/python3.10/site-packages/airflow/example_dags/example_xcomargs.py
[2024-05-30T15:40:08.958-0500] {processor.py:840} INFO - DAG(s) 'example_xcom_args_with_operators', 'example_xcom_args' retrieved from /home/diallo/Documents/workspace/Python/AirFlowProjects/AirFlow01/venv/lib/python3.10/site-packages/airflow/example_dags/example_xcomargs.py
[2024-05-30T15:40:08.976-0500] {logging_mixin.py:188} INFO - [2024-05-30T15:40:08.976-0500] {dag.py:3096} INFO - Sync 2 DAGs
[2024-05-30T15:40:08.987-0500] {logging_mixin.py:188} INFO - [2024-05-30T15:40:08.987-0500] {dag.py:3954} INFO - Setting next_dagrun for example_xcom_args to None, run_after=None
[2024-05-30T15:40:08.991-0500] {logging_mixin.py:188} INFO - [2024-05-30T15:40:08.990-0500] {dag.py:3954} INFO - Setting next_dagrun for example_xcom_args_with_operators to None, run_after=None
[2024-05-30T15:40:09.810-0500] {processor.py:183} INFO - Processing /home/diallo/Documents/workspace/Python/AirFlowProjects/AirFlow01/venv/lib/python3.10/site-packages/airflow/example_dags/example_xcomargs.py took 0.877 seconds
[2024-05-30T15:41:51.651-0500] {processor.py:161} INFO - Started process (PID=24082) to work on /home/diallo/Documents/workspace/Python/AirFlowProjects/AirFlow01/venv/lib/python3.10/site-packages/airflow/example_dags/example_xcomargs.py
[2024-05-30T15:41:51.680-0500] {processor.py:830} INFO - Processing file /home/diallo/Documents/workspace/Python/AirFlowProjects/AirFlow01/venv/lib/python3.10/site-packages/airflow/example_dags/example_xcomargs.py for tasks to queue
[2024-05-30T15:41:51.682-0500] {logging_mixin.py:188} INFO - [2024-05-30T15:41:51.682-0500] {dagbag.py:545} INFO - Filling up the DagBag from /home/diallo/Documents/workspace/Python/AirFlowProjects/AirFlow01/venv/lib/python3.10/site-packages/airflow/example_dags/example_xcomargs.py
[2024-05-30T15:41:51.690-0500] {processor.py:840} INFO - DAG(s) 'example_xcom_args', 'example_xcom_args_with_operators' retrieved from /home/diallo/Documents/workspace/Python/AirFlowProjects/AirFlow01/venv/lib/python3.10/site-packages/airflow/example_dags/example_xcomargs.py
[2024-05-30T15:41:51.791-0500] {logging_mixin.py:188} INFO - [2024-05-30T15:41:51.791-0500] {dag.py:3096} INFO - Sync 2 DAGs
[2024-05-30T15:41:51.801-0500] {logging_mixin.py:188} INFO - [2024-05-30T15:41:51.800-0500] {dag.py:3954} INFO - Setting next_dagrun for example_xcom_args to None, run_after=None
[2024-05-30T15:41:51.804-0500] {logging_mixin.py:188} INFO - [2024-05-30T15:41:51.803-0500] {dag.py:3954} INFO - Setting next_dagrun for example_xcom_args_with_operators to None, run_after=None
[2024-05-30T15:41:52.506-0500] {processor.py:183} INFO - Processing /home/diallo/Documents/workspace/Python/AirFlowProjects/AirFlow01/venv/lib/python3.10/site-packages/airflow/example_dags/example_xcomargs.py took 0.862 seconds
[2024-05-30T15:43:00.485-0500] {processor.py:161} INFO - Started process (PID=24642) to work on /home/diallo/Documents/workspace/Python/AirFlowProjects/AirFlow01/venv/lib/python3.10/site-packages/airflow/example_dags/example_xcomargs.py
[2024-05-30T15:43:00.526-0500] {processor.py:830} INFO - Processing file /home/diallo/Documents/workspace/Python/AirFlowProjects/AirFlow01/venv/lib/python3.10/site-packages/airflow/example_dags/example_xcomargs.py for tasks to queue
[2024-05-30T15:43:00.531-0500] {logging_mixin.py:188} INFO - [2024-05-30T15:43:00.530-0500] {dagbag.py:545} INFO - Filling up the DagBag from /home/diallo/Documents/workspace/Python/AirFlowProjects/AirFlow01/venv/lib/python3.10/site-packages/airflow/example_dags/example_xcomargs.py
[2024-05-30T15:43:00.556-0500] {processor.py:840} INFO - DAG(s) 'example_xcom_args', 'example_xcom_args_with_operators' retrieved from /home/diallo/Documents/workspace/Python/AirFlowProjects/AirFlow01/venv/lib/python3.10/site-packages/airflow/example_dags/example_xcomargs.py
[2024-05-30T15:43:00.582-0500] {logging_mixin.py:188} INFO - [2024-05-30T15:43:00.581-0500] {dag.py:3096} INFO - Sync 2 DAGs
[2024-05-30T15:43:00.595-0500] {logging_mixin.py:188} INFO - [2024-05-30T15:43:00.595-0500] {dag.py:3954} INFO - Setting next_dagrun for example_xcom_args to None, run_after=None
[2024-05-30T15:43:00.598-0500] {logging_mixin.py:188} INFO - [2024-05-30T15:43:00.598-0500] {dag.py:3954} INFO - Setting next_dagrun for example_xcom_args_with_operators to None, run_after=None
[2024-05-30T15:43:00.712-0500] {processor.py:183} INFO - Processing /home/diallo/Documents/workspace/Python/AirFlowProjects/AirFlow01/venv/lib/python3.10/site-packages/airflow/example_dags/example_xcomargs.py took 0.236 seconds
[2024-05-30T15:43:37.397-0500] {processor.py:161} INFO - Started process (PID=24936) to work on /home/diallo/Documents/workspace/Python/AirFlowProjects/AirFlow01/venv/lib/python3.10/site-packages/airflow/example_dags/example_xcomargs.py
[2024-05-30T15:43:37.399-0500] {processor.py:830} INFO - Processing file /home/diallo/Documents/workspace/Python/AirFlowProjects/AirFlow01/venv/lib/python3.10/site-packages/airflow/example_dags/example_xcomargs.py for tasks to queue
[2024-05-30T15:43:37.402-0500] {logging_mixin.py:188} INFO - [2024-05-30T15:43:37.401-0500] {dagbag.py:545} INFO - Filling up the DagBag from /home/diallo/Documents/workspace/Python/AirFlowProjects/AirFlow01/venv/lib/python3.10/site-packages/airflow/example_dags/example_xcomargs.py
[2024-05-30T15:43:37.414-0500] {processor.py:840} INFO - DAG(s) 'example_xcom_args', 'example_xcom_args_with_operators' retrieved from /home/diallo/Documents/workspace/Python/AirFlowProjects/AirFlow01/venv/lib/python3.10/site-packages/airflow/example_dags/example_xcomargs.py
[2024-05-30T15:43:37.436-0500] {logging_mixin.py:188} INFO - [2024-05-30T15:43:37.435-0500] {dag.py:3096} INFO - Sync 2 DAGs
[2024-05-30T15:43:37.447-0500] {logging_mixin.py:188} INFO - [2024-05-30T15:43:37.447-0500] {dag.py:3954} INFO - Setting next_dagrun for example_xcom_args to None, run_after=None
[2024-05-30T15:43:37.450-0500] {logging_mixin.py:188} INFO - [2024-05-30T15:43:37.450-0500] {dag.py:3954} INFO - Setting next_dagrun for example_xcom_args_with_operators to None, run_after=None
[2024-05-30T15:43:37.565-0500] {processor.py:183} INFO - Processing /home/diallo/Documents/workspace/Python/AirFlowProjects/AirFlow01/venv/lib/python3.10/site-packages/airflow/example_dags/example_xcomargs.py took 0.180 seconds
[2024-05-30T15:45:02.572-0500] {processor.py:161} INFO - Started process (PID=25580) to work on /home/diallo/Documents/workspace/Python/AirFlowProjects/AirFlow01/venv/lib/python3.10/site-packages/airflow/example_dags/example_xcomargs.py
[2024-05-30T15:45:02.643-0500] {processor.py:830} INFO - Processing file /home/diallo/Documents/workspace/Python/AirFlowProjects/AirFlow01/venv/lib/python3.10/site-packages/airflow/example_dags/example_xcomargs.py for tasks to queue
[2024-05-30T15:45:02.649-0500] {logging_mixin.py:188} INFO - [2024-05-30T15:45:02.648-0500] {dagbag.py:545} INFO - Filling up the DagBag from /home/diallo/Documents/workspace/Python/AirFlowProjects/AirFlow01/venv/lib/python3.10/site-packages/airflow/example_dags/example_xcomargs.py
[2024-05-30T15:45:02.676-0500] {processor.py:840} INFO - DAG(s) 'example_xcom_args', 'example_xcom_args_with_operators' retrieved from /home/diallo/Documents/workspace/Python/AirFlowProjects/AirFlow01/venv/lib/python3.10/site-packages/airflow/example_dags/example_xcomargs.py
[2024-05-30T15:45:02.697-0500] {logging_mixin.py:188} INFO - [2024-05-30T15:45:02.697-0500] {dag.py:3096} INFO - Sync 2 DAGs
[2024-05-30T15:45:02.708-0500] {logging_mixin.py:188} INFO - [2024-05-30T15:45:02.708-0500] {dag.py:3954} INFO - Setting next_dagrun for example_xcom_args to None, run_after=None
[2024-05-30T15:45:02.712-0500] {logging_mixin.py:188} INFO - [2024-05-30T15:45:02.711-0500] {dag.py:3954} INFO - Setting next_dagrun for example_xcom_args_with_operators to None, run_after=None
[2024-05-30T15:45:03.476-0500] {processor.py:183} INFO - Processing /home/diallo/Documents/workspace/Python/AirFlowProjects/AirFlow01/venv/lib/python3.10/site-packages/airflow/example_dags/example_xcomargs.py took 0.914 seconds
[2024-05-30T15:46:05.667-0500] {processor.py:161} INFO - Started process (PID=26054) to work on /home/diallo/Documents/workspace/Python/AirFlowProjects/AirFlow01/venv/lib/python3.10/site-packages/airflow/example_dags/example_xcomargs.py
[2024-05-30T15:46:05.706-0500] {processor.py:830} INFO - Processing file /home/diallo/Documents/workspace/Python/AirFlowProjects/AirFlow01/venv/lib/python3.10/site-packages/airflow/example_dags/example_xcomargs.py for tasks to queue
[2024-05-30T15:46:05.711-0500] {logging_mixin.py:188} INFO - [2024-05-30T15:46:05.710-0500] {dagbag.py:545} INFO - Filling up the DagBag from /home/diallo/Documents/workspace/Python/AirFlowProjects/AirFlow01/venv/lib/python3.10/site-packages/airflow/example_dags/example_xcomargs.py
[2024-05-30T15:46:05.733-0500] {processor.py:840} INFO - DAG(s) 'example_xcom_args', 'example_xcom_args_with_operators' retrieved from /home/diallo/Documents/workspace/Python/AirFlowProjects/AirFlow01/venv/lib/python3.10/site-packages/airflow/example_dags/example_xcomargs.py
[2024-05-30T15:46:05.756-0500] {logging_mixin.py:188} INFO - [2024-05-30T15:46:05.756-0500] {dag.py:3096} INFO - Sync 2 DAGs
[2024-05-30T15:46:05.767-0500] {logging_mixin.py:188} INFO - [2024-05-30T15:46:05.767-0500] {dag.py:3954} INFO - Setting next_dagrun for example_xcom_args to None, run_after=None
[2024-05-30T15:46:05.771-0500] {logging_mixin.py:188} INFO - [2024-05-30T15:46:05.771-0500] {dag.py:3954} INFO - Setting next_dagrun for example_xcom_args_with_operators to None, run_after=None
[2024-05-30T15:46:05.844-0500] {processor.py:183} INFO - Processing /home/diallo/Documents/workspace/Python/AirFlowProjects/AirFlow01/venv/lib/python3.10/site-packages/airflow/example_dags/example_xcomargs.py took 0.187 seconds
[2024-05-30T15:46:45.242-0500] {processor.py:161} INFO - Started process (PID=26388) to work on /home/diallo/Documents/workspace/Python/AirFlowProjects/AirFlow01/venv/lib/python3.10/site-packages/airflow/example_dags/example_xcomargs.py
[2024-05-30T15:46:45.279-0500] {processor.py:830} INFO - Processing file /home/diallo/Documents/workspace/Python/AirFlowProjects/AirFlow01/venv/lib/python3.10/site-packages/airflow/example_dags/example_xcomargs.py for tasks to queue
[2024-05-30T15:46:45.288-0500] {logging_mixin.py:188} INFO - [2024-05-30T15:46:45.284-0500] {dagbag.py:545} INFO - Filling up the DagBag from /home/diallo/Documents/workspace/Python/AirFlowProjects/AirFlow01/venv/lib/python3.10/site-packages/airflow/example_dags/example_xcomargs.py
[2024-05-30T15:46:45.330-0500] {processor.py:840} INFO - DAG(s) 'example_xcom_args_with_operators', 'example_xcom_args' retrieved from /home/diallo/Documents/workspace/Python/AirFlowProjects/AirFlow01/venv/lib/python3.10/site-packages/airflow/example_dags/example_xcomargs.py
[2024-05-30T15:46:45.363-0500] {logging_mixin.py:188} INFO - [2024-05-30T15:46:45.363-0500] {dag.py:3096} INFO - Sync 2 DAGs
[2024-05-30T15:46:45.378-0500] {logging_mixin.py:188} INFO - [2024-05-30T15:46:45.378-0500] {dag.py:3954} INFO - Setting next_dagrun for example_xcom_args to None, run_after=None
[2024-05-30T15:46:45.382-0500] {logging_mixin.py:188} INFO - [2024-05-30T15:46:45.382-0500] {dag.py:3954} INFO - Setting next_dagrun for example_xcom_args_with_operators to None, run_after=None
[2024-05-30T15:46:45.485-0500] {processor.py:183} INFO - Processing /home/diallo/Documents/workspace/Python/AirFlowProjects/AirFlow01/venv/lib/python3.10/site-packages/airflow/example_dags/example_xcomargs.py took 0.271 seconds
[2024-05-30T15:47:19.399-0500] {processor.py:161} INFO - Started process (PID=26654) to work on /home/diallo/Documents/workspace/Python/AirFlowProjects/AirFlow01/venv/lib/python3.10/site-packages/airflow/example_dags/example_xcomargs.py
[2024-05-30T15:47:19.402-0500] {processor.py:830} INFO - Processing file /home/diallo/Documents/workspace/Python/AirFlowProjects/AirFlow01/venv/lib/python3.10/site-packages/airflow/example_dags/example_xcomargs.py for tasks to queue
[2024-05-30T15:47:19.407-0500] {logging_mixin.py:188} INFO - [2024-05-30T15:47:19.406-0500] {dagbag.py:545} INFO - Filling up the DagBag from /home/diallo/Documents/workspace/Python/AirFlowProjects/AirFlow01/venv/lib/python3.10/site-packages/airflow/example_dags/example_xcomargs.py
[2024-05-30T15:47:19.425-0500] {processor.py:840} INFO - DAG(s) 'example_xcom_args', 'example_xcom_args_with_operators' retrieved from /home/diallo/Documents/workspace/Python/AirFlowProjects/AirFlow01/venv/lib/python3.10/site-packages/airflow/example_dags/example_xcomargs.py
[2024-05-30T15:47:19.451-0500] {logging_mixin.py:188} INFO - [2024-05-30T15:47:19.450-0500] {dag.py:3096} INFO - Sync 2 DAGs
[2024-05-30T15:47:19.466-0500] {logging_mixin.py:188} INFO - [2024-05-30T15:47:19.466-0500] {dag.py:3954} INFO - Setting next_dagrun for example_xcom_args to None, run_after=None
[2024-05-30T15:47:19.470-0500] {logging_mixin.py:188} INFO - [2024-05-30T15:47:19.470-0500] {dag.py:3954} INFO - Setting next_dagrun for example_xcom_args_with_operators to None, run_after=None
[2024-05-30T15:47:19.601-0500] {processor.py:183} INFO - Processing /home/diallo/Documents/workspace/Python/AirFlowProjects/AirFlow01/venv/lib/python3.10/site-packages/airflow/example_dags/example_xcomargs.py took 0.235 seconds
[2024-05-30T15:47:54.831-0500] {processor.py:161} INFO - Started process (PID=26939) to work on /home/diallo/Documents/workspace/Python/AirFlowProjects/AirFlow01/venv/lib/python3.10/site-packages/airflow/example_dags/example_xcomargs.py
[2024-05-30T15:47:54.846-0500] {processor.py:830} INFO - Processing file /home/diallo/Documents/workspace/Python/AirFlowProjects/AirFlow01/venv/lib/python3.10/site-packages/airflow/example_dags/example_xcomargs.py for tasks to queue
[2024-05-30T15:47:54.848-0500] {logging_mixin.py:188} INFO - [2024-05-30T15:47:54.847-0500] {dagbag.py:545} INFO - Filling up the DagBag from /home/diallo/Documents/workspace/Python/AirFlowProjects/AirFlow01/venv/lib/python3.10/site-packages/airflow/example_dags/example_xcomargs.py
[2024-05-30T15:47:54.861-0500] {processor.py:840} INFO - DAG(s) 'example_xcom_args_with_operators', 'example_xcom_args' retrieved from /home/diallo/Documents/workspace/Python/AirFlowProjects/AirFlow01/venv/lib/python3.10/site-packages/airflow/example_dags/example_xcomargs.py
[2024-05-30T15:47:54.893-0500] {logging_mixin.py:188} INFO - [2024-05-30T15:47:54.893-0500] {dag.py:3096} INFO - Sync 2 DAGs
[2024-05-30T15:47:54.908-0500] {logging_mixin.py:188} INFO - [2024-05-30T15:47:54.908-0500] {dag.py:3954} INFO - Setting next_dagrun for example_xcom_args to None, run_after=None
[2024-05-30T15:47:54.912-0500] {logging_mixin.py:188} INFO - [2024-05-30T15:47:54.911-0500] {dag.py:3954} INFO - Setting next_dagrun for example_xcom_args_with_operators to None, run_after=None
[2024-05-30T15:47:55.023-0500] {processor.py:183} INFO - Processing /home/diallo/Documents/workspace/Python/AirFlowProjects/AirFlow01/venv/lib/python3.10/site-packages/airflow/example_dags/example_xcomargs.py took 0.204 seconds
[2024-05-30T15:48:54.016-0500] {processor.py:161} INFO - Started process (PID=27431) to work on /home/diallo/Documents/workspace/Python/AirFlowProjects/AirFlow01/venv/lib/python3.10/site-packages/airflow/example_dags/example_xcomargs.py
[2024-05-30T15:48:54.055-0500] {processor.py:830} INFO - Processing file /home/diallo/Documents/workspace/Python/AirFlowProjects/AirFlow01/venv/lib/python3.10/site-packages/airflow/example_dags/example_xcomargs.py for tasks to queue
[2024-05-30T15:48:54.061-0500] {logging_mixin.py:188} INFO - [2024-05-30T15:48:54.059-0500] {dagbag.py:545} INFO - Filling up the DagBag from /home/diallo/Documents/workspace/Python/AirFlowProjects/AirFlow01/venv/lib/python3.10/site-packages/airflow/example_dags/example_xcomargs.py
[2024-05-30T15:48:54.091-0500] {processor.py:840} INFO - DAG(s) 'example_xcom_args_with_operators', 'example_xcom_args' retrieved from /home/diallo/Documents/workspace/Python/AirFlowProjects/AirFlow01/venv/lib/python3.10/site-packages/airflow/example_dags/example_xcomargs.py
[2024-05-30T15:48:54.120-0500] {logging_mixin.py:188} INFO - [2024-05-30T15:48:54.120-0500] {dag.py:3096} INFO - Sync 2 DAGs
[2024-05-30T15:48:54.134-0500] {logging_mixin.py:188} INFO - [2024-05-30T15:48:54.133-0500] {dag.py:3954} INFO - Setting next_dagrun for example_xcom_args to None, run_after=None
[2024-05-30T15:48:54.137-0500] {logging_mixin.py:188} INFO - [2024-05-30T15:48:54.137-0500] {dag.py:3954} INFO - Setting next_dagrun for example_xcom_args_with_operators to None, run_after=None
[2024-05-30T15:48:54.225-0500] {processor.py:183} INFO - Processing /home/diallo/Documents/workspace/Python/AirFlowProjects/AirFlow01/venv/lib/python3.10/site-packages/airflow/example_dags/example_xcomargs.py took 0.230 seconds
[2024-05-30T15:50:22.293-0500] {processor.py:161} INFO - Started process (PID=28111) to work on /home/diallo/Documents/workspace/Python/AirFlowProjects/AirFlow01/venv/lib/python3.10/site-packages/airflow/example_dags/example_xcomargs.py
[2024-05-30T15:50:22.308-0500] {processor.py:830} INFO - Processing file /home/diallo/Documents/workspace/Python/AirFlowProjects/AirFlow01/venv/lib/python3.10/site-packages/airflow/example_dags/example_xcomargs.py for tasks to queue
[2024-05-30T15:50:22.310-0500] {logging_mixin.py:188} INFO - [2024-05-30T15:50:22.310-0500] {dagbag.py:545} INFO - Filling up the DagBag from /home/diallo/Documents/workspace/Python/AirFlowProjects/AirFlow01/venv/lib/python3.10/site-packages/airflow/example_dags/example_xcomargs.py
[2024-05-30T15:50:22.328-0500] {processor.py:840} INFO - DAG(s) 'example_xcom_args_with_operators', 'example_xcom_args' retrieved from /home/diallo/Documents/workspace/Python/AirFlowProjects/AirFlow01/venv/lib/python3.10/site-packages/airflow/example_dags/example_xcomargs.py
[2024-05-30T15:50:22.367-0500] {logging_mixin.py:188} INFO - [2024-05-30T15:50:22.367-0500] {dag.py:3096} INFO - Sync 2 DAGs
[2024-05-30T15:50:22.394-0500] {logging_mixin.py:188} INFO - [2024-05-30T15:50:22.394-0500] {dag.py:3954} INFO - Setting next_dagrun for example_xcom_args to None, run_after=None
[2024-05-30T15:50:22.404-0500] {logging_mixin.py:188} INFO - [2024-05-30T15:50:22.403-0500] {dag.py:3954} INFO - Setting next_dagrun for example_xcom_args_with_operators to None, run_after=None
[2024-05-30T15:50:23.466-0500] {processor.py:183} INFO - Processing /home/diallo/Documents/workspace/Python/AirFlowProjects/AirFlow01/venv/lib/python3.10/site-packages/airflow/example_dags/example_xcomargs.py took 1.185 seconds
