[2024-05-30T15:38:26.706-0500] {processor.py:161} INFO - Started process (PID=22460) to work on /home/diallo/Documents/workspace/Python/AirFlowProjects/AirFlow01/venv/lib/python3.10/site-packages/airflow/example_dags/example_kubernetes_executor.py
[2024-05-30T15:38:26.707-0500] {processor.py:830} INFO - Processing file /home/diallo/Documents/workspace/Python/AirFlowProjects/AirFlow01/venv/lib/python3.10/site-packages/airflow/example_dags/example_kubernetes_executor.py for tasks to queue
[2024-05-30T15:38:26.709-0500] {logging_mixin.py:188} INFO - [2024-05-30T15:38:26.708-0500] {dagbag.py:545} INFO - Filling up the DagBag from /home/diallo/Documents/workspace/Python/AirFlowProjects/AirFlow01/venv/lib/python3.10/site-packages/airflow/example_dags/example_kubernetes_executor.py
[2024-05-30T15:38:26.713-0500] {logging_mixin.py:188} INFO - [2024-05-30T15:38:26.713-0500] {example_kubernetes_executor.py:39} WARNING - The example_kubernetes_executor example DAG requires the kubernetes provider. Please install it with: pip install apache-airflow[cncf.kubernetes]
[2024-05-30T15:38:26.714-0500] {processor.py:842} WARNING - No viable dags retrieved from /home/diallo/Documents/workspace/Python/AirFlowProjects/AirFlow01/venv/lib/python3.10/site-packages/airflow/example_dags/example_kubernetes_executor.py
[2024-05-30T15:38:26.735-0500] {processor.py:183} INFO - Processing /home/diallo/Documents/workspace/Python/AirFlowProjects/AirFlow01/venv/lib/python3.10/site-packages/airflow/example_dags/example_kubernetes_executor.py took 0.036 seconds
[2024-05-30T15:39:48.174-0500] {processor.py:161} INFO - Started process (PID=23161) to work on /home/diallo/Documents/workspace/Python/AirFlowProjects/AirFlow01/venv/lib/python3.10/site-packages/airflow/example_dags/example_kubernetes_executor.py
[2024-05-30T15:39:48.178-0500] {processor.py:830} INFO - Processing file /home/diallo/Documents/workspace/Python/AirFlowProjects/AirFlow01/venv/lib/python3.10/site-packages/airflow/example_dags/example_kubernetes_executor.py for tasks to queue
[2024-05-30T15:39:48.182-0500] {logging_mixin.py:188} INFO - [2024-05-30T15:39:48.181-0500] {dagbag.py:545} INFO - Filling up the DagBag from /home/diallo/Documents/workspace/Python/AirFlowProjects/AirFlow01/venv/lib/python3.10/site-packages/airflow/example_dags/example_kubernetes_executor.py
[2024-05-30T15:39:48.187-0500] {logging_mixin.py:188} INFO - [2024-05-30T15:39:48.186-0500] {example_kubernetes_executor.py:39} WARNING - The example_kubernetes_executor example DAG requires the kubernetes provider. Please install it with: pip install apache-airflow[cncf.kubernetes]
[2024-05-30T15:39:48.188-0500] {processor.py:842} WARNING - No viable dags retrieved from /home/diallo/Documents/workspace/Python/AirFlowProjects/AirFlow01/venv/lib/python3.10/site-packages/airflow/example_dags/example_kubernetes_executor.py
[2024-05-30T15:39:48.205-0500] {processor.py:183} INFO - Processing /home/diallo/Documents/workspace/Python/AirFlowProjects/AirFlow01/venv/lib/python3.10/site-packages/airflow/example_dags/example_kubernetes_executor.py took 0.058 seconds
[2024-05-30T15:42:45.947-0500] {processor.py:161} INFO - Started process (PID=24514) to work on /home/diallo/Documents/workspace/Python/AirFlowProjects/AirFlow01/venv/lib/python3.10/site-packages/airflow/example_dags/example_kubernetes_executor.py
[2024-05-30T15:42:46.019-0500] {processor.py:830} INFO - Processing file /home/diallo/Documents/workspace/Python/AirFlowProjects/AirFlow01/venv/lib/python3.10/site-packages/airflow/example_dags/example_kubernetes_executor.py for tasks to queue
[2024-05-30T15:42:46.025-0500] {logging_mixin.py:188} INFO - [2024-05-30T15:42:46.023-0500] {dagbag.py:545} INFO - Filling up the DagBag from /home/diallo/Documents/workspace/Python/AirFlowProjects/AirFlow01/venv/lib/python3.10/site-packages/airflow/example_dags/example_kubernetes_executor.py
[2024-05-30T15:42:46.035-0500] {logging_mixin.py:188} INFO - [2024-05-30T15:42:46.034-0500] {example_kubernetes_executor.py:39} WARNING - The example_kubernetes_executor example DAG requires the kubernetes provider. Please install it with: pip install apache-airflow[cncf.kubernetes]
[2024-05-30T15:42:46.036-0500] {processor.py:842} WARNING - No viable dags retrieved from /home/diallo/Documents/workspace/Python/AirFlowProjects/AirFlow01/venv/lib/python3.10/site-packages/airflow/example_dags/example_kubernetes_executor.py
[2024-05-30T15:42:46.059-0500] {processor.py:183} INFO - Processing /home/diallo/Documents/workspace/Python/AirFlowProjects/AirFlow01/venv/lib/python3.10/site-packages/airflow/example_dags/example_kubernetes_executor.py took 0.133 seconds
[2024-05-30T15:43:50.650-0500] {processor.py:161} INFO - Started process (PID=25034) to work on /home/diallo/Documents/workspace/Python/AirFlowProjects/AirFlow01/venv/lib/python3.10/site-packages/airflow/example_dags/example_kubernetes_executor.py
[2024-05-30T15:43:50.652-0500] {processor.py:830} INFO - Processing file /home/diallo/Documents/workspace/Python/AirFlowProjects/AirFlow01/venv/lib/python3.10/site-packages/airflow/example_dags/example_kubernetes_executor.py for tasks to queue
[2024-05-30T15:43:50.654-0500] {logging_mixin.py:188} INFO - [2024-05-30T15:43:50.654-0500] {dagbag.py:545} INFO - Filling up the DagBag from /home/diallo/Documents/workspace/Python/AirFlowProjects/AirFlow01/venv/lib/python3.10/site-packages/airflow/example_dags/example_kubernetes_executor.py
[2024-05-30T15:43:50.658-0500] {logging_mixin.py:188} INFO - [2024-05-30T15:43:50.658-0500] {example_kubernetes_executor.py:39} WARNING - The example_kubernetes_executor example DAG requires the kubernetes provider. Please install it with: pip install apache-airflow[cncf.kubernetes]
[2024-05-30T15:43:50.659-0500] {processor.py:842} WARNING - No viable dags retrieved from /home/diallo/Documents/workspace/Python/AirFlowProjects/AirFlow01/venv/lib/python3.10/site-packages/airflow/example_dags/example_kubernetes_executor.py
[2024-05-30T15:43:50.670-0500] {processor.py:183} INFO - Processing /home/diallo/Documents/workspace/Python/AirFlowProjects/AirFlow01/venv/lib/python3.10/site-packages/airflow/example_dags/example_kubernetes_executor.py took 0.031 seconds
[2024-05-30T15:45:48.736-0500] {processor.py:161} INFO - Started process (PID=25921) to work on /home/diallo/Documents/workspace/Python/AirFlowProjects/AirFlow01/venv/lib/python3.10/site-packages/airflow/example_dags/example_kubernetes_executor.py
[2024-05-30T15:45:48.776-0500] {processor.py:830} INFO - Processing file /home/diallo/Documents/workspace/Python/AirFlowProjects/AirFlow01/venv/lib/python3.10/site-packages/airflow/example_dags/example_kubernetes_executor.py for tasks to queue
[2024-05-30T15:45:48.782-0500] {logging_mixin.py:188} INFO - [2024-05-30T15:45:48.781-0500] {dagbag.py:545} INFO - Filling up the DagBag from /home/diallo/Documents/workspace/Python/AirFlowProjects/AirFlow01/venv/lib/python3.10/site-packages/airflow/example_dags/example_kubernetes_executor.py
[2024-05-30T15:45:48.792-0500] {logging_mixin.py:188} INFO - [2024-05-30T15:45:48.791-0500] {example_kubernetes_executor.py:39} WARNING - The example_kubernetes_executor example DAG requires the kubernetes provider. Please install it with: pip install apache-airflow[cncf.kubernetes]
[2024-05-30T15:45:48.794-0500] {processor.py:842} WARNING - No viable dags retrieved from /home/diallo/Documents/workspace/Python/AirFlowProjects/AirFlow01/venv/lib/python3.10/site-packages/airflow/example_dags/example_kubernetes_executor.py
[2024-05-30T15:45:48.815-0500] {processor.py:183} INFO - Processing /home/diallo/Documents/workspace/Python/AirFlowProjects/AirFlow01/venv/lib/python3.10/site-packages/airflow/example_dags/example_kubernetes_executor.py took 0.087 seconds
[2024-05-30T15:47:01.834-0500] {processor.py:161} INFO - Started process (PID=26525) to work on /home/diallo/Documents/workspace/Python/AirFlowProjects/AirFlow01/venv/lib/python3.10/site-packages/airflow/example_dags/example_kubernetes_executor.py
[2024-05-30T15:47:01.877-0500] {processor.py:830} INFO - Processing file /home/diallo/Documents/workspace/Python/AirFlowProjects/AirFlow01/venv/lib/python3.10/site-packages/airflow/example_dags/example_kubernetes_executor.py for tasks to queue
[2024-05-30T15:47:01.886-0500] {logging_mixin.py:188} INFO - [2024-05-30T15:47:01.884-0500] {dagbag.py:545} INFO - Filling up the DagBag from /home/diallo/Documents/workspace/Python/AirFlowProjects/AirFlow01/venv/lib/python3.10/site-packages/airflow/example_dags/example_kubernetes_executor.py
[2024-05-30T15:47:01.900-0500] {logging_mixin.py:188} INFO - [2024-05-30T15:47:01.898-0500] {example_kubernetes_executor.py:39} WARNING - The example_kubernetes_executor example DAG requires the kubernetes provider. Please install it with: pip install apache-airflow[cncf.kubernetes]
[2024-05-30T15:47:01.901-0500] {processor.py:842} WARNING - No viable dags retrieved from /home/diallo/Documents/workspace/Python/AirFlowProjects/AirFlow01/venv/lib/python3.10/site-packages/airflow/example_dags/example_kubernetes_executor.py
[2024-05-30T15:47:01.935-0500] {processor.py:183} INFO - Processing /home/diallo/Documents/workspace/Python/AirFlowProjects/AirFlow01/venv/lib/python3.10/site-packages/airflow/example_dags/example_kubernetes_executor.py took 0.131 seconds
[2024-05-30T15:48:11.418-0500] {processor.py:161} INFO - Started process (PID=27071) to work on /home/diallo/Documents/workspace/Python/AirFlowProjects/AirFlow01/venv/lib/python3.10/site-packages/airflow/example_dags/example_kubernetes_executor.py
[2024-05-30T15:48:11.453-0500] {processor.py:830} INFO - Processing file /home/diallo/Documents/workspace/Python/AirFlowProjects/AirFlow01/venv/lib/python3.10/site-packages/airflow/example_dags/example_kubernetes_executor.py for tasks to queue
[2024-05-30T15:48:11.459-0500] {logging_mixin.py:188} INFO - [2024-05-30T15:48:11.458-0500] {dagbag.py:545} INFO - Filling up the DagBag from /home/diallo/Documents/workspace/Python/AirFlowProjects/AirFlow01/venv/lib/python3.10/site-packages/airflow/example_dags/example_kubernetes_executor.py
[2024-05-30T15:48:11.470-0500] {logging_mixin.py:188} INFO - [2024-05-30T15:48:11.469-0500] {example_kubernetes_executor.py:39} WARNING - The example_kubernetes_executor example DAG requires the kubernetes provider. Please install it with: pip install apache-airflow[cncf.kubernetes]
[2024-05-30T15:48:11.471-0500] {processor.py:842} WARNING - No viable dags retrieved from /home/diallo/Documents/workspace/Python/AirFlowProjects/AirFlow01/venv/lib/python3.10/site-packages/airflow/example_dags/example_kubernetes_executor.py
[2024-05-30T15:48:11.494-0500] {processor.py:183} INFO - Processing /home/diallo/Documents/workspace/Python/AirFlowProjects/AirFlow01/venv/lib/python3.10/site-packages/airflow/example_dags/example_kubernetes_executor.py took 0.090 seconds
[2024-05-30T15:49:12.043-0500] {processor.py:161} INFO - Started process (PID=27568) to work on /home/diallo/Documents/workspace/Python/AirFlowProjects/AirFlow01/venv/lib/python3.10/site-packages/airflow/example_dags/example_kubernetes_executor.py
[2024-05-30T15:49:12.079-0500] {processor.py:830} INFO - Processing file /home/diallo/Documents/workspace/Python/AirFlowProjects/AirFlow01/venv/lib/python3.10/site-packages/airflow/example_dags/example_kubernetes_executor.py for tasks to queue
[2024-05-30T15:49:12.085-0500] {logging_mixin.py:188} INFO - [2024-05-30T15:49:12.084-0500] {dagbag.py:545} INFO - Filling up the DagBag from /home/diallo/Documents/workspace/Python/AirFlowProjects/AirFlow01/venv/lib/python3.10/site-packages/airflow/example_dags/example_kubernetes_executor.py
[2024-05-30T15:49:12.095-0500] {logging_mixin.py:188} INFO - [2024-05-30T15:49:12.095-0500] {example_kubernetes_executor.py:39} WARNING - The example_kubernetes_executor example DAG requires the kubernetes provider. Please install it with: pip install apache-airflow[cncf.kubernetes]
[2024-05-30T15:49:12.096-0500] {processor.py:842} WARNING - No viable dags retrieved from /home/diallo/Documents/workspace/Python/AirFlowProjects/AirFlow01/venv/lib/python3.10/site-packages/airflow/example_dags/example_kubernetes_executor.py
[2024-05-30T15:49:12.118-0500] {processor.py:183} INFO - Processing /home/diallo/Documents/workspace/Python/AirFlowProjects/AirFlow01/venv/lib/python3.10/site-packages/airflow/example_dags/example_kubernetes_executor.py took 0.083 seconds
