[2024-05-30T15:38:45.029-0500] {processor.py:161} INFO - Started process (PID=22648) to work on /home/diallo/Documents/workspace/Python/AirFlowProjects/AirFlow01/venv/lib/python3.10/site-packages/airflow/example_dags/example_branch_day_of_week_operator.py
[2024-05-30T15:38:45.031-0500] {processor.py:830} INFO - Processing file /home/diallo/Documents/workspace/Python/AirFlowProjects/AirFlow01/venv/lib/python3.10/site-packages/airflow/example_dags/example_branch_day_of_week_operator.py for tasks to queue
[2024-05-30T15:38:45.038-0500] {logging_mixin.py:188} INFO - [2024-05-30T15:38:45.037-0500] {dagbag.py:545} INFO - Filling up the DagBag from /home/diallo/Documents/workspace/Python/AirFlowProjects/AirFlow01/venv/lib/python3.10/site-packages/airflow/example_dags/example_branch_day_of_week_operator.py
[2024-05-30T15:38:45.061-0500] {processor.py:840} INFO - DAG(s) 'example_weekday_branch_operator' retrieved from /home/diallo/Documents/workspace/Python/AirFlowProjects/AirFlow01/venv/lib/python3.10/site-packages/airflow/example_dags/example_branch_day_of_week_operator.py
[2024-05-30T15:38:45.479-0500] {logging_mixin.py:188} INFO - [2024-05-30T15:38:45.477-0500] {override.py:1829} INFO - Created Permission View: can delete on DAG:example_weekday_branch_operator
[2024-05-30T15:38:45.556-0500] {logging_mixin.py:188} INFO - [2024-05-30T15:38:45.555-0500] {override.py:1829} INFO - Created Permission View: can edit on DAG:example_weekday_branch_operator
[2024-05-30T15:38:45.613-0500] {logging_mixin.py:188} INFO - [2024-05-30T15:38:45.612-0500] {override.py:1829} INFO - Created Permission View: can read on DAG:example_weekday_branch_operator
[2024-05-30T15:38:45.614-0500] {logging_mixin.py:188} INFO - [2024-05-30T15:38:45.614-0500] {dag.py:3096} INFO - Sync 1 DAGs
[2024-05-30T15:38:45.755-0500] {logging_mixin.py:188} INFO - [2024-05-30T15:38:45.755-0500] {dag.py:3118} INFO - Creating ORM DAG for example_weekday_branch_operator
[2024-05-30T15:38:45.765-0500] {logging_mixin.py:188} INFO - [2024-05-30T15:38:45.765-0500] {dag.py:3954} INFO - Setting next_dagrun for example_weekday_branch_operator to 2024-05-29 00:00:00+00:00, run_after=2024-05-30 00:00:00+00:00
[2024-05-30T15:38:45.890-0500] {processor.py:183} INFO - Processing /home/diallo/Documents/workspace/Python/AirFlowProjects/AirFlow01/venv/lib/python3.10/site-packages/airflow/example_dags/example_branch_day_of_week_operator.py took 0.883 seconds
[2024-05-30T15:40:05.628-0500] {processor.py:161} INFO - Started process (PID=23291) to work on /home/diallo/Documents/workspace/Python/AirFlowProjects/AirFlow01/venv/lib/python3.10/site-packages/airflow/example_dags/example_branch_day_of_week_operator.py
[2024-05-30T15:40:05.656-0500] {processor.py:830} INFO - Processing file /home/diallo/Documents/workspace/Python/AirFlowProjects/AirFlow01/venv/lib/python3.10/site-packages/airflow/example_dags/example_branch_day_of_week_operator.py for tasks to queue
[2024-05-30T15:40:05.659-0500] {logging_mixin.py:188} INFO - [2024-05-30T15:40:05.658-0500] {dagbag.py:545} INFO - Filling up the DagBag from /home/diallo/Documents/workspace/Python/AirFlowProjects/AirFlow01/venv/lib/python3.10/site-packages/airflow/example_dags/example_branch_day_of_week_operator.py
[2024-05-30T15:40:05.670-0500] {processor.py:840} INFO - DAG(s) 'example_weekday_branch_operator' retrieved from /home/diallo/Documents/workspace/Python/AirFlowProjects/AirFlow01/venv/lib/python3.10/site-packages/airflow/example_dags/example_branch_day_of_week_operator.py
[2024-05-30T15:40:05.688-0500] {logging_mixin.py:188} INFO - [2024-05-30T15:40:05.687-0500] {dag.py:3096} INFO - Sync 1 DAGs
[2024-05-30T15:40:05.808-0500] {logging_mixin.py:188} INFO - [2024-05-30T15:40:05.808-0500] {dag.py:3954} INFO - Setting next_dagrun for example_weekday_branch_operator to 2024-05-29 00:00:00+00:00, run_after=2024-05-30 00:00:00+00:00
[2024-05-30T15:40:05.910-0500] {processor.py:183} INFO - Processing /home/diallo/Documents/workspace/Python/AirFlowProjects/AirFlow01/venv/lib/python3.10/site-packages/airflow/example_dags/example_branch_day_of_week_operator.py took 0.296 seconds
[2024-05-30T15:42:57.686-0500] {processor.py:161} INFO - Started process (PID=24624) to work on /home/diallo/Documents/workspace/Python/AirFlowProjects/AirFlow01/venv/lib/python3.10/site-packages/airflow/example_dags/example_branch_day_of_week_operator.py
[2024-05-30T15:42:57.725-0500] {processor.py:830} INFO - Processing file /home/diallo/Documents/workspace/Python/AirFlowProjects/AirFlow01/venv/lib/python3.10/site-packages/airflow/example_dags/example_branch_day_of_week_operator.py for tasks to queue
[2024-05-30T15:42:57.731-0500] {logging_mixin.py:188} INFO - [2024-05-30T15:42:57.730-0500] {dagbag.py:545} INFO - Filling up the DagBag from /home/diallo/Documents/workspace/Python/AirFlowProjects/AirFlow01/venv/lib/python3.10/site-packages/airflow/example_dags/example_branch_day_of_week_operator.py
[2024-05-30T15:42:57.752-0500] {processor.py:840} INFO - DAG(s) 'example_weekday_branch_operator' retrieved from /home/diallo/Documents/workspace/Python/AirFlowProjects/AirFlow01/venv/lib/python3.10/site-packages/airflow/example_dags/example_branch_day_of_week_operator.py
[2024-05-30T15:42:57.771-0500] {logging_mixin.py:188} INFO - [2024-05-30T15:42:57.771-0500] {dag.py:3096} INFO - Sync 1 DAGs
[2024-05-30T15:42:57.792-0500] {logging_mixin.py:188} INFO - [2024-05-30T15:42:57.792-0500] {dag.py:3954} INFO - Setting next_dagrun for example_weekday_branch_operator to 2024-05-29 00:00:00+00:00, run_after=2024-05-30 00:00:00+00:00
[2024-05-30T15:42:57.875-0500] {processor.py:183} INFO - Processing /home/diallo/Documents/workspace/Python/AirFlowProjects/AirFlow01/venv/lib/python3.10/site-packages/airflow/example_dags/example_branch_day_of_week_operator.py took 0.209 seconds
[2024-05-30T15:44:03.401-0500] {processor.py:161} INFO - Started process (PID=25133) to work on /home/diallo/Documents/workspace/Python/AirFlowProjects/AirFlow01/venv/lib/python3.10/site-packages/airflow/example_dags/example_branch_day_of_week_operator.py
[2024-05-30T15:44:03.436-0500] {processor.py:830} INFO - Processing file /home/diallo/Documents/workspace/Python/AirFlowProjects/AirFlow01/venv/lib/python3.10/site-packages/airflow/example_dags/example_branch_day_of_week_operator.py for tasks to queue
[2024-05-30T15:44:03.443-0500] {logging_mixin.py:188} INFO - [2024-05-30T15:44:03.441-0500] {dagbag.py:545} INFO - Filling up the DagBag from /home/diallo/Documents/workspace/Python/AirFlowProjects/AirFlow01/venv/lib/python3.10/site-packages/airflow/example_dags/example_branch_day_of_week_operator.py
[2024-05-30T15:44:03.467-0500] {processor.py:840} INFO - DAG(s) 'example_weekday_branch_operator' retrieved from /home/diallo/Documents/workspace/Python/AirFlowProjects/AirFlow01/venv/lib/python3.10/site-packages/airflow/example_dags/example_branch_day_of_week_operator.py
[2024-05-30T15:44:03.487-0500] {logging_mixin.py:188} INFO - [2024-05-30T15:44:03.487-0500] {dag.py:3096} INFO - Sync 1 DAGs
[2024-05-30T15:44:03.509-0500] {logging_mixin.py:188} INFO - [2024-05-30T15:44:03.509-0500] {dag.py:3954} INFO - Setting next_dagrun for example_weekday_branch_operator to 2024-05-29 00:00:00+00:00, run_after=2024-05-30 00:00:00+00:00
[2024-05-30T15:44:03.586-0500] {processor.py:183} INFO - Processing /home/diallo/Documents/workspace/Python/AirFlowProjects/AirFlow01/venv/lib/python3.10/site-packages/airflow/example_dags/example_branch_day_of_week_operator.py took 0.194 seconds
[2024-05-30T15:46:02.789-0500] {processor.py:161} INFO - Started process (PID=26036) to work on /home/diallo/Documents/workspace/Python/AirFlowProjects/AirFlow01/venv/lib/python3.10/site-packages/airflow/example_dags/example_branch_day_of_week_operator.py
[2024-05-30T15:46:02.833-0500] {processor.py:830} INFO - Processing file /home/diallo/Documents/workspace/Python/AirFlowProjects/AirFlow01/venv/lib/python3.10/site-packages/airflow/example_dags/example_branch_day_of_week_operator.py for tasks to queue
[2024-05-30T15:46:02.839-0500] {logging_mixin.py:188} INFO - [2024-05-30T15:46:02.837-0500] {dagbag.py:545} INFO - Filling up the DagBag from /home/diallo/Documents/workspace/Python/AirFlowProjects/AirFlow01/venv/lib/python3.10/site-packages/airflow/example_dags/example_branch_day_of_week_operator.py
[2024-05-30T15:46:02.860-0500] {processor.py:840} INFO - DAG(s) 'example_weekday_branch_operator' retrieved from /home/diallo/Documents/workspace/Python/AirFlowProjects/AirFlow01/venv/lib/python3.10/site-packages/airflow/example_dags/example_branch_day_of_week_operator.py
[2024-05-30T15:46:02.878-0500] {logging_mixin.py:188} INFO - [2024-05-30T15:46:02.877-0500] {dag.py:3096} INFO - Sync 1 DAGs
[2024-05-30T15:46:02.898-0500] {logging_mixin.py:188} INFO - [2024-05-30T15:46:02.897-0500] {dag.py:3954} INFO - Setting next_dagrun for example_weekday_branch_operator to 2024-05-29 00:00:00+00:00, run_after=2024-05-30 00:00:00+00:00
[2024-05-30T15:46:02.976-0500] {processor.py:183} INFO - Processing /home/diallo/Documents/workspace/Python/AirFlowProjects/AirFlow01/venv/lib/python3.10/site-packages/airflow/example_dags/example_branch_day_of_week_operator.py took 0.196 seconds
[2024-05-30T15:47:15.240-0500] {processor.py:161} INFO - Started process (PID=26622) to work on /home/diallo/Documents/workspace/Python/AirFlowProjects/AirFlow01/venv/lib/python3.10/site-packages/airflow/example_dags/example_branch_day_of_week_operator.py
[2024-05-30T15:47:15.276-0500] {processor.py:830} INFO - Processing file /home/diallo/Documents/workspace/Python/AirFlowProjects/AirFlow01/venv/lib/python3.10/site-packages/airflow/example_dags/example_branch_day_of_week_operator.py for tasks to queue
[2024-05-30T15:47:15.281-0500] {logging_mixin.py:188} INFO - [2024-05-30T15:47:15.280-0500] {dagbag.py:545} INFO - Filling up the DagBag from /home/diallo/Documents/workspace/Python/AirFlowProjects/AirFlow01/venv/lib/python3.10/site-packages/airflow/example_dags/example_branch_day_of_week_operator.py
[2024-05-30T15:47:15.300-0500] {processor.py:840} INFO - DAG(s) 'example_weekday_branch_operator' retrieved from /home/diallo/Documents/workspace/Python/AirFlowProjects/AirFlow01/venv/lib/python3.10/site-packages/airflow/example_dags/example_branch_day_of_week_operator.py
[2024-05-30T15:47:15.323-0500] {logging_mixin.py:188} INFO - [2024-05-30T15:47:15.323-0500] {dag.py:3096} INFO - Sync 1 DAGs
[2024-05-30T15:47:15.350-0500] {logging_mixin.py:188} INFO - [2024-05-30T15:47:15.349-0500] {dag.py:3954} INFO - Setting next_dagrun for example_weekday_branch_operator to 2024-05-29 00:00:00+00:00, run_after=2024-05-30 00:00:00+00:00
[2024-05-30T15:47:15.453-0500] {processor.py:183} INFO - Processing /home/diallo/Documents/workspace/Python/AirFlowProjects/AirFlow01/venv/lib/python3.10/site-packages/airflow/example_dags/example_branch_day_of_week_operator.py took 0.246 seconds
[2024-05-30T15:48:23.867-0500] {processor.py:161} INFO - Started process (PID=27182) to work on /home/diallo/Documents/workspace/Python/AirFlowProjects/AirFlow01/venv/lib/python3.10/site-packages/airflow/example_dags/example_branch_day_of_week_operator.py
[2024-05-30T15:48:23.901-0500] {processor.py:830} INFO - Processing file /home/diallo/Documents/workspace/Python/AirFlowProjects/AirFlow01/venv/lib/python3.10/site-packages/airflow/example_dags/example_branch_day_of_week_operator.py for tasks to queue
[2024-05-30T15:48:23.906-0500] {logging_mixin.py:188} INFO - [2024-05-30T15:48:23.905-0500] {dagbag.py:545} INFO - Filling up the DagBag from /home/diallo/Documents/workspace/Python/AirFlowProjects/AirFlow01/venv/lib/python3.10/site-packages/airflow/example_dags/example_branch_day_of_week_operator.py
[2024-05-30T15:48:23.928-0500] {processor.py:840} INFO - DAG(s) 'example_weekday_branch_operator' retrieved from /home/diallo/Documents/workspace/Python/AirFlowProjects/AirFlow01/venv/lib/python3.10/site-packages/airflow/example_dags/example_branch_day_of_week_operator.py
[2024-05-30T15:48:23.949-0500] {logging_mixin.py:188} INFO - [2024-05-30T15:48:23.948-0500] {dag.py:3096} INFO - Sync 1 DAGs
[2024-05-30T15:48:23.969-0500] {logging_mixin.py:188} INFO - [2024-05-30T15:48:23.969-0500] {dag.py:3954} INFO - Setting next_dagrun for example_weekday_branch_operator to 2024-05-29 00:00:00+00:00, run_after=2024-05-30 00:00:00+00:00
[2024-05-30T15:48:24.057-0500] {processor.py:183} INFO - Processing /home/diallo/Documents/workspace/Python/AirFlowProjects/AirFlow01/venv/lib/python3.10/site-packages/airflow/example_dags/example_branch_day_of_week_operator.py took 0.199 seconds
[2024-05-30T15:50:15.439-0500] {processor.py:161} INFO - Started process (PID=28052) to work on /home/diallo/Documents/workspace/Python/AirFlowProjects/AirFlow01/venv/lib/python3.10/site-packages/airflow/example_dags/example_branch_day_of_week_operator.py
[2024-05-30T15:50:15.504-0500] {processor.py:830} INFO - Processing file /home/diallo/Documents/workspace/Python/AirFlowProjects/AirFlow01/venv/lib/python3.10/site-packages/airflow/example_dags/example_branch_day_of_week_operator.py for tasks to queue
[2024-05-30T15:50:15.513-0500] {logging_mixin.py:188} INFO - [2024-05-30T15:50:15.511-0500] {dagbag.py:545} INFO - Filling up the DagBag from /home/diallo/Documents/workspace/Python/AirFlowProjects/AirFlow01/venv/lib/python3.10/site-packages/airflow/example_dags/example_branch_day_of_week_operator.py
[2024-05-30T15:50:15.558-0500] {processor.py:840} INFO - DAG(s) 'example_weekday_branch_operator' retrieved from /home/diallo/Documents/workspace/Python/AirFlowProjects/AirFlow01/venv/lib/python3.10/site-packages/airflow/example_dags/example_branch_day_of_week_operator.py
[2024-05-30T15:50:15.615-0500] {logging_mixin.py:188} INFO - [2024-05-30T15:50:15.615-0500] {dag.py:3096} INFO - Sync 1 DAGs
[2024-05-30T15:50:15.645-0500] {logging_mixin.py:188} INFO - [2024-05-30T15:50:15.645-0500] {dag.py:3954} INFO - Setting next_dagrun for example_weekday_branch_operator to 2024-05-29 00:00:00+00:00, run_after=2024-05-30 00:00:00+00:00
[2024-05-30T15:50:17.027-0500] {processor.py:183} INFO - Processing /home/diallo/Documents/workspace/Python/AirFlowProjects/AirFlow01/venv/lib/python3.10/site-packages/airflow/example_dags/example_branch_day_of_week_operator.py took 1.619 seconds
