[2024-05-30T15:37:45.389-0500] {processor.py:161} INFO - Started process (PID=22132) to work on /home/diallo/Documents/workspace/Python/AirFlowProjects/AirFlow01/venv/lib/python3.10/site-packages/airflow/example_dags/example_python_operator.py
[2024-05-30T15:37:45.390-0500] {processor.py:830} INFO - Processing file /home/diallo/Documents/workspace/Python/AirFlowProjects/AirFlow01/venv/lib/python3.10/site-packages/airflow/example_dags/example_python_operator.py for tasks to queue
[2024-05-30T15:37:45.393-0500] {logging_mixin.py:188} INFO - [2024-05-30T15:37:45.392-0500] {dagbag.py:545} INFO - Filling up the DagBag from /home/diallo/Documents/workspace/Python/AirFlowProjects/AirFlow01/venv/lib/python3.10/site-packages/airflow/example_dags/example_python_operator.py
[2024-05-30T15:37:45.406-0500] {logging_mixin.py:188} INFO - [2024-05-30T15:37:45.406-0500] {example_python_operator.py:93} WARNING - The virtalenv_python example task requires virtualenv, please install it.
[2024-05-30T15:37:45.406-0500] {processor.py:840} INFO - DAG(s) 'example_python_operator' retrieved from /home/diallo/Documents/workspace/Python/AirFlowProjects/AirFlow01/venv/lib/python3.10/site-packages/airflow/example_dags/example_python_operator.py
[2024-05-30T15:37:45.883-0500] {logging_mixin.py:188} INFO - [2024-05-30T15:37:45.881-0500] {override.py:1829} INFO - Created Permission View: can delete on DAG:example_python_operator
[2024-05-30T15:37:45.996-0500] {logging_mixin.py:188} INFO - [2024-05-30T15:37:45.995-0500] {override.py:1829} INFO - Created Permission View: can edit on DAG:example_python_operator
[2024-05-30T15:37:46.120-0500] {logging_mixin.py:188} INFO - [2024-05-30T15:37:46.119-0500] {override.py:1829} INFO - Created Permission View: can read on DAG:example_python_operator
[2024-05-30T15:37:46.122-0500] {logging_mixin.py:188} INFO - [2024-05-30T15:37:46.122-0500] {dag.py:3096} INFO - Sync 1 DAGs
[2024-05-30T15:37:46.201-0500] {logging_mixin.py:188} INFO - [2024-05-30T15:37:46.200-0500] {dag.py:3118} INFO - Creating ORM DAG for example_python_operator
[2024-05-30T15:37:46.204-0500] {logging_mixin.py:188} INFO - [2024-05-30T15:37:46.203-0500] {dag.py:3954} INFO - Setting next_dagrun for example_python_operator to None, run_after=None
[2024-05-30T15:37:46.563-0500] {processor.py:183} INFO - Processing /home/diallo/Documents/workspace/Python/AirFlowProjects/AirFlow01/venv/lib/python3.10/site-packages/airflow/example_dags/example_python_operator.py took 1.193 seconds
[2024-05-30T15:39:14.029-0500] {processor.py:161} INFO - Started process (PID=22900) to work on /home/diallo/Documents/workspace/Python/AirFlowProjects/AirFlow01/venv/lib/python3.10/site-packages/airflow/example_dags/example_python_operator.py
[2024-05-30T15:39:14.120-0500] {processor.py:830} INFO - Processing file /home/diallo/Documents/workspace/Python/AirFlowProjects/AirFlow01/venv/lib/python3.10/site-packages/airflow/example_dags/example_python_operator.py for tasks to queue
[2024-05-30T15:39:14.125-0500] {logging_mixin.py:188} INFO - [2024-05-30T15:39:14.124-0500] {dagbag.py:545} INFO - Filling up the DagBag from /home/diallo/Documents/workspace/Python/AirFlowProjects/AirFlow01/venv/lib/python3.10/site-packages/airflow/example_dags/example_python_operator.py
[2024-05-30T15:39:14.155-0500] {logging_mixin.py:188} INFO - [2024-05-30T15:39:14.154-0500] {example_python_operator.py:93} WARNING - The virtalenv_python example task requires virtualenv, please install it.
[2024-05-30T15:39:14.156-0500] {processor.py:840} INFO - DAG(s) 'example_python_operator' retrieved from /home/diallo/Documents/workspace/Python/AirFlowProjects/AirFlow01/venv/lib/python3.10/site-packages/airflow/example_dags/example_python_operator.py
[2024-05-30T15:39:14.192-0500] {logging_mixin.py:188} INFO - [2024-05-30T15:39:14.192-0500] {dag.py:3096} INFO - Sync 1 DAGs
[2024-05-30T15:39:14.208-0500] {logging_mixin.py:188} INFO - [2024-05-30T15:39:14.207-0500] {dag.py:3954} INFO - Setting next_dagrun for example_python_operator to None, run_after=None
[2024-05-30T15:39:14.296-0500] {processor.py:183} INFO - Processing /home/diallo/Documents/workspace/Python/AirFlowProjects/AirFlow01/venv/lib/python3.10/site-packages/airflow/example_dags/example_python_operator.py took 0.278 seconds
[2024-05-30T15:41:20.135-0500] {processor.py:161} INFO - Started process (PID=23847) to work on /home/diallo/Documents/workspace/Python/AirFlowProjects/AirFlow01/venv/lib/python3.10/site-packages/airflow/example_dags/example_python_operator.py
[2024-05-30T15:41:20.196-0500] {processor.py:830} INFO - Processing file /home/diallo/Documents/workspace/Python/AirFlowProjects/AirFlow01/venv/lib/python3.10/site-packages/airflow/example_dags/example_python_operator.py for tasks to queue
[2024-05-30T15:41:20.202-0500] {logging_mixin.py:188} INFO - [2024-05-30T15:41:20.200-0500] {dagbag.py:545} INFO - Filling up the DagBag from /home/diallo/Documents/workspace/Python/AirFlowProjects/AirFlow01/venv/lib/python3.10/site-packages/airflow/example_dags/example_python_operator.py
[2024-05-30T15:41:20.225-0500] {logging_mixin.py:188} INFO - [2024-05-30T15:41:20.225-0500] {example_python_operator.py:93} WARNING - The virtalenv_python example task requires virtualenv, please install it.
[2024-05-30T15:41:20.226-0500] {processor.py:840} INFO - DAG(s) 'example_python_operator' retrieved from /home/diallo/Documents/workspace/Python/AirFlowProjects/AirFlow01/venv/lib/python3.10/site-packages/airflow/example_dags/example_python_operator.py
[2024-05-30T15:41:20.248-0500] {logging_mixin.py:188} INFO - [2024-05-30T15:41:20.247-0500] {dag.py:3096} INFO - Sync 1 DAGs
[2024-05-30T15:41:20.342-0500] {logging_mixin.py:188} INFO - [2024-05-30T15:41:20.342-0500] {dag.py:3954} INFO - Setting next_dagrun for example_python_operator to None, run_after=None
[2024-05-30T15:41:21.438-0500] {processor.py:183} INFO - Processing /home/diallo/Documents/workspace/Python/AirFlowProjects/AirFlow01/venv/lib/python3.10/site-packages/airflow/example_dags/example_python_operator.py took 1.311 seconds
[2024-05-30T15:43:21.659-0500] {processor.py:161} INFO - Started process (PID=24806) to work on /home/diallo/Documents/workspace/Python/AirFlowProjects/AirFlow01/venv/lib/python3.10/site-packages/airflow/example_dags/example_python_operator.py
[2024-05-30T15:43:21.684-0500] {processor.py:830} INFO - Processing file /home/diallo/Documents/workspace/Python/AirFlowProjects/AirFlow01/venv/lib/python3.10/site-packages/airflow/example_dags/example_python_operator.py for tasks to queue
[2024-05-30T15:43:21.690-0500] {logging_mixin.py:188} INFO - [2024-05-30T15:43:21.688-0500] {dagbag.py:545} INFO - Filling up the DagBag from /home/diallo/Documents/workspace/Python/AirFlowProjects/AirFlow01/venv/lib/python3.10/site-packages/airflow/example_dags/example_python_operator.py
[2024-05-30T15:43:21.711-0500] {logging_mixin.py:188} INFO - [2024-05-30T15:43:21.711-0500] {example_python_operator.py:93} WARNING - The virtalenv_python example task requires virtualenv, please install it.
[2024-05-30T15:43:21.712-0500] {processor.py:840} INFO - DAG(s) 'example_python_operator' retrieved from /home/diallo/Documents/workspace/Python/AirFlowProjects/AirFlow01/venv/lib/python3.10/site-packages/airflow/example_dags/example_python_operator.py
[2024-05-30T15:43:21.733-0500] {logging_mixin.py:188} INFO - [2024-05-30T15:43:21.733-0500] {dag.py:3096} INFO - Sync 1 DAGs
[2024-05-30T15:43:21.744-0500] {logging_mixin.py:188} INFO - [2024-05-30T15:43:21.744-0500] {dag.py:3954} INFO - Setting next_dagrun for example_python_operator to None, run_after=None
[2024-05-30T15:43:21.843-0500] {processor.py:183} INFO - Processing /home/diallo/Documents/workspace/Python/AirFlowProjects/AirFlow01/venv/lib/python3.10/site-packages/airflow/example_dags/example_python_operator.py took 0.191 seconds
[2024-05-30T15:44:32.987-0500] {processor.py:161} INFO - Started process (PID=25364) to work on /home/diallo/Documents/workspace/Python/AirFlowProjects/AirFlow01/venv/lib/python3.10/site-packages/airflow/example_dags/example_python_operator.py
[2024-05-30T15:44:33.007-0500] {processor.py:830} INFO - Processing file /home/diallo/Documents/workspace/Python/AirFlowProjects/AirFlow01/venv/lib/python3.10/site-packages/airflow/example_dags/example_python_operator.py for tasks to queue
[2024-05-30T15:44:33.009-0500] {logging_mixin.py:188} INFO - [2024-05-30T15:44:33.009-0500] {dagbag.py:545} INFO - Filling up the DagBag from /home/diallo/Documents/workspace/Python/AirFlowProjects/AirFlow01/venv/lib/python3.10/site-packages/airflow/example_dags/example_python_operator.py
[2024-05-30T15:44:33.018-0500] {logging_mixin.py:188} INFO - [2024-05-30T15:44:33.018-0500] {example_python_operator.py:93} WARNING - The virtalenv_python example task requires virtualenv, please install it.
[2024-05-30T15:44:33.018-0500] {processor.py:840} INFO - DAG(s) 'example_python_operator' retrieved from /home/diallo/Documents/workspace/Python/AirFlowProjects/AirFlow01/venv/lib/python3.10/site-packages/airflow/example_dags/example_python_operator.py
[2024-05-30T15:44:33.038-0500] {logging_mixin.py:188} INFO - [2024-05-30T15:44:33.038-0500] {dag.py:3096} INFO - Sync 1 DAGs
[2024-05-30T15:44:33.049-0500] {logging_mixin.py:188} INFO - [2024-05-30T15:44:33.049-0500] {dag.py:3954} INFO - Setting next_dagrun for example_python_operator to None, run_after=None
[2024-05-30T15:44:33.688-0500] {processor.py:183} INFO - Processing /home/diallo/Documents/workspace/Python/AirFlowProjects/AirFlow01/venv/lib/python3.10/site-packages/airflow/example_dags/example_python_operator.py took 0.708 seconds
[2024-05-30T15:46:27.143-0500] {processor.py:161} INFO - Started process (PID=26237) to work on /home/diallo/Documents/workspace/Python/AirFlowProjects/AirFlow01/venv/lib/python3.10/site-packages/airflow/example_dags/example_python_operator.py
[2024-05-30T15:46:27.146-0500] {processor.py:830} INFO - Processing file /home/diallo/Documents/workspace/Python/AirFlowProjects/AirFlow01/venv/lib/python3.10/site-packages/airflow/example_dags/example_python_operator.py for tasks to queue
[2024-05-30T15:46:27.149-0500] {logging_mixin.py:188} INFO - [2024-05-30T15:46:27.148-0500] {dagbag.py:545} INFO - Filling up the DagBag from /home/diallo/Documents/workspace/Python/AirFlowProjects/AirFlow01/venv/lib/python3.10/site-packages/airflow/example_dags/example_python_operator.py
[2024-05-30T15:46:27.161-0500] {logging_mixin.py:188} INFO - [2024-05-30T15:46:27.161-0500] {example_python_operator.py:93} WARNING - The virtalenv_python example task requires virtualenv, please install it.
[2024-05-30T15:46:27.162-0500] {processor.py:840} INFO - DAG(s) 'example_python_operator' retrieved from /home/diallo/Documents/workspace/Python/AirFlowProjects/AirFlow01/venv/lib/python3.10/site-packages/airflow/example_dags/example_python_operator.py
[2024-05-30T15:46:27.211-0500] {logging_mixin.py:188} INFO - [2024-05-30T15:46:27.210-0500] {dag.py:3096} INFO - Sync 1 DAGs
[2024-05-30T15:46:27.234-0500] {logging_mixin.py:188} INFO - [2024-05-30T15:46:27.234-0500] {dag.py:3954} INFO - Setting next_dagrun for example_python_operator to None, run_after=None
[2024-05-30T15:46:27.357-0500] {processor.py:183} INFO - Processing /home/diallo/Documents/workspace/Python/AirFlowProjects/AirFlow01/venv/lib/python3.10/site-packages/airflow/example_dags/example_python_operator.py took 0.228 seconds
[2024-05-30T15:47:36.134-0500] {processor.py:161} INFO - Started process (PID=26784) to work on /home/diallo/Documents/workspace/Python/AirFlowProjects/AirFlow01/venv/lib/python3.10/site-packages/airflow/example_dags/example_python_operator.py
[2024-05-30T15:47:36.166-0500] {processor.py:830} INFO - Processing file /home/diallo/Documents/workspace/Python/AirFlowProjects/AirFlow01/venv/lib/python3.10/site-packages/airflow/example_dags/example_python_operator.py for tasks to queue
[2024-05-30T15:47:36.168-0500] {logging_mixin.py:188} INFO - [2024-05-30T15:47:36.167-0500] {dagbag.py:545} INFO - Filling up the DagBag from /home/diallo/Documents/workspace/Python/AirFlowProjects/AirFlow01/venv/lib/python3.10/site-packages/airflow/example_dags/example_python_operator.py
[2024-05-30T15:47:36.180-0500] {logging_mixin.py:188} INFO - [2024-05-30T15:47:36.180-0500] {example_python_operator.py:93} WARNING - The virtalenv_python example task requires virtualenv, please install it.
[2024-05-30T15:47:36.181-0500] {processor.py:840} INFO - DAG(s) 'example_python_operator' retrieved from /home/diallo/Documents/workspace/Python/AirFlowProjects/AirFlow01/venv/lib/python3.10/site-packages/airflow/example_dags/example_python_operator.py
[2024-05-30T15:47:36.212-0500] {logging_mixin.py:188} INFO - [2024-05-30T15:47:36.212-0500] {dag.py:3096} INFO - Sync 1 DAGs
[2024-05-30T15:47:36.227-0500] {logging_mixin.py:188} INFO - [2024-05-30T15:47:36.226-0500] {dag.py:3954} INFO - Setting next_dagrun for example_python_operator to None, run_after=None
[2024-05-30T15:47:36.338-0500] {processor.py:183} INFO - Processing /home/diallo/Documents/workspace/Python/AirFlowProjects/AirFlow01/venv/lib/python3.10/site-packages/airflow/example_dags/example_python_operator.py took 0.222 seconds
[2024-05-30T15:48:40.125-0500] {processor.py:161} INFO - Started process (PID=27315) to work on /home/diallo/Documents/workspace/Python/AirFlowProjects/AirFlow01/venv/lib/python3.10/site-packages/airflow/example_dags/example_python_operator.py
[2024-05-30T15:48:40.166-0500] {processor.py:830} INFO - Processing file /home/diallo/Documents/workspace/Python/AirFlowProjects/AirFlow01/venv/lib/python3.10/site-packages/airflow/example_dags/example_python_operator.py for tasks to queue
[2024-05-30T15:48:40.172-0500] {logging_mixin.py:188} INFO - [2024-05-30T15:48:40.170-0500] {dagbag.py:545} INFO - Filling up the DagBag from /home/diallo/Documents/workspace/Python/AirFlowProjects/AirFlow01/venv/lib/python3.10/site-packages/airflow/example_dags/example_python_operator.py
[2024-05-30T15:48:40.195-0500] {logging_mixin.py:188} INFO - [2024-05-30T15:48:40.194-0500] {example_python_operator.py:93} WARNING - The virtalenv_python example task requires virtualenv, please install it.
[2024-05-30T15:48:40.196-0500] {processor.py:840} INFO - DAG(s) 'example_python_operator' retrieved from /home/diallo/Documents/workspace/Python/AirFlowProjects/AirFlow01/venv/lib/python3.10/site-packages/airflow/example_dags/example_python_operator.py
[2024-05-30T15:48:40.220-0500] {logging_mixin.py:188} INFO - [2024-05-30T15:48:40.219-0500] {dag.py:3096} INFO - Sync 1 DAGs
[2024-05-30T15:48:40.232-0500] {logging_mixin.py:188} INFO - [2024-05-30T15:48:40.231-0500] {dag.py:3954} INFO - Setting next_dagrun for example_python_operator to None, run_after=None
[2024-05-30T15:48:40.309-0500] {processor.py:183} INFO - Processing /home/diallo/Documents/workspace/Python/AirFlowProjects/AirFlow01/venv/lib/python3.10/site-packages/airflow/example_dags/example_python_operator.py took 0.191 seconds
[2024-05-30T15:49:46.481-0500] {processor.py:161} INFO - Started process (PID=27846) to work on /home/diallo/Documents/workspace/Python/AirFlowProjects/AirFlow01/venv/lib/python3.10/site-packages/airflow/example_dags/example_python_operator.py
[2024-05-30T15:49:46.505-0500] {processor.py:830} INFO - Processing file /home/diallo/Documents/workspace/Python/AirFlowProjects/AirFlow01/venv/lib/python3.10/site-packages/airflow/example_dags/example_python_operator.py for tasks to queue
[2024-05-30T15:49:46.511-0500] {logging_mixin.py:188} INFO - [2024-05-30T15:49:46.509-0500] {dagbag.py:545} INFO - Filling up the DagBag from /home/diallo/Documents/workspace/Python/AirFlowProjects/AirFlow01/venv/lib/python3.10/site-packages/airflow/example_dags/example_python_operator.py
[2024-05-30T15:49:46.531-0500] {logging_mixin.py:188} INFO - [2024-05-30T15:49:46.530-0500] {example_python_operator.py:93} WARNING - The virtalenv_python example task requires virtualenv, please install it.
[2024-05-30T15:49:46.531-0500] {processor.py:840} INFO - DAG(s) 'example_python_operator' retrieved from /home/diallo/Documents/workspace/Python/AirFlowProjects/AirFlow01/venv/lib/python3.10/site-packages/airflow/example_dags/example_python_operator.py
[2024-05-30T15:49:46.551-0500] {logging_mixin.py:188} INFO - [2024-05-30T15:49:46.551-0500] {dag.py:3096} INFO - Sync 1 DAGs
[2024-05-30T15:49:46.563-0500] {logging_mixin.py:188} INFO - [2024-05-30T15:49:46.563-0500] {dag.py:3954} INFO - Setting next_dagrun for example_python_operator to None, run_after=None
[2024-05-30T15:49:47.284-0500] {processor.py:183} INFO - Processing /home/diallo/Documents/workspace/Python/AirFlowProjects/AirFlow01/venv/lib/python3.10/site-packages/airflow/example_dags/example_python_operator.py took 0.815 seconds
