[2024-05-30T15:38:17.005-0500] {processor.py:161} INFO - Started process (PID=22393) to work on /home/diallo/Documents/workspace/Python/AirFlowProjects/AirFlow01/venv/lib/python3.10/site-packages/airflow/example_dags/example_dag_decorator.py
[2024-05-30T15:38:17.006-0500] {processor.py:830} INFO - Processing file /home/diallo/Documents/workspace/Python/AirFlowProjects/AirFlow01/venv/lib/python3.10/site-packages/airflow/example_dags/example_dag_decorator.py for tasks to queue
[2024-05-30T15:38:17.009-0500] {logging_mixin.py:188} INFO - [2024-05-30T15:38:17.008-0500] {dagbag.py:545} INFO - Filling up the DagBag from /home/diallo/Documents/workspace/Python/AirFlowProjects/AirFlow01/venv/lib/python3.10/site-packages/airflow/example_dags/example_dag_decorator.py
[2024-05-30T15:38:17.224-0500] {processor.py:840} INFO - DAG(s) 'example_dag_decorator' retrieved from /home/diallo/Documents/workspace/Python/AirFlowProjects/AirFlow01/venv/lib/python3.10/site-packages/airflow/example_dags/example_dag_decorator.py
[2024-05-30T15:38:17.538-0500] {logging_mixin.py:188} INFO - [2024-05-30T15:38:17.537-0500] {override.py:1829} INFO - Created Permission View: can delete on DAG:example_dag_decorator
[2024-05-30T15:38:17.640-0500] {logging_mixin.py:188} INFO - [2024-05-30T15:38:17.638-0500] {override.py:1829} INFO - Created Permission View: can edit on DAG:example_dag_decorator
[2024-05-30T15:38:17.695-0500] {logging_mixin.py:188} INFO - [2024-05-30T15:38:17.694-0500] {override.py:1829} INFO - Created Permission View: can read on DAG:example_dag_decorator
[2024-05-30T15:38:17.696-0500] {logging_mixin.py:188} INFO - [2024-05-30T15:38:17.695-0500] {dag.py:3096} INFO - Sync 1 DAGs
[2024-05-30T15:38:17.712-0500] {logging_mixin.py:188} INFO - [2024-05-30T15:38:17.711-0500] {dag.py:3118} INFO - Creating ORM DAG for example_dag_decorator
[2024-05-30T15:38:17.713-0500] {logging_mixin.py:188} INFO - [2024-05-30T15:38:17.713-0500] {dag.py:3954} INFO - Setting next_dagrun for example_dag_decorator to None, run_after=None
[2024-05-30T15:38:17.802-0500] {processor.py:183} INFO - Processing /home/diallo/Documents/workspace/Python/AirFlowProjects/AirFlow01/venv/lib/python3.10/site-packages/airflow/example_dags/example_dag_decorator.py took 0.807 seconds
[2024-05-30T15:39:43.251-0500] {processor.py:161} INFO - Started process (PID=23126) to work on /home/diallo/Documents/workspace/Python/AirFlowProjects/AirFlow01/venv/lib/python3.10/site-packages/airflow/example_dags/example_dag_decorator.py
[2024-05-30T15:39:43.257-0500] {processor.py:830} INFO - Processing file /home/diallo/Documents/workspace/Python/AirFlowProjects/AirFlow01/venv/lib/python3.10/site-packages/airflow/example_dags/example_dag_decorator.py for tasks to queue
[2024-05-30T15:39:43.262-0500] {logging_mixin.py:188} INFO - [2024-05-30T15:39:43.261-0500] {dagbag.py:545} INFO - Filling up the DagBag from /home/diallo/Documents/workspace/Python/AirFlowProjects/AirFlow01/venv/lib/python3.10/site-packages/airflow/example_dags/example_dag_decorator.py
[2024-05-30T15:39:43.475-0500] {processor.py:840} INFO - DAG(s) 'example_dag_decorator' retrieved from /home/diallo/Documents/workspace/Python/AirFlowProjects/AirFlow01/venv/lib/python3.10/site-packages/airflow/example_dags/example_dag_decorator.py
[2024-05-30T15:39:43.596-0500] {logging_mixin.py:188} INFO - [2024-05-30T15:39:43.596-0500] {dag.py:3096} INFO - Sync 1 DAGs
[2024-05-30T15:39:43.607-0500] {logging_mixin.py:188} INFO - [2024-05-30T15:39:43.607-0500] {dag.py:3954} INFO - Setting next_dagrun for example_dag_decorator to None, run_after=None
[2024-05-30T15:39:43.678-0500] {processor.py:183} INFO - Processing /home/diallo/Documents/workspace/Python/AirFlowProjects/AirFlow01/venv/lib/python3.10/site-packages/airflow/example_dags/example_dag_decorator.py took 0.450 seconds
[2024-05-30T15:42:35.566-0500] {processor.py:161} INFO - Started process (PID=24425) to work on /home/diallo/Documents/workspace/Python/AirFlowProjects/AirFlow01/venv/lib/python3.10/site-packages/airflow/example_dags/example_dag_decorator.py
[2024-05-30T15:42:35.620-0500] {processor.py:830} INFO - Processing file /home/diallo/Documents/workspace/Python/AirFlowProjects/AirFlow01/venv/lib/python3.10/site-packages/airflow/example_dags/example_dag_decorator.py for tasks to queue
[2024-05-30T15:42:35.627-0500] {logging_mixin.py:188} INFO - [2024-05-30T15:42:35.626-0500] {dagbag.py:545} INFO - Filling up the DagBag from /home/diallo/Documents/workspace/Python/AirFlowProjects/AirFlow01/venv/lib/python3.10/site-packages/airflow/example_dags/example_dag_decorator.py
[2024-05-30T15:42:35.729-0500] {processor.py:840} INFO - DAG(s) 'example_dag_decorator' retrieved from /home/diallo/Documents/workspace/Python/AirFlowProjects/AirFlow01/venv/lib/python3.10/site-packages/airflow/example_dags/example_dag_decorator.py
[2024-05-30T15:42:35.844-0500] {logging_mixin.py:188} INFO - [2024-05-30T15:42:35.843-0500] {dag.py:3096} INFO - Sync 1 DAGs
[2024-05-30T15:42:35.854-0500] {logging_mixin.py:188} INFO - [2024-05-30T15:42:35.854-0500] {dag.py:3954} INFO - Setting next_dagrun for example_dag_decorator to None, run_after=None
[2024-05-30T15:42:36.984-0500] {processor.py:183} INFO - Processing /home/diallo/Documents/workspace/Python/AirFlowProjects/AirFlow01/venv/lib/python3.10/site-packages/airflow/example_dags/example_dag_decorator.py took 1.429 seconds
[2024-05-30T15:43:45.424-0500] {processor.py:161} INFO - Started process (PID=25001) to work on /home/diallo/Documents/workspace/Python/AirFlowProjects/AirFlow01/venv/lib/python3.10/site-packages/airflow/example_dags/example_dag_decorator.py
[2024-05-30T15:43:45.469-0500] {processor.py:830} INFO - Processing file /home/diallo/Documents/workspace/Python/AirFlowProjects/AirFlow01/venv/lib/python3.10/site-packages/airflow/example_dags/example_dag_decorator.py for tasks to queue
[2024-05-30T15:43:45.477-0500] {logging_mixin.py:188} INFO - [2024-05-30T15:43:45.475-0500] {dagbag.py:545} INFO - Filling up the DagBag from /home/diallo/Documents/workspace/Python/AirFlowProjects/AirFlow01/venv/lib/python3.10/site-packages/airflow/example_dags/example_dag_decorator.py
[2024-05-30T15:43:45.580-0500] {processor.py:840} INFO - DAG(s) 'example_dag_decorator' retrieved from /home/diallo/Documents/workspace/Python/AirFlowProjects/AirFlow01/venv/lib/python3.10/site-packages/airflow/example_dags/example_dag_decorator.py
[2024-05-30T15:43:45.674-0500] {logging_mixin.py:188} INFO - [2024-05-30T15:43:45.673-0500] {dag.py:3096} INFO - Sync 1 DAGs
[2024-05-30T15:43:45.684-0500] {logging_mixin.py:188} INFO - [2024-05-30T15:43:45.684-0500] {dag.py:3954} INFO - Setting next_dagrun for example_dag_decorator to None, run_after=None
[2024-05-30T15:43:45.872-0500] {processor.py:183} INFO - Processing /home/diallo/Documents/workspace/Python/AirFlowProjects/AirFlow01/venv/lib/python3.10/site-packages/airflow/example_dags/example_dag_decorator.py took 0.458 seconds
[2024-05-30T15:45:42.678-0500] {processor.py:161} INFO - Started process (PID=25874) to work on /home/diallo/Documents/workspace/Python/AirFlowProjects/AirFlow01/venv/lib/python3.10/site-packages/airflow/example_dags/example_dag_decorator.py
[2024-05-30T15:45:42.802-0500] {processor.py:830} INFO - Processing file /home/diallo/Documents/workspace/Python/AirFlowProjects/AirFlow01/venv/lib/python3.10/site-packages/airflow/example_dags/example_dag_decorator.py for tasks to queue
[2024-05-30T15:45:42.808-0500] {logging_mixin.py:188} INFO - [2024-05-30T15:45:42.806-0500] {dagbag.py:545} INFO - Filling up the DagBag from /home/diallo/Documents/workspace/Python/AirFlowProjects/AirFlow01/venv/lib/python3.10/site-packages/airflow/example_dags/example_dag_decorator.py
[2024-05-30T15:45:42.908-0500] {processor.py:840} INFO - DAG(s) 'example_dag_decorator' retrieved from /home/diallo/Documents/workspace/Python/AirFlowProjects/AirFlow01/venv/lib/python3.10/site-packages/airflow/example_dags/example_dag_decorator.py
[2024-05-30T15:45:43.001-0500] {logging_mixin.py:188} INFO - [2024-05-30T15:45:43.001-0500] {dag.py:3096} INFO - Sync 1 DAGs
[2024-05-30T15:45:43.011-0500] {logging_mixin.py:188} INFO - [2024-05-30T15:45:43.010-0500] {dag.py:3954} INFO - Setting next_dagrun for example_dag_decorator to None, run_after=None
[2024-05-30T15:45:43.730-0500] {processor.py:183} INFO - Processing /home/diallo/Documents/workspace/Python/AirFlowProjects/AirFlow01/venv/lib/python3.10/site-packages/airflow/example_dags/example_dag_decorator.py took 1.061 seconds
[2024-05-30T15:46:56.376-0500] {processor.py:161} INFO - Started process (PID=26475) to work on /home/diallo/Documents/workspace/Python/AirFlowProjects/AirFlow01/venv/lib/python3.10/site-packages/airflow/example_dags/example_dag_decorator.py
[2024-05-30T15:46:56.411-0500] {processor.py:830} INFO - Processing file /home/diallo/Documents/workspace/Python/AirFlowProjects/AirFlow01/venv/lib/python3.10/site-packages/airflow/example_dags/example_dag_decorator.py for tasks to queue
[2024-05-30T15:46:56.421-0500] {logging_mixin.py:188} INFO - [2024-05-30T15:46:56.419-0500] {dagbag.py:545} INFO - Filling up the DagBag from /home/diallo/Documents/workspace/Python/AirFlowProjects/AirFlow01/venv/lib/python3.10/site-packages/airflow/example_dags/example_dag_decorator.py
[2024-05-30T15:46:56.572-0500] {processor.py:840} INFO - DAG(s) 'example_dag_decorator' retrieved from /home/diallo/Documents/workspace/Python/AirFlowProjects/AirFlow01/venv/lib/python3.10/site-packages/airflow/example_dags/example_dag_decorator.py
[2024-05-30T15:46:56.594-0500] {logging_mixin.py:188} INFO - [2024-05-30T15:46:56.593-0500] {dag.py:3096} INFO - Sync 1 DAGs
[2024-05-30T15:46:56.609-0500] {logging_mixin.py:188} INFO - [2024-05-30T15:46:56.608-0500] {dag.py:3954} INFO - Setting next_dagrun for example_dag_decorator to None, run_after=None
[2024-05-30T15:46:56.742-0500] {processor.py:183} INFO - Processing /home/diallo/Documents/workspace/Python/AirFlowProjects/AirFlow01/venv/lib/python3.10/site-packages/airflow/example_dags/example_dag_decorator.py took 0.387 seconds
[2024-05-30T15:48:06.719-0500] {processor.py:161} INFO - Started process (PID=27033) to work on /home/diallo/Documents/workspace/Python/AirFlowProjects/AirFlow01/venv/lib/python3.10/site-packages/airflow/example_dags/example_dag_decorator.py
[2024-05-30T15:48:06.753-0500] {processor.py:830} INFO - Processing file /home/diallo/Documents/workspace/Python/AirFlowProjects/AirFlow01/venv/lib/python3.10/site-packages/airflow/example_dags/example_dag_decorator.py for tasks to queue
[2024-05-30T15:48:06.759-0500] {logging_mixin.py:188} INFO - [2024-05-30T15:48:06.758-0500] {dagbag.py:545} INFO - Filling up the DagBag from /home/diallo/Documents/workspace/Python/AirFlowProjects/AirFlow01/venv/lib/python3.10/site-packages/airflow/example_dags/example_dag_decorator.py
[2024-05-30T15:48:06.909-0500] {processor.py:840} INFO - DAG(s) 'example_dag_decorator' retrieved from /home/diallo/Documents/workspace/Python/AirFlowProjects/AirFlow01/venv/lib/python3.10/site-packages/airflow/example_dags/example_dag_decorator.py
[2024-05-30T15:48:06.929-0500] {logging_mixin.py:188} INFO - [2024-05-30T15:48:06.929-0500] {dag.py:3096} INFO - Sync 1 DAGs
[2024-05-30T15:48:06.941-0500] {logging_mixin.py:188} INFO - [2024-05-30T15:48:06.941-0500] {dag.py:3954} INFO - Setting next_dagrun for example_dag_decorator to None, run_after=None
[2024-05-30T15:48:07.056-0500] {processor.py:183} INFO - Processing /home/diallo/Documents/workspace/Python/AirFlowProjects/AirFlow01/venv/lib/python3.10/site-packages/airflow/example_dags/example_dag_decorator.py took 0.364 seconds
[2024-05-30T15:49:07.034-0500] {processor.py:161} INFO - Started process (PID=27535) to work on /home/diallo/Documents/workspace/Python/AirFlowProjects/AirFlow01/venv/lib/python3.10/site-packages/airflow/example_dags/example_dag_decorator.py
[2024-05-30T15:49:07.072-0500] {processor.py:830} INFO - Processing file /home/diallo/Documents/workspace/Python/AirFlowProjects/AirFlow01/venv/lib/python3.10/site-packages/airflow/example_dags/example_dag_decorator.py for tasks to queue
[2024-05-30T15:49:07.077-0500] {logging_mixin.py:188} INFO - [2024-05-30T15:49:07.076-0500] {dagbag.py:545} INFO - Filling up the DagBag from /home/diallo/Documents/workspace/Python/AirFlowProjects/AirFlow01/venv/lib/python3.10/site-packages/airflow/example_dags/example_dag_decorator.py
[2024-05-30T15:49:07.178-0500] {processor.py:840} INFO - DAG(s) 'example_dag_decorator' retrieved from /home/diallo/Documents/workspace/Python/AirFlowProjects/AirFlow01/venv/lib/python3.10/site-packages/airflow/example_dags/example_dag_decorator.py
[2024-05-30T15:49:07.273-0500] {logging_mixin.py:188} INFO - [2024-05-30T15:49:07.272-0500] {dag.py:3096} INFO - Sync 1 DAGs
[2024-05-30T15:49:07.281-0500] {logging_mixin.py:188} INFO - [2024-05-30T15:49:07.281-0500] {dag.py:3954} INFO - Setting next_dagrun for example_dag_decorator to None, run_after=None
[2024-05-30T15:49:07.389-0500] {processor.py:183} INFO - Processing /home/diallo/Documents/workspace/Python/AirFlowProjects/AirFlow01/venv/lib/python3.10/site-packages/airflow/example_dags/example_dag_decorator.py took 0.364 seconds
