[2024-05-30T15:37:48.008-0500] {processor.py:161} INFO - Started process (PID=22148) to work on /home/diallo/Documents/workspace/Python/AirFlowProjects/AirFlow01/venv/lib/python3.10/site-packages/airflow/example_dags/example_sensor_decorator.py
[2024-05-30T15:37:48.010-0500] {processor.py:830} INFO - Processing file /home/diallo/Documents/workspace/Python/AirFlowProjects/AirFlow01/venv/lib/python3.10/site-packages/airflow/example_dags/example_sensor_decorator.py for tasks to queue
[2024-05-30T15:37:48.014-0500] {logging_mixin.py:188} INFO - [2024-05-30T15:37:48.013-0500] {dagbag.py:545} INFO - Filling up the DagBag from /home/diallo/Documents/workspace/Python/AirFlowProjects/AirFlow01/venv/lib/python3.10/site-packages/airflow/example_dags/example_sensor_decorator.py
[2024-05-30T15:37:48.030-0500] {processor.py:840} INFO - DAG(s) 'example_sensor_decorator' retrieved from /home/diallo/Documents/workspace/Python/AirFlowProjects/AirFlow01/venv/lib/python3.10/site-packages/airflow/example_dags/example_sensor_decorator.py
[2024-05-30T15:37:48.436-0500] {logging_mixin.py:188} INFO - [2024-05-30T15:37:48.434-0500] {override.py:1829} INFO - Created Permission View: can delete on DAG:example_sensor_decorator
[2024-05-30T15:37:48.504-0500] {logging_mixin.py:188} INFO - [2024-05-30T15:37:48.503-0500] {override.py:1829} INFO - Created Permission View: can edit on DAG:example_sensor_decorator
[2024-05-30T15:37:48.563-0500] {logging_mixin.py:188} INFO - [2024-05-30T15:37:48.562-0500] {override.py:1829} INFO - Created Permission View: can read on DAG:example_sensor_decorator
[2024-05-30T15:37:48.564-0500] {logging_mixin.py:188} INFO - [2024-05-30T15:37:48.564-0500] {dag.py:3096} INFO - Sync 1 DAGs
[2024-05-30T15:37:48.600-0500] {logging_mixin.py:188} INFO - [2024-05-30T15:37:48.599-0500] {dag.py:3118} INFO - Creating ORM DAG for example_sensor_decorator
[2024-05-30T15:37:48.601-0500] {logging_mixin.py:188} INFO - [2024-05-30T15:37:48.601-0500] {dag.py:3954} INFO - Setting next_dagrun for example_sensor_decorator to None, run_after=None
[2024-05-30T15:37:48.743-0500] {processor.py:183} INFO - Processing /home/diallo/Documents/workspace/Python/AirFlowProjects/AirFlow01/venv/lib/python3.10/site-packages/airflow/example_dags/example_sensor_decorator.py took 0.752 seconds
[2024-05-30T15:39:15.416-0500] {processor.py:161} INFO - Started process (PID=22901) to work on /home/diallo/Documents/workspace/Python/AirFlowProjects/AirFlow01/venv/lib/python3.10/site-packages/airflow/example_dags/example_sensor_decorator.py
[2024-05-30T15:39:15.458-0500] {processor.py:830} INFO - Processing file /home/diallo/Documents/workspace/Python/AirFlowProjects/AirFlow01/venv/lib/python3.10/site-packages/airflow/example_dags/example_sensor_decorator.py for tasks to queue
[2024-05-30T15:39:15.464-0500] {logging_mixin.py:188} INFO - [2024-05-30T15:39:15.462-0500] {dagbag.py:545} INFO - Filling up the DagBag from /home/diallo/Documents/workspace/Python/AirFlowProjects/AirFlow01/venv/lib/python3.10/site-packages/airflow/example_dags/example_sensor_decorator.py
[2024-05-30T15:39:15.487-0500] {processor.py:840} INFO - DAG(s) 'example_sensor_decorator' retrieved from /home/diallo/Documents/workspace/Python/AirFlowProjects/AirFlow01/venv/lib/python3.10/site-packages/airflow/example_dags/example_sensor_decorator.py
[2024-05-30T15:39:15.514-0500] {logging_mixin.py:188} INFO - [2024-05-30T15:39:15.514-0500] {dag.py:3096} INFO - Sync 1 DAGs
[2024-05-30T15:39:15.532-0500] {logging_mixin.py:188} INFO - [2024-05-30T15:39:15.532-0500] {dag.py:3954} INFO - Setting next_dagrun for example_sensor_decorator to None, run_after=None
[2024-05-30T15:39:15.613-0500] {processor.py:183} INFO - Processing /home/diallo/Documents/workspace/Python/AirFlowProjects/AirFlow01/venv/lib/python3.10/site-packages/airflow/example_dags/example_sensor_decorator.py took 0.217 seconds
[2024-05-30T15:41:22.627-0500] {processor.py:161} INFO - Started process (PID=23864) to work on /home/diallo/Documents/workspace/Python/AirFlowProjects/AirFlow01/venv/lib/python3.10/site-packages/airflow/example_dags/example_sensor_decorator.py
[2024-05-30T15:41:22.667-0500] {processor.py:830} INFO - Processing file /home/diallo/Documents/workspace/Python/AirFlowProjects/AirFlow01/venv/lib/python3.10/site-packages/airflow/example_dags/example_sensor_decorator.py for tasks to queue
[2024-05-30T15:41:22.673-0500] {logging_mixin.py:188} INFO - [2024-05-30T15:41:22.672-0500] {dagbag.py:545} INFO - Filling up the DagBag from /home/diallo/Documents/workspace/Python/AirFlowProjects/AirFlow01/venv/lib/python3.10/site-packages/airflow/example_dags/example_sensor_decorator.py
[2024-05-30T15:41:22.693-0500] {processor.py:840} INFO - DAG(s) 'example_sensor_decorator' retrieved from /home/diallo/Documents/workspace/Python/AirFlowProjects/AirFlow01/venv/lib/python3.10/site-packages/airflow/example_dags/example_sensor_decorator.py
[2024-05-30T15:41:22.713-0500] {logging_mixin.py:188} INFO - [2024-05-30T15:41:22.713-0500] {dag.py:3096} INFO - Sync 1 DAGs
[2024-05-30T15:41:22.815-0500] {logging_mixin.py:188} INFO - [2024-05-30T15:41:22.815-0500] {dag.py:3954} INFO - Setting next_dagrun for example_sensor_decorator to None, run_after=None
[2024-05-30T15:41:23.598-0500] {processor.py:183} INFO - Processing /home/diallo/Documents/workspace/Python/AirFlowProjects/AirFlow01/venv/lib/python3.10/site-packages/airflow/example_dags/example_sensor_decorator.py took 0.978 seconds
[2024-05-30T15:43:22.982-0500] {processor.py:161} INFO - Started process (PID=24821) to work on /home/diallo/Documents/workspace/Python/AirFlowProjects/AirFlow01/venv/lib/python3.10/site-packages/airflow/example_dags/example_sensor_decorator.py
[2024-05-30T15:43:23.022-0500] {processor.py:830} INFO - Processing file /home/diallo/Documents/workspace/Python/AirFlowProjects/AirFlow01/venv/lib/python3.10/site-packages/airflow/example_dags/example_sensor_decorator.py for tasks to queue
[2024-05-30T15:43:23.024-0500] {logging_mixin.py:188} INFO - [2024-05-30T15:43:23.024-0500] {dagbag.py:545} INFO - Filling up the DagBag from /home/diallo/Documents/workspace/Python/AirFlowProjects/AirFlow01/venv/lib/python3.10/site-packages/airflow/example_dags/example_sensor_decorator.py
[2024-05-30T15:43:23.033-0500] {processor.py:840} INFO - DAG(s) 'example_sensor_decorator' retrieved from /home/diallo/Documents/workspace/Python/AirFlowProjects/AirFlow01/venv/lib/python3.10/site-packages/airflow/example_dags/example_sensor_decorator.py
[2024-05-30T15:43:23.051-0500] {logging_mixin.py:188} INFO - [2024-05-30T15:43:23.051-0500] {dag.py:3096} INFO - Sync 1 DAGs
[2024-05-30T15:43:23.062-0500] {logging_mixin.py:188} INFO - [2024-05-30T15:43:23.062-0500] {dag.py:3954} INFO - Setting next_dagrun for example_sensor_decorator to None, run_after=None
[2024-05-30T15:43:23.145-0500] {processor.py:183} INFO - Processing /home/diallo/Documents/workspace/Python/AirFlowProjects/AirFlow01/venv/lib/python3.10/site-packages/airflow/example_dags/example_sensor_decorator.py took 0.171 seconds
[2024-05-30T15:44:34.903-0500] {processor.py:161} INFO - Started process (PID=25379) to work on /home/diallo/Documents/workspace/Python/AirFlowProjects/AirFlow01/venv/lib/python3.10/site-packages/airflow/example_dags/example_sensor_decorator.py
[2024-05-30T15:44:34.962-0500] {processor.py:830} INFO - Processing file /home/diallo/Documents/workspace/Python/AirFlowProjects/AirFlow01/venv/lib/python3.10/site-packages/airflow/example_dags/example_sensor_decorator.py for tasks to queue
[2024-05-30T15:44:34.968-0500] {logging_mixin.py:188} INFO - [2024-05-30T15:44:34.966-0500] {dagbag.py:545} INFO - Filling up the DagBag from /home/diallo/Documents/workspace/Python/AirFlowProjects/AirFlow01/venv/lib/python3.10/site-packages/airflow/example_dags/example_sensor_decorator.py
[2024-05-30T15:44:34.989-0500] {processor.py:840} INFO - DAG(s) 'example_sensor_decorator' retrieved from /home/diallo/Documents/workspace/Python/AirFlowProjects/AirFlow01/venv/lib/python3.10/site-packages/airflow/example_dags/example_sensor_decorator.py
[2024-05-30T15:44:35.010-0500] {logging_mixin.py:188} INFO - [2024-05-30T15:44:35.010-0500] {dag.py:3096} INFO - Sync 1 DAGs
[2024-05-30T15:44:35.021-0500] {logging_mixin.py:188} INFO - [2024-05-30T15:44:35.021-0500] {dag.py:3954} INFO - Setting next_dagrun for example_sensor_decorator to None, run_after=None
[2024-05-30T15:44:35.959-0500] {processor.py:183} INFO - Processing /home/diallo/Documents/workspace/Python/AirFlowProjects/AirFlow01/venv/lib/python3.10/site-packages/airflow/example_dags/example_sensor_decorator.py took 1.072 seconds
[2024-05-30T15:46:28.526-0500] {processor.py:161} INFO - Started process (PID=26255) to work on /home/diallo/Documents/workspace/Python/AirFlowProjects/AirFlow01/venv/lib/python3.10/site-packages/airflow/example_dags/example_sensor_decorator.py
[2024-05-30T15:46:28.528-0500] {processor.py:830} INFO - Processing file /home/diallo/Documents/workspace/Python/AirFlowProjects/AirFlow01/venv/lib/python3.10/site-packages/airflow/example_dags/example_sensor_decorator.py for tasks to queue
[2024-05-30T15:46:28.531-0500] {logging_mixin.py:188} INFO - [2024-05-30T15:46:28.530-0500] {dagbag.py:545} INFO - Filling up the DagBag from /home/diallo/Documents/workspace/Python/AirFlowProjects/AirFlow01/venv/lib/python3.10/site-packages/airflow/example_dags/example_sensor_decorator.py
[2024-05-30T15:46:28.545-0500] {processor.py:840} INFO - DAG(s) 'example_sensor_decorator' retrieved from /home/diallo/Documents/workspace/Python/AirFlowProjects/AirFlow01/venv/lib/python3.10/site-packages/airflow/example_dags/example_sensor_decorator.py
[2024-05-30T15:46:28.573-0500] {logging_mixin.py:188} INFO - [2024-05-30T15:46:28.571-0500] {dag.py:3096} INFO - Sync 1 DAGs
[2024-05-30T15:46:28.591-0500] {logging_mixin.py:188} INFO - [2024-05-30T15:46:28.590-0500] {dag.py:3954} INFO - Setting next_dagrun for example_sensor_decorator to None, run_after=None
[2024-05-30T15:46:28.720-0500] {processor.py:183} INFO - Processing /home/diallo/Documents/workspace/Python/AirFlowProjects/AirFlow01/venv/lib/python3.10/site-packages/airflow/example_dags/example_sensor_decorator.py took 0.211 seconds
[2024-05-30T15:47:37.625-0500] {processor.py:161} INFO - Started process (PID=26785) to work on /home/diallo/Documents/workspace/Python/AirFlowProjects/AirFlow01/venv/lib/python3.10/site-packages/airflow/example_dags/example_sensor_decorator.py
[2024-05-30T15:47:37.632-0500] {processor.py:830} INFO - Processing file /home/diallo/Documents/workspace/Python/AirFlowProjects/AirFlow01/venv/lib/python3.10/site-packages/airflow/example_dags/example_sensor_decorator.py for tasks to queue
[2024-05-30T15:47:37.634-0500] {logging_mixin.py:188} INFO - [2024-05-30T15:47:37.634-0500] {dagbag.py:545} INFO - Filling up the DagBag from /home/diallo/Documents/workspace/Python/AirFlowProjects/AirFlow01/venv/lib/python3.10/site-packages/airflow/example_dags/example_sensor_decorator.py
[2024-05-30T15:47:37.644-0500] {processor.py:840} INFO - DAG(s) 'example_sensor_decorator' retrieved from /home/diallo/Documents/workspace/Python/AirFlowProjects/AirFlow01/venv/lib/python3.10/site-packages/airflow/example_dags/example_sensor_decorator.py
[2024-05-30T15:47:37.667-0500] {logging_mixin.py:188} INFO - [2024-05-30T15:47:37.667-0500] {dag.py:3096} INFO - Sync 1 DAGs
[2024-05-30T15:47:37.685-0500] {logging_mixin.py:188} INFO - [2024-05-30T15:47:37.685-0500] {dag.py:3954} INFO - Setting next_dagrun for example_sensor_decorator to None, run_after=None
[2024-05-30T15:47:37.752-0500] {processor.py:183} INFO - Processing /home/diallo/Documents/workspace/Python/AirFlowProjects/AirFlow01/venv/lib/python3.10/site-packages/airflow/example_dags/example_sensor_decorator.py took 0.135 seconds
[2024-05-30T15:48:40.722-0500] {processor.py:161} INFO - Started process (PID=27316) to work on /home/diallo/Documents/workspace/Python/AirFlowProjects/AirFlow01/venv/lib/python3.10/site-packages/airflow/example_dags/example_sensor_decorator.py
[2024-05-30T15:48:40.754-0500] {processor.py:830} INFO - Processing file /home/diallo/Documents/workspace/Python/AirFlowProjects/AirFlow01/venv/lib/python3.10/site-packages/airflow/example_dags/example_sensor_decorator.py for tasks to queue
[2024-05-30T15:48:40.760-0500] {logging_mixin.py:188} INFO - [2024-05-30T15:48:40.759-0500] {dagbag.py:545} INFO - Filling up the DagBag from /home/diallo/Documents/workspace/Python/AirFlowProjects/AirFlow01/venv/lib/python3.10/site-packages/airflow/example_dags/example_sensor_decorator.py
[2024-05-30T15:48:40.781-0500] {processor.py:840} INFO - DAG(s) 'example_sensor_decorator' retrieved from /home/diallo/Documents/workspace/Python/AirFlowProjects/AirFlow01/venv/lib/python3.10/site-packages/airflow/example_dags/example_sensor_decorator.py
[2024-05-30T15:48:40.800-0500] {logging_mixin.py:188} INFO - [2024-05-30T15:48:40.800-0500] {dag.py:3096} INFO - Sync 1 DAGs
[2024-05-30T15:48:40.812-0500] {logging_mixin.py:188} INFO - [2024-05-30T15:48:40.812-0500] {dag.py:3954} INFO - Setting next_dagrun for example_sensor_decorator to None, run_after=None
[2024-05-30T15:48:40.874-0500] {processor.py:183} INFO - Processing /home/diallo/Documents/workspace/Python/AirFlowProjects/AirFlow01/venv/lib/python3.10/site-packages/airflow/example_dags/example_sensor_decorator.py took 0.159 seconds
[2024-05-30T15:49:49.482-0500] {processor.py:161} INFO - Started process (PID=27863) to work on /home/diallo/Documents/workspace/Python/AirFlowProjects/AirFlow01/venv/lib/python3.10/site-packages/airflow/example_dags/example_sensor_decorator.py
[2024-05-30T15:49:49.516-0500] {processor.py:830} INFO - Processing file /home/diallo/Documents/workspace/Python/AirFlowProjects/AirFlow01/venv/lib/python3.10/site-packages/airflow/example_dags/example_sensor_decorator.py for tasks to queue
[2024-05-30T15:49:49.518-0500] {logging_mixin.py:188} INFO - [2024-05-30T15:49:49.518-0500] {dagbag.py:545} INFO - Filling up the DagBag from /home/diallo/Documents/workspace/Python/AirFlowProjects/AirFlow01/venv/lib/python3.10/site-packages/airflow/example_dags/example_sensor_decorator.py
[2024-05-30T15:49:49.529-0500] {processor.py:840} INFO - DAG(s) 'example_sensor_decorator' retrieved from /home/diallo/Documents/workspace/Python/AirFlowProjects/AirFlow01/venv/lib/python3.10/site-packages/airflow/example_dags/example_sensor_decorator.py
[2024-05-30T15:49:49.550-0500] {logging_mixin.py:188} INFO - [2024-05-30T15:49:49.550-0500] {dag.py:3096} INFO - Sync 1 DAGs
[2024-05-30T15:49:49.562-0500] {logging_mixin.py:188} INFO - [2024-05-30T15:49:49.562-0500] {dag.py:3954} INFO - Setting next_dagrun for example_sensor_decorator to None, run_after=None
[2024-05-30T15:49:50.572-0500] {processor.py:183} INFO - Processing /home/diallo/Documents/workspace/Python/AirFlowProjects/AirFlow01/venv/lib/python3.10/site-packages/airflow/example_dags/example_sensor_decorator.py took 1.101 seconds
