[2024-05-30T15:37:53.560-0500] {processor.py:161} INFO - Started process (PID=22194) to work on /home/diallo/Documents/workspace/Python/AirFlowProjects/AirFlow01/venv/lib/python3.10/site-packages/airflow/example_dags/example_latest_only_with_trigger.py
[2024-05-30T15:37:53.561-0500] {processor.py:830} INFO - Processing file /home/diallo/Documents/workspace/Python/AirFlowProjects/AirFlow01/venv/lib/python3.10/site-packages/airflow/example_dags/example_latest_only_with_trigger.py for tasks to queue
[2024-05-30T15:37:53.563-0500] {logging_mixin.py:188} INFO - [2024-05-30T15:37:53.562-0500] {dagbag.py:545} INFO - Filling up the DagBag from /home/diallo/Documents/workspace/Python/AirFlowProjects/AirFlow01/venv/lib/python3.10/site-packages/airflow/example_dags/example_latest_only_with_trigger.py
[2024-05-30T15:37:53.570-0500] {processor.py:840} INFO - DAG(s) 'latest_only_with_trigger' retrieved from /home/diallo/Documents/workspace/Python/AirFlowProjects/AirFlow01/venv/lib/python3.10/site-packages/airflow/example_dags/example_latest_only_with_trigger.py
[2024-05-30T15:37:53.897-0500] {logging_mixin.py:188} INFO - [2024-05-30T15:37:53.896-0500] {override.py:1829} INFO - Created Permission View: can delete on DAG:latest_only_with_trigger
[2024-05-30T15:37:53.976-0500] {logging_mixin.py:188} INFO - [2024-05-30T15:37:53.975-0500] {override.py:1829} INFO - Created Permission View: can edit on DAG:latest_only_with_trigger
[2024-05-30T15:37:54.032-0500] {logging_mixin.py:188} INFO - [2024-05-30T15:37:54.032-0500] {override.py:1829} INFO - Created Permission View: can read on DAG:latest_only_with_trigger
[2024-05-30T15:37:54.033-0500] {logging_mixin.py:188} INFO - [2024-05-30T15:37:54.033-0500] {dag.py:3096} INFO - Sync 1 DAGs
[2024-05-30T15:37:54.051-0500] {logging_mixin.py:188} INFO - [2024-05-30T15:37:54.051-0500] {dag.py:3118} INFO - Creating ORM DAG for latest_only_with_trigger
[2024-05-30T15:37:54.064-0500] {logging_mixin.py:188} INFO - [2024-05-30T15:37:54.064-0500] {dag.py:3954} INFO - Setting next_dagrun for latest_only_with_trigger to 2024-05-30 16:00:00+00:00, run_after=2024-05-30 20:00:00+00:00
[2024-05-30T15:37:54.262-0500] {processor.py:183} INFO - Processing /home/diallo/Documents/workspace/Python/AirFlowProjects/AirFlow01/venv/lib/python3.10/site-packages/airflow/example_dags/example_latest_only_with_trigger.py took 0.708 seconds
[2024-05-30T15:39:17.358-0500] {processor.py:161} INFO - Started process (PID=22917) to work on /home/diallo/Documents/workspace/Python/AirFlowProjects/AirFlow01/venv/lib/python3.10/site-packages/airflow/example_dags/example_latest_only_with_trigger.py
[2024-05-30T15:39:17.376-0500] {processor.py:830} INFO - Processing file /home/diallo/Documents/workspace/Python/AirFlowProjects/AirFlow01/venv/lib/python3.10/site-packages/airflow/example_dags/example_latest_only_with_trigger.py for tasks to queue
[2024-05-30T15:39:17.378-0500] {logging_mixin.py:188} INFO - [2024-05-30T15:39:17.378-0500] {dagbag.py:545} INFO - Filling up the DagBag from /home/diallo/Documents/workspace/Python/AirFlowProjects/AirFlow01/venv/lib/python3.10/site-packages/airflow/example_dags/example_latest_only_with_trigger.py
[2024-05-30T15:39:17.387-0500] {processor.py:840} INFO - DAG(s) 'latest_only_with_trigger' retrieved from /home/diallo/Documents/workspace/Python/AirFlowProjects/AirFlow01/venv/lib/python3.10/site-packages/airflow/example_dags/example_latest_only_with_trigger.py
[2024-05-30T15:39:17.406-0500] {logging_mixin.py:188} INFO - [2024-05-30T15:39:17.406-0500] {dag.py:3096} INFO - Sync 1 DAGs
[2024-05-30T15:39:17.425-0500] {logging_mixin.py:188} INFO - [2024-05-30T15:39:17.425-0500] {dag.py:3954} INFO - Setting next_dagrun for latest_only_with_trigger to 2024-05-30 16:00:00+00:00, run_after=2024-05-30 20:00:00+00:00
[2024-05-30T15:39:17.510-0500] {processor.py:183} INFO - Processing /home/diallo/Documents/workspace/Python/AirFlowProjects/AirFlow01/venv/lib/python3.10/site-packages/airflow/example_dags/example_latest_only_with_trigger.py took 0.163 seconds
[2024-05-30T15:41:27.491-0500] {processor.py:161} INFO - Started process (PID=23909) to work on /home/diallo/Documents/workspace/Python/AirFlowProjects/AirFlow01/venv/lib/python3.10/site-packages/airflow/example_dags/example_latest_only_with_trigger.py
[2024-05-30T15:41:27.492-0500] {processor.py:830} INFO - Processing file /home/diallo/Documents/workspace/Python/AirFlowProjects/AirFlow01/venv/lib/python3.10/site-packages/airflow/example_dags/example_latest_only_with_trigger.py for tasks to queue
[2024-05-30T15:41:27.494-0500] {logging_mixin.py:188} INFO - [2024-05-30T15:41:27.493-0500] {dagbag.py:545} INFO - Filling up the DagBag from /home/diallo/Documents/workspace/Python/AirFlowProjects/AirFlow01/venv/lib/python3.10/site-packages/airflow/example_dags/example_latest_only_with_trigger.py
[2024-05-30T15:41:27.501-0500] {processor.py:840} INFO - DAG(s) 'latest_only_with_trigger' retrieved from /home/diallo/Documents/workspace/Python/AirFlowProjects/AirFlow01/venv/lib/python3.10/site-packages/airflow/example_dags/example_latest_only_with_trigger.py
[2024-05-30T15:41:27.518-0500] {logging_mixin.py:188} INFO - [2024-05-30T15:41:27.517-0500] {dag.py:3096} INFO - Sync 1 DAGs
[2024-05-30T15:41:27.627-0500] {logging_mixin.py:188} INFO - [2024-05-30T15:41:27.626-0500] {dag.py:3954} INFO - Setting next_dagrun for latest_only_with_trigger to 2024-05-30 16:00:00+00:00, run_after=2024-05-30 20:00:00+00:00
[2024-05-30T15:41:28.414-0500] {processor.py:183} INFO - Processing /home/diallo/Documents/workspace/Python/AirFlowProjects/AirFlow01/venv/lib/python3.10/site-packages/airflow/example_dags/example_latest_only_with_trigger.py took 0.931 seconds
[2024-05-30T15:43:24.916-0500] {processor.py:161} INFO - Started process (PID=24837) to work on /home/diallo/Documents/workspace/Python/AirFlowProjects/AirFlow01/venv/lib/python3.10/site-packages/airflow/example_dags/example_latest_only_with_trigger.py
[2024-05-30T15:43:24.918-0500] {processor.py:830} INFO - Processing file /home/diallo/Documents/workspace/Python/AirFlowProjects/AirFlow01/venv/lib/python3.10/site-packages/airflow/example_dags/example_latest_only_with_trigger.py for tasks to queue
[2024-05-30T15:43:24.921-0500] {logging_mixin.py:188} INFO - [2024-05-30T15:43:24.920-0500] {dagbag.py:545} INFO - Filling up the DagBag from /home/diallo/Documents/workspace/Python/AirFlowProjects/AirFlow01/venv/lib/python3.10/site-packages/airflow/example_dags/example_latest_only_with_trigger.py
[2024-05-30T15:43:24.929-0500] {processor.py:840} INFO - DAG(s) 'latest_only_with_trigger' retrieved from /home/diallo/Documents/workspace/Python/AirFlowProjects/AirFlow01/venv/lib/python3.10/site-packages/airflow/example_dags/example_latest_only_with_trigger.py
[2024-05-30T15:43:24.946-0500] {logging_mixin.py:188} INFO - [2024-05-30T15:43:24.946-0500] {dag.py:3096} INFO - Sync 1 DAGs
[2024-05-30T15:43:24.965-0500] {logging_mixin.py:188} INFO - [2024-05-30T15:43:24.965-0500] {dag.py:3954} INFO - Setting next_dagrun for latest_only_with_trigger to 2024-05-30 16:00:00+00:00, run_after=2024-05-30 20:00:00+00:00
[2024-05-30T15:43:25.081-0500] {processor.py:183} INFO - Processing /home/diallo/Documents/workspace/Python/AirFlowProjects/AirFlow01/venv/lib/python3.10/site-packages/airflow/example_dags/example_latest_only_with_trigger.py took 0.179 seconds
[2024-05-30T15:44:40.014-0500] {processor.py:161} INFO - Started process (PID=25424) to work on /home/diallo/Documents/workspace/Python/AirFlowProjects/AirFlow01/venv/lib/python3.10/site-packages/airflow/example_dags/example_latest_only_with_trigger.py
[2024-05-30T15:44:40.018-0500] {processor.py:830} INFO - Processing file /home/diallo/Documents/workspace/Python/AirFlowProjects/AirFlow01/venv/lib/python3.10/site-packages/airflow/example_dags/example_latest_only_with_trigger.py for tasks to queue
[2024-05-30T15:44:40.021-0500] {logging_mixin.py:188} INFO - [2024-05-30T15:44:40.020-0500] {dagbag.py:545} INFO - Filling up the DagBag from /home/diallo/Documents/workspace/Python/AirFlowProjects/AirFlow01/venv/lib/python3.10/site-packages/airflow/example_dags/example_latest_only_with_trigger.py
[2024-05-30T15:44:40.032-0500] {processor.py:840} INFO - DAG(s) 'latest_only_with_trigger' retrieved from /home/diallo/Documents/workspace/Python/AirFlowProjects/AirFlow01/venv/lib/python3.10/site-packages/airflow/example_dags/example_latest_only_with_trigger.py
[2024-05-30T15:44:40.051-0500] {logging_mixin.py:188} INFO - [2024-05-30T15:44:40.051-0500] {dag.py:3096} INFO - Sync 1 DAGs
[2024-05-30T15:44:40.071-0500] {logging_mixin.py:188} INFO - [2024-05-30T15:44:40.071-0500] {dag.py:3954} INFO - Setting next_dagrun for latest_only_with_trigger to 2024-05-30 16:00:00+00:00, run_after=2024-05-30 20:00:00+00:00
[2024-05-30T15:44:41.178-0500] {processor.py:183} INFO - Processing /home/diallo/Documents/workspace/Python/AirFlowProjects/AirFlow01/venv/lib/python3.10/site-packages/airflow/example_dags/example_latest_only_with_trigger.py took 1.188 seconds
[2024-05-30T15:46:31.180-0500] {processor.py:161} INFO - Started process (PID=26272) to work on /home/diallo/Documents/workspace/Python/AirFlowProjects/AirFlow01/venv/lib/python3.10/site-packages/airflow/example_dags/example_latest_only_with_trigger.py
[2024-05-30T15:46:31.182-0500] {processor.py:830} INFO - Processing file /home/diallo/Documents/workspace/Python/AirFlowProjects/AirFlow01/venv/lib/python3.10/site-packages/airflow/example_dags/example_latest_only_with_trigger.py for tasks to queue
[2024-05-30T15:46:31.186-0500] {logging_mixin.py:188} INFO - [2024-05-30T15:46:31.185-0500] {dagbag.py:545} INFO - Filling up the DagBag from /home/diallo/Documents/workspace/Python/AirFlowProjects/AirFlow01/venv/lib/python3.10/site-packages/airflow/example_dags/example_latest_only_with_trigger.py
[2024-05-30T15:46:31.196-0500] {processor.py:840} INFO - DAG(s) 'latest_only_with_trigger' retrieved from /home/diallo/Documents/workspace/Python/AirFlowProjects/AirFlow01/venv/lib/python3.10/site-packages/airflow/example_dags/example_latest_only_with_trigger.py
[2024-05-30T15:46:31.217-0500] {logging_mixin.py:188} INFO - [2024-05-30T15:46:31.216-0500] {dag.py:3096} INFO - Sync 1 DAGs
[2024-05-30T15:46:31.241-0500] {logging_mixin.py:188} INFO - [2024-05-30T15:46:31.240-0500] {dag.py:3954} INFO - Setting next_dagrun for latest_only_with_trigger to 2024-05-30 16:00:00+00:00, run_after=2024-05-30 20:00:00+00:00
[2024-05-30T15:46:31.370-0500] {processor.py:183} INFO - Processing /home/diallo/Documents/workspace/Python/AirFlowProjects/AirFlow01/venv/lib/python3.10/site-packages/airflow/example_dags/example_latest_only_with_trigger.py took 0.209 seconds
[2024-05-30T15:47:40.526-0500] {processor.py:161} INFO - Started process (PID=26815) to work on /home/diallo/Documents/workspace/Python/AirFlowProjects/AirFlow01/venv/lib/python3.10/site-packages/airflow/example_dags/example_latest_only_with_trigger.py
[2024-05-30T15:47:40.562-0500] {processor.py:830} INFO - Processing file /home/diallo/Documents/workspace/Python/AirFlowProjects/AirFlow01/venv/lib/python3.10/site-packages/airflow/example_dags/example_latest_only_with_trigger.py for tasks to queue
[2024-05-30T15:47:40.565-0500] {logging_mixin.py:188} INFO - [2024-05-30T15:47:40.564-0500] {dagbag.py:545} INFO - Filling up the DagBag from /home/diallo/Documents/workspace/Python/AirFlowProjects/AirFlow01/venv/lib/python3.10/site-packages/airflow/example_dags/example_latest_only_with_trigger.py
[2024-05-30T15:47:40.583-0500] {processor.py:840} INFO - DAG(s) 'latest_only_with_trigger' retrieved from /home/diallo/Documents/workspace/Python/AirFlowProjects/AirFlow01/venv/lib/python3.10/site-packages/airflow/example_dags/example_latest_only_with_trigger.py
[2024-05-30T15:47:40.631-0500] {logging_mixin.py:188} INFO - [2024-05-30T15:47:40.630-0500] {dag.py:3096} INFO - Sync 1 DAGs
[2024-05-30T15:47:40.663-0500] {logging_mixin.py:188} INFO - [2024-05-30T15:47:40.663-0500] {dag.py:3954} INFO - Setting next_dagrun for latest_only_with_trigger to 2024-05-30 16:00:00+00:00, run_after=2024-05-30 20:00:00+00:00
[2024-05-30T15:47:40.765-0500] {processor.py:183} INFO - Processing /home/diallo/Documents/workspace/Python/AirFlowProjects/AirFlow01/venv/lib/python3.10/site-packages/airflow/example_dags/example_latest_only_with_trigger.py took 0.265 seconds
[2024-05-30T15:48:43.308-0500] {processor.py:161} INFO - Started process (PID=27348) to work on /home/diallo/Documents/workspace/Python/AirFlowProjects/AirFlow01/venv/lib/python3.10/site-packages/airflow/example_dags/example_latest_only_with_trigger.py
[2024-05-30T15:48:43.344-0500] {processor.py:830} INFO - Processing file /home/diallo/Documents/workspace/Python/AirFlowProjects/AirFlow01/venv/lib/python3.10/site-packages/airflow/example_dags/example_latest_only_with_trigger.py for tasks to queue
[2024-05-30T15:48:43.350-0500] {logging_mixin.py:188} INFO - [2024-05-30T15:48:43.349-0500] {dagbag.py:545} INFO - Filling up the DagBag from /home/diallo/Documents/workspace/Python/AirFlowProjects/AirFlow01/venv/lib/python3.10/site-packages/airflow/example_dags/example_latest_only_with_trigger.py
[2024-05-30T15:48:43.371-0500] {processor.py:840} INFO - DAG(s) 'latest_only_with_trigger' retrieved from /home/diallo/Documents/workspace/Python/AirFlowProjects/AirFlow01/venv/lib/python3.10/site-packages/airflow/example_dags/example_latest_only_with_trigger.py
[2024-05-30T15:48:43.396-0500] {logging_mixin.py:188} INFO - [2024-05-30T15:48:43.396-0500] {dag.py:3096} INFO - Sync 1 DAGs
[2024-05-30T15:48:43.415-0500] {logging_mixin.py:188} INFO - [2024-05-30T15:48:43.415-0500] {dag.py:3954} INFO - Setting next_dagrun for latest_only_with_trigger to 2024-05-30 16:00:00+00:00, run_after=2024-05-30 20:00:00+00:00
[2024-05-30T15:48:43.504-0500] {processor.py:183} INFO - Processing /home/diallo/Documents/workspace/Python/AirFlowProjects/AirFlow01/venv/lib/python3.10/site-packages/airflow/example_dags/example_latest_only_with_trigger.py took 0.201 seconds
[2024-05-30T15:49:54.080-0500] {processor.py:161} INFO - Started process (PID=27894) to work on /home/diallo/Documents/workspace/Python/AirFlowProjects/AirFlow01/venv/lib/python3.10/site-packages/airflow/example_dags/example_latest_only_with_trigger.py
[2024-05-30T15:49:54.105-0500] {processor.py:830} INFO - Processing file /home/diallo/Documents/workspace/Python/AirFlowProjects/AirFlow01/venv/lib/python3.10/site-packages/airflow/example_dags/example_latest_only_with_trigger.py for tasks to queue
[2024-05-30T15:49:54.108-0500] {logging_mixin.py:188} INFO - [2024-05-30T15:49:54.107-0500] {dagbag.py:545} INFO - Filling up the DagBag from /home/diallo/Documents/workspace/Python/AirFlowProjects/AirFlow01/venv/lib/python3.10/site-packages/airflow/example_dags/example_latest_only_with_trigger.py
[2024-05-30T15:49:54.117-0500] {processor.py:840} INFO - DAG(s) 'latest_only_with_trigger' retrieved from /home/diallo/Documents/workspace/Python/AirFlowProjects/AirFlow01/venv/lib/python3.10/site-packages/airflow/example_dags/example_latest_only_with_trigger.py
[2024-05-30T15:49:54.139-0500] {logging_mixin.py:188} INFO - [2024-05-30T15:49:54.138-0500] {dag.py:3096} INFO - Sync 1 DAGs
[2024-05-30T15:49:54.160-0500] {logging_mixin.py:188} INFO - [2024-05-30T15:49:54.160-0500] {dag.py:3954} INFO - Setting next_dagrun for latest_only_with_trigger to 2024-05-30 16:00:00+00:00, run_after=2024-05-30 20:00:00+00:00
[2024-05-30T15:49:54.769-0500] {processor.py:183} INFO - Processing /home/diallo/Documents/workspace/Python/AirFlowProjects/AirFlow01/venv/lib/python3.10/site-packages/airflow/example_dags/example_latest_only_with_trigger.py took 0.699 seconds
