[2024-05-30T15:38:42.624-0500] {processor.py:161} INFO - Started process (PID=22631) to work on /home/diallo/Documents/workspace/Python/AirFlowProjects/AirFlow01/venv/lib/python3.10/site-packages/airflow/example_dags/example_branch_operator_decorator.py
[2024-05-30T15:38:42.626-0500] {processor.py:830} INFO - Processing file /home/diallo/Documents/workspace/Python/AirFlowProjects/AirFlow01/venv/lib/python3.10/site-packages/airflow/example_dags/example_branch_operator_decorator.py for tasks to queue
[2024-05-30T15:38:42.628-0500] {logging_mixin.py:188} INFO - [2024-05-30T15:38:42.628-0500] {dagbag.py:545} INFO - Filling up the DagBag from /home/diallo/Documents/workspace/Python/AirFlowProjects/AirFlow01/venv/lib/python3.10/site-packages/airflow/example_dags/example_branch_operator_decorator.py
[2024-05-30T15:38:42.633-0500] {processor.py:842} WARNING - No viable dags retrieved from /home/diallo/Documents/workspace/Python/AirFlowProjects/AirFlow01/venv/lib/python3.10/site-packages/airflow/example_dags/example_branch_operator_decorator.py
[2024-05-30T15:38:42.648-0500] {processor.py:183} INFO - Processing /home/diallo/Documents/workspace/Python/AirFlowProjects/AirFlow01/venv/lib/python3.10/site-packages/airflow/example_dags/example_branch_operator_decorator.py took 0.042 seconds
[2024-05-30T15:40:03.304-0500] {processor.py:161} INFO - Started process (PID=23274) to work on /home/diallo/Documents/workspace/Python/AirFlowProjects/AirFlow01/venv/lib/python3.10/site-packages/airflow/example_dags/example_branch_operator_decorator.py
[2024-05-30T15:40:03.345-0500] {processor.py:830} INFO - Processing file /home/diallo/Documents/workspace/Python/AirFlowProjects/AirFlow01/venv/lib/python3.10/site-packages/airflow/example_dags/example_branch_operator_decorator.py for tasks to queue
[2024-05-30T15:40:03.347-0500] {logging_mixin.py:188} INFO - [2024-05-30T15:40:03.347-0500] {dagbag.py:545} INFO - Filling up the DagBag from /home/diallo/Documents/workspace/Python/AirFlowProjects/AirFlow01/venv/lib/python3.10/site-packages/airflow/example_dags/example_branch_operator_decorator.py
[2024-05-30T15:40:03.351-0500] {processor.py:842} WARNING - No viable dags retrieved from /home/diallo/Documents/workspace/Python/AirFlowProjects/AirFlow01/venv/lib/python3.10/site-packages/airflow/example_dags/example_branch_operator_decorator.py
[2024-05-30T15:40:03.366-0500] {processor.py:183} INFO - Processing /home/diallo/Documents/workspace/Python/AirFlowProjects/AirFlow01/venv/lib/python3.10/site-packages/airflow/example_dags/example_branch_operator_decorator.py took 0.072 seconds
[2024-05-30T15:42:55.325-0500] {processor.py:161} INFO - Started process (PID=24608) to work on /home/diallo/Documents/workspace/Python/AirFlowProjects/AirFlow01/venv/lib/python3.10/site-packages/airflow/example_dags/example_branch_operator_decorator.py
[2024-05-30T15:42:55.328-0500] {processor.py:830} INFO - Processing file /home/diallo/Documents/workspace/Python/AirFlowProjects/AirFlow01/venv/lib/python3.10/site-packages/airflow/example_dags/example_branch_operator_decorator.py for tasks to queue
[2024-05-30T15:42:55.331-0500] {logging_mixin.py:188} INFO - [2024-05-30T15:42:55.330-0500] {dagbag.py:545} INFO - Filling up the DagBag from /home/diallo/Documents/workspace/Python/AirFlowProjects/AirFlow01/venv/lib/python3.10/site-packages/airflow/example_dags/example_branch_operator_decorator.py
[2024-05-30T15:42:55.335-0500] {processor.py:842} WARNING - No viable dags retrieved from /home/diallo/Documents/workspace/Python/AirFlowProjects/AirFlow01/venv/lib/python3.10/site-packages/airflow/example_dags/example_branch_operator_decorator.py
[2024-05-30T15:42:55.348-0500] {processor.py:183} INFO - Processing /home/diallo/Documents/workspace/Python/AirFlowProjects/AirFlow01/venv/lib/python3.10/site-packages/airflow/example_dags/example_branch_operator_decorator.py took 0.039 seconds
[2024-05-30T15:44:00.932-0500] {processor.py:161} INFO - Started process (PID=25117) to work on /home/diallo/Documents/workspace/Python/AirFlowProjects/AirFlow01/venv/lib/python3.10/site-packages/airflow/example_dags/example_branch_operator_decorator.py
[2024-05-30T15:44:00.959-0500] {processor.py:830} INFO - Processing file /home/diallo/Documents/workspace/Python/AirFlowProjects/AirFlow01/venv/lib/python3.10/site-packages/airflow/example_dags/example_branch_operator_decorator.py for tasks to queue
[2024-05-30T15:44:00.964-0500] {logging_mixin.py:188} INFO - [2024-05-30T15:44:00.963-0500] {dagbag.py:545} INFO - Filling up the DagBag from /home/diallo/Documents/workspace/Python/AirFlowProjects/AirFlow01/venv/lib/python3.10/site-packages/airflow/example_dags/example_branch_operator_decorator.py
[2024-05-30T15:44:00.974-0500] {processor.py:842} WARNING - No viable dags retrieved from /home/diallo/Documents/workspace/Python/AirFlowProjects/AirFlow01/venv/lib/python3.10/site-packages/airflow/example_dags/example_branch_operator_decorator.py
[2024-05-30T15:44:00.993-0500] {processor.py:183} INFO - Processing /home/diallo/Documents/workspace/Python/AirFlowProjects/AirFlow01/venv/lib/python3.10/site-packages/airflow/example_dags/example_branch_operator_decorator.py took 0.070 seconds
[2024-05-30T15:46:00.451-0500] {processor.py:161} INFO - Started process (PID=26018) to work on /home/diallo/Documents/workspace/Python/AirFlowProjects/AirFlow01/venv/lib/python3.10/site-packages/airflow/example_dags/example_branch_operator_decorator.py
[2024-05-30T15:46:00.489-0500] {processor.py:830} INFO - Processing file /home/diallo/Documents/workspace/Python/AirFlowProjects/AirFlow01/venv/lib/python3.10/site-packages/airflow/example_dags/example_branch_operator_decorator.py for tasks to queue
[2024-05-30T15:46:00.494-0500] {logging_mixin.py:188} INFO - [2024-05-30T15:46:00.492-0500] {dagbag.py:545} INFO - Filling up the DagBag from /home/diallo/Documents/workspace/Python/AirFlowProjects/AirFlow01/venv/lib/python3.10/site-packages/airflow/example_dags/example_branch_operator_decorator.py
[2024-05-30T15:46:00.502-0500] {processor.py:842} WARNING - No viable dags retrieved from /home/diallo/Documents/workspace/Python/AirFlowProjects/AirFlow01/venv/lib/python3.10/site-packages/airflow/example_dags/example_branch_operator_decorator.py
[2024-05-30T15:46:00.525-0500] {processor.py:183} INFO - Processing /home/diallo/Documents/workspace/Python/AirFlowProjects/AirFlow01/venv/lib/python3.10/site-packages/airflow/example_dags/example_branch_operator_decorator.py took 0.085 seconds
[2024-05-30T15:47:13.506-0500] {processor.py:161} INFO - Started process (PID=26606) to work on /home/diallo/Documents/workspace/Python/AirFlowProjects/AirFlow01/venv/lib/python3.10/site-packages/airflow/example_dags/example_branch_operator_decorator.py
[2024-05-30T15:47:13.541-0500] {processor.py:830} INFO - Processing file /home/diallo/Documents/workspace/Python/AirFlowProjects/AirFlow01/venv/lib/python3.10/site-packages/airflow/example_dags/example_branch_operator_decorator.py for tasks to queue
[2024-05-30T15:47:13.547-0500] {logging_mixin.py:188} INFO - [2024-05-30T15:47:13.545-0500] {dagbag.py:545} INFO - Filling up the DagBag from /home/diallo/Documents/workspace/Python/AirFlowProjects/AirFlow01/venv/lib/python3.10/site-packages/airflow/example_dags/example_branch_operator_decorator.py
[2024-05-30T15:47:13.553-0500] {processor.py:842} WARNING - No viable dags retrieved from /home/diallo/Documents/workspace/Python/AirFlowProjects/AirFlow01/venv/lib/python3.10/site-packages/airflow/example_dags/example_branch_operator_decorator.py
[2024-05-30T15:47:13.574-0500] {processor.py:183} INFO - Processing /home/diallo/Documents/workspace/Python/AirFlowProjects/AirFlow01/venv/lib/python3.10/site-packages/airflow/example_dags/example_branch_operator_decorator.py took 0.084 seconds
[2024-05-30T15:48:22.187-0500] {processor.py:161} INFO - Started process (PID=27164) to work on /home/diallo/Documents/workspace/Python/AirFlowProjects/AirFlow01/venv/lib/python3.10/site-packages/airflow/example_dags/example_branch_operator_decorator.py
[2024-05-30T15:48:22.200-0500] {processor.py:830} INFO - Processing file /home/diallo/Documents/workspace/Python/AirFlowProjects/AirFlow01/venv/lib/python3.10/site-packages/airflow/example_dags/example_branch_operator_decorator.py for tasks to queue
[2024-05-30T15:48:22.202-0500] {logging_mixin.py:188} INFO - [2024-05-30T15:48:22.202-0500] {dagbag.py:545} INFO - Filling up the DagBag from /home/diallo/Documents/workspace/Python/AirFlowProjects/AirFlow01/venv/lib/python3.10/site-packages/airflow/example_dags/example_branch_operator_decorator.py
[2024-05-30T15:48:22.206-0500] {processor.py:842} WARNING - No viable dags retrieved from /home/diallo/Documents/workspace/Python/AirFlowProjects/AirFlow01/venv/lib/python3.10/site-packages/airflow/example_dags/example_branch_operator_decorator.py
[2024-05-30T15:48:22.221-0500] {processor.py:183} INFO - Processing /home/diallo/Documents/workspace/Python/AirFlowProjects/AirFlow01/venv/lib/python3.10/site-packages/airflow/example_dags/example_branch_operator_decorator.py took 0.043 seconds
[2024-05-30T15:49:21.901-0500] {processor.py:161} INFO - Started process (PID=27651) to work on /home/diallo/Documents/workspace/Python/AirFlowProjects/AirFlow01/venv/lib/python3.10/site-packages/airflow/example_dags/example_branch_operator_decorator.py
[2024-05-30T15:49:21.937-0500] {processor.py:830} INFO - Processing file /home/diallo/Documents/workspace/Python/AirFlowProjects/AirFlow01/venv/lib/python3.10/site-packages/airflow/example_dags/example_branch_operator_decorator.py for tasks to queue
[2024-05-30T15:49:21.940-0500] {logging_mixin.py:188} INFO - [2024-05-30T15:49:21.939-0500] {dagbag.py:545} INFO - Filling up the DagBag from /home/diallo/Documents/workspace/Python/AirFlowProjects/AirFlow01/venv/lib/python3.10/site-packages/airflow/example_dags/example_branch_operator_decorator.py
[2024-05-30T15:49:21.944-0500] {processor.py:842} WARNING - No viable dags retrieved from /home/diallo/Documents/workspace/Python/AirFlowProjects/AirFlow01/venv/lib/python3.10/site-packages/airflow/example_dags/example_branch_operator_decorator.py
[2024-05-30T15:49:21.963-0500] {processor.py:183} INFO - Processing /home/diallo/Documents/workspace/Python/AirFlowProjects/AirFlow01/venv/lib/python3.10/site-packages/airflow/example_dags/example_branch_operator_decorator.py took 0.073 seconds
