[2024-05-30T15:37:32.309-0500] {processor.py:161} INFO - Started process (PID=21988) to work on /home/diallo/Documents/workspace/Python/AirFlowProjects/AirFlow01/venv/lib/python3.10/site-packages/airflow/example_dags/example_params_trigger_ui.py
[2024-05-30T15:37:32.310-0500] {processor.py:830} INFO - Processing file /home/diallo/Documents/workspace/Python/AirFlowProjects/AirFlow01/venv/lib/python3.10/site-packages/airflow/example_dags/example_params_trigger_ui.py for tasks to queue
[2024-05-30T15:37:32.312-0500] {logging_mixin.py:188} INFO - [2024-05-30T15:37:32.311-0500] {dagbag.py:545} INFO - Filling up the DagBag from /home/diallo/Documents/workspace/Python/AirFlowProjects/AirFlow01/venv/lib/python3.10/site-packages/airflow/example_dags/example_params_trigger_ui.py
[2024-05-30T15:37:32.330-0500] {processor.py:840} INFO - DAG(s) 'example_params_trigger_ui' retrieved from /home/diallo/Documents/workspace/Python/AirFlowProjects/AirFlow01/venv/lib/python3.10/site-packages/airflow/example_dags/example_params_trigger_ui.py
[2024-05-30T15:37:32.580-0500] {logging_mixin.py:188} INFO - [2024-05-30T15:37:32.577-0500] {override.py:1829} INFO - Created Permission View: can delete on DAG:example_params_trigger_ui
[2024-05-30T15:37:32.646-0500] {logging_mixin.py:188} INFO - [2024-05-30T15:37:32.645-0500] {override.py:1829} INFO - Created Permission View: can edit on DAG:example_params_trigger_ui
[2024-05-30T15:37:32.714-0500] {logging_mixin.py:188} INFO - [2024-05-30T15:37:32.713-0500] {override.py:1829} INFO - Created Permission View: can read on DAG:example_params_trigger_ui
[2024-05-30T15:37:32.716-0500] {logging_mixin.py:188} INFO - [2024-05-30T15:37:32.715-0500] {dag.py:3096} INFO - Sync 1 DAGs
[2024-05-30T15:37:32.748-0500] {logging_mixin.py:188} INFO - [2024-05-30T15:37:32.748-0500] {dag.py:3118} INFO - Creating ORM DAG for example_params_trigger_ui
[2024-05-30T15:37:32.749-0500] {logging_mixin.py:188} INFO - [2024-05-30T15:37:32.749-0500] {dag.py:3954} INFO - Setting next_dagrun for example_params_trigger_ui to None, run_after=None
[2024-05-30T15:37:32.848-0500] {processor.py:183} INFO - Processing /home/diallo/Documents/workspace/Python/AirFlowProjects/AirFlow01/venv/lib/python3.10/site-packages/airflow/example_dags/example_params_trigger_ui.py took 0.546 seconds
[2024-05-30T15:39:06.610-0500] {processor.py:161} INFO - Started process (PID=22830) to work on /home/diallo/Documents/workspace/Python/AirFlowProjects/AirFlow01/venv/lib/python3.10/site-packages/airflow/example_dags/example_params_trigger_ui.py
[2024-05-30T15:39:06.619-0500] {processor.py:830} INFO - Processing file /home/diallo/Documents/workspace/Python/AirFlowProjects/AirFlow01/venv/lib/python3.10/site-packages/airflow/example_dags/example_params_trigger_ui.py for tasks to queue
[2024-05-30T15:39:06.621-0500] {logging_mixin.py:188} INFO - [2024-05-30T15:39:06.620-0500] {dagbag.py:545} INFO - Filling up the DagBag from /home/diallo/Documents/workspace/Python/AirFlowProjects/AirFlow01/venv/lib/python3.10/site-packages/airflow/example_dags/example_params_trigger_ui.py
[2024-05-30T15:39:06.651-0500] {processor.py:840} INFO - DAG(s) 'example_params_trigger_ui' retrieved from /home/diallo/Documents/workspace/Python/AirFlowProjects/AirFlow01/venv/lib/python3.10/site-packages/airflow/example_dags/example_params_trigger_ui.py
[2024-05-30T15:39:06.969-0500] {logging_mixin.py:188} INFO - [2024-05-30T15:39:06.969-0500] {dag.py:3096} INFO - Sync 1 DAGs
[2024-05-30T15:39:06.992-0500] {logging_mixin.py:188} INFO - [2024-05-30T15:39:06.991-0500] {dag.py:3954} INFO - Setting next_dagrun for example_params_trigger_ui to None, run_after=None
[2024-05-30T15:39:07.215-0500] {processor.py:183} INFO - Processing /home/diallo/Documents/workspace/Python/AirFlowProjects/AirFlow01/venv/lib/python3.10/site-packages/airflow/example_dags/example_params_trigger_ui.py took 0.619 seconds
[2024-05-30T15:41:02.369-0500] {processor.py:161} INFO - Started process (PID=23721) to work on /home/diallo/Documents/workspace/Python/AirFlowProjects/AirFlow01/venv/lib/python3.10/site-packages/airflow/example_dags/example_params_trigger_ui.py
[2024-05-30T15:41:02.387-0500] {processor.py:830} INFO - Processing file /home/diallo/Documents/workspace/Python/AirFlowProjects/AirFlow01/venv/lib/python3.10/site-packages/airflow/example_dags/example_params_trigger_ui.py for tasks to queue
[2024-05-30T15:41:02.394-0500] {logging_mixin.py:188} INFO - [2024-05-30T15:41:02.392-0500] {dagbag.py:545} INFO - Filling up the DagBag from /home/diallo/Documents/workspace/Python/AirFlowProjects/AirFlow01/venv/lib/python3.10/site-packages/airflow/example_dags/example_params_trigger_ui.py
[2024-05-30T15:41:02.420-0500] {processor.py:840} INFO - DAG(s) 'example_params_trigger_ui' retrieved from /home/diallo/Documents/workspace/Python/AirFlowProjects/AirFlow01/venv/lib/python3.10/site-packages/airflow/example_dags/example_params_trigger_ui.py
[2024-05-30T15:41:02.547-0500] {logging_mixin.py:188} INFO - [2024-05-30T15:41:02.546-0500] {dag.py:3096} INFO - Sync 1 DAGs
[2024-05-30T15:41:02.558-0500] {logging_mixin.py:188} INFO - [2024-05-30T15:41:02.558-0500] {dag.py:3954} INFO - Setting next_dagrun for example_params_trigger_ui to None, run_after=None
[2024-05-30T15:41:03.724-0500] {processor.py:183} INFO - Processing /home/diallo/Documents/workspace/Python/AirFlowProjects/AirFlow01/venv/lib/python3.10/site-packages/airflow/example_dags/example_params_trigger_ui.py took 1.364 seconds
[2024-05-30T15:42:15.542-0500] {processor.py:161} INFO - Started process (PID=24280) to work on /home/diallo/Documents/workspace/Python/AirFlowProjects/AirFlow01/venv/lib/python3.10/site-packages/airflow/example_dags/example_params_trigger_ui.py
[2024-05-30T15:42:15.577-0500] {processor.py:830} INFO - Processing file /home/diallo/Documents/workspace/Python/AirFlowProjects/AirFlow01/venv/lib/python3.10/site-packages/airflow/example_dags/example_params_trigger_ui.py for tasks to queue
[2024-05-30T15:42:15.585-0500] {logging_mixin.py:188} INFO - [2024-05-30T15:42:15.583-0500] {dagbag.py:545} INFO - Filling up the DagBag from /home/diallo/Documents/workspace/Python/AirFlowProjects/AirFlow01/venv/lib/python3.10/site-packages/airflow/example_dags/example_params_trigger_ui.py
[2024-05-30T15:42:15.612-0500] {processor.py:840} INFO - DAG(s) 'example_params_trigger_ui' retrieved from /home/diallo/Documents/workspace/Python/AirFlowProjects/AirFlow01/venv/lib/python3.10/site-packages/airflow/example_dags/example_params_trigger_ui.py
[2024-05-30T15:42:15.659-0500] {logging_mixin.py:188} INFO - [2024-05-30T15:42:15.659-0500] {dag.py:3096} INFO - Sync 1 DAGs
[2024-05-30T15:42:15.671-0500] {logging_mixin.py:188} INFO - [2024-05-30T15:42:15.670-0500] {dag.py:3954} INFO - Setting next_dagrun for example_params_trigger_ui to None, run_after=None
[2024-05-30T15:42:16.332-0500] {processor.py:183} INFO - Processing /home/diallo/Documents/workspace/Python/AirFlowProjects/AirFlow01/venv/lib/python3.10/site-packages/airflow/example_dags/example_params_trigger_ui.py took 0.798 seconds
[2024-05-30T15:43:16.201-0500] {processor.py:161} INFO - Started process (PID=24772) to work on /home/diallo/Documents/workspace/Python/AirFlowProjects/AirFlow01/venv/lib/python3.10/site-packages/airflow/example_dags/example_params_trigger_ui.py
[2024-05-30T15:43:16.238-0500] {processor.py:830} INFO - Processing file /home/diallo/Documents/workspace/Python/AirFlowProjects/AirFlow01/venv/lib/python3.10/site-packages/airflow/example_dags/example_params_trigger_ui.py for tasks to queue
[2024-05-30T15:43:16.241-0500] {logging_mixin.py:188} INFO - [2024-05-30T15:43:16.240-0500] {dagbag.py:545} INFO - Filling up the DagBag from /home/diallo/Documents/workspace/Python/AirFlowProjects/AirFlow01/venv/lib/python3.10/site-packages/airflow/example_dags/example_params_trigger_ui.py
[2024-05-30T15:43:16.265-0500] {processor.py:840} INFO - DAG(s) 'example_params_trigger_ui' retrieved from /home/diallo/Documents/workspace/Python/AirFlowProjects/AirFlow01/venv/lib/python3.10/site-packages/airflow/example_dags/example_params_trigger_ui.py
[2024-05-30T15:43:16.313-0500] {logging_mixin.py:188} INFO - [2024-05-30T15:43:16.313-0500] {dag.py:3096} INFO - Sync 1 DAGs
[2024-05-30T15:43:16.325-0500] {logging_mixin.py:188} INFO - [2024-05-30T15:43:16.325-0500] {dag.py:3954} INFO - Setting next_dagrun for example_params_trigger_ui to None, run_after=None
[2024-05-30T15:43:16.406-0500] {processor.py:183} INFO - Processing /home/diallo/Documents/workspace/Python/AirFlowProjects/AirFlow01/venv/lib/python3.10/site-packages/airflow/example_dags/example_params_trigger_ui.py took 0.224 seconds
[2024-05-30T15:44:21.207-0500] {processor.py:161} INFO - Started process (PID=25287) to work on /home/diallo/Documents/workspace/Python/AirFlowProjects/AirFlow01/venv/lib/python3.10/site-packages/airflow/example_dags/example_params_trigger_ui.py
[2024-05-30T15:44:21.235-0500] {processor.py:830} INFO - Processing file /home/diallo/Documents/workspace/Python/AirFlowProjects/AirFlow01/venv/lib/python3.10/site-packages/airflow/example_dags/example_params_trigger_ui.py for tasks to queue
[2024-05-30T15:44:21.241-0500] {logging_mixin.py:188} INFO - [2024-05-30T15:44:21.240-0500] {dagbag.py:545} INFO - Filling up the DagBag from /home/diallo/Documents/workspace/Python/AirFlowProjects/AirFlow01/venv/lib/python3.10/site-packages/airflow/example_dags/example_params_trigger_ui.py
[2024-05-30T15:44:21.272-0500] {processor.py:840} INFO - DAG(s) 'example_params_trigger_ui' retrieved from /home/diallo/Documents/workspace/Python/AirFlowProjects/AirFlow01/venv/lib/python3.10/site-packages/airflow/example_dags/example_params_trigger_ui.py
[2024-05-30T15:44:21.319-0500] {logging_mixin.py:188} INFO - [2024-05-30T15:44:21.318-0500] {dag.py:3096} INFO - Sync 1 DAGs
[2024-05-30T15:44:21.329-0500] {logging_mixin.py:188} INFO - [2024-05-30T15:44:21.329-0500] {dag.py:3954} INFO - Setting next_dagrun for example_params_trigger_ui to None, run_after=None
[2024-05-30T15:44:22.676-0500] {processor.py:183} INFO - Processing /home/diallo/Documents/workspace/Python/AirFlowProjects/AirFlow01/venv/lib/python3.10/site-packages/airflow/example_dags/example_params_trigger_ui.py took 1.490 seconds
[2024-05-30T15:45:27.753-0500] {processor.py:161} INFO - Started process (PID=25764) to work on /home/diallo/Documents/workspace/Python/AirFlowProjects/AirFlow01/venv/lib/python3.10/site-packages/airflow/example_dags/example_params_trigger_ui.py
[2024-05-30T15:45:27.773-0500] {processor.py:830} INFO - Processing file /home/diallo/Documents/workspace/Python/AirFlowProjects/AirFlow01/venv/lib/python3.10/site-packages/airflow/example_dags/example_params_trigger_ui.py for tasks to queue
[2024-05-30T15:45:27.775-0500] {logging_mixin.py:188} INFO - [2024-05-30T15:45:27.775-0500] {dagbag.py:545} INFO - Filling up the DagBag from /home/diallo/Documents/workspace/Python/AirFlowProjects/AirFlow01/venv/lib/python3.10/site-packages/airflow/example_dags/example_params_trigger_ui.py
[2024-05-30T15:45:27.794-0500] {processor.py:840} INFO - DAG(s) 'example_params_trigger_ui' retrieved from /home/diallo/Documents/workspace/Python/AirFlowProjects/AirFlow01/venv/lib/python3.10/site-packages/airflow/example_dags/example_params_trigger_ui.py
[2024-05-30T15:45:27.844-0500] {logging_mixin.py:188} INFO - [2024-05-30T15:45:27.844-0500] {dag.py:3096} INFO - Sync 1 DAGs
[2024-05-30T15:45:27.855-0500] {logging_mixin.py:188} INFO - [2024-05-30T15:45:27.855-0500] {dag.py:3954} INFO - Setting next_dagrun for example_params_trigger_ui to None, run_after=None
[2024-05-30T15:45:28.523-0500] {processor.py:183} INFO - Processing /home/diallo/Documents/workspace/Python/AirFlowProjects/AirFlow01/venv/lib/python3.10/site-packages/airflow/example_dags/example_params_trigger_ui.py took 0.779 seconds
[2024-05-30T15:46:20.295-0500] {processor.py:161} INFO - Started process (PID=26182) to work on /home/diallo/Documents/workspace/Python/AirFlowProjects/AirFlow01/venv/lib/python3.10/site-packages/airflow/example_dags/example_params_trigger_ui.py
[2024-05-30T15:46:20.326-0500] {processor.py:830} INFO - Processing file /home/diallo/Documents/workspace/Python/AirFlowProjects/AirFlow01/venv/lib/python3.10/site-packages/airflow/example_dags/example_params_trigger_ui.py for tasks to queue
[2024-05-30T15:46:20.328-0500] {logging_mixin.py:188} INFO - [2024-05-30T15:46:20.328-0500] {dagbag.py:545} INFO - Filling up the DagBag from /home/diallo/Documents/workspace/Python/AirFlowProjects/AirFlow01/venv/lib/python3.10/site-packages/airflow/example_dags/example_params_trigger_ui.py
[2024-05-30T15:46:20.353-0500] {processor.py:840} INFO - DAG(s) 'example_params_trigger_ui' retrieved from /home/diallo/Documents/workspace/Python/AirFlowProjects/AirFlow01/venv/lib/python3.10/site-packages/airflow/example_dags/example_params_trigger_ui.py
[2024-05-30T15:46:20.429-0500] {logging_mixin.py:188} INFO - [2024-05-30T15:46:20.429-0500] {dag.py:3096} INFO - Sync 1 DAGs
[2024-05-30T15:46:20.445-0500] {logging_mixin.py:188} INFO - [2024-05-30T15:46:20.445-0500] {dag.py:3954} INFO - Setting next_dagrun for example_params_trigger_ui to None, run_after=None
[2024-05-30T15:46:20.546-0500] {processor.py:183} INFO - Processing /home/diallo/Documents/workspace/Python/AirFlowProjects/AirFlow01/venv/lib/python3.10/site-packages/airflow/example_dags/example_params_trigger_ui.py took 0.266 seconds
[2024-05-30T15:47:29.965-0500] {processor.py:161} INFO - Started process (PID=26737) to work on /home/diallo/Documents/workspace/Python/AirFlowProjects/AirFlow01/venv/lib/python3.10/site-packages/airflow/example_dags/example_params_trigger_ui.py
[2024-05-30T15:47:30.003-0500] {processor.py:830} INFO - Processing file /home/diallo/Documents/workspace/Python/AirFlowProjects/AirFlow01/venv/lib/python3.10/site-packages/airflow/example_dags/example_params_trigger_ui.py for tasks to queue
[2024-05-30T15:47:30.011-0500] {logging_mixin.py:188} INFO - [2024-05-30T15:47:30.008-0500] {dagbag.py:545} INFO - Filling up the DagBag from /home/diallo/Documents/workspace/Python/AirFlowProjects/AirFlow01/venv/lib/python3.10/site-packages/airflow/example_dags/example_params_trigger_ui.py
[2024-05-30T15:47:30.067-0500] {processor.py:840} INFO - DAG(s) 'example_params_trigger_ui' retrieved from /home/diallo/Documents/workspace/Python/AirFlowProjects/AirFlow01/venv/lib/python3.10/site-packages/airflow/example_dags/example_params_trigger_ui.py
[2024-05-30T15:47:30.134-0500] {logging_mixin.py:188} INFO - [2024-05-30T15:47:30.133-0500] {dag.py:3096} INFO - Sync 1 DAGs
[2024-05-30T15:47:30.148-0500] {logging_mixin.py:188} INFO - [2024-05-30T15:47:30.147-0500] {dag.py:3954} INFO - Setting next_dagrun for example_params_trigger_ui to None, run_after=None
[2024-05-30T15:47:30.279-0500] {processor.py:183} INFO - Processing /home/diallo/Documents/workspace/Python/AirFlowProjects/AirFlow01/venv/lib/python3.10/site-packages/airflow/example_dags/example_params_trigger_ui.py took 0.342 seconds
[2024-05-30T15:48:34.774-0500] {processor.py:161} INFO - Started process (PID=27266) to work on /home/diallo/Documents/workspace/Python/AirFlowProjects/AirFlow01/venv/lib/python3.10/site-packages/airflow/example_dags/example_params_trigger_ui.py
[2024-05-30T15:48:34.810-0500] {processor.py:830} INFO - Processing file /home/diallo/Documents/workspace/Python/AirFlowProjects/AirFlow01/venv/lib/python3.10/site-packages/airflow/example_dags/example_params_trigger_ui.py for tasks to queue
[2024-05-30T15:48:34.816-0500] {logging_mixin.py:188} INFO - [2024-05-30T15:48:34.815-0500] {dagbag.py:545} INFO - Filling up the DagBag from /home/diallo/Documents/workspace/Python/AirFlowProjects/AirFlow01/venv/lib/python3.10/site-packages/airflow/example_dags/example_params_trigger_ui.py
[2024-05-30T15:48:34.851-0500] {processor.py:840} INFO - DAG(s) 'example_params_trigger_ui' retrieved from /home/diallo/Documents/workspace/Python/AirFlowProjects/AirFlow01/venv/lib/python3.10/site-packages/airflow/example_dags/example_params_trigger_ui.py
[2024-05-30T15:48:34.908-0500] {logging_mixin.py:188} INFO - [2024-05-30T15:48:34.908-0500] {dag.py:3096} INFO - Sync 1 DAGs
[2024-05-30T15:48:34.922-0500] {logging_mixin.py:188} INFO - [2024-05-30T15:48:34.922-0500] {dag.py:3954} INFO - Setting next_dagrun for example_params_trigger_ui to None, run_after=None
[2024-05-30T15:48:35.005-0500] {processor.py:183} INFO - Processing /home/diallo/Documents/workspace/Python/AirFlowProjects/AirFlow01/venv/lib/python3.10/site-packages/airflow/example_dags/example_params_trigger_ui.py took 0.242 seconds
[2024-05-30T15:49:34.304-0500] {processor.py:161} INFO - Started process (PID=27755) to work on /home/diallo/Documents/workspace/Python/AirFlowProjects/AirFlow01/venv/lib/python3.10/site-packages/airflow/example_dags/example_params_trigger_ui.py
[2024-05-30T15:49:34.342-0500] {processor.py:830} INFO - Processing file /home/diallo/Documents/workspace/Python/AirFlowProjects/AirFlow01/venv/lib/python3.10/site-packages/airflow/example_dags/example_params_trigger_ui.py for tasks to queue
[2024-05-30T15:49:34.348-0500] {logging_mixin.py:188} INFO - [2024-05-30T15:49:34.346-0500] {dagbag.py:545} INFO - Filling up the DagBag from /home/diallo/Documents/workspace/Python/AirFlowProjects/AirFlow01/venv/lib/python3.10/site-packages/airflow/example_dags/example_params_trigger_ui.py
[2024-05-30T15:49:34.393-0500] {processor.py:840} INFO - DAG(s) 'example_params_trigger_ui' retrieved from /home/diallo/Documents/workspace/Python/AirFlowProjects/AirFlow01/venv/lib/python3.10/site-packages/airflow/example_dags/example_params_trigger_ui.py
[2024-05-30T15:49:34.444-0500] {logging_mixin.py:188} INFO - [2024-05-30T15:49:34.443-0500] {dag.py:3096} INFO - Sync 1 DAGs
[2024-05-30T15:49:34.455-0500] {logging_mixin.py:188} INFO - [2024-05-30T15:49:34.455-0500] {dag.py:3954} INFO - Setting next_dagrun for example_params_trigger_ui to None, run_after=None
[2024-05-30T15:49:35.615-0500] {processor.py:183} INFO - Processing /home/diallo/Documents/workspace/Python/AirFlowProjects/AirFlow01/venv/lib/python3.10/site-packages/airflow/example_dags/example_params_trigger_ui.py took 1.332 seconds
