[2024-05-30T15:38:07.116-0500] {processor.py:161} INFO - Started process (PID=22292) to work on /home/diallo/Documents/workspace/Python/AirFlowProjects/AirFlow01/venv/lib/python3.10/site-packages/airflow/example_dags/example_python_decorator.py
[2024-05-30T15:38:07.118-0500] {processor.py:830} INFO - Processing file /home/diallo/Documents/workspace/Python/AirFlowProjects/AirFlow01/venv/lib/python3.10/site-packages/airflow/example_dags/example_python_decorator.py for tasks to queue
[2024-05-30T15:38:07.120-0500] {logging_mixin.py:188} INFO - [2024-05-30T15:38:07.120-0500] {dagbag.py:545} INFO - Filling up the DagBag from /home/diallo/Documents/workspace/Python/AirFlowProjects/AirFlow01/venv/lib/python3.10/site-packages/airflow/example_dags/example_python_decorator.py
[2024-05-30T15:38:07.141-0500] {logging_mixin.py:188} INFO - [2024-05-30T15:38:07.141-0500] {example_python_decorator.py:80} WARNING - The virtalenv_python example task requires virtualenv, please install it.
[2024-05-30T15:38:07.142-0500] {processor.py:840} INFO - DAG(s) 'example_python_decorator' retrieved from /home/diallo/Documents/workspace/Python/AirFlowProjects/AirFlow01/venv/lib/python3.10/site-packages/airflow/example_dags/example_python_decorator.py
[2024-05-30T15:38:07.380-0500] {logging_mixin.py:188} INFO - [2024-05-30T15:38:07.378-0500] {override.py:1829} INFO - Created Permission View: can delete on DAG:example_python_decorator
[2024-05-30T15:38:07.446-0500] {logging_mixin.py:188} INFO - [2024-05-30T15:38:07.445-0500] {override.py:1829} INFO - Created Permission View: can edit on DAG:example_python_decorator
[2024-05-30T15:38:07.503-0500] {logging_mixin.py:188} INFO - [2024-05-30T15:38:07.502-0500] {override.py:1829} INFO - Created Permission View: can read on DAG:example_python_decorator
[2024-05-30T15:38:07.506-0500] {logging_mixin.py:188} INFO - [2024-05-30T15:38:07.505-0500] {dag.py:3096} INFO - Sync 1 DAGs
[2024-05-30T15:38:07.538-0500] {logging_mixin.py:188} INFO - [2024-05-30T15:38:07.537-0500] {dag.py:3118} INFO - Creating ORM DAG for example_python_decorator
[2024-05-30T15:38:07.539-0500] {logging_mixin.py:188} INFO - [2024-05-30T15:38:07.539-0500] {dag.py:3954} INFO - Setting next_dagrun for example_python_decorator to None, run_after=None
[2024-05-30T15:38:07.618-0500] {processor.py:183} INFO - Processing /home/diallo/Documents/workspace/Python/AirFlowProjects/AirFlow01/venv/lib/python3.10/site-packages/airflow/example_dags/example_python_decorator.py took 0.512 seconds
[2024-05-30T15:39:20.841-0500] {processor.py:161} INFO - Started process (PID=22950) to work on /home/diallo/Documents/workspace/Python/AirFlowProjects/AirFlow01/venv/lib/python3.10/site-packages/airflow/example_dags/example_python_decorator.py
[2024-05-30T15:39:20.917-0500] {processor.py:830} INFO - Processing file /home/diallo/Documents/workspace/Python/AirFlowProjects/AirFlow01/venv/lib/python3.10/site-packages/airflow/example_dags/example_python_decorator.py for tasks to queue
[2024-05-30T15:39:20.924-0500] {logging_mixin.py:188} INFO - [2024-05-30T15:39:20.923-0500] {dagbag.py:545} INFO - Filling up the DagBag from /home/diallo/Documents/workspace/Python/AirFlowProjects/AirFlow01/venv/lib/python3.10/site-packages/airflow/example_dags/example_python_decorator.py
[2024-05-30T15:39:20.975-0500] {logging_mixin.py:188} INFO - [2024-05-30T15:39:20.974-0500] {example_python_decorator.py:80} WARNING - The virtalenv_python example task requires virtualenv, please install it.
[2024-05-30T15:39:20.977-0500] {processor.py:840} INFO - DAG(s) 'example_python_decorator' retrieved from /home/diallo/Documents/workspace/Python/AirFlowProjects/AirFlow01/venv/lib/python3.10/site-packages/airflow/example_dags/example_python_decorator.py
[2024-05-30T15:39:21.026-0500] {logging_mixin.py:188} INFO - [2024-05-30T15:39:21.026-0500] {dag.py:3096} INFO - Sync 1 DAGs
[2024-05-30T15:39:21.044-0500] {logging_mixin.py:188} INFO - [2024-05-30T15:39:21.043-0500] {dag.py:3954} INFO - Setting next_dagrun for example_python_decorator to None, run_after=None
[2024-05-30T15:39:21.212-0500] {processor.py:183} INFO - Processing /home/diallo/Documents/workspace/Python/AirFlowProjects/AirFlow01/venv/lib/python3.10/site-packages/airflow/example_dags/example_python_decorator.py took 0.394 seconds
[2024-05-30T15:41:35.402-0500] {processor.py:161} INFO - Started process (PID=23970) to work on /home/diallo/Documents/workspace/Python/AirFlowProjects/AirFlow01/venv/lib/python3.10/site-packages/airflow/example_dags/example_python_decorator.py
[2024-05-30T15:41:35.458-0500] {processor.py:830} INFO - Processing file /home/diallo/Documents/workspace/Python/AirFlowProjects/AirFlow01/venv/lib/python3.10/site-packages/airflow/example_dags/example_python_decorator.py for tasks to queue
[2024-05-30T15:41:35.464-0500] {logging_mixin.py:188} INFO - [2024-05-30T15:41:35.462-0500] {dagbag.py:545} INFO - Filling up the DagBag from /home/diallo/Documents/workspace/Python/AirFlowProjects/AirFlow01/venv/lib/python3.10/site-packages/airflow/example_dags/example_python_decorator.py
[2024-05-30T15:41:35.491-0500] {logging_mixin.py:188} INFO - [2024-05-30T15:41:35.491-0500] {example_python_decorator.py:80} WARNING - The virtalenv_python example task requires virtualenv, please install it.
[2024-05-30T15:41:35.492-0500] {processor.py:840} INFO - DAG(s) 'example_python_decorator' retrieved from /home/diallo/Documents/workspace/Python/AirFlowProjects/AirFlow01/venv/lib/python3.10/site-packages/airflow/example_dags/example_python_decorator.py
[2024-05-30T15:41:35.603-0500] {logging_mixin.py:188} INFO - [2024-05-30T15:41:35.603-0500] {dag.py:3096} INFO - Sync 1 DAGs
[2024-05-30T15:41:35.614-0500] {logging_mixin.py:188} INFO - [2024-05-30T15:41:35.614-0500] {dag.py:3954} INFO - Setting next_dagrun for example_python_decorator to None, run_after=None
[2024-05-30T15:41:36.364-0500] {processor.py:183} INFO - Processing /home/diallo/Documents/workspace/Python/AirFlowProjects/AirFlow01/venv/lib/python3.10/site-packages/airflow/example_dags/example_python_decorator.py took 0.967 seconds
[2024-05-30T15:43:28.341-0500] {processor.py:161} INFO - Started process (PID=24870) to work on /home/diallo/Documents/workspace/Python/AirFlowProjects/AirFlow01/venv/lib/python3.10/site-packages/airflow/example_dags/example_python_decorator.py
[2024-05-30T15:43:28.364-0500] {processor.py:830} INFO - Processing file /home/diallo/Documents/workspace/Python/AirFlowProjects/AirFlow01/venv/lib/python3.10/site-packages/airflow/example_dags/example_python_decorator.py for tasks to queue
[2024-05-30T15:43:28.366-0500] {logging_mixin.py:188} INFO - [2024-05-30T15:43:28.366-0500] {dagbag.py:545} INFO - Filling up the DagBag from /home/diallo/Documents/workspace/Python/AirFlowProjects/AirFlow01/venv/lib/python3.10/site-packages/airflow/example_dags/example_python_decorator.py
[2024-05-30T15:43:28.377-0500] {logging_mixin.py:188} INFO - [2024-05-30T15:43:28.376-0500] {example_python_decorator.py:80} WARNING - The virtalenv_python example task requires virtualenv, please install it.
[2024-05-30T15:43:28.377-0500] {processor.py:840} INFO - DAG(s) 'example_python_decorator' retrieved from /home/diallo/Documents/workspace/Python/AirFlowProjects/AirFlow01/venv/lib/python3.10/site-packages/airflow/example_dags/example_python_decorator.py
[2024-05-30T15:43:28.395-0500] {logging_mixin.py:188} INFO - [2024-05-30T15:43:28.395-0500] {dag.py:3096} INFO - Sync 1 DAGs
[2024-05-30T15:43:28.407-0500] {logging_mixin.py:188} INFO - [2024-05-30T15:43:28.407-0500] {dag.py:3954} INFO - Setting next_dagrun for example_python_decorator to None, run_after=None
[2024-05-30T15:43:28.511-0500] {processor.py:183} INFO - Processing /home/diallo/Documents/workspace/Python/AirFlowProjects/AirFlow01/venv/lib/python3.10/site-packages/airflow/example_dags/example_python_decorator.py took 0.176 seconds
[2024-05-30T15:44:46.169-0500] {processor.py:161} INFO - Started process (PID=25463) to work on /home/diallo/Documents/workspace/Python/AirFlowProjects/AirFlow01/venv/lib/python3.10/site-packages/airflow/example_dags/example_python_decorator.py
[2024-05-30T15:44:46.240-0500] {processor.py:830} INFO - Processing file /home/diallo/Documents/workspace/Python/AirFlowProjects/AirFlow01/venv/lib/python3.10/site-packages/airflow/example_dags/example_python_decorator.py for tasks to queue
[2024-05-30T15:44:46.246-0500] {logging_mixin.py:188} INFO - [2024-05-30T15:44:46.245-0500] {dagbag.py:545} INFO - Filling up the DagBag from /home/diallo/Documents/workspace/Python/AirFlowProjects/AirFlow01/venv/lib/python3.10/site-packages/airflow/example_dags/example_python_decorator.py
[2024-05-30T15:44:46.281-0500] {logging_mixin.py:188} INFO - [2024-05-30T15:44:46.280-0500] {example_python_decorator.py:80} WARNING - The virtalenv_python example task requires virtualenv, please install it.
[2024-05-30T15:44:46.283-0500] {processor.py:840} INFO - DAG(s) 'example_python_decorator' retrieved from /home/diallo/Documents/workspace/Python/AirFlowProjects/AirFlow01/venv/lib/python3.10/site-packages/airflow/example_dags/example_python_decorator.py
[2024-05-30T15:44:46.320-0500] {logging_mixin.py:188} INFO - [2024-05-30T15:44:46.320-0500] {dag.py:3096} INFO - Sync 1 DAGs
[2024-05-30T15:44:46.334-0500] {logging_mixin.py:188} INFO - [2024-05-30T15:44:46.334-0500] {dag.py:3954} INFO - Setting next_dagrun for example_python_decorator to None, run_after=None
[2024-05-30T15:44:47.896-0500] {processor.py:183} INFO - Processing /home/diallo/Documents/workspace/Python/AirFlowProjects/AirFlow01/venv/lib/python3.10/site-packages/airflow/example_dags/example_python_decorator.py took 1.734 seconds
[2024-05-30T15:46:34.560-0500] {processor.py:161} INFO - Started process (PID=26305) to work on /home/diallo/Documents/workspace/Python/AirFlowProjects/AirFlow01/venv/lib/python3.10/site-packages/airflow/example_dags/example_python_decorator.py
[2024-05-30T15:46:34.578-0500] {processor.py:830} INFO - Processing file /home/diallo/Documents/workspace/Python/AirFlowProjects/AirFlow01/venv/lib/python3.10/site-packages/airflow/example_dags/example_python_decorator.py for tasks to queue
[2024-05-30T15:46:34.582-0500] {logging_mixin.py:188} INFO - [2024-05-30T15:46:34.581-0500] {dagbag.py:545} INFO - Filling up the DagBag from /home/diallo/Documents/workspace/Python/AirFlowProjects/AirFlow01/venv/lib/python3.10/site-packages/airflow/example_dags/example_python_decorator.py
[2024-05-30T15:46:34.611-0500] {logging_mixin.py:188} INFO - [2024-05-30T15:46:34.611-0500] {example_python_decorator.py:80} WARNING - The virtalenv_python example task requires virtualenv, please install it.
[2024-05-30T15:46:34.614-0500] {processor.py:840} INFO - DAG(s) 'example_python_decorator' retrieved from /home/diallo/Documents/workspace/Python/AirFlowProjects/AirFlow01/venv/lib/python3.10/site-packages/airflow/example_dags/example_python_decorator.py
[2024-05-30T15:46:34.646-0500] {logging_mixin.py:188} INFO - [2024-05-30T15:46:34.645-0500] {dag.py:3096} INFO - Sync 1 DAGs
[2024-05-30T15:46:34.660-0500] {logging_mixin.py:188} INFO - [2024-05-30T15:46:34.660-0500] {dag.py:3954} INFO - Setting next_dagrun for example_python_decorator to None, run_after=None
[2024-05-30T15:46:34.790-0500] {processor.py:183} INFO - Processing /home/diallo/Documents/workspace/Python/AirFlowProjects/AirFlow01/venv/lib/python3.10/site-packages/airflow/example_dags/example_python_decorator.py took 0.260 seconds
[2024-05-30T15:47:44.568-0500] {processor.py:161} INFO - Started process (PID=26867) to work on /home/diallo/Documents/workspace/Python/AirFlowProjects/AirFlow01/venv/lib/python3.10/site-packages/airflow/example_dags/example_python_decorator.py
[2024-05-30T15:47:44.606-0500] {processor.py:830} INFO - Processing file /home/diallo/Documents/workspace/Python/AirFlowProjects/AirFlow01/venv/lib/python3.10/site-packages/airflow/example_dags/example_python_decorator.py for tasks to queue
[2024-05-30T15:47:44.610-0500] {logging_mixin.py:188} INFO - [2024-05-30T15:47:44.608-0500] {dagbag.py:545} INFO - Filling up the DagBag from /home/diallo/Documents/workspace/Python/AirFlowProjects/AirFlow01/venv/lib/python3.10/site-packages/airflow/example_dags/example_python_decorator.py
[2024-05-30T15:47:44.628-0500] {logging_mixin.py:188} INFO - [2024-05-30T15:47:44.628-0500] {example_python_decorator.py:80} WARNING - The virtalenv_python example task requires virtualenv, please install it.
[2024-05-30T15:47:44.629-0500] {processor.py:840} INFO - DAG(s) 'example_python_decorator' retrieved from /home/diallo/Documents/workspace/Python/AirFlowProjects/AirFlow01/venv/lib/python3.10/site-packages/airflow/example_dags/example_python_decorator.py
[2024-05-30T15:47:44.662-0500] {logging_mixin.py:188} INFO - [2024-05-30T15:47:44.662-0500] {dag.py:3096} INFO - Sync 1 DAGs
[2024-05-30T15:47:44.683-0500] {logging_mixin.py:188} INFO - [2024-05-30T15:47:44.683-0500] {dag.py:3954} INFO - Setting next_dagrun for example_python_decorator to None, run_after=None
[2024-05-30T15:47:44.755-0500] {processor.py:183} INFO - Processing /home/diallo/Documents/workspace/Python/AirFlowProjects/AirFlow01/venv/lib/python3.10/site-packages/airflow/example_dags/example_python_decorator.py took 0.210 seconds
[2024-05-30T15:48:46.068-0500] {processor.py:161} INFO - Started process (PID=27367) to work on /home/diallo/Documents/workspace/Python/AirFlowProjects/AirFlow01/venv/lib/python3.10/site-packages/airflow/example_dags/example_python_decorator.py
[2024-05-30T15:48:46.109-0500] {processor.py:830} INFO - Processing file /home/diallo/Documents/workspace/Python/AirFlowProjects/AirFlow01/venv/lib/python3.10/site-packages/airflow/example_dags/example_python_decorator.py for tasks to queue
[2024-05-30T15:48:46.114-0500] {logging_mixin.py:188} INFO - [2024-05-30T15:48:46.113-0500] {dagbag.py:545} INFO - Filling up the DagBag from /home/diallo/Documents/workspace/Python/AirFlowProjects/AirFlow01/venv/lib/python3.10/site-packages/airflow/example_dags/example_python_decorator.py
[2024-05-30T15:48:46.138-0500] {logging_mixin.py:188} INFO - [2024-05-30T15:48:46.138-0500] {example_python_decorator.py:80} WARNING - The virtalenv_python example task requires virtualenv, please install it.
[2024-05-30T15:48:46.139-0500] {processor.py:840} INFO - DAG(s) 'example_python_decorator' retrieved from /home/diallo/Documents/workspace/Python/AirFlowProjects/AirFlow01/venv/lib/python3.10/site-packages/airflow/example_dags/example_python_decorator.py
[2024-05-30T15:48:46.161-0500] {logging_mixin.py:188} INFO - [2024-05-30T15:48:46.160-0500] {dag.py:3096} INFO - Sync 1 DAGs
[2024-05-30T15:48:46.172-0500] {logging_mixin.py:188} INFO - [2024-05-30T15:48:46.171-0500] {dag.py:3954} INFO - Setting next_dagrun for example_python_decorator to None, run_after=None
[2024-05-30T15:48:46.251-0500] {processor.py:183} INFO - Processing /home/diallo/Documents/workspace/Python/AirFlowProjects/AirFlow01/venv/lib/python3.10/site-packages/airflow/example_dags/example_python_decorator.py took 0.192 seconds
[2024-05-30T15:50:01.277-0500] {processor.py:161} INFO - Started process (PID=27954) to work on /home/diallo/Documents/workspace/Python/AirFlowProjects/AirFlow01/venv/lib/python3.10/site-packages/airflow/example_dags/example_python_decorator.py
[2024-05-30T15:50:01.413-0500] {processor.py:830} INFO - Processing file /home/diallo/Documents/workspace/Python/AirFlowProjects/AirFlow01/venv/lib/python3.10/site-packages/airflow/example_dags/example_python_decorator.py for tasks to queue
[2024-05-30T15:50:01.419-0500] {logging_mixin.py:188} INFO - [2024-05-30T15:50:01.417-0500] {dagbag.py:545} INFO - Filling up the DagBag from /home/diallo/Documents/workspace/Python/AirFlowProjects/AirFlow01/venv/lib/python3.10/site-packages/airflow/example_dags/example_python_decorator.py
[2024-05-30T15:50:01.446-0500] {logging_mixin.py:188} INFO - [2024-05-30T15:50:01.445-0500] {example_python_decorator.py:80} WARNING - The virtalenv_python example task requires virtualenv, please install it.
[2024-05-30T15:50:01.446-0500] {processor.py:840} INFO - DAG(s) 'example_python_decorator' retrieved from /home/diallo/Documents/workspace/Python/AirFlowProjects/AirFlow01/venv/lib/python3.10/site-packages/airflow/example_dags/example_python_decorator.py
[2024-05-30T15:50:01.465-0500] {logging_mixin.py:188} INFO - [2024-05-30T15:50:01.465-0500] {dag.py:3096} INFO - Sync 1 DAGs
[2024-05-30T15:50:01.477-0500] {logging_mixin.py:188} INFO - [2024-05-30T15:50:01.477-0500] {dag.py:3954} INFO - Setting next_dagrun for example_python_decorator to None, run_after=None
[2024-05-30T15:50:02.303-0500] {processor.py:183} INFO - Processing /home/diallo/Documents/workspace/Python/AirFlowProjects/AirFlow01/venv/lib/python3.10/site-packages/airflow/example_dags/example_python_decorator.py took 1.034 seconds
