[2024-05-30T15:37:20.255-0500] {processor.py:161} INFO - Started process (PID=21886) to work on /home/diallo/Documents/workspace/Python/AirFlowProjects/AirFlow01/venv/lib/python3.10/site-packages/airflow/example_dags/example_trigger_controller_dag.py
[2024-05-30T15:37:20.256-0500] {processor.py:830} INFO - Processing file /home/diallo/Documents/workspace/Python/AirFlowProjects/AirFlow01/venv/lib/python3.10/site-packages/airflow/example_dags/example_trigger_controller_dag.py for tasks to queue
[2024-05-30T15:37:20.258-0500] {logging_mixin.py:188} INFO - [2024-05-30T15:37:20.257-0500] {dagbag.py:545} INFO - Filling up the DagBag from /home/diallo/Documents/workspace/Python/AirFlowProjects/AirFlow01/venv/lib/python3.10/site-packages/airflow/example_dags/example_trigger_controller_dag.py
[2024-05-30T15:37:20.264-0500] {processor.py:840} INFO - DAG(s) 'example_trigger_controller_dag' retrieved from /home/diallo/Documents/workspace/Python/AirFlowProjects/AirFlow01/venv/lib/python3.10/site-packages/airflow/example_dags/example_trigger_controller_dag.py
[2024-05-30T15:37:20.487-0500] {logging_mixin.py:188} INFO - [2024-05-30T15:37:20.484-0500] {override.py:1829} INFO - Created Permission View: can delete on DAG:example_trigger_controller_dag
[2024-05-30T15:37:20.563-0500] {logging_mixin.py:188} INFO - [2024-05-30T15:37:20.562-0500] {override.py:1829} INFO - Created Permission View: can edit on DAG:example_trigger_controller_dag
[2024-05-30T15:37:20.621-0500] {logging_mixin.py:188} INFO - [2024-05-30T15:37:20.619-0500] {override.py:1829} INFO - Created Permission View: can read on DAG:example_trigger_controller_dag
[2024-05-30T15:37:20.622-0500] {logging_mixin.py:188} INFO - [2024-05-30T15:37:20.621-0500] {dag.py:3096} INFO - Sync 1 DAGs
[2024-05-30T15:37:20.652-0500] {logging_mixin.py:188} INFO - [2024-05-30T15:37:20.652-0500] {dag.py:3118} INFO - Creating ORM DAG for example_trigger_controller_dag
[2024-05-30T15:37:20.663-0500] {logging_mixin.py:188} INFO - [2024-05-30T15:37:20.663-0500] {dag.py:3954} INFO - Setting next_dagrun for example_trigger_controller_dag to 2021-01-01 00:00:00+00:00, run_after=2021-01-01 00:00:00+00:00
[2024-05-30T15:37:20.747-0500] {processor.py:183} INFO - Processing /home/diallo/Documents/workspace/Python/AirFlowProjects/AirFlow01/venv/lib/python3.10/site-packages/airflow/example_dags/example_trigger_controller_dag.py took 0.498 seconds
[2024-05-30T15:38:54.836-0500] {processor.py:161} INFO - Started process (PID=22750) to work on /home/diallo/Documents/workspace/Python/AirFlowProjects/AirFlow01/venv/lib/python3.10/site-packages/airflow/example_dags/example_trigger_controller_dag.py
[2024-05-30T15:38:54.869-0500] {processor.py:830} INFO - Processing file /home/diallo/Documents/workspace/Python/AirFlowProjects/AirFlow01/venv/lib/python3.10/site-packages/airflow/example_dags/example_trigger_controller_dag.py for tasks to queue
[2024-05-30T15:38:54.871-0500] {logging_mixin.py:188} INFO - [2024-05-30T15:38:54.870-0500] {dagbag.py:545} INFO - Filling up the DagBag from /home/diallo/Documents/workspace/Python/AirFlowProjects/AirFlow01/venv/lib/python3.10/site-packages/airflow/example_dags/example_trigger_controller_dag.py
[2024-05-30T15:38:54.877-0500] {processor.py:840} INFO - DAG(s) 'example_trigger_controller_dag' retrieved from /home/diallo/Documents/workspace/Python/AirFlowProjects/AirFlow01/venv/lib/python3.10/site-packages/airflow/example_dags/example_trigger_controller_dag.py
[2024-05-30T15:38:54.895-0500] {logging_mixin.py:188} INFO - [2024-05-30T15:38:54.894-0500] {dag.py:3096} INFO - Sync 1 DAGs
[2024-05-30T15:38:54.916-0500] {logging_mixin.py:188} INFO - [2024-05-30T15:38:54.916-0500] {dag.py:3954} INFO - Setting next_dagrun for example_trigger_controller_dag to 2021-01-01 00:00:00+00:00, run_after=2021-01-01 00:00:00+00:00
[2024-05-30T15:38:54.996-0500] {processor.py:183} INFO - Processing /home/diallo/Documents/workspace/Python/AirFlowProjects/AirFlow01/venv/lib/python3.10/site-packages/airflow/example_dags/example_trigger_controller_dag.py took 0.182 seconds
[2024-05-30T15:39:36.714-0500] {processor.py:161} INFO - Started process (PID=23078) to work on /home/diallo/Documents/workspace/Python/AirFlowProjects/AirFlow01/venv/lib/python3.10/site-packages/airflow/example_dags/example_trigger_controller_dag.py
[2024-05-30T15:39:36.748-0500] {processor.py:830} INFO - Processing file /home/diallo/Documents/workspace/Python/AirFlowProjects/AirFlow01/venv/lib/python3.10/site-packages/airflow/example_dags/example_trigger_controller_dag.py for tasks to queue
[2024-05-30T15:39:36.754-0500] {logging_mixin.py:188} INFO - [2024-05-30T15:39:36.752-0500] {dagbag.py:545} INFO - Filling up the DagBag from /home/diallo/Documents/workspace/Python/AirFlowProjects/AirFlow01/venv/lib/python3.10/site-packages/airflow/example_dags/example_trigger_controller_dag.py
[2024-05-30T15:39:36.768-0500] {processor.py:840} INFO - DAG(s) 'example_trigger_controller_dag' retrieved from /home/diallo/Documents/workspace/Python/AirFlowProjects/AirFlow01/venv/lib/python3.10/site-packages/airflow/example_dags/example_trigger_controller_dag.py
[2024-05-30T15:39:36.787-0500] {logging_mixin.py:188} INFO - [2024-05-30T15:39:36.787-0500] {dag.py:3096} INFO - Sync 1 DAGs
[2024-05-30T15:39:36.806-0500] {logging_mixin.py:188} INFO - [2024-05-30T15:39:36.806-0500] {dag.py:3954} INFO - Setting next_dagrun for example_trigger_controller_dag to 2021-01-01 00:00:00+00:00, run_after=2021-01-01 00:00:00+00:00
[2024-05-30T15:39:36.895-0500] {processor.py:183} INFO - Processing /home/diallo/Documents/workspace/Python/AirFlowProjects/AirFlow01/venv/lib/python3.10/site-packages/airflow/example_dags/example_trigger_controller_dag.py took 0.187 seconds
[2024-05-30T15:40:53.135-0500] {processor.py:161} INFO - Started process (PID=23639) to work on /home/diallo/Documents/workspace/Python/AirFlowProjects/AirFlow01/venv/lib/python3.10/site-packages/airflow/example_dags/example_trigger_controller_dag.py
[2024-05-30T15:40:53.210-0500] {processor.py:830} INFO - Processing file /home/diallo/Documents/workspace/Python/AirFlowProjects/AirFlow01/venv/lib/python3.10/site-packages/airflow/example_dags/example_trigger_controller_dag.py for tasks to queue
[2024-05-30T15:40:53.215-0500] {logging_mixin.py:188} INFO - [2024-05-30T15:40:53.214-0500] {dagbag.py:545} INFO - Filling up the DagBag from /home/diallo/Documents/workspace/Python/AirFlowProjects/AirFlow01/venv/lib/python3.10/site-packages/airflow/example_dags/example_trigger_controller_dag.py
[2024-05-30T15:40:53.231-0500] {processor.py:840} INFO - DAG(s) 'example_trigger_controller_dag' retrieved from /home/diallo/Documents/workspace/Python/AirFlowProjects/AirFlow01/venv/lib/python3.10/site-packages/airflow/example_dags/example_trigger_controller_dag.py
[2024-05-30T15:40:53.250-0500] {logging_mixin.py:188} INFO - [2024-05-30T15:40:53.250-0500] {dag.py:3096} INFO - Sync 1 DAGs
[2024-05-30T15:40:53.356-0500] {logging_mixin.py:188} INFO - [2024-05-30T15:40:53.356-0500] {dag.py:3954} INFO - Setting next_dagrun for example_trigger_controller_dag to 2021-01-01 00:00:00+00:00, run_after=2021-01-01 00:00:00+00:00
[2024-05-30T15:40:54.640-0500] {processor.py:183} INFO - Processing /home/diallo/Documents/workspace/Python/AirFlowProjects/AirFlow01/venv/lib/python3.10/site-packages/airflow/example_dags/example_trigger_controller_dag.py took 1.512 seconds
[2024-05-30T15:41:59.476-0500] {processor.py:161} INFO - Started process (PID=24146) to work on /home/diallo/Documents/workspace/Python/AirFlowProjects/AirFlow01/venv/lib/python3.10/site-packages/airflow/example_dags/example_trigger_controller_dag.py
[2024-05-30T15:41:59.540-0500] {processor.py:830} INFO - Processing file /home/diallo/Documents/workspace/Python/AirFlowProjects/AirFlow01/venv/lib/python3.10/site-packages/airflow/example_dags/example_trigger_controller_dag.py for tasks to queue
[2024-05-30T15:41:59.546-0500] {logging_mixin.py:188} INFO - [2024-05-30T15:41:59.545-0500] {dagbag.py:545} INFO - Filling up the DagBag from /home/diallo/Documents/workspace/Python/AirFlowProjects/AirFlow01/venv/lib/python3.10/site-packages/airflow/example_dags/example_trigger_controller_dag.py
[2024-05-30T15:41:59.565-0500] {processor.py:840} INFO - DAG(s) 'example_trigger_controller_dag' retrieved from /home/diallo/Documents/workspace/Python/AirFlowProjects/AirFlow01/venv/lib/python3.10/site-packages/airflow/example_dags/example_trigger_controller_dag.py
[2024-05-30T15:41:59.677-0500] {logging_mixin.py:188} INFO - [2024-05-30T15:41:59.677-0500] {dag.py:3096} INFO - Sync 1 DAGs
[2024-05-30T15:41:59.694-0500] {logging_mixin.py:188} INFO - [2024-05-30T15:41:59.694-0500] {dag.py:3954} INFO - Setting next_dagrun for example_trigger_controller_dag to 2021-01-01 00:00:00+00:00, run_after=2021-01-01 00:00:00+00:00
[2024-05-30T15:42:00.450-0500] {processor.py:183} INFO - Processing /home/diallo/Documents/workspace/Python/AirFlowProjects/AirFlow01/venv/lib/python3.10/site-packages/airflow/example_dags/example_trigger_controller_dag.py took 0.983 seconds
[2024-05-30T15:43:05.906-0500] {processor.py:161} INFO - Started process (PID=24691) to work on /home/diallo/Documents/workspace/Python/AirFlowProjects/AirFlow01/venv/lib/python3.10/site-packages/airflow/example_dags/example_trigger_controller_dag.py
[2024-05-30T15:43:05.939-0500] {processor.py:830} INFO - Processing file /home/diallo/Documents/workspace/Python/AirFlowProjects/AirFlow01/venv/lib/python3.10/site-packages/airflow/example_dags/example_trigger_controller_dag.py for tasks to queue
[2024-05-30T15:43:05.944-0500] {logging_mixin.py:188} INFO - [2024-05-30T15:43:05.943-0500] {dagbag.py:545} INFO - Filling up the DagBag from /home/diallo/Documents/workspace/Python/AirFlowProjects/AirFlow01/venv/lib/python3.10/site-packages/airflow/example_dags/example_trigger_controller_dag.py
[2024-05-30T15:43:05.961-0500] {processor.py:840} INFO - DAG(s) 'example_trigger_controller_dag' retrieved from /home/diallo/Documents/workspace/Python/AirFlowProjects/AirFlow01/venv/lib/python3.10/site-packages/airflow/example_dags/example_trigger_controller_dag.py
[2024-05-30T15:43:05.983-0500] {logging_mixin.py:188} INFO - [2024-05-30T15:43:05.983-0500] {dag.py:3096} INFO - Sync 1 DAGs
[2024-05-30T15:43:06.001-0500] {logging_mixin.py:188} INFO - [2024-05-30T15:43:06.001-0500] {dag.py:3954} INFO - Setting next_dagrun for example_trigger_controller_dag to 2021-01-01 00:00:00+00:00, run_after=2021-01-01 00:00:00+00:00
[2024-05-30T15:43:06.085-0500] {processor.py:183} INFO - Processing /home/diallo/Documents/workspace/Python/AirFlowProjects/AirFlow01/venv/lib/python3.10/site-packages/airflow/example_dags/example_trigger_controller_dag.py took 0.191 seconds
[2024-05-30T15:44:04.060-0500] {processor.py:161} INFO - Started process (PID=25149) to work on /home/diallo/Documents/workspace/Python/AirFlowProjects/AirFlow01/venv/lib/python3.10/site-packages/airflow/example_dags/example_trigger_controller_dag.py
[2024-05-30T15:44:04.100-0500] {processor.py:830} INFO - Processing file /home/diallo/Documents/workspace/Python/AirFlowProjects/AirFlow01/venv/lib/python3.10/site-packages/airflow/example_dags/example_trigger_controller_dag.py for tasks to queue
[2024-05-30T15:44:04.106-0500] {logging_mixin.py:188} INFO - [2024-05-30T15:44:04.104-0500] {dagbag.py:545} INFO - Filling up the DagBag from /home/diallo/Documents/workspace/Python/AirFlowProjects/AirFlow01/venv/lib/python3.10/site-packages/airflow/example_dags/example_trigger_controller_dag.py
[2024-05-30T15:44:04.121-0500] {processor.py:840} INFO - DAG(s) 'example_trigger_controller_dag' retrieved from /home/diallo/Documents/workspace/Python/AirFlowProjects/AirFlow01/venv/lib/python3.10/site-packages/airflow/example_dags/example_trigger_controller_dag.py
[2024-05-30T15:44:04.142-0500] {logging_mixin.py:188} INFO - [2024-05-30T15:44:04.141-0500] {dag.py:3096} INFO - Sync 1 DAGs
[2024-05-30T15:44:04.162-0500] {logging_mixin.py:188} INFO - [2024-05-30T15:44:04.162-0500] {dag.py:3954} INFO - Setting next_dagrun for example_trigger_controller_dag to 2021-01-01 00:00:00+00:00, run_after=2021-01-01 00:00:00+00:00
[2024-05-30T15:44:05.200-0500] {processor.py:183} INFO - Processing /home/diallo/Documents/workspace/Python/AirFlowProjects/AirFlow01/venv/lib/python3.10/site-packages/airflow/example_dags/example_trigger_controller_dag.py took 1.150 seconds
[2024-05-30T15:45:11.692-0500] {processor.py:161} INFO - Started process (PID=25657) to work on /home/diallo/Documents/workspace/Python/AirFlowProjects/AirFlow01/venv/lib/python3.10/site-packages/airflow/example_dags/example_trigger_controller_dag.py
[2024-05-30T15:45:11.741-0500] {processor.py:830} INFO - Processing file /home/diallo/Documents/workspace/Python/AirFlowProjects/AirFlow01/venv/lib/python3.10/site-packages/airflow/example_dags/example_trigger_controller_dag.py for tasks to queue
[2024-05-30T15:45:11.747-0500] {logging_mixin.py:188} INFO - [2024-05-30T15:45:11.745-0500] {dagbag.py:545} INFO - Filling up the DagBag from /home/diallo/Documents/workspace/Python/AirFlowProjects/AirFlow01/venv/lib/python3.10/site-packages/airflow/example_dags/example_trigger_controller_dag.py
[2024-05-30T15:45:11.766-0500] {processor.py:840} INFO - DAG(s) 'example_trigger_controller_dag' retrieved from /home/diallo/Documents/workspace/Python/AirFlowProjects/AirFlow01/venv/lib/python3.10/site-packages/airflow/example_dags/example_trigger_controller_dag.py
[2024-05-30T15:45:11.792-0500] {logging_mixin.py:188} INFO - [2024-05-30T15:45:11.792-0500] {dag.py:3096} INFO - Sync 1 DAGs
[2024-05-30T15:45:11.811-0500] {logging_mixin.py:188} INFO - [2024-05-30T15:45:11.810-0500] {dag.py:3954} INFO - Setting next_dagrun for example_trigger_controller_dag to 2021-01-01 00:00:00+00:00, run_after=2021-01-01 00:00:00+00:00
[2024-05-30T15:45:13.106-0500] {processor.py:183} INFO - Processing /home/diallo/Documents/workspace/Python/AirFlowProjects/AirFlow01/venv/lib/python3.10/site-packages/airflow/example_dags/example_trigger_controller_dag.py took 1.434 seconds
[2024-05-30T15:46:10.750-0500] {processor.py:161} INFO - Started process (PID=26101) to work on /home/diallo/Documents/workspace/Python/AirFlowProjects/AirFlow01/venv/lib/python3.10/site-packages/airflow/example_dags/example_trigger_controller_dag.py
[2024-05-30T15:46:10.757-0500] {processor.py:830} INFO - Processing file /home/diallo/Documents/workspace/Python/AirFlowProjects/AirFlow01/venv/lib/python3.10/site-packages/airflow/example_dags/example_trigger_controller_dag.py for tasks to queue
[2024-05-30T15:46:10.759-0500] {logging_mixin.py:188} INFO - [2024-05-30T15:46:10.759-0500] {dagbag.py:545} INFO - Filling up the DagBag from /home/diallo/Documents/workspace/Python/AirFlowProjects/AirFlow01/venv/lib/python3.10/site-packages/airflow/example_dags/example_trigger_controller_dag.py
[2024-05-30T15:46:10.766-0500] {processor.py:840} INFO - DAG(s) 'example_trigger_controller_dag' retrieved from /home/diallo/Documents/workspace/Python/AirFlowProjects/AirFlow01/venv/lib/python3.10/site-packages/airflow/example_dags/example_trigger_controller_dag.py
[2024-05-30T15:46:10.784-0500] {logging_mixin.py:188} INFO - [2024-05-30T15:46:10.784-0500] {dag.py:3096} INFO - Sync 1 DAGs
[2024-05-30T15:46:10.805-0500] {logging_mixin.py:188} INFO - [2024-05-30T15:46:10.804-0500] {dag.py:3954} INFO - Setting next_dagrun for example_trigger_controller_dag to 2021-01-01 00:00:00+00:00, run_after=2021-01-01 00:00:00+00:00
[2024-05-30T15:46:10.871-0500] {processor.py:183} INFO - Processing /home/diallo/Documents/workspace/Python/AirFlowProjects/AirFlow01/venv/lib/python3.10/site-packages/airflow/example_dags/example_trigger_controller_dag.py took 0.133 seconds
[2024-05-30T15:46:49.951-0500] {processor.py:161} INFO - Started process (PID=26422) to work on /home/diallo/Documents/workspace/Python/AirFlowProjects/AirFlow01/venv/lib/python3.10/site-packages/airflow/example_dags/example_trigger_controller_dag.py
[2024-05-30T15:46:49.954-0500] {processor.py:830} INFO - Processing file /home/diallo/Documents/workspace/Python/AirFlowProjects/AirFlow01/venv/lib/python3.10/site-packages/airflow/example_dags/example_trigger_controller_dag.py for tasks to queue
[2024-05-30T15:46:49.958-0500] {logging_mixin.py:188} INFO - [2024-05-30T15:46:49.957-0500] {dagbag.py:545} INFO - Filling up the DagBag from /home/diallo/Documents/workspace/Python/AirFlowProjects/AirFlow01/venv/lib/python3.10/site-packages/airflow/example_dags/example_trigger_controller_dag.py
[2024-05-30T15:46:49.970-0500] {processor.py:840} INFO - DAG(s) 'example_trigger_controller_dag' retrieved from /home/diallo/Documents/workspace/Python/AirFlowProjects/AirFlow01/venv/lib/python3.10/site-packages/airflow/example_dags/example_trigger_controller_dag.py
[2024-05-30T15:46:49.992-0500] {logging_mixin.py:188} INFO - [2024-05-30T15:46:49.992-0500] {dag.py:3096} INFO - Sync 1 DAGs
[2024-05-30T15:46:50.016-0500] {logging_mixin.py:188} INFO - [2024-05-30T15:46:50.015-0500] {dag.py:3954} INFO - Setting next_dagrun for example_trigger_controller_dag to 2021-01-01 00:00:00+00:00, run_after=2021-01-01 00:00:00+00:00
[2024-05-30T15:46:50.115-0500] {processor.py:183} INFO - Processing /home/diallo/Documents/workspace/Python/AirFlowProjects/AirFlow01/venv/lib/python3.10/site-packages/airflow/example_dags/example_trigger_controller_dag.py took 0.192 seconds
[2024-05-30T15:48:00.441-0500] {processor.py:161} INFO - Started process (PID=26983) to work on /home/diallo/Documents/workspace/Python/AirFlowProjects/AirFlow01/venv/lib/python3.10/site-packages/airflow/example_dags/example_trigger_controller_dag.py
[2024-05-30T15:48:00.482-0500] {processor.py:830} INFO - Processing file /home/diallo/Documents/workspace/Python/AirFlowProjects/AirFlow01/venv/lib/python3.10/site-packages/airflow/example_dags/example_trigger_controller_dag.py for tasks to queue
[2024-05-30T15:48:00.490-0500] {logging_mixin.py:188} INFO - [2024-05-30T15:48:00.488-0500] {dagbag.py:545} INFO - Filling up the DagBag from /home/diallo/Documents/workspace/Python/AirFlowProjects/AirFlow01/venv/lib/python3.10/site-packages/airflow/example_dags/example_trigger_controller_dag.py
[2024-05-30T15:48:00.508-0500] {processor.py:840} INFO - DAG(s) 'example_trigger_controller_dag' retrieved from /home/diallo/Documents/workspace/Python/AirFlowProjects/AirFlow01/venv/lib/python3.10/site-packages/airflow/example_dags/example_trigger_controller_dag.py
[2024-05-30T15:48:00.557-0500] {logging_mixin.py:188} INFO - [2024-05-30T15:48:00.557-0500] {dag.py:3096} INFO - Sync 1 DAGs
[2024-05-30T15:48:00.587-0500] {logging_mixin.py:188} INFO - [2024-05-30T15:48:00.587-0500] {dag.py:3954} INFO - Setting next_dagrun for example_trigger_controller_dag to 2021-01-01 00:00:00+00:00, run_after=2021-01-01 00:00:00+00:00
[2024-05-30T15:48:00.692-0500] {processor.py:183} INFO - Processing /home/diallo/Documents/workspace/Python/AirFlowProjects/AirFlow01/venv/lib/python3.10/site-packages/airflow/example_dags/example_trigger_controller_dag.py took 0.273 seconds
[2024-05-30T15:48:59.229-0500] {processor.py:161} INFO - Started process (PID=27465) to work on /home/diallo/Documents/workspace/Python/AirFlowProjects/AirFlow01/venv/lib/python3.10/site-packages/airflow/example_dags/example_trigger_controller_dag.py
[2024-05-30T15:48:59.270-0500] {processor.py:830} INFO - Processing file /home/diallo/Documents/workspace/Python/AirFlowProjects/AirFlow01/venv/lib/python3.10/site-packages/airflow/example_dags/example_trigger_controller_dag.py for tasks to queue
[2024-05-30T15:48:59.274-0500] {logging_mixin.py:188} INFO - [2024-05-30T15:48:59.273-0500] {dagbag.py:545} INFO - Filling up the DagBag from /home/diallo/Documents/workspace/Python/AirFlowProjects/AirFlow01/venv/lib/python3.10/site-packages/airflow/example_dags/example_trigger_controller_dag.py
[2024-05-30T15:48:59.286-0500] {processor.py:840} INFO - DAG(s) 'example_trigger_controller_dag' retrieved from /home/diallo/Documents/workspace/Python/AirFlowProjects/AirFlow01/venv/lib/python3.10/site-packages/airflow/example_dags/example_trigger_controller_dag.py
[2024-05-30T15:48:59.310-0500] {logging_mixin.py:188} INFO - [2024-05-30T15:48:59.310-0500] {dag.py:3096} INFO - Sync 1 DAGs
[2024-05-30T15:48:59.330-0500] {logging_mixin.py:188} INFO - [2024-05-30T15:48:59.329-0500] {dag.py:3954} INFO - Setting next_dagrun for example_trigger_controller_dag to 2021-01-01 00:00:00+00:00, run_after=2021-01-01 00:00:00+00:00
[2024-05-30T15:48:59.408-0500] {processor.py:183} INFO - Processing /home/diallo/Documents/workspace/Python/AirFlowProjects/AirFlow01/venv/lib/python3.10/site-packages/airflow/example_dags/example_trigger_controller_dag.py took 0.190 seconds
[2024-05-30T15:50:31.498-0500] {processor.py:161} INFO - Started process (PID=28186) to work on /home/diallo/Documents/workspace/Python/AirFlowProjects/AirFlow01/venv/lib/python3.10/site-packages/airflow/example_dags/example_trigger_controller_dag.py
[2024-05-30T15:50:31.510-0500] {processor.py:830} INFO - Processing file /home/diallo/Documents/workspace/Python/AirFlowProjects/AirFlow01/venv/lib/python3.10/site-packages/airflow/example_dags/example_trigger_controller_dag.py for tasks to queue
[2024-05-30T15:50:31.515-0500] {logging_mixin.py:188} INFO - [2024-05-30T15:50:31.513-0500] {dagbag.py:545} INFO - Filling up the DagBag from /home/diallo/Documents/workspace/Python/AirFlowProjects/AirFlow01/venv/lib/python3.10/site-packages/airflow/example_dags/example_trigger_controller_dag.py
[2024-05-30T15:50:31.524-0500] {processor.py:840} INFO - DAG(s) 'example_trigger_controller_dag' retrieved from /home/diallo/Documents/workspace/Python/AirFlowProjects/AirFlow01/venv/lib/python3.10/site-packages/airflow/example_dags/example_trigger_controller_dag.py
[2024-05-30T15:50:31.549-0500] {logging_mixin.py:188} INFO - [2024-05-30T15:50:31.548-0500] {dag.py:3096} INFO - Sync 1 DAGs
[2024-05-30T15:50:31.573-0500] {logging_mixin.py:188} INFO - [2024-05-30T15:50:31.573-0500] {dag.py:3954} INFO - Setting next_dagrun for example_trigger_controller_dag to 2021-01-01 00:00:00+00:00, run_after=2021-01-01 00:00:00+00:00
[2024-05-30T15:50:32.242-0500] {processor.py:183} INFO - Processing /home/diallo/Documents/workspace/Python/AirFlowProjects/AirFlow01/venv/lib/python3.10/site-packages/airflow/example_dags/example_trigger_controller_dag.py took 0.761 seconds
