[2024-05-30T15:38:34.999-0500] {processor.py:161} INFO - Started process (PID=22558) to work on /home/diallo/Documents/workspace/Python/AirFlowProjects/AirFlow01/venv/lib/python3.10/site-packages/airflow/example_dags/example_branch_python_dop_operator_3.py
[2024-05-30T15:38:35.000-0500] {processor.py:830} INFO - Processing file /home/diallo/Documents/workspace/Python/AirFlowProjects/AirFlow01/venv/lib/python3.10/site-packages/airflow/example_dags/example_branch_python_dop_operator_3.py for tasks to queue
[2024-05-30T15:38:35.002-0500] {logging_mixin.py:188} INFO - [2024-05-30T15:38:35.002-0500] {dagbag.py:545} INFO - Filling up the DagBag from /home/diallo/Documents/workspace/Python/AirFlowProjects/AirFlow01/venv/lib/python3.10/site-packages/airflow/example_dags/example_branch_python_dop_operator_3.py
[2024-05-30T15:38:35.013-0500] {processor.py:840} INFO - DAG(s) 'example_branch_dop_operator_v3' retrieved from /home/diallo/Documents/workspace/Python/AirFlowProjects/AirFlow01/venv/lib/python3.10/site-packages/airflow/example_dags/example_branch_python_dop_operator_3.py
[2024-05-30T15:38:35.221-0500] {logging_mixin.py:188} INFO - [2024-05-30T15:38:35.220-0500] {override.py:1829} INFO - Created Permission View: can delete on DAG:example_branch_dop_operator_v3
[2024-05-30T15:38:35.278-0500] {logging_mixin.py:188} INFO - [2024-05-30T15:38:35.277-0500] {override.py:1829} INFO - Created Permission View: can edit on DAG:example_branch_dop_operator_v3
[2024-05-30T15:38:35.347-0500] {logging_mixin.py:188} INFO - [2024-05-30T15:38:35.345-0500] {override.py:1829} INFO - Created Permission View: can read on DAG:example_branch_dop_operator_v3
[2024-05-30T15:38:35.349-0500] {logging_mixin.py:188} INFO - [2024-05-30T15:38:35.348-0500] {dag.py:3096} INFO - Sync 1 DAGs
[2024-05-30T15:38:35.377-0500] {logging_mixin.py:188} INFO - [2024-05-30T15:38:35.376-0500] {dag.py:3118} INFO - Creating ORM DAG for example_branch_dop_operator_v3
[2024-05-30T15:38:35.486-0500] {logging_mixin.py:188} INFO - [2024-05-30T15:38:35.486-0500] {dag.py:3954} INFO - Setting next_dagrun for example_branch_dop_operator_v3 to 2024-05-30 20:37:00+00:00, run_after=2024-05-30 20:38:00+00:00
[2024-05-30T15:38:35.606-0500] {processor.py:183} INFO - Processing /home/diallo/Documents/workspace/Python/AirFlowProjects/AirFlow01/venv/lib/python3.10/site-packages/airflow/example_dags/example_branch_python_dop_operator_3.py took 0.614 seconds
[2024-05-30T15:39:55.850-0500] {processor.py:161} INFO - Started process (PID=23226) to work on /home/diallo/Documents/workspace/Python/AirFlowProjects/AirFlow01/venv/lib/python3.10/site-packages/airflow/example_dags/example_branch_python_dop_operator_3.py
[2024-05-30T15:39:55.852-0500] {processor.py:830} INFO - Processing file /home/diallo/Documents/workspace/Python/AirFlowProjects/AirFlow01/venv/lib/python3.10/site-packages/airflow/example_dags/example_branch_python_dop_operator_3.py for tasks to queue
[2024-05-30T15:39:55.854-0500] {logging_mixin.py:188} INFO - [2024-05-30T15:39:55.853-0500] {dagbag.py:545} INFO - Filling up the DagBag from /home/diallo/Documents/workspace/Python/AirFlowProjects/AirFlow01/venv/lib/python3.10/site-packages/airflow/example_dags/example_branch_python_dop_operator_3.py
[2024-05-30T15:39:55.869-0500] {processor.py:840} INFO - DAG(s) 'example_branch_dop_operator_v3' retrieved from /home/diallo/Documents/workspace/Python/AirFlowProjects/AirFlow01/venv/lib/python3.10/site-packages/airflow/example_dags/example_branch_python_dop_operator_3.py
[2024-05-30T15:39:55.891-0500] {logging_mixin.py:188} INFO - [2024-05-30T15:39:55.890-0500] {dag.py:3096} INFO - Sync 1 DAGs
[2024-05-30T15:39:55.914-0500] {logging_mixin.py:188} INFO - [2024-05-30T15:39:55.914-0500] {dag.py:3954} INFO - Setting next_dagrun for example_branch_dop_operator_v3 to 2024-05-30 20:38:00+00:00, run_after=2024-05-30 20:39:00+00:00
[2024-05-30T15:39:56.126-0500] {processor.py:183} INFO - Processing /home/diallo/Documents/workspace/Python/AirFlowProjects/AirFlow01/venv/lib/python3.10/site-packages/airflow/example_dags/example_branch_python_dop_operator_3.py took 0.284 seconds
[2024-05-30T15:42:51.315-0500] {processor.py:161} INFO - Started process (PID=24575) to work on /home/diallo/Documents/workspace/Python/AirFlowProjects/AirFlow01/venv/lib/python3.10/site-packages/airflow/example_dags/example_branch_python_dop_operator_3.py
[2024-05-30T15:42:51.349-0500] {processor.py:830} INFO - Processing file /home/diallo/Documents/workspace/Python/AirFlowProjects/AirFlow01/venv/lib/python3.10/site-packages/airflow/example_dags/example_branch_python_dop_operator_3.py for tasks to queue
[2024-05-30T15:42:51.352-0500] {logging_mixin.py:188} INFO - [2024-05-30T15:42:51.351-0500] {dagbag.py:545} INFO - Filling up the DagBag from /home/diallo/Documents/workspace/Python/AirFlowProjects/AirFlow01/venv/lib/python3.10/site-packages/airflow/example_dags/example_branch_python_dop_operator_3.py
[2024-05-30T15:42:51.370-0500] {processor.py:840} INFO - DAG(s) 'example_branch_dop_operator_v3' retrieved from /home/diallo/Documents/workspace/Python/AirFlowProjects/AirFlow01/venv/lib/python3.10/site-packages/airflow/example_dags/example_branch_python_dop_operator_3.py
[2024-05-30T15:42:51.390-0500] {logging_mixin.py:188} INFO - [2024-05-30T15:42:51.390-0500] {dag.py:3096} INFO - Sync 1 DAGs
[2024-05-30T15:42:51.414-0500] {logging_mixin.py:188} INFO - [2024-05-30T15:42:51.413-0500] {dag.py:3954} INFO - Setting next_dagrun for example_branch_dop_operator_v3 to 2024-05-30 20:41:00+00:00, run_after=2024-05-30 20:42:00+00:00
[2024-05-30T15:42:51.495-0500] {processor.py:183} INFO - Processing /home/diallo/Documents/workspace/Python/AirFlowProjects/AirFlow01/venv/lib/python3.10/site-packages/airflow/example_dags/example_branch_python_dop_operator_3.py took 0.191 seconds
[2024-05-30T15:43:56.547-0500] {processor.py:161} INFO - Started process (PID=25084) to work on /home/diallo/Documents/workspace/Python/AirFlowProjects/AirFlow01/venv/lib/python3.10/site-packages/airflow/example_dags/example_branch_python_dop_operator_3.py
[2024-05-30T15:43:56.580-0500] {processor.py:830} INFO - Processing file /home/diallo/Documents/workspace/Python/AirFlowProjects/AirFlow01/venv/lib/python3.10/site-packages/airflow/example_dags/example_branch_python_dop_operator_3.py for tasks to queue
[2024-05-30T15:43:56.586-0500] {logging_mixin.py:188} INFO - [2024-05-30T15:43:56.584-0500] {dagbag.py:545} INFO - Filling up the DagBag from /home/diallo/Documents/workspace/Python/AirFlowProjects/AirFlow01/venv/lib/python3.10/site-packages/airflow/example_dags/example_branch_python_dop_operator_3.py
[2024-05-30T15:43:56.614-0500] {processor.py:840} INFO - DAG(s) 'example_branch_dop_operator_v3' retrieved from /home/diallo/Documents/workspace/Python/AirFlowProjects/AirFlow01/venv/lib/python3.10/site-packages/airflow/example_dags/example_branch_python_dop_operator_3.py
[2024-05-30T15:43:56.633-0500] {logging_mixin.py:188} INFO - [2024-05-30T15:43:56.633-0500] {dag.py:3096} INFO - Sync 1 DAGs
[2024-05-30T15:43:56.655-0500] {logging_mixin.py:188} INFO - [2024-05-30T15:43:56.655-0500] {dag.py:3954} INFO - Setting next_dagrun for example_branch_dop_operator_v3 to 2024-05-30 20:42:00+00:00, run_after=2024-05-30 20:43:00+00:00
[2024-05-30T15:43:56.735-0500] {processor.py:183} INFO - Processing /home/diallo/Documents/workspace/Python/AirFlowProjects/AirFlow01/venv/lib/python3.10/site-packages/airflow/example_dags/example_branch_python_dop_operator_3.py took 0.193 seconds
[2024-05-30T15:45:55.231-0500] {processor.py:161} INFO - Started process (PID=25971) to work on /home/diallo/Documents/workspace/Python/AirFlowProjects/AirFlow01/venv/lib/python3.10/site-packages/airflow/example_dags/example_branch_python_dop_operator_3.py
[2024-05-30T15:45:55.272-0500] {processor.py:830} INFO - Processing file /home/diallo/Documents/workspace/Python/AirFlowProjects/AirFlow01/venv/lib/python3.10/site-packages/airflow/example_dags/example_branch_python_dop_operator_3.py for tasks to queue
[2024-05-30T15:45:55.278-0500] {logging_mixin.py:188} INFO - [2024-05-30T15:45:55.277-0500] {dagbag.py:545} INFO - Filling up the DagBag from /home/diallo/Documents/workspace/Python/AirFlowProjects/AirFlow01/venv/lib/python3.10/site-packages/airflow/example_dags/example_branch_python_dop_operator_3.py
[2024-05-30T15:45:55.311-0500] {processor.py:840} INFO - DAG(s) 'example_branch_dop_operator_v3' retrieved from /home/diallo/Documents/workspace/Python/AirFlowProjects/AirFlow01/venv/lib/python3.10/site-packages/airflow/example_dags/example_branch_python_dop_operator_3.py
[2024-05-30T15:45:55.333-0500] {logging_mixin.py:188} INFO - [2024-05-30T15:45:55.333-0500] {dag.py:3096} INFO - Sync 1 DAGs
[2024-05-30T15:45:55.357-0500] {logging_mixin.py:188} INFO - [2024-05-30T15:45:55.356-0500] {dag.py:3954} INFO - Setting next_dagrun for example_branch_dop_operator_v3 to 2024-05-30 20:44:00+00:00, run_after=2024-05-30 20:45:00+00:00
[2024-05-30T15:45:55.419-0500] {processor.py:183} INFO - Processing /home/diallo/Documents/workspace/Python/AirFlowProjects/AirFlow01/venv/lib/python3.10/site-packages/airflow/example_dags/example_branch_python_dop_operator_3.py took 0.197 seconds
[2024-05-30T15:47:08.376-0500] {processor.py:161} INFO - Started process (PID=26573) to work on /home/diallo/Documents/workspace/Python/AirFlowProjects/AirFlow01/venv/lib/python3.10/site-packages/airflow/example_dags/example_branch_python_dop_operator_3.py
[2024-05-30T15:47:08.386-0500] {processor.py:830} INFO - Processing file /home/diallo/Documents/workspace/Python/AirFlowProjects/AirFlow01/venv/lib/python3.10/site-packages/airflow/example_dags/example_branch_python_dop_operator_3.py for tasks to queue
[2024-05-30T15:47:08.393-0500] {logging_mixin.py:188} INFO - [2024-05-30T15:47:08.392-0500] {dagbag.py:545} INFO - Filling up the DagBag from /home/diallo/Documents/workspace/Python/AirFlowProjects/AirFlow01/venv/lib/python3.10/site-packages/airflow/example_dags/example_branch_python_dop_operator_3.py
[2024-05-30T15:47:08.421-0500] {processor.py:840} INFO - DAG(s) 'example_branch_dop_operator_v3' retrieved from /home/diallo/Documents/workspace/Python/AirFlowProjects/AirFlow01/venv/lib/python3.10/site-packages/airflow/example_dags/example_branch_python_dop_operator_3.py
[2024-05-30T15:47:08.442-0500] {logging_mixin.py:188} INFO - [2024-05-30T15:47:08.442-0500] {dag.py:3096} INFO - Sync 1 DAGs
[2024-05-30T15:47:08.473-0500] {logging_mixin.py:188} INFO - [2024-05-30T15:47:08.472-0500] {dag.py:3954} INFO - Setting next_dagrun for example_branch_dop_operator_v3 to 2024-05-30 20:46:00+00:00, run_after=2024-05-30 20:47:00+00:00
[2024-05-30T15:47:08.544-0500] {processor.py:183} INFO - Processing /home/diallo/Documents/workspace/Python/AirFlowProjects/AirFlow01/venv/lib/python3.10/site-packages/airflow/example_dags/example_branch_python_dop_operator_3.py took 0.198 seconds
[2024-05-30T15:48:16.906-0500] {processor.py:161} INFO - Started process (PID=27132) to work on /home/diallo/Documents/workspace/Python/AirFlowProjects/AirFlow01/venv/lib/python3.10/site-packages/airflow/example_dags/example_branch_python_dop_operator_3.py
[2024-05-30T15:48:16.938-0500] {processor.py:830} INFO - Processing file /home/diallo/Documents/workspace/Python/AirFlowProjects/AirFlow01/venv/lib/python3.10/site-packages/airflow/example_dags/example_branch_python_dop_operator_3.py for tasks to queue
[2024-05-30T15:48:16.943-0500] {logging_mixin.py:188} INFO - [2024-05-30T15:48:16.942-0500] {dagbag.py:545} INFO - Filling up the DagBag from /home/diallo/Documents/workspace/Python/AirFlowProjects/AirFlow01/venv/lib/python3.10/site-packages/airflow/example_dags/example_branch_python_dop_operator_3.py
[2024-05-30T15:48:16.969-0500] {processor.py:840} INFO - DAG(s) 'example_branch_dop_operator_v3' retrieved from /home/diallo/Documents/workspace/Python/AirFlowProjects/AirFlow01/venv/lib/python3.10/site-packages/airflow/example_dags/example_branch_python_dop_operator_3.py
[2024-05-30T15:48:16.987-0500] {logging_mixin.py:188} INFO - [2024-05-30T15:48:16.986-0500] {dag.py:3096} INFO - Sync 1 DAGs
[2024-05-30T15:48:17.009-0500] {logging_mixin.py:188} INFO - [2024-05-30T15:48:17.009-0500] {dag.py:3954} INFO - Setting next_dagrun for example_branch_dop_operator_v3 to 2024-05-30 20:47:00+00:00, run_after=2024-05-30 20:48:00+00:00
[2024-05-30T15:48:17.082-0500] {processor.py:183} INFO - Processing /home/diallo/Documents/workspace/Python/AirFlowProjects/AirFlow01/venv/lib/python3.10/site-packages/airflow/example_dags/example_branch_python_dop_operator_3.py took 0.187 seconds
[2024-05-30T15:49:17.273-0500] {processor.py:161} INFO - Started process (PID=27618) to work on /home/diallo/Documents/workspace/Python/AirFlowProjects/AirFlow01/venv/lib/python3.10/site-packages/airflow/example_dags/example_branch_python_dop_operator_3.py
[2024-05-30T15:49:17.308-0500] {processor.py:830} INFO - Processing file /home/diallo/Documents/workspace/Python/AirFlowProjects/AirFlow01/venv/lib/python3.10/site-packages/airflow/example_dags/example_branch_python_dop_operator_3.py for tasks to queue
[2024-05-30T15:49:17.310-0500] {logging_mixin.py:188} INFO - [2024-05-30T15:49:17.309-0500] {dagbag.py:545} INFO - Filling up the DagBag from /home/diallo/Documents/workspace/Python/AirFlowProjects/AirFlow01/venv/lib/python3.10/site-packages/airflow/example_dags/example_branch_python_dop_operator_3.py
[2024-05-30T15:49:17.320-0500] {processor.py:840} INFO - DAG(s) 'example_branch_dop_operator_v3' retrieved from /home/diallo/Documents/workspace/Python/AirFlowProjects/AirFlow01/venv/lib/python3.10/site-packages/airflow/example_dags/example_branch_python_dop_operator_3.py
[2024-05-30T15:49:17.336-0500] {logging_mixin.py:188} INFO - [2024-05-30T15:49:17.336-0500] {dag.py:3096} INFO - Sync 1 DAGs
[2024-05-30T15:49:17.361-0500] {logging_mixin.py:188} INFO - [2024-05-30T15:49:17.361-0500] {dag.py:3954} INFO - Setting next_dagrun for example_branch_dop_operator_v3 to 2024-05-30 20:48:00+00:00, run_after=2024-05-30 20:49:00+00:00
[2024-05-30T15:49:17.433-0500] {processor.py:183} INFO - Processing /home/diallo/Documents/workspace/Python/AirFlowProjects/AirFlow01/venv/lib/python3.10/site-packages/airflow/example_dags/example_branch_python_dop_operator_3.py took 0.170 seconds
