[2024-05-30T15:38:25.333-0500] {processor.py:161} INFO - Started process (PID=22459) to work on /home/diallo/Documents/workspace/Python/AirFlowProjects/AirFlow01/venv/lib/python3.10/site-packages/airflow/example_dags/example_latest_only.py
[2024-05-30T15:38:25.334-0500] {processor.py:830} INFO - Processing file /home/diallo/Documents/workspace/Python/AirFlowProjects/AirFlow01/venv/lib/python3.10/site-packages/airflow/example_dags/example_latest_only.py for tasks to queue
[2024-05-30T15:38:25.336-0500] {logging_mixin.py:188} INFO - [2024-05-30T15:38:25.336-0500] {dagbag.py:545} INFO - Filling up the DagBag from /home/diallo/Documents/workspace/Python/AirFlowProjects/AirFlow01/venv/lib/python3.10/site-packages/airflow/example_dags/example_latest_only.py
[2024-05-30T15:38:25.368-0500] {processor.py:840} INFO - DAG(s) 'latest_only' retrieved from /home/diallo/Documents/workspace/Python/AirFlowProjects/AirFlow01/venv/lib/python3.10/site-packages/airflow/example_dags/example_latest_only.py
[2024-05-30T15:38:25.585-0500] {logging_mixin.py:188} INFO - [2024-05-30T15:38:25.582-0500] {override.py:1829} INFO - Created Permission View: can delete on DAG:latest_only
[2024-05-30T15:38:25.652-0500] {logging_mixin.py:188} INFO - [2024-05-30T15:38:25.650-0500] {override.py:1829} INFO - Created Permission View: can edit on DAG:latest_only
[2024-05-30T15:38:25.718-0500] {logging_mixin.py:188} INFO - [2024-05-30T15:38:25.717-0500] {override.py:1829} INFO - Created Permission View: can read on DAG:latest_only
[2024-05-30T15:38:25.719-0500] {logging_mixin.py:188} INFO - [2024-05-30T15:38:25.719-0500] {dag.py:3096} INFO - Sync 1 DAGs
[2024-05-30T15:38:25.744-0500] {logging_mixin.py:188} INFO - [2024-05-30T15:38:25.743-0500] {dag.py:3118} INFO - Creating ORM DAG for latest_only
[2024-05-30T15:38:25.845-0500] {logging_mixin.py:188} INFO - [2024-05-30T15:38:25.845-0500] {dag.py:3954} INFO - Setting next_dagrun for latest_only to 2024-05-30 16:00:00+00:00, run_after=2024-05-30 20:00:00+00:00
[2024-05-30T15:38:25.958-0500] {processor.py:183} INFO - Processing /home/diallo/Documents/workspace/Python/AirFlowProjects/AirFlow01/venv/lib/python3.10/site-packages/airflow/example_dags/example_latest_only.py took 0.633 seconds
[2024-05-30T15:39:47.494-0500] {processor.py:161} INFO - Started process (PID=23160) to work on /home/diallo/Documents/workspace/Python/AirFlowProjects/AirFlow01/venv/lib/python3.10/site-packages/airflow/example_dags/example_latest_only.py
[2024-05-30T15:39:47.562-0500] {processor.py:830} INFO - Processing file /home/diallo/Documents/workspace/Python/AirFlowProjects/AirFlow01/venv/lib/python3.10/site-packages/airflow/example_dags/example_latest_only.py for tasks to queue
[2024-05-30T15:39:47.567-0500] {logging_mixin.py:188} INFO - [2024-05-30T15:39:47.566-0500] {dagbag.py:545} INFO - Filling up the DagBag from /home/diallo/Documents/workspace/Python/AirFlowProjects/AirFlow01/venv/lib/python3.10/site-packages/airflow/example_dags/example_latest_only.py
[2024-05-30T15:39:47.586-0500] {processor.py:840} INFO - DAG(s) 'latest_only' retrieved from /home/diallo/Documents/workspace/Python/AirFlowProjects/AirFlow01/venv/lib/python3.10/site-packages/airflow/example_dags/example_latest_only.py
[2024-05-30T15:39:47.637-0500] {logging_mixin.py:188} INFO - [2024-05-30T15:39:47.636-0500] {dag.py:3096} INFO - Sync 1 DAGs
[2024-05-30T15:39:47.666-0500] {logging_mixin.py:188} INFO - [2024-05-30T15:39:47.666-0500] {dag.py:3954} INFO - Setting next_dagrun for latest_only to 2024-05-30 16:00:00+00:00, run_after=2024-05-30 20:00:00+00:00
[2024-05-30T15:39:47.790-0500] {processor.py:183} INFO - Processing /home/diallo/Documents/workspace/Python/AirFlowProjects/AirFlow01/venv/lib/python3.10/site-packages/airflow/example_dags/example_latest_only.py took 0.306 seconds
[2024-05-30T15:42:42.816-0500] {processor.py:161} INFO - Started process (PID=24488) to work on /home/diallo/Documents/workspace/Python/AirFlowProjects/AirFlow01/venv/lib/python3.10/site-packages/airflow/example_dags/example_latest_only.py
[2024-05-30T15:42:42.853-0500] {processor.py:830} INFO - Processing file /home/diallo/Documents/workspace/Python/AirFlowProjects/AirFlow01/venv/lib/python3.10/site-packages/airflow/example_dags/example_latest_only.py for tasks to queue
[2024-05-30T15:42:42.858-0500] {logging_mixin.py:188} INFO - [2024-05-30T15:42:42.857-0500] {dagbag.py:545} INFO - Filling up the DagBag from /home/diallo/Documents/workspace/Python/AirFlowProjects/AirFlow01/venv/lib/python3.10/site-packages/airflow/example_dags/example_latest_only.py
[2024-05-30T15:42:42.876-0500] {processor.py:840} INFO - DAG(s) 'latest_only' retrieved from /home/diallo/Documents/workspace/Python/AirFlowProjects/AirFlow01/venv/lib/python3.10/site-packages/airflow/example_dags/example_latest_only.py
[2024-05-30T15:42:42.900-0500] {logging_mixin.py:188} INFO - [2024-05-30T15:42:42.900-0500] {dag.py:3096} INFO - Sync 1 DAGs
[2024-05-30T15:42:42.921-0500] {logging_mixin.py:188} INFO - [2024-05-30T15:42:42.920-0500] {dag.py:3954} INFO - Setting next_dagrun for latest_only to 2024-05-30 16:00:00+00:00, run_after=2024-05-30 20:00:00+00:00
[2024-05-30T15:42:43.704-0500] {processor.py:183} INFO - Processing /home/diallo/Documents/workspace/Python/AirFlowProjects/AirFlow01/venv/lib/python3.10/site-packages/airflow/example_dags/example_latest_only.py took 0.900 seconds
[2024-05-30T15:43:49.379-0500] {processor.py:161} INFO - Started process (PID=25033) to work on /home/diallo/Documents/workspace/Python/AirFlowProjects/AirFlow01/venv/lib/python3.10/site-packages/airflow/example_dags/example_latest_only.py
[2024-05-30T15:43:49.413-0500] {processor.py:830} INFO - Processing file /home/diallo/Documents/workspace/Python/AirFlowProjects/AirFlow01/venv/lib/python3.10/site-packages/airflow/example_dags/example_latest_only.py for tasks to queue
[2024-05-30T15:43:49.416-0500] {logging_mixin.py:188} INFO - [2024-05-30T15:43:49.415-0500] {dagbag.py:545} INFO - Filling up the DagBag from /home/diallo/Documents/workspace/Python/AirFlowProjects/AirFlow01/venv/lib/python3.10/site-packages/airflow/example_dags/example_latest_only.py
[2024-05-30T15:43:49.424-0500] {processor.py:840} INFO - DAG(s) 'latest_only' retrieved from /home/diallo/Documents/workspace/Python/AirFlowProjects/AirFlow01/venv/lib/python3.10/site-packages/airflow/example_dags/example_latest_only.py
[2024-05-30T15:43:49.446-0500] {logging_mixin.py:188} INFO - [2024-05-30T15:43:49.446-0500] {dag.py:3096} INFO - Sync 1 DAGs
[2024-05-30T15:43:49.466-0500] {logging_mixin.py:188} INFO - [2024-05-30T15:43:49.466-0500] {dag.py:3954} INFO - Setting next_dagrun for latest_only to 2024-05-30 16:00:00+00:00, run_after=2024-05-30 20:00:00+00:00
[2024-05-30T15:43:49.526-0500] {processor.py:183} INFO - Processing /home/diallo/Documents/workspace/Python/AirFlowProjects/AirFlow01/venv/lib/python3.10/site-packages/airflow/example_dags/example_latest_only.py took 0.158 seconds
[2024-05-30T15:45:47.697-0500] {processor.py:161} INFO - Started process (PID=25920) to work on /home/diallo/Documents/workspace/Python/AirFlowProjects/AirFlow01/venv/lib/python3.10/site-packages/airflow/example_dags/example_latest_only.py
[2024-05-30T15:45:47.743-0500] {processor.py:830} INFO - Processing file /home/diallo/Documents/workspace/Python/AirFlowProjects/AirFlow01/venv/lib/python3.10/site-packages/airflow/example_dags/example_latest_only.py for tasks to queue
[2024-05-30T15:45:47.749-0500] {logging_mixin.py:188} INFO - [2024-05-30T15:45:47.747-0500] {dagbag.py:545} INFO - Filling up the DagBag from /home/diallo/Documents/workspace/Python/AirFlowProjects/AirFlow01/venv/lib/python3.10/site-packages/airflow/example_dags/example_latest_only.py
[2024-05-30T15:45:47.765-0500] {processor.py:840} INFO - DAG(s) 'latest_only' retrieved from /home/diallo/Documents/workspace/Python/AirFlowProjects/AirFlow01/venv/lib/python3.10/site-packages/airflow/example_dags/example_latest_only.py
[2024-05-30T15:45:47.786-0500] {logging_mixin.py:188} INFO - [2024-05-30T15:45:47.786-0500] {dag.py:3096} INFO - Sync 1 DAGs
[2024-05-30T15:45:47.804-0500] {logging_mixin.py:188} INFO - [2024-05-30T15:45:47.804-0500] {dag.py:3954} INFO - Setting next_dagrun for latest_only to 2024-05-30 16:00:00+00:00, run_after=2024-05-30 20:00:00+00:00
[2024-05-30T15:45:47.862-0500] {processor.py:183} INFO - Processing /home/diallo/Documents/workspace/Python/AirFlowProjects/AirFlow01/venv/lib/python3.10/site-packages/airflow/example_dags/example_latest_only.py took 0.176 seconds
[2024-05-30T15:47:00.431-0500] {processor.py:161} INFO - Started process (PID=26509) to work on /home/diallo/Documents/workspace/Python/AirFlowProjects/AirFlow01/venv/lib/python3.10/site-packages/airflow/example_dags/example_latest_only.py
[2024-05-30T15:47:00.465-0500] {processor.py:830} INFO - Processing file /home/diallo/Documents/workspace/Python/AirFlowProjects/AirFlow01/venv/lib/python3.10/site-packages/airflow/example_dags/example_latest_only.py for tasks to queue
[2024-05-30T15:47:00.467-0500] {logging_mixin.py:188} INFO - [2024-05-30T15:47:00.467-0500] {dagbag.py:545} INFO - Filling up the DagBag from /home/diallo/Documents/workspace/Python/AirFlowProjects/AirFlow01/venv/lib/python3.10/site-packages/airflow/example_dags/example_latest_only.py
[2024-05-30T15:47:00.474-0500] {processor.py:840} INFO - DAG(s) 'latest_only' retrieved from /home/diallo/Documents/workspace/Python/AirFlowProjects/AirFlow01/venv/lib/python3.10/site-packages/airflow/example_dags/example_latest_only.py
[2024-05-30T15:47:00.497-0500] {logging_mixin.py:188} INFO - [2024-05-30T15:47:00.496-0500] {dag.py:3096} INFO - Sync 1 DAGs
[2024-05-30T15:47:00.526-0500] {logging_mixin.py:188} INFO - [2024-05-30T15:47:00.525-0500] {dag.py:3954} INFO - Setting next_dagrun for latest_only to 2024-05-30 16:00:00+00:00, run_after=2024-05-30 20:00:00+00:00
[2024-05-30T15:47:00.645-0500] {processor.py:183} INFO - Processing /home/diallo/Documents/workspace/Python/AirFlowProjects/AirFlow01/venv/lib/python3.10/site-packages/airflow/example_dags/example_latest_only.py took 0.240 seconds
[2024-05-30T15:48:10.024-0500] {processor.py:161} INFO - Started process (PID=27070) to work on /home/diallo/Documents/workspace/Python/AirFlowProjects/AirFlow01/venv/lib/python3.10/site-packages/airflow/example_dags/example_latest_only.py
[2024-05-30T15:48:10.071-0500] {processor.py:830} INFO - Processing file /home/diallo/Documents/workspace/Python/AirFlowProjects/AirFlow01/venv/lib/python3.10/site-packages/airflow/example_dags/example_latest_only.py for tasks to queue
[2024-05-30T15:48:10.077-0500] {logging_mixin.py:188} INFO - [2024-05-30T15:48:10.075-0500] {dagbag.py:545} INFO - Filling up the DagBag from /home/diallo/Documents/workspace/Python/AirFlowProjects/AirFlow01/venv/lib/python3.10/site-packages/airflow/example_dags/example_latest_only.py
[2024-05-30T15:48:10.095-0500] {processor.py:840} INFO - DAG(s) 'latest_only' retrieved from /home/diallo/Documents/workspace/Python/AirFlowProjects/AirFlow01/venv/lib/python3.10/site-packages/airflow/example_dags/example_latest_only.py
[2024-05-30T15:48:10.132-0500] {logging_mixin.py:188} INFO - [2024-05-30T15:48:10.132-0500] {dag.py:3096} INFO - Sync 1 DAGs
[2024-05-30T15:48:10.157-0500] {logging_mixin.py:188} INFO - [2024-05-30T15:48:10.157-0500] {dag.py:3954} INFO - Setting next_dagrun for latest_only to 2024-05-30 16:00:00+00:00, run_after=2024-05-30 20:00:00+00:00
[2024-05-30T15:48:10.249-0500] {processor.py:183} INFO - Processing /home/diallo/Documents/workspace/Python/AirFlowProjects/AirFlow01/venv/lib/python3.10/site-packages/airflow/example_dags/example_latest_only.py took 0.251 seconds
[2024-05-30T15:49:10.651-0500] {processor.py:161} INFO - Started process (PID=27567) to work on /home/diallo/Documents/workspace/Python/AirFlowProjects/AirFlow01/venv/lib/python3.10/site-packages/airflow/example_dags/example_latest_only.py
[2024-05-30T15:49:10.690-0500] {processor.py:830} INFO - Processing file /home/diallo/Documents/workspace/Python/AirFlowProjects/AirFlow01/venv/lib/python3.10/site-packages/airflow/example_dags/example_latest_only.py for tasks to queue
[2024-05-30T15:49:10.695-0500] {logging_mixin.py:188} INFO - [2024-05-30T15:49:10.694-0500] {dagbag.py:545} INFO - Filling up the DagBag from /home/diallo/Documents/workspace/Python/AirFlowProjects/AirFlow01/venv/lib/python3.10/site-packages/airflow/example_dags/example_latest_only.py
[2024-05-30T15:49:10.712-0500] {processor.py:840} INFO - DAG(s) 'latest_only' retrieved from /home/diallo/Documents/workspace/Python/AirFlowProjects/AirFlow01/venv/lib/python3.10/site-packages/airflow/example_dags/example_latest_only.py
[2024-05-30T15:49:10.734-0500] {logging_mixin.py:188} INFO - [2024-05-30T15:49:10.734-0500] {dag.py:3096} INFO - Sync 1 DAGs
[2024-05-30T15:49:10.754-0500] {logging_mixin.py:188} INFO - [2024-05-30T15:49:10.753-0500] {dag.py:3954} INFO - Setting next_dagrun for latest_only to 2024-05-30 16:00:00+00:00, run_after=2024-05-30 20:00:00+00:00
[2024-05-30T15:49:10.865-0500] {processor.py:183} INFO - Processing /home/diallo/Documents/workspace/Python/AirFlowProjects/AirFlow01/venv/lib/python3.10/site-packages/airflow/example_dags/example_latest_only.py took 0.221 seconds
