[2024-05-30T15:38:33.054-0500] {processor.py:161} INFO - Started process (PID=22541) to work on /home/diallo/Documents/workspace/Python/AirFlowProjects/AirFlow01/venv/lib/python3.10/site-packages/airflow/example_dags/example_bash_operator.py
[2024-05-30T15:38:33.056-0500] {processor.py:830} INFO - Processing file /home/diallo/Documents/workspace/Python/AirFlowProjects/AirFlow01/venv/lib/python3.10/site-packages/airflow/example_dags/example_bash_operator.py for tasks to queue
[2024-05-30T15:38:33.059-0500] {logging_mixin.py:188} INFO - [2024-05-30T15:38:33.058-0500] {dagbag.py:545} INFO - Filling up the DagBag from /home/diallo/Documents/workspace/Python/AirFlowProjects/AirFlow01/venv/lib/python3.10/site-packages/airflow/example_dags/example_bash_operator.py
[2024-05-30T15:38:33.079-0500] {processor.py:840} INFO - DAG(s) 'example_bash_operator' retrieved from /home/diallo/Documents/workspace/Python/AirFlowProjects/AirFlow01/venv/lib/python3.10/site-packages/airflow/example_dags/example_bash_operator.py
[2024-05-30T15:38:33.413-0500] {logging_mixin.py:188} INFO - [2024-05-30T15:38:33.412-0500] {override.py:1829} INFO - Created Permission View: can delete on DAG:example_bash_operator
[2024-05-30T15:38:33.525-0500] {logging_mixin.py:188} INFO - [2024-05-30T15:38:33.524-0500] {override.py:1829} INFO - Created Permission View: can edit on DAG:example_bash_operator
[2024-05-30T15:38:33.593-0500] {logging_mixin.py:188} INFO - [2024-05-30T15:38:33.592-0500] {override.py:1829} INFO - Created Permission View: can read on DAG:example_bash_operator
[2024-05-30T15:38:33.596-0500] {logging_mixin.py:188} INFO - [2024-05-30T15:38:33.595-0500] {dag.py:3096} INFO - Sync 1 DAGs
[2024-05-30T15:38:33.768-0500] {logging_mixin.py:188} INFO - [2024-05-30T15:38:33.767-0500] {dag.py:3118} INFO - Creating ORM DAG for example_bash_operator
[2024-05-30T15:38:33.779-0500] {logging_mixin.py:188} INFO - [2024-05-30T15:38:33.778-0500] {dag.py:3954} INFO - Setting next_dagrun for example_bash_operator to 2024-05-29 00:00:00+00:00, run_after=2024-05-30 00:00:00+00:00
[2024-05-30T15:38:33.900-0500] {processor.py:183} INFO - Processing /home/diallo/Documents/workspace/Python/AirFlowProjects/AirFlow01/venv/lib/python3.10/site-packages/airflow/example_dags/example_bash_operator.py took 0.863 seconds
[2024-05-30T15:39:52.989-0500] {processor.py:161} INFO - Started process (PID=23195) to work on /home/diallo/Documents/workspace/Python/AirFlowProjects/AirFlow01/venv/lib/python3.10/site-packages/airflow/example_dags/example_bash_operator.py
[2024-05-30T15:39:53.026-0500] {processor.py:830} INFO - Processing file /home/diallo/Documents/workspace/Python/AirFlowProjects/AirFlow01/venv/lib/python3.10/site-packages/airflow/example_dags/example_bash_operator.py for tasks to queue
[2024-05-30T15:39:53.033-0500] {logging_mixin.py:188} INFO - [2024-05-30T15:39:53.032-0500] {dagbag.py:545} INFO - Filling up the DagBag from /home/diallo/Documents/workspace/Python/AirFlowProjects/AirFlow01/venv/lib/python3.10/site-packages/airflow/example_dags/example_bash_operator.py
[2024-05-30T15:39:53.078-0500] {processor.py:840} INFO - DAG(s) 'example_bash_operator' retrieved from /home/diallo/Documents/workspace/Python/AirFlowProjects/AirFlow01/venv/lib/python3.10/site-packages/airflow/example_dags/example_bash_operator.py
[2024-05-30T15:39:53.351-0500] {logging_mixin.py:188} INFO - [2024-05-30T15:39:53.350-0500] {dag.py:3096} INFO - Sync 1 DAGs
[2024-05-30T15:39:53.646-0500] {logging_mixin.py:188} INFO - [2024-05-30T15:39:53.645-0500] {dag.py:3954} INFO - Setting next_dagrun for example_bash_operator to 2024-05-29 00:00:00+00:00, run_after=2024-05-30 00:00:00+00:00
[2024-05-30T15:39:54.636-0500] {processor.py:183} INFO - Processing /home/diallo/Documents/workspace/Python/AirFlowProjects/AirFlow01/venv/lib/python3.10/site-packages/airflow/example_dags/example_bash_operator.py took 1.656 seconds
[2024-05-30T15:42:49.918-0500] {processor.py:161} INFO - Started process (PID=24560) to work on /home/diallo/Documents/workspace/Python/AirFlowProjects/AirFlow01/venv/lib/python3.10/site-packages/airflow/example_dags/example_bash_operator.py
[2024-05-30T15:42:49.936-0500] {processor.py:830} INFO - Processing file /home/diallo/Documents/workspace/Python/AirFlowProjects/AirFlow01/venv/lib/python3.10/site-packages/airflow/example_dags/example_bash_operator.py for tasks to queue
[2024-05-30T15:42:49.942-0500] {logging_mixin.py:188} INFO - [2024-05-30T15:42:49.940-0500] {dagbag.py:545} INFO - Filling up the DagBag from /home/diallo/Documents/workspace/Python/AirFlowProjects/AirFlow01/venv/lib/python3.10/site-packages/airflow/example_dags/example_bash_operator.py
[2024-05-30T15:42:49.969-0500] {processor.py:840} INFO - DAG(s) 'example_bash_operator' retrieved from /home/diallo/Documents/workspace/Python/AirFlowProjects/AirFlow01/venv/lib/python3.10/site-packages/airflow/example_dags/example_bash_operator.py
[2024-05-30T15:42:49.996-0500] {logging_mixin.py:188} INFO - [2024-05-30T15:42:49.996-0500] {dag.py:3096} INFO - Sync 1 DAGs
[2024-05-30T15:42:50.021-0500] {logging_mixin.py:188} INFO - [2024-05-30T15:42:50.021-0500] {dag.py:3954} INFO - Setting next_dagrun for example_bash_operator to 2024-05-29 00:00:00+00:00, run_after=2024-05-30 00:00:00+00:00
[2024-05-30T15:42:50.122-0500] {processor.py:183} INFO - Processing /home/diallo/Documents/workspace/Python/AirFlowProjects/AirFlow01/venv/lib/python3.10/site-packages/airflow/example_dags/example_bash_operator.py took 0.213 seconds
[2024-05-30T15:43:55.310-0500] {processor.py:161} INFO - Started process (PID=25068) to work on /home/diallo/Documents/workspace/Python/AirFlowProjects/AirFlow01/venv/lib/python3.10/site-packages/airflow/example_dags/example_bash_operator.py
[2024-05-30T15:43:55.311-0500] {processor.py:830} INFO - Processing file /home/diallo/Documents/workspace/Python/AirFlowProjects/AirFlow01/venv/lib/python3.10/site-packages/airflow/example_dags/example_bash_operator.py for tasks to queue
[2024-05-30T15:43:55.313-0500] {logging_mixin.py:188} INFO - [2024-05-30T15:43:55.313-0500] {dagbag.py:545} INFO - Filling up the DagBag from /home/diallo/Documents/workspace/Python/AirFlowProjects/AirFlow01/venv/lib/python3.10/site-packages/airflow/example_dags/example_bash_operator.py
[2024-05-30T15:43:55.325-0500] {processor.py:840} INFO - DAG(s) 'example_bash_operator' retrieved from /home/diallo/Documents/workspace/Python/AirFlowProjects/AirFlow01/venv/lib/python3.10/site-packages/airflow/example_dags/example_bash_operator.py
[2024-05-30T15:43:55.349-0500] {logging_mixin.py:188} INFO - [2024-05-30T15:43:55.349-0500] {dag.py:3096} INFO - Sync 1 DAGs
[2024-05-30T15:43:55.369-0500] {logging_mixin.py:188} INFO - [2024-05-30T15:43:55.369-0500] {dag.py:3954} INFO - Setting next_dagrun for example_bash_operator to 2024-05-29 00:00:00+00:00, run_after=2024-05-30 00:00:00+00:00
[2024-05-30T15:43:55.474-0500] {processor.py:183} INFO - Processing /home/diallo/Documents/workspace/Python/AirFlowProjects/AirFlow01/venv/lib/python3.10/site-packages/airflow/example_dags/example_bash_operator.py took 0.173 seconds
[2024-05-30T15:45:53.899-0500] {processor.py:161} INFO - Started process (PID=25970) to work on /home/diallo/Documents/workspace/Python/AirFlowProjects/AirFlow01/venv/lib/python3.10/site-packages/airflow/example_dags/example_bash_operator.py
[2024-05-30T15:45:53.938-0500] {processor.py:830} INFO - Processing file /home/diallo/Documents/workspace/Python/AirFlowProjects/AirFlow01/venv/lib/python3.10/site-packages/airflow/example_dags/example_bash_operator.py for tasks to queue
[2024-05-30T15:45:53.943-0500] {logging_mixin.py:188} INFO - [2024-05-30T15:45:53.942-0500] {dagbag.py:545} INFO - Filling up the DagBag from /home/diallo/Documents/workspace/Python/AirFlowProjects/AirFlow01/venv/lib/python3.10/site-packages/airflow/example_dags/example_bash_operator.py
[2024-05-30T15:45:53.972-0500] {processor.py:840} INFO - DAG(s) 'example_bash_operator' retrieved from /home/diallo/Documents/workspace/Python/AirFlowProjects/AirFlow01/venv/lib/python3.10/site-packages/airflow/example_dags/example_bash_operator.py
[2024-05-30T15:45:53.998-0500] {logging_mixin.py:188} INFO - [2024-05-30T15:45:53.998-0500] {dag.py:3096} INFO - Sync 1 DAGs
[2024-05-30T15:45:54.018-0500] {logging_mixin.py:188} INFO - [2024-05-30T15:45:54.018-0500] {dag.py:3954} INFO - Setting next_dagrun for example_bash_operator to 2024-05-29 00:00:00+00:00, run_after=2024-05-30 00:00:00+00:00
[2024-05-30T15:45:54.082-0500] {processor.py:183} INFO - Processing /home/diallo/Documents/workspace/Python/AirFlowProjects/AirFlow01/venv/lib/python3.10/site-packages/airflow/example_dags/example_bash_operator.py took 0.194 seconds
[2024-05-30T15:47:06.824-0500] {processor.py:161} INFO - Started process (PID=26558) to work on /home/diallo/Documents/workspace/Python/AirFlowProjects/AirFlow01/venv/lib/python3.10/site-packages/airflow/example_dags/example_bash_operator.py
[2024-05-30T15:47:06.862-0500] {processor.py:830} INFO - Processing file /home/diallo/Documents/workspace/Python/AirFlowProjects/AirFlow01/venv/lib/python3.10/site-packages/airflow/example_dags/example_bash_operator.py for tasks to queue
[2024-05-30T15:47:06.870-0500] {logging_mixin.py:188} INFO - [2024-05-30T15:47:06.868-0500] {dagbag.py:545} INFO - Filling up the DagBag from /home/diallo/Documents/workspace/Python/AirFlowProjects/AirFlow01/venv/lib/python3.10/site-packages/airflow/example_dags/example_bash_operator.py
[2024-05-30T15:47:06.930-0500] {processor.py:840} INFO - DAG(s) 'example_bash_operator' retrieved from /home/diallo/Documents/workspace/Python/AirFlowProjects/AirFlow01/venv/lib/python3.10/site-packages/airflow/example_dags/example_bash_operator.py
[2024-05-30T15:47:06.985-0500] {logging_mixin.py:188} INFO - [2024-05-30T15:47:06.984-0500] {dag.py:3096} INFO - Sync 1 DAGs
[2024-05-30T15:47:07.008-0500] {logging_mixin.py:188} INFO - [2024-05-30T15:47:07.007-0500] {dag.py:3954} INFO - Setting next_dagrun for example_bash_operator to 2024-05-29 00:00:00+00:00, run_after=2024-05-30 00:00:00+00:00
[2024-05-30T15:47:07.141-0500] {processor.py:183} INFO - Processing /home/diallo/Documents/workspace/Python/AirFlowProjects/AirFlow01/venv/lib/python3.10/site-packages/airflow/example_dags/example_bash_operator.py took 0.332 seconds
[2024-05-30T15:48:15.540-0500] {processor.py:161} INFO - Started process (PID=27106) to work on /home/diallo/Documents/workspace/Python/AirFlowProjects/AirFlow01/venv/lib/python3.10/site-packages/airflow/example_dags/example_bash_operator.py
[2024-05-30T15:48:15.582-0500] {processor.py:830} INFO - Processing file /home/diallo/Documents/workspace/Python/AirFlowProjects/AirFlow01/venv/lib/python3.10/site-packages/airflow/example_dags/example_bash_operator.py for tasks to queue
[2024-05-30T15:48:15.588-0500] {logging_mixin.py:188} INFO - [2024-05-30T15:48:15.587-0500] {dagbag.py:545} INFO - Filling up the DagBag from /home/diallo/Documents/workspace/Python/AirFlowProjects/AirFlow01/venv/lib/python3.10/site-packages/airflow/example_dags/example_bash_operator.py
[2024-05-30T15:48:15.622-0500] {processor.py:840} INFO - DAG(s) 'example_bash_operator' retrieved from /home/diallo/Documents/workspace/Python/AirFlowProjects/AirFlow01/venv/lib/python3.10/site-packages/airflow/example_dags/example_bash_operator.py
[2024-05-30T15:48:15.660-0500] {logging_mixin.py:188} INFO - [2024-05-30T15:48:15.660-0500] {dag.py:3096} INFO - Sync 1 DAGs
[2024-05-30T15:48:15.683-0500] {logging_mixin.py:188} INFO - [2024-05-30T15:48:15.682-0500] {dag.py:3954} INFO - Setting next_dagrun for example_bash_operator to 2024-05-29 00:00:00+00:00, run_after=2024-05-30 00:00:00+00:00
[2024-05-30T15:48:15.775-0500] {processor.py:183} INFO - Processing /home/diallo/Documents/workspace/Python/AirFlowProjects/AirFlow01/venv/lib/python3.10/site-packages/airflow/example_dags/example_bash_operator.py took 0.246 seconds
[2024-05-30T15:49:15.986-0500] {processor.py:161} INFO - Started process (PID=27601) to work on /home/diallo/Documents/workspace/Python/AirFlowProjects/AirFlow01/venv/lib/python3.10/site-packages/airflow/example_dags/example_bash_operator.py
[2024-05-30T15:49:16.020-0500] {processor.py:830} INFO - Processing file /home/diallo/Documents/workspace/Python/AirFlowProjects/AirFlow01/venv/lib/python3.10/site-packages/airflow/example_dags/example_bash_operator.py for tasks to queue
[2024-05-30T15:49:16.026-0500] {logging_mixin.py:188} INFO - [2024-05-30T15:49:16.025-0500] {dagbag.py:545} INFO - Filling up the DagBag from /home/diallo/Documents/workspace/Python/AirFlowProjects/AirFlow01/venv/lib/python3.10/site-packages/airflow/example_dags/example_bash_operator.py
[2024-05-30T15:49:16.054-0500] {processor.py:840} INFO - DAG(s) 'example_bash_operator' retrieved from /home/diallo/Documents/workspace/Python/AirFlowProjects/AirFlow01/venv/lib/python3.10/site-packages/airflow/example_dags/example_bash_operator.py
[2024-05-30T15:49:16.082-0500] {logging_mixin.py:188} INFO - [2024-05-30T15:49:16.082-0500] {dag.py:3096} INFO - Sync 1 DAGs
[2024-05-30T15:49:16.102-0500] {logging_mixin.py:188} INFO - [2024-05-30T15:49:16.102-0500] {dag.py:3954} INFO - Setting next_dagrun for example_bash_operator to 2024-05-29 00:00:00+00:00, run_after=2024-05-30 00:00:00+00:00
[2024-05-30T15:49:16.168-0500] {processor.py:183} INFO - Processing /home/diallo/Documents/workspace/Python/AirFlowProjects/AirFlow01/venv/lib/python3.10/site-packages/airflow/example_dags/example_bash_operator.py took 0.193 seconds
