[2024-05-30T15:37:33.975-0500] {processor.py:161} INFO - Started process (PID=22005) to work on /home/diallo/Documents/workspace/Python/AirFlowProjects/AirFlow01/venv/lib/python3.10/site-packages/airflow/example_dags/example_short_circuit_decorator.py
[2024-05-30T15:37:33.976-0500] {processor.py:830} INFO - Processing file /home/diallo/Documents/workspace/Python/AirFlowProjects/AirFlow01/venv/lib/python3.10/site-packages/airflow/example_dags/example_short_circuit_decorator.py for tasks to queue
[2024-05-30T15:37:33.978-0500] {logging_mixin.py:188} INFO - [2024-05-30T15:37:33.978-0500] {dagbag.py:545} INFO - Filling up the DagBag from /home/diallo/Documents/workspace/Python/AirFlowProjects/AirFlow01/venv/lib/python3.10/site-packages/airflow/example_dags/example_short_circuit_decorator.py
[2024-05-30T15:37:33.991-0500] {processor.py:840} INFO - DAG(s) 'example_short_circuit_decorator' retrieved from /home/diallo/Documents/workspace/Python/AirFlowProjects/AirFlow01/venv/lib/python3.10/site-packages/airflow/example_dags/example_short_circuit_decorator.py
[2024-05-30T15:37:34.230-0500] {logging_mixin.py:188} INFO - [2024-05-30T15:37:34.228-0500] {override.py:1829} INFO - Created Permission View: can delete on DAG:example_short_circuit_decorator
[2024-05-30T15:37:34.297-0500] {logging_mixin.py:188} INFO - [2024-05-30T15:37:34.296-0500] {override.py:1829} INFO - Created Permission View: can edit on DAG:example_short_circuit_decorator
[2024-05-30T15:37:34.355-0500] {logging_mixin.py:188} INFO - [2024-05-30T15:37:34.354-0500] {override.py:1829} INFO - Created Permission View: can read on DAG:example_short_circuit_decorator
[2024-05-30T15:37:34.357-0500] {logging_mixin.py:188} INFO - [2024-05-30T15:37:34.356-0500] {dag.py:3096} INFO - Sync 1 DAGs
[2024-05-30T15:37:34.390-0500] {logging_mixin.py:188} INFO - [2024-05-30T15:37:34.389-0500] {dag.py:3118} INFO - Creating ORM DAG for example_short_circuit_decorator
[2024-05-30T15:37:34.401-0500] {logging_mixin.py:188} INFO - [2024-05-30T15:37:34.401-0500] {dag.py:3954} INFO - Setting next_dagrun for example_short_circuit_decorator to 2024-05-29 00:00:00+00:00, run_after=2024-05-30 00:00:00+00:00
[2024-05-30T15:37:34.498-0500] {processor.py:183} INFO - Processing /home/diallo/Documents/workspace/Python/AirFlowProjects/AirFlow01/venv/lib/python3.10/site-packages/airflow/example_dags/example_short_circuit_decorator.py took 0.532 seconds
[2024-05-30T15:39:08.359-0500] {processor.py:161} INFO - Started process (PID=22849) to work on /home/diallo/Documents/workspace/Python/AirFlowProjects/AirFlow01/venv/lib/python3.10/site-packages/airflow/example_dags/example_short_circuit_decorator.py
[2024-05-30T15:39:08.472-0500] {processor.py:830} INFO - Processing file /home/diallo/Documents/workspace/Python/AirFlowProjects/AirFlow01/venv/lib/python3.10/site-packages/airflow/example_dags/example_short_circuit_decorator.py for tasks to queue
[2024-05-30T15:39:08.474-0500] {logging_mixin.py:188} INFO - [2024-05-30T15:39:08.473-0500] {dagbag.py:545} INFO - Filling up the DagBag from /home/diallo/Documents/workspace/Python/AirFlowProjects/AirFlow01/venv/lib/python3.10/site-packages/airflow/example_dags/example_short_circuit_decorator.py
[2024-05-30T15:39:08.492-0500] {processor.py:840} INFO - DAG(s) 'example_short_circuit_decorator' retrieved from /home/diallo/Documents/workspace/Python/AirFlowProjects/AirFlow01/venv/lib/python3.10/site-packages/airflow/example_dags/example_short_circuit_decorator.py
[2024-05-30T15:39:08.536-0500] {logging_mixin.py:188} INFO - [2024-05-30T15:39:08.536-0500] {dag.py:3096} INFO - Sync 1 DAGs
[2024-05-30T15:39:08.580-0500] {logging_mixin.py:188} INFO - [2024-05-30T15:39:08.579-0500] {dag.py:3954} INFO - Setting next_dagrun for example_short_circuit_decorator to 2024-05-29 00:00:00+00:00, run_after=2024-05-30 00:00:00+00:00
[2024-05-30T15:39:08.655-0500] {processor.py:183} INFO - Processing /home/diallo/Documents/workspace/Python/AirFlowProjects/AirFlow01/venv/lib/python3.10/site-packages/airflow/example_dags/example_short_circuit_decorator.py took 0.307 seconds
[2024-05-30T15:41:04.865-0500] {processor.py:161} INFO - Started process (PID=23736) to work on /home/diallo/Documents/workspace/Python/AirFlowProjects/AirFlow01/venv/lib/python3.10/site-packages/airflow/example_dags/example_short_circuit_decorator.py
[2024-05-30T15:41:04.897-0500] {processor.py:830} INFO - Processing file /home/diallo/Documents/workspace/Python/AirFlowProjects/AirFlow01/venv/lib/python3.10/site-packages/airflow/example_dags/example_short_circuit_decorator.py for tasks to queue
[2024-05-30T15:41:04.899-0500] {logging_mixin.py:188} INFO - [2024-05-30T15:41:04.898-0500] {dagbag.py:545} INFO - Filling up the DagBag from /home/diallo/Documents/workspace/Python/AirFlowProjects/AirFlow01/venv/lib/python3.10/site-packages/airflow/example_dags/example_short_circuit_decorator.py
[2024-05-30T15:41:04.910-0500] {processor.py:840} INFO - DAG(s) 'example_short_circuit_decorator' retrieved from /home/diallo/Documents/workspace/Python/AirFlowProjects/AirFlow01/venv/lib/python3.10/site-packages/airflow/example_dags/example_short_circuit_decorator.py
[2024-05-30T15:41:04.931-0500] {logging_mixin.py:188} INFO - [2024-05-30T15:41:04.931-0500] {dag.py:3096} INFO - Sync 1 DAGs
[2024-05-30T15:41:05.033-0500] {logging_mixin.py:188} INFO - [2024-05-30T15:41:05.033-0500] {dag.py:3954} INFO - Setting next_dagrun for example_short_circuit_decorator to 2024-05-29 00:00:00+00:00, run_after=2024-05-30 00:00:00+00:00
[2024-05-30T15:41:06.149-0500] {processor.py:183} INFO - Processing /home/diallo/Documents/workspace/Python/AirFlowProjects/AirFlow01/venv/lib/python3.10/site-packages/airflow/example_dags/example_short_circuit_decorator.py took 1.293 seconds
[2024-05-30T15:42:17.532-0500] {processor.py:161} INFO - Started process (PID=24295) to work on /home/diallo/Documents/workspace/Python/AirFlowProjects/AirFlow01/venv/lib/python3.10/site-packages/airflow/example_dags/example_short_circuit_decorator.py
[2024-05-30T15:42:17.555-0500] {processor.py:830} INFO - Processing file /home/diallo/Documents/workspace/Python/AirFlowProjects/AirFlow01/venv/lib/python3.10/site-packages/airflow/example_dags/example_short_circuit_decorator.py for tasks to queue
[2024-05-30T15:42:17.560-0500] {logging_mixin.py:188} INFO - [2024-05-30T15:42:17.559-0500] {dagbag.py:545} INFO - Filling up the DagBag from /home/diallo/Documents/workspace/Python/AirFlowProjects/AirFlow01/venv/lib/python3.10/site-packages/airflow/example_dags/example_short_circuit_decorator.py
[2024-05-30T15:42:17.585-0500] {processor.py:840} INFO - DAG(s) 'example_short_circuit_decorator' retrieved from /home/diallo/Documents/workspace/Python/AirFlowProjects/AirFlow01/venv/lib/python3.10/site-packages/airflow/example_dags/example_short_circuit_decorator.py
[2024-05-30T15:42:17.605-0500] {logging_mixin.py:188} INFO - [2024-05-30T15:42:17.605-0500] {dag.py:3096} INFO - Sync 1 DAGs
[2024-05-30T15:42:17.624-0500] {logging_mixin.py:188} INFO - [2024-05-30T15:42:17.624-0500] {dag.py:3954} INFO - Setting next_dagrun for example_short_circuit_decorator to 2024-05-29 00:00:00+00:00, run_after=2024-05-30 00:00:00+00:00
[2024-05-30T15:42:18.336-0500] {processor.py:183} INFO - Processing /home/diallo/Documents/workspace/Python/AirFlowProjects/AirFlow01/venv/lib/python3.10/site-packages/airflow/example_dags/example_short_circuit_decorator.py took 0.812 seconds
[2024-05-30T15:43:17.687-0500] {processor.py:161} INFO - Started process (PID=24773) to work on /home/diallo/Documents/workspace/Python/AirFlowProjects/AirFlow01/venv/lib/python3.10/site-packages/airflow/example_dags/example_short_circuit_decorator.py
[2024-05-30T15:43:17.728-0500] {processor.py:830} INFO - Processing file /home/diallo/Documents/workspace/Python/AirFlowProjects/AirFlow01/venv/lib/python3.10/site-packages/airflow/example_dags/example_short_circuit_decorator.py for tasks to queue
[2024-05-30T15:43:17.736-0500] {logging_mixin.py:188} INFO - [2024-05-30T15:43:17.734-0500] {dagbag.py:545} INFO - Filling up the DagBag from /home/diallo/Documents/workspace/Python/AirFlowProjects/AirFlow01/venv/lib/python3.10/site-packages/airflow/example_dags/example_short_circuit_decorator.py
[2024-05-30T15:43:17.795-0500] {processor.py:840} INFO - DAG(s) 'example_short_circuit_decorator' retrieved from /home/diallo/Documents/workspace/Python/AirFlowProjects/AirFlow01/venv/lib/python3.10/site-packages/airflow/example_dags/example_short_circuit_decorator.py
[2024-05-30T15:43:17.842-0500] {logging_mixin.py:188} INFO - [2024-05-30T15:43:17.842-0500] {dag.py:3096} INFO - Sync 1 DAGs
[2024-05-30T15:43:17.865-0500] {logging_mixin.py:188} INFO - [2024-05-30T15:43:17.865-0500] {dag.py:3954} INFO - Setting next_dagrun for example_short_circuit_decorator to 2024-05-29 00:00:00+00:00, run_after=2024-05-30 00:00:00+00:00
[2024-05-30T15:43:18.002-0500] {processor.py:183} INFO - Processing /home/diallo/Documents/workspace/Python/AirFlowProjects/AirFlow01/venv/lib/python3.10/site-packages/airflow/example_dags/example_short_circuit_decorator.py took 0.337 seconds
[2024-05-30T15:44:24.445-0500] {processor.py:161} INFO - Started process (PID=25302) to work on /home/diallo/Documents/workspace/Python/AirFlowProjects/AirFlow01/venv/lib/python3.10/site-packages/airflow/example_dags/example_short_circuit_decorator.py
[2024-05-30T15:44:24.468-0500] {processor.py:830} INFO - Processing file /home/diallo/Documents/workspace/Python/AirFlowProjects/AirFlow01/venv/lib/python3.10/site-packages/airflow/example_dags/example_short_circuit_decorator.py for tasks to queue
[2024-05-30T15:44:24.470-0500] {logging_mixin.py:188} INFO - [2024-05-30T15:44:24.469-0500] {dagbag.py:545} INFO - Filling up the DagBag from /home/diallo/Documents/workspace/Python/AirFlowProjects/AirFlow01/venv/lib/python3.10/site-packages/airflow/example_dags/example_short_circuit_decorator.py
[2024-05-30T15:44:24.481-0500] {processor.py:840} INFO - DAG(s) 'example_short_circuit_decorator' retrieved from /home/diallo/Documents/workspace/Python/AirFlowProjects/AirFlow01/venv/lib/python3.10/site-packages/airflow/example_dags/example_short_circuit_decorator.py
[2024-05-30T15:44:24.501-0500] {logging_mixin.py:188} INFO - [2024-05-30T15:44:24.501-0500] {dag.py:3096} INFO - Sync 1 DAGs
[2024-05-30T15:44:24.521-0500] {logging_mixin.py:188} INFO - [2024-05-30T15:44:24.521-0500] {dag.py:3954} INFO - Setting next_dagrun for example_short_circuit_decorator to 2024-05-29 00:00:00+00:00, run_after=2024-05-30 00:00:00+00:00
[2024-05-30T15:44:25.233-0500] {processor.py:183} INFO - Processing /home/diallo/Documents/workspace/Python/AirFlowProjects/AirFlow01/venv/lib/python3.10/site-packages/airflow/example_dags/example_short_circuit_decorator.py took 0.796 seconds
[2024-05-30T15:45:29.620-0500] {processor.py:161} INFO - Started process (PID=25779) to work on /home/diallo/Documents/workspace/Python/AirFlowProjects/AirFlow01/venv/lib/python3.10/site-packages/airflow/example_dags/example_short_circuit_decorator.py
[2024-05-30T15:45:29.674-0500] {processor.py:830} INFO - Processing file /home/diallo/Documents/workspace/Python/AirFlowProjects/AirFlow01/venv/lib/python3.10/site-packages/airflow/example_dags/example_short_circuit_decorator.py for tasks to queue
[2024-05-30T15:45:29.679-0500] {logging_mixin.py:188} INFO - [2024-05-30T15:45:29.678-0500] {dagbag.py:545} INFO - Filling up the DagBag from /home/diallo/Documents/workspace/Python/AirFlowProjects/AirFlow01/venv/lib/python3.10/site-packages/airflow/example_dags/example_short_circuit_decorator.py
[2024-05-30T15:45:29.705-0500] {processor.py:840} INFO - DAG(s) 'example_short_circuit_decorator' retrieved from /home/diallo/Documents/workspace/Python/AirFlowProjects/AirFlow01/venv/lib/python3.10/site-packages/airflow/example_dags/example_short_circuit_decorator.py
[2024-05-30T15:45:29.727-0500] {logging_mixin.py:188} INFO - [2024-05-30T15:45:29.727-0500] {dag.py:3096} INFO - Sync 1 DAGs
[2024-05-30T15:45:29.745-0500] {logging_mixin.py:188} INFO - [2024-05-30T15:45:29.745-0500] {dag.py:3954} INFO - Setting next_dagrun for example_short_circuit_decorator to 2024-05-29 00:00:00+00:00, run_after=2024-05-30 00:00:00+00:00
[2024-05-30T15:45:30.620-0500] {processor.py:183} INFO - Processing /home/diallo/Documents/workspace/Python/AirFlowProjects/AirFlow01/venv/lib/python3.10/site-packages/airflow/example_dags/example_short_circuit_decorator.py took 1.008 seconds
[2024-05-30T15:46:21.758-0500] {processor.py:161} INFO - Started process (PID=26198) to work on /home/diallo/Documents/workspace/Python/AirFlowProjects/AirFlow01/venv/lib/python3.10/site-packages/airflow/example_dags/example_short_circuit_decorator.py
[2024-05-30T15:46:21.798-0500] {processor.py:830} INFO - Processing file /home/diallo/Documents/workspace/Python/AirFlowProjects/AirFlow01/venv/lib/python3.10/site-packages/airflow/example_dags/example_short_circuit_decorator.py for tasks to queue
[2024-05-30T15:46:21.806-0500] {logging_mixin.py:188} INFO - [2024-05-30T15:46:21.803-0500] {dagbag.py:545} INFO - Filling up the DagBag from /home/diallo/Documents/workspace/Python/AirFlowProjects/AirFlow01/venv/lib/python3.10/site-packages/airflow/example_dags/example_short_circuit_decorator.py
[2024-05-30T15:46:21.851-0500] {processor.py:840} INFO - DAG(s) 'example_short_circuit_decorator' retrieved from /home/diallo/Documents/workspace/Python/AirFlowProjects/AirFlow01/venv/lib/python3.10/site-packages/airflow/example_dags/example_short_circuit_decorator.py
[2024-05-30T15:46:21.885-0500] {logging_mixin.py:188} INFO - [2024-05-30T15:46:21.885-0500] {dag.py:3096} INFO - Sync 1 DAGs
[2024-05-30T15:46:21.911-0500] {logging_mixin.py:188} INFO - [2024-05-30T15:46:21.911-0500] {dag.py:3954} INFO - Setting next_dagrun for example_short_circuit_decorator to 2024-05-29 00:00:00+00:00, run_after=2024-05-30 00:00:00+00:00
[2024-05-30T15:46:22.030-0500] {processor.py:183} INFO - Processing /home/diallo/Documents/workspace/Python/AirFlowProjects/AirFlow01/venv/lib/python3.10/site-packages/airflow/example_dags/example_short_circuit_decorator.py took 0.300 seconds
[2024-05-30T15:47:31.165-0500] {processor.py:161} INFO - Started process (PID=26738) to work on /home/diallo/Documents/workspace/Python/AirFlowProjects/AirFlow01/venv/lib/python3.10/site-packages/airflow/example_dags/example_short_circuit_decorator.py
[2024-05-30T15:47:31.203-0500] {processor.py:830} INFO - Processing file /home/diallo/Documents/workspace/Python/AirFlowProjects/AirFlow01/venv/lib/python3.10/site-packages/airflow/example_dags/example_short_circuit_decorator.py for tasks to queue
[2024-05-30T15:47:31.212-0500] {logging_mixin.py:188} INFO - [2024-05-30T15:47:31.210-0500] {dagbag.py:545} INFO - Filling up the DagBag from /home/diallo/Documents/workspace/Python/AirFlowProjects/AirFlow01/venv/lib/python3.10/site-packages/airflow/example_dags/example_short_circuit_decorator.py
[2024-05-30T15:47:31.258-0500] {processor.py:840} INFO - DAG(s) 'example_short_circuit_decorator' retrieved from /home/diallo/Documents/workspace/Python/AirFlowProjects/AirFlow01/venv/lib/python3.10/site-packages/airflow/example_dags/example_short_circuit_decorator.py
[2024-05-30T15:47:31.301-0500] {logging_mixin.py:188} INFO - [2024-05-30T15:47:31.300-0500] {dag.py:3096} INFO - Sync 1 DAGs
[2024-05-30T15:47:31.332-0500] {logging_mixin.py:188} INFO - [2024-05-30T15:47:31.331-0500] {dag.py:3954} INFO - Setting next_dagrun for example_short_circuit_decorator to 2024-05-29 00:00:00+00:00, run_after=2024-05-30 00:00:00+00:00
[2024-05-30T15:47:31.414-0500] {processor.py:183} INFO - Processing /home/diallo/Documents/workspace/Python/AirFlowProjects/AirFlow01/venv/lib/python3.10/site-packages/airflow/example_dags/example_short_circuit_decorator.py took 0.280 seconds
[2024-05-30T15:48:35.403-0500] {processor.py:161} INFO - Started process (PID=27282) to work on /home/diallo/Documents/workspace/Python/AirFlowProjects/AirFlow01/venv/lib/python3.10/site-packages/airflow/example_dags/example_short_circuit_decorator.py
[2024-05-30T15:48:35.443-0500] {processor.py:830} INFO - Processing file /home/diallo/Documents/workspace/Python/AirFlowProjects/AirFlow01/venv/lib/python3.10/site-packages/airflow/example_dags/example_short_circuit_decorator.py for tasks to queue
[2024-05-30T15:48:35.450-0500] {logging_mixin.py:188} INFO - [2024-05-30T15:48:35.448-0500] {dagbag.py:545} INFO - Filling up the DagBag from /home/diallo/Documents/workspace/Python/AirFlowProjects/AirFlow01/venv/lib/python3.10/site-packages/airflow/example_dags/example_short_circuit_decorator.py
[2024-05-30T15:48:35.473-0500] {processor.py:840} INFO - DAG(s) 'example_short_circuit_decorator' retrieved from /home/diallo/Documents/workspace/Python/AirFlowProjects/AirFlow01/venv/lib/python3.10/site-packages/airflow/example_dags/example_short_circuit_decorator.py
[2024-05-30T15:48:35.494-0500] {logging_mixin.py:188} INFO - [2024-05-30T15:48:35.494-0500] {dag.py:3096} INFO - Sync 1 DAGs
[2024-05-30T15:48:35.516-0500] {logging_mixin.py:188} INFO - [2024-05-30T15:48:35.516-0500] {dag.py:3954} INFO - Setting next_dagrun for example_short_circuit_decorator to 2024-05-29 00:00:00+00:00, run_after=2024-05-30 00:00:00+00:00
[2024-05-30T15:48:35.577-0500] {processor.py:183} INFO - Processing /home/diallo/Documents/workspace/Python/AirFlowProjects/AirFlow01/venv/lib/python3.10/site-packages/airflow/example_dags/example_short_circuit_decorator.py took 0.183 seconds
[2024-05-30T15:49:37.479-0500] {processor.py:161} INFO - Started process (PID=27770) to work on /home/diallo/Documents/workspace/Python/AirFlowProjects/AirFlow01/venv/lib/python3.10/site-packages/airflow/example_dags/example_short_circuit_decorator.py
[2024-05-30T15:49:37.508-0500] {processor.py:830} INFO - Processing file /home/diallo/Documents/workspace/Python/AirFlowProjects/AirFlow01/venv/lib/python3.10/site-packages/airflow/example_dags/example_short_circuit_decorator.py for tasks to queue
[2024-05-30T15:49:37.511-0500] {logging_mixin.py:188} INFO - [2024-05-30T15:49:37.510-0500] {dagbag.py:545} INFO - Filling up the DagBag from /home/diallo/Documents/workspace/Python/AirFlowProjects/AirFlow01/venv/lib/python3.10/site-packages/airflow/example_dags/example_short_circuit_decorator.py
[2024-05-30T15:49:37.536-0500] {processor.py:840} INFO - DAG(s) 'example_short_circuit_decorator' retrieved from /home/diallo/Documents/workspace/Python/AirFlowProjects/AirFlow01/venv/lib/python3.10/site-packages/airflow/example_dags/example_short_circuit_decorator.py
[2024-05-30T15:49:37.599-0500] {logging_mixin.py:188} INFO - [2024-05-30T15:49:37.599-0500] {dag.py:3096} INFO - Sync 1 DAGs
[2024-05-30T15:49:37.629-0500] {logging_mixin.py:188} INFO - [2024-05-30T15:49:37.629-0500] {dag.py:3954} INFO - Setting next_dagrun for example_short_circuit_decorator to 2024-05-29 00:00:00+00:00, run_after=2024-05-30 00:00:00+00:00
[2024-05-30T15:49:38.887-0500] {processor.py:183} INFO - Processing /home/diallo/Documents/workspace/Python/AirFlowProjects/AirFlow01/venv/lib/python3.10/site-packages/airflow/example_dags/example_short_circuit_decorator.py took 1.420 seconds
