[2024-05-30T15:38:02.094-0500] {processor.py:161} INFO - Started process (PID=22246) to work on /home/diallo/Documents/workspace/Python/AirFlowProjects/AirFlow01/venv/lib/python3.10/site-packages/airflow/example_dags/example_sensors.py
[2024-05-30T15:38:02.095-0500] {processor.py:830} INFO - Processing file /home/diallo/Documents/workspace/Python/AirFlowProjects/AirFlow01/venv/lib/python3.10/site-packages/airflow/example_dags/example_sensors.py for tasks to queue
[2024-05-30T15:38:02.096-0500] {logging_mixin.py:188} INFO - [2024-05-30T15:38:02.096-0500] {dagbag.py:545} INFO - Filling up the DagBag from /home/diallo/Documents/workspace/Python/AirFlowProjects/AirFlow01/venv/lib/python3.10/site-packages/airflow/example_dags/example_sensors.py
[2024-05-30T15:38:02.107-0500] {processor.py:840} INFO - DAG(s) 'example_sensors' retrieved from /home/diallo/Documents/workspace/Python/AirFlowProjects/AirFlow01/venv/lib/python3.10/site-packages/airflow/example_dags/example_sensors.py
[2024-05-30T15:38:03.304-0500] {logging_mixin.py:188} INFO - [2024-05-30T15:38:03.302-0500] {override.py:1829} INFO - Created Permission View: can delete on DAG:example_sensors
[2024-05-30T15:38:03.924-0500] {logging_mixin.py:188} INFO - [2024-05-30T15:38:03.923-0500] {override.py:1829} INFO - Created Permission View: can edit on DAG:example_sensors
[2024-05-30T15:38:04.083-0500] {logging_mixin.py:188} INFO - [2024-05-30T15:38:04.081-0500] {override.py:1829} INFO - Created Permission View: can read on DAG:example_sensors
[2024-05-30T15:38:04.084-0500] {logging_mixin.py:188} INFO - [2024-05-30T15:38:04.083-0500] {dag.py:3096} INFO - Sync 1 DAGs
[2024-05-30T15:38:04.157-0500] {logging_mixin.py:188} INFO - [2024-05-30T15:38:04.157-0500] {dag.py:3118} INFO - Creating ORM DAG for example_sensors
[2024-05-30T15:38:04.159-0500] {logging_mixin.py:188} INFO - [2024-05-30T15:38:04.158-0500] {dag.py:3954} INFO - Setting next_dagrun for example_sensors to None, run_after=None
[2024-05-30T15:38:05.097-0500] {processor.py:183} INFO - Processing /home/diallo/Documents/workspace/Python/AirFlowProjects/AirFlow01/venv/lib/python3.10/site-packages/airflow/example_dags/example_sensors.py took 3.011 seconds
[2024-05-30T15:39:19.438-0500] {processor.py:161} INFO - Started process (PID=22934) to work on /home/diallo/Documents/workspace/Python/AirFlowProjects/AirFlow01/venv/lib/python3.10/site-packages/airflow/example_dags/example_sensors.py
[2024-05-30T15:39:19.459-0500] {processor.py:830} INFO - Processing file /home/diallo/Documents/workspace/Python/AirFlowProjects/AirFlow01/venv/lib/python3.10/site-packages/airflow/example_dags/example_sensors.py for tasks to queue
[2024-05-30T15:39:19.464-0500] {logging_mixin.py:188} INFO - [2024-05-30T15:39:19.462-0500] {dagbag.py:545} INFO - Filling up the DagBag from /home/diallo/Documents/workspace/Python/AirFlowProjects/AirFlow01/venv/lib/python3.10/site-packages/airflow/example_dags/example_sensors.py
[2024-05-30T15:39:19.486-0500] {processor.py:840} INFO - DAG(s) 'example_sensors' retrieved from /home/diallo/Documents/workspace/Python/AirFlowProjects/AirFlow01/venv/lib/python3.10/site-packages/airflow/example_dags/example_sensors.py
[2024-05-30T15:39:19.523-0500] {logging_mixin.py:188} INFO - [2024-05-30T15:39:19.522-0500] {dag.py:3096} INFO - Sync 1 DAGs
[2024-05-30T15:39:19.537-0500] {logging_mixin.py:188} INFO - [2024-05-30T15:39:19.537-0500] {dag.py:3954} INFO - Setting next_dagrun for example_sensors to None, run_after=None
[2024-05-30T15:39:19.608-0500] {processor.py:183} INFO - Processing /home/diallo/Documents/workspace/Python/AirFlowProjects/AirFlow01/venv/lib/python3.10/site-packages/airflow/example_dags/example_sensors.py took 0.190 seconds
[2024-05-30T15:41:33.036-0500] {processor.py:161} INFO - Started process (PID=23940) to work on /home/diallo/Documents/workspace/Python/AirFlowProjects/AirFlow01/venv/lib/python3.10/site-packages/airflow/example_dags/example_sensors.py
[2024-05-30T15:41:33.092-0500] {processor.py:830} INFO - Processing file /home/diallo/Documents/workspace/Python/AirFlowProjects/AirFlow01/venv/lib/python3.10/site-packages/airflow/example_dags/example_sensors.py for tasks to queue
[2024-05-30T15:41:33.097-0500] {logging_mixin.py:188} INFO - [2024-05-30T15:41:33.096-0500] {dagbag.py:545} INFO - Filling up the DagBag from /home/diallo/Documents/workspace/Python/AirFlowProjects/AirFlow01/venv/lib/python3.10/site-packages/airflow/example_dags/example_sensors.py
[2024-05-30T15:41:33.126-0500] {processor.py:840} INFO - DAG(s) 'example_sensors' retrieved from /home/diallo/Documents/workspace/Python/AirFlowProjects/AirFlow01/venv/lib/python3.10/site-packages/airflow/example_dags/example_sensors.py
[2024-05-30T15:41:33.245-0500] {logging_mixin.py:188} INFO - [2024-05-30T15:41:33.245-0500] {dag.py:3096} INFO - Sync 1 DAGs
[2024-05-30T15:41:33.256-0500] {logging_mixin.py:188} INFO - [2024-05-30T15:41:33.255-0500] {dag.py:3954} INFO - Setting next_dagrun for example_sensors to None, run_after=None
[2024-05-30T15:41:34.251-0500] {processor.py:183} INFO - Processing /home/diallo/Documents/workspace/Python/AirFlowProjects/AirFlow01/venv/lib/python3.10/site-packages/airflow/example_dags/example_sensors.py took 1.224 seconds
[2024-05-30T15:43:26.987-0500] {processor.py:161} INFO - Started process (PID=24854) to work on /home/diallo/Documents/workspace/Python/AirFlowProjects/AirFlow01/venv/lib/python3.10/site-packages/airflow/example_dags/example_sensors.py
[2024-05-30T15:43:27.000-0500] {processor.py:830} INFO - Processing file /home/diallo/Documents/workspace/Python/AirFlowProjects/AirFlow01/venv/lib/python3.10/site-packages/airflow/example_dags/example_sensors.py for tasks to queue
[2024-05-30T15:43:27.003-0500] {logging_mixin.py:188} INFO - [2024-05-30T15:43:27.002-0500] {dagbag.py:545} INFO - Filling up the DagBag from /home/diallo/Documents/workspace/Python/AirFlowProjects/AirFlow01/venv/lib/python3.10/site-packages/airflow/example_dags/example_sensors.py
[2024-05-30T15:43:27.018-0500] {processor.py:840} INFO - DAG(s) 'example_sensors' retrieved from /home/diallo/Documents/workspace/Python/AirFlowProjects/AirFlow01/venv/lib/python3.10/site-packages/airflow/example_dags/example_sensors.py
[2024-05-30T15:43:27.040-0500] {logging_mixin.py:188} INFO - [2024-05-30T15:43:27.039-0500] {dag.py:3096} INFO - Sync 1 DAGs
[2024-05-30T15:43:27.051-0500] {logging_mixin.py:188} INFO - [2024-05-30T15:43:27.051-0500] {dag.py:3954} INFO - Setting next_dagrun for example_sensors to None, run_after=None
[2024-05-30T15:43:27.140-0500] {processor.py:183} INFO - Processing /home/diallo/Documents/workspace/Python/AirFlowProjects/AirFlow01/venv/lib/python3.10/site-packages/airflow/example_dags/example_sensors.py took 0.164 seconds
[2024-05-30T15:44:43.885-0500] {processor.py:161} INFO - Started process (PID=25440) to work on /home/diallo/Documents/workspace/Python/AirFlowProjects/AirFlow01/venv/lib/python3.10/site-packages/airflow/example_dags/example_sensors.py
[2024-05-30T15:44:43.887-0500] {processor.py:830} INFO - Processing file /home/diallo/Documents/workspace/Python/AirFlowProjects/AirFlow01/venv/lib/python3.10/site-packages/airflow/example_dags/example_sensors.py for tasks to queue
[2024-05-30T15:44:43.889-0500] {logging_mixin.py:188} INFO - [2024-05-30T15:44:43.888-0500] {dagbag.py:545} INFO - Filling up the DagBag from /home/diallo/Documents/workspace/Python/AirFlowProjects/AirFlow01/venv/lib/python3.10/site-packages/airflow/example_dags/example_sensors.py
[2024-05-30T15:44:43.900-0500] {processor.py:840} INFO - DAG(s) 'example_sensors' retrieved from /home/diallo/Documents/workspace/Python/AirFlowProjects/AirFlow01/venv/lib/python3.10/site-packages/airflow/example_dags/example_sensors.py
[2024-05-30T15:44:43.921-0500] {logging_mixin.py:188} INFO - [2024-05-30T15:44:43.921-0500] {dag.py:3096} INFO - Sync 1 DAGs
[2024-05-30T15:44:43.933-0500] {logging_mixin.py:188} INFO - [2024-05-30T15:44:43.932-0500] {dag.py:3954} INFO - Setting next_dagrun for example_sensors to None, run_after=None
[2024-05-30T15:44:45.033-0500] {processor.py:183} INFO - Processing /home/diallo/Documents/workspace/Python/AirFlowProjects/AirFlow01/venv/lib/python3.10/site-packages/airflow/example_dags/example_sensors.py took 1.155 seconds
[2024-05-30T15:46:34.004-0500] {processor.py:161} INFO - Started process (PID=26304) to work on /home/diallo/Documents/workspace/Python/AirFlowProjects/AirFlow01/venv/lib/python3.10/site-packages/airflow/example_dags/example_sensors.py
[2024-05-30T15:46:34.007-0500] {processor.py:830} INFO - Processing file /home/diallo/Documents/workspace/Python/AirFlowProjects/AirFlow01/venv/lib/python3.10/site-packages/airflow/example_dags/example_sensors.py for tasks to queue
[2024-05-30T15:46:34.010-0500] {logging_mixin.py:188} INFO - [2024-05-30T15:46:34.010-0500] {dagbag.py:545} INFO - Filling up the DagBag from /home/diallo/Documents/workspace/Python/AirFlowProjects/AirFlow01/venv/lib/python3.10/site-packages/airflow/example_dags/example_sensors.py
[2024-05-30T15:46:34.026-0500] {processor.py:840} INFO - DAG(s) 'example_sensors' retrieved from /home/diallo/Documents/workspace/Python/AirFlowProjects/AirFlow01/venv/lib/python3.10/site-packages/airflow/example_dags/example_sensors.py
[2024-05-30T15:46:34.059-0500] {logging_mixin.py:188} INFO - [2024-05-30T15:46:34.059-0500] {dag.py:3096} INFO - Sync 1 DAGs
[2024-05-30T15:46:34.077-0500] {logging_mixin.py:188} INFO - [2024-05-30T15:46:34.077-0500] {dag.py:3954} INFO - Setting next_dagrun for example_sensors to None, run_after=None
[2024-05-30T15:46:34.207-0500] {processor.py:183} INFO - Processing /home/diallo/Documents/workspace/Python/AirFlowProjects/AirFlow01/venv/lib/python3.10/site-packages/airflow/example_dags/example_sensors.py took 0.221 seconds
[2024-05-30T15:47:43.099-0500] {processor.py:161} INFO - Started process (PID=26852) to work on /home/diallo/Documents/workspace/Python/AirFlowProjects/AirFlow01/venv/lib/python3.10/site-packages/airflow/example_dags/example_sensors.py
[2024-05-30T15:47:43.117-0500] {processor.py:830} INFO - Processing file /home/diallo/Documents/workspace/Python/AirFlowProjects/AirFlow01/venv/lib/python3.10/site-packages/airflow/example_dags/example_sensors.py for tasks to queue
[2024-05-30T15:47:43.120-0500] {logging_mixin.py:188} INFO - [2024-05-30T15:47:43.119-0500] {dagbag.py:545} INFO - Filling up the DagBag from /home/diallo/Documents/workspace/Python/AirFlowProjects/AirFlow01/venv/lib/python3.10/site-packages/airflow/example_dags/example_sensors.py
[2024-05-30T15:47:43.133-0500] {processor.py:840} INFO - DAG(s) 'example_sensors' retrieved from /home/diallo/Documents/workspace/Python/AirFlowProjects/AirFlow01/venv/lib/python3.10/site-packages/airflow/example_dags/example_sensors.py
[2024-05-30T15:47:43.169-0500] {logging_mixin.py:188} INFO - [2024-05-30T15:47:43.168-0500] {dag.py:3096} INFO - Sync 1 DAGs
[2024-05-30T15:47:43.183-0500] {logging_mixin.py:188} INFO - [2024-05-30T15:47:43.183-0500] {dag.py:3954} INFO - Setting next_dagrun for example_sensors to None, run_after=None
[2024-05-30T15:47:43.299-0500] {processor.py:183} INFO - Processing /home/diallo/Documents/workspace/Python/AirFlowProjects/AirFlow01/venv/lib/python3.10/site-packages/airflow/example_dags/example_sensors.py took 0.216 seconds
[2024-05-30T15:48:45.033-0500] {processor.py:161} INFO - Started process (PID=27350) to work on /home/diallo/Documents/workspace/Python/AirFlowProjects/AirFlow01/venv/lib/python3.10/site-packages/airflow/example_dags/example_sensors.py
[2024-05-30T15:48:45.035-0500] {processor.py:830} INFO - Processing file /home/diallo/Documents/workspace/Python/AirFlowProjects/AirFlow01/venv/lib/python3.10/site-packages/airflow/example_dags/example_sensors.py for tasks to queue
[2024-05-30T15:48:45.037-0500] {logging_mixin.py:188} INFO - [2024-05-30T15:48:45.037-0500] {dagbag.py:545} INFO - Filling up the DagBag from /home/diallo/Documents/workspace/Python/AirFlowProjects/AirFlow01/venv/lib/python3.10/site-packages/airflow/example_dags/example_sensors.py
[2024-05-30T15:48:45.049-0500] {processor.py:840} INFO - DAG(s) 'example_sensors' retrieved from /home/diallo/Documents/workspace/Python/AirFlowProjects/AirFlow01/venv/lib/python3.10/site-packages/airflow/example_dags/example_sensors.py
[2024-05-30T15:48:45.070-0500] {logging_mixin.py:188} INFO - [2024-05-30T15:48:45.070-0500] {dag.py:3096} INFO - Sync 1 DAGs
[2024-05-30T15:48:45.081-0500] {logging_mixin.py:188} INFO - [2024-05-30T15:48:45.081-0500] {dag.py:3954} INFO - Setting next_dagrun for example_sensors to None, run_after=None
[2024-05-30T15:48:45.193-0500] {processor.py:183} INFO - Processing /home/diallo/Documents/workspace/Python/AirFlowProjects/AirFlow01/venv/lib/python3.10/site-packages/airflow/example_dags/example_sensors.py took 0.170 seconds
[2024-05-30T15:49:57.817-0500] {processor.py:161} INFO - Started process (PID=27924) to work on /home/diallo/Documents/workspace/Python/AirFlowProjects/AirFlow01/venv/lib/python3.10/site-packages/airflow/example_dags/example_sensors.py
[2024-05-30T15:49:57.858-0500] {processor.py:830} INFO - Processing file /home/diallo/Documents/workspace/Python/AirFlowProjects/AirFlow01/venv/lib/python3.10/site-packages/airflow/example_dags/example_sensors.py for tasks to queue
[2024-05-30T15:49:57.864-0500] {logging_mixin.py:188} INFO - [2024-05-30T15:49:57.862-0500] {dagbag.py:545} INFO - Filling up the DagBag from /home/diallo/Documents/workspace/Python/AirFlowProjects/AirFlow01/venv/lib/python3.10/site-packages/airflow/example_dags/example_sensors.py
[2024-05-30T15:49:57.889-0500] {processor.py:840} INFO - DAG(s) 'example_sensors' retrieved from /home/diallo/Documents/workspace/Python/AirFlowProjects/AirFlow01/venv/lib/python3.10/site-packages/airflow/example_dags/example_sensors.py
[2024-05-30T15:49:57.913-0500] {logging_mixin.py:188} INFO - [2024-05-30T15:49:57.912-0500] {dag.py:3096} INFO - Sync 1 DAGs
[2024-05-30T15:49:57.924-0500] {logging_mixin.py:188} INFO - [2024-05-30T15:49:57.924-0500] {dag.py:3954} INFO - Setting next_dagrun for example_sensors to None, run_after=None
[2024-05-30T15:49:59.113-0500] {processor.py:183} INFO - Processing /home/diallo/Documents/workspace/Python/AirFlowProjects/AirFlow01/venv/lib/python3.10/site-packages/airflow/example_dags/example_sensors.py took 1.303 seconds
