[2024-05-30T15:37:55.592-0500] {processor.py:161} INFO - Started process (PID=22195) to work on /home/diallo/Documents/workspace/Python/AirFlowProjects/AirFlow01/venv/lib/python3.10/site-packages/airflow/example_dags/example_short_circuit_operator.py
[2024-05-30T15:37:55.594-0500] {processor.py:830} INFO - Processing file /home/diallo/Documents/workspace/Python/AirFlowProjects/AirFlow01/venv/lib/python3.10/site-packages/airflow/example_dags/example_short_circuit_operator.py for tasks to queue
[2024-05-30T15:37:55.597-0500] {logging_mixin.py:188} INFO - [2024-05-30T15:37:55.596-0500] {dagbag.py:545} INFO - Filling up the DagBag from /home/diallo/Documents/workspace/Python/AirFlowProjects/AirFlow01/venv/lib/python3.10/site-packages/airflow/example_dags/example_short_circuit_operator.py
[2024-05-30T15:37:55.614-0500] {processor.py:840} INFO - DAG(s) 'example_short_circuit_operator' retrieved from /home/diallo/Documents/workspace/Python/AirFlowProjects/AirFlow01/venv/lib/python3.10/site-packages/airflow/example_dags/example_short_circuit_operator.py
[2024-05-30T15:37:57.560-0500] {logging_mixin.py:188} INFO - [2024-05-30T15:37:57.558-0500] {override.py:1829} INFO - Created Permission View: can delete on DAG:example_short_circuit_operator
[2024-05-30T15:37:57.920-0500] {logging_mixin.py:188} INFO - [2024-05-30T15:37:57.919-0500] {override.py:1829} INFO - Created Permission View: can edit on DAG:example_short_circuit_operator
[2024-05-30T15:37:57.987-0500] {logging_mixin.py:188} INFO - [2024-05-30T15:37:57.986-0500] {override.py:1829} INFO - Created Permission View: can read on DAG:example_short_circuit_operator
[2024-05-30T15:37:57.989-0500] {logging_mixin.py:188} INFO - [2024-05-30T15:37:57.988-0500] {dag.py:3096} INFO - Sync 1 DAGs
[2024-05-30T15:37:58.191-0500] {logging_mixin.py:188} INFO - [2024-05-30T15:37:58.190-0500] {dag.py:3118} INFO - Creating ORM DAG for example_short_circuit_operator
[2024-05-30T15:37:58.346-0500] {logging_mixin.py:188} INFO - [2024-05-30T15:37:58.344-0500] {dag.py:3954} INFO - Setting next_dagrun for example_short_circuit_operator to 2024-05-29 00:00:00+00:00, run_after=2024-05-30 00:00:00+00:00
[2024-05-30T15:37:58.808-0500] {processor.py:183} INFO - Processing /home/diallo/Documents/workspace/Python/AirFlowProjects/AirFlow01/venv/lib/python3.10/site-packages/airflow/example_dags/example_short_circuit_operator.py took 3.238 seconds
[2024-05-30T15:39:18.614-0500] {processor.py:161} INFO - Started process (PID=22933) to work on /home/diallo/Documents/workspace/Python/AirFlowProjects/AirFlow01/venv/lib/python3.10/site-packages/airflow/example_dags/example_short_circuit_operator.py
[2024-05-30T15:39:18.620-0500] {processor.py:830} INFO - Processing file /home/diallo/Documents/workspace/Python/AirFlowProjects/AirFlow01/venv/lib/python3.10/site-packages/airflow/example_dags/example_short_circuit_operator.py for tasks to queue
[2024-05-30T15:39:18.623-0500] {logging_mixin.py:188} INFO - [2024-05-30T15:39:18.622-0500] {dagbag.py:545} INFO - Filling up the DagBag from /home/diallo/Documents/workspace/Python/AirFlowProjects/AirFlow01/venv/lib/python3.10/site-packages/airflow/example_dags/example_short_circuit_operator.py
[2024-05-30T15:39:18.633-0500] {processor.py:840} INFO - DAG(s) 'example_short_circuit_operator' retrieved from /home/diallo/Documents/workspace/Python/AirFlowProjects/AirFlow01/venv/lib/python3.10/site-packages/airflow/example_dags/example_short_circuit_operator.py
[2024-05-30T15:39:18.652-0500] {logging_mixin.py:188} INFO - [2024-05-30T15:39:18.652-0500] {dag.py:3096} INFO - Sync 1 DAGs
[2024-05-30T15:39:18.670-0500] {logging_mixin.py:188} INFO - [2024-05-30T15:39:18.670-0500] {dag.py:3954} INFO - Setting next_dagrun for example_short_circuit_operator to 2024-05-29 00:00:00+00:00, run_after=2024-05-30 00:00:00+00:00
[2024-05-30T15:39:18.760-0500] {processor.py:183} INFO - Processing /home/diallo/Documents/workspace/Python/AirFlowProjects/AirFlow01/venv/lib/python3.10/site-packages/airflow/example_dags/example_short_circuit_operator.py took 0.155 seconds
[2024-05-30T15:41:29.326-0500] {processor.py:161} INFO - Started process (PID=23924) to work on /home/diallo/Documents/workspace/Python/AirFlowProjects/AirFlow01/venv/lib/python3.10/site-packages/airflow/example_dags/example_short_circuit_operator.py
[2024-05-30T15:41:29.327-0500] {processor.py:830} INFO - Processing file /home/diallo/Documents/workspace/Python/AirFlowProjects/AirFlow01/venv/lib/python3.10/site-packages/airflow/example_dags/example_short_circuit_operator.py for tasks to queue
[2024-05-30T15:41:29.330-0500] {logging_mixin.py:188} INFO - [2024-05-30T15:41:29.329-0500] {dagbag.py:545} INFO - Filling up the DagBag from /home/diallo/Documents/workspace/Python/AirFlowProjects/AirFlow01/venv/lib/python3.10/site-packages/airflow/example_dags/example_short_circuit_operator.py
[2024-05-30T15:41:29.339-0500] {processor.py:840} INFO - DAG(s) 'example_short_circuit_operator' retrieved from /home/diallo/Documents/workspace/Python/AirFlowProjects/AirFlow01/venv/lib/python3.10/site-packages/airflow/example_dags/example_short_circuit_operator.py
[2024-05-30T15:41:29.357-0500] {logging_mixin.py:188} INFO - [2024-05-30T15:41:29.357-0500] {dag.py:3096} INFO - Sync 1 DAGs
[2024-05-30T15:41:29.461-0500] {logging_mixin.py:188} INFO - [2024-05-30T15:41:29.460-0500] {dag.py:3954} INFO - Setting next_dagrun for example_short_circuit_operator to 2024-05-29 00:00:00+00:00, run_after=2024-05-30 00:00:00+00:00
[2024-05-30T15:41:30.752-0500] {processor.py:183} INFO - Processing /home/diallo/Documents/workspace/Python/AirFlowProjects/AirFlow01/venv/lib/python3.10/site-packages/airflow/example_dags/example_short_circuit_operator.py took 1.435 seconds
[2024-05-30T15:43:26.191-0500] {processor.py:161} INFO - Started process (PID=24844) to work on /home/diallo/Documents/workspace/Python/AirFlowProjects/AirFlow01/venv/lib/python3.10/site-packages/airflow/example_dags/example_short_circuit_operator.py
[2024-05-30T15:43:26.222-0500] {processor.py:830} INFO - Processing file /home/diallo/Documents/workspace/Python/AirFlowProjects/AirFlow01/venv/lib/python3.10/site-packages/airflow/example_dags/example_short_circuit_operator.py for tasks to queue
[2024-05-30T15:43:26.224-0500] {logging_mixin.py:188} INFO - [2024-05-30T15:43:26.223-0500] {dagbag.py:545} INFO - Filling up the DagBag from /home/diallo/Documents/workspace/Python/AirFlowProjects/AirFlow01/venv/lib/python3.10/site-packages/airflow/example_dags/example_short_circuit_operator.py
[2024-05-30T15:43:26.234-0500] {processor.py:840} INFO - DAG(s) 'example_short_circuit_operator' retrieved from /home/diallo/Documents/workspace/Python/AirFlowProjects/AirFlow01/venv/lib/python3.10/site-packages/airflow/example_dags/example_short_circuit_operator.py
[2024-05-30T15:43:26.253-0500] {logging_mixin.py:188} INFO - [2024-05-30T15:43:26.253-0500] {dag.py:3096} INFO - Sync 1 DAGs
[2024-05-30T15:43:26.272-0500] {logging_mixin.py:188} INFO - [2024-05-30T15:43:26.272-0500] {dag.py:3954} INFO - Setting next_dagrun for example_short_circuit_operator to 2024-05-29 00:00:00+00:00, run_after=2024-05-30 00:00:00+00:00
[2024-05-30T15:43:26.363-0500] {processor.py:183} INFO - Processing /home/diallo/Documents/workspace/Python/AirFlowProjects/AirFlow01/venv/lib/python3.10/site-packages/airflow/example_dags/example_short_circuit_operator.py took 0.184 seconds
[2024-05-30T15:44:42.586-0500] {processor.py:161} INFO - Started process (PID=25439) to work on /home/diallo/Documents/workspace/Python/AirFlowProjects/AirFlow01/venv/lib/python3.10/site-packages/airflow/example_dags/example_short_circuit_operator.py
[2024-05-30T15:44:42.587-0500] {processor.py:830} INFO - Processing file /home/diallo/Documents/workspace/Python/AirFlowProjects/AirFlow01/venv/lib/python3.10/site-packages/airflow/example_dags/example_short_circuit_operator.py for tasks to queue
[2024-05-30T15:44:42.590-0500] {logging_mixin.py:188} INFO - [2024-05-30T15:44:42.589-0500] {dagbag.py:545} INFO - Filling up the DagBag from /home/diallo/Documents/workspace/Python/AirFlowProjects/AirFlow01/venv/lib/python3.10/site-packages/airflow/example_dags/example_short_circuit_operator.py
[2024-05-30T15:44:42.600-0500] {processor.py:840} INFO - DAG(s) 'example_short_circuit_operator' retrieved from /home/diallo/Documents/workspace/Python/AirFlowProjects/AirFlow01/venv/lib/python3.10/site-packages/airflow/example_dags/example_short_circuit_operator.py
[2024-05-30T15:44:42.620-0500] {logging_mixin.py:188} INFO - [2024-05-30T15:44:42.619-0500] {dag.py:3096} INFO - Sync 1 DAGs
[2024-05-30T15:44:42.640-0500] {logging_mixin.py:188} INFO - [2024-05-30T15:44:42.640-0500] {dag.py:3954} INFO - Setting next_dagrun for example_short_circuit_operator to 2024-05-29 00:00:00+00:00, run_after=2024-05-30 00:00:00+00:00
[2024-05-30T15:44:43.344-0500] {processor.py:183} INFO - Processing /home/diallo/Documents/workspace/Python/AirFlowProjects/AirFlow01/venv/lib/python3.10/site-packages/airflow/example_dags/example_short_circuit_operator.py took 0.770 seconds
[2024-05-30T15:46:32.678-0500] {processor.py:161} INFO - Started process (PID=26288) to work on /home/diallo/Documents/workspace/Python/AirFlowProjects/AirFlow01/venv/lib/python3.10/site-packages/airflow/example_dags/example_short_circuit_operator.py
[2024-05-30T15:46:32.679-0500] {processor.py:830} INFO - Processing file /home/diallo/Documents/workspace/Python/AirFlowProjects/AirFlow01/venv/lib/python3.10/site-packages/airflow/example_dags/example_short_circuit_operator.py for tasks to queue
[2024-05-30T15:46:32.681-0500] {logging_mixin.py:188} INFO - [2024-05-30T15:46:32.681-0500] {dagbag.py:545} INFO - Filling up the DagBag from /home/diallo/Documents/workspace/Python/AirFlowProjects/AirFlow01/venv/lib/python3.10/site-packages/airflow/example_dags/example_short_circuit_operator.py
[2024-05-30T15:46:32.691-0500] {processor.py:840} INFO - DAG(s) 'example_short_circuit_operator' retrieved from /home/diallo/Documents/workspace/Python/AirFlowProjects/AirFlow01/venv/lib/python3.10/site-packages/airflow/example_dags/example_short_circuit_operator.py
[2024-05-30T15:46:32.713-0500] {logging_mixin.py:188} INFO - [2024-05-30T15:46:32.713-0500] {dag.py:3096} INFO - Sync 1 DAGs
[2024-05-30T15:46:32.739-0500] {logging_mixin.py:188} INFO - [2024-05-30T15:46:32.739-0500] {dag.py:3954} INFO - Setting next_dagrun for example_short_circuit_operator to 2024-05-29 00:00:00+00:00, run_after=2024-05-30 00:00:00+00:00
[2024-05-30T15:46:32.844-0500] {processor.py:183} INFO - Processing /home/diallo/Documents/workspace/Python/AirFlowProjects/AirFlow01/venv/lib/python3.10/site-packages/airflow/example_dags/example_short_circuit_operator.py took 0.177 seconds
[2024-05-30T15:47:41.599-0500] {processor.py:161} INFO - Started process (PID=26816) to work on /home/diallo/Documents/workspace/Python/AirFlowProjects/AirFlow01/venv/lib/python3.10/site-packages/airflow/example_dags/example_short_circuit_operator.py
[2024-05-30T15:47:41.601-0500] {processor.py:830} INFO - Processing file /home/diallo/Documents/workspace/Python/AirFlowProjects/AirFlow01/venv/lib/python3.10/site-packages/airflow/example_dags/example_short_circuit_operator.py for tasks to queue
[2024-05-30T15:47:41.606-0500] {logging_mixin.py:188} INFO - [2024-05-30T15:47:41.604-0500] {dagbag.py:545} INFO - Filling up the DagBag from /home/diallo/Documents/workspace/Python/AirFlowProjects/AirFlow01/venv/lib/python3.10/site-packages/airflow/example_dags/example_short_circuit_operator.py
[2024-05-30T15:47:41.621-0500] {processor.py:840} INFO - DAG(s) 'example_short_circuit_operator' retrieved from /home/diallo/Documents/workspace/Python/AirFlowProjects/AirFlow01/venv/lib/python3.10/site-packages/airflow/example_dags/example_short_circuit_operator.py
[2024-05-30T15:47:41.648-0500] {logging_mixin.py:188} INFO - [2024-05-30T15:47:41.648-0500] {dag.py:3096} INFO - Sync 1 DAGs
[2024-05-30T15:47:41.672-0500] {logging_mixin.py:188} INFO - [2024-05-30T15:47:41.672-0500] {dag.py:3954} INFO - Setting next_dagrun for example_short_circuit_operator to 2024-05-29 00:00:00+00:00, run_after=2024-05-30 00:00:00+00:00
[2024-05-30T15:47:41.800-0500] {processor.py:183} INFO - Processing /home/diallo/Documents/workspace/Python/AirFlowProjects/AirFlow01/venv/lib/python3.10/site-packages/airflow/example_dags/example_short_circuit_operator.py took 0.230 seconds
[2024-05-30T15:48:43.766-0500] {processor.py:161} INFO - Started process (PID=27349) to work on /home/diallo/Documents/workspace/Python/AirFlowProjects/AirFlow01/venv/lib/python3.10/site-packages/airflow/example_dags/example_short_circuit_operator.py
[2024-05-30T15:48:43.799-0500] {processor.py:830} INFO - Processing file /home/diallo/Documents/workspace/Python/AirFlowProjects/AirFlow01/venv/lib/python3.10/site-packages/airflow/example_dags/example_short_circuit_operator.py for tasks to queue
[2024-05-30T15:48:43.804-0500] {logging_mixin.py:188} INFO - [2024-05-30T15:48:43.803-0500] {dagbag.py:545} INFO - Filling up the DagBag from /home/diallo/Documents/workspace/Python/AirFlowProjects/AirFlow01/venv/lib/python3.10/site-packages/airflow/example_dags/example_short_circuit_operator.py
[2024-05-30T15:48:43.824-0500] {processor.py:840} INFO - DAG(s) 'example_short_circuit_operator' retrieved from /home/diallo/Documents/workspace/Python/AirFlowProjects/AirFlow01/venv/lib/python3.10/site-packages/airflow/example_dags/example_short_circuit_operator.py
[2024-05-30T15:48:43.845-0500] {logging_mixin.py:188} INFO - [2024-05-30T15:48:43.845-0500] {dag.py:3096} INFO - Sync 1 DAGs
[2024-05-30T15:48:43.864-0500] {logging_mixin.py:188} INFO - [2024-05-30T15:48:43.864-0500] {dag.py:3954} INFO - Setting next_dagrun for example_short_circuit_operator to 2024-05-29 00:00:00+00:00, run_after=2024-05-30 00:00:00+00:00
[2024-05-30T15:48:43.944-0500] {processor.py:183} INFO - Processing /home/diallo/Documents/workspace/Python/AirFlowProjects/AirFlow01/venv/lib/python3.10/site-packages/airflow/example_dags/example_short_circuit_operator.py took 0.186 seconds
[2024-05-30T15:49:55.967-0500] {processor.py:161} INFO - Started process (PID=27909) to work on /home/diallo/Documents/workspace/Python/AirFlowProjects/AirFlow01/venv/lib/python3.10/site-packages/airflow/example_dags/example_short_circuit_operator.py
[2024-05-30T15:49:55.982-0500] {processor.py:830} INFO - Processing file /home/diallo/Documents/workspace/Python/AirFlowProjects/AirFlow01/venv/lib/python3.10/site-packages/airflow/example_dags/example_short_circuit_operator.py for tasks to queue
[2024-05-30T15:49:55.985-0500] {logging_mixin.py:188} INFO - [2024-05-30T15:49:55.984-0500] {dagbag.py:545} INFO - Filling up the DagBag from /home/diallo/Documents/workspace/Python/AirFlowProjects/AirFlow01/venv/lib/python3.10/site-packages/airflow/example_dags/example_short_circuit_operator.py
[2024-05-30T15:49:55.996-0500] {processor.py:840} INFO - DAG(s) 'example_short_circuit_operator' retrieved from /home/diallo/Documents/workspace/Python/AirFlowProjects/AirFlow01/venv/lib/python3.10/site-packages/airflow/example_dags/example_short_circuit_operator.py
[2024-05-30T15:49:56.017-0500] {logging_mixin.py:188} INFO - [2024-05-30T15:49:56.017-0500] {dag.py:3096} INFO - Sync 1 DAGs
[2024-05-30T15:49:56.037-0500] {logging_mixin.py:188} INFO - [2024-05-30T15:49:56.036-0500] {dag.py:3954} INFO - Setting next_dagrun for example_short_circuit_operator to 2024-05-29 00:00:00+00:00, run_after=2024-05-30 00:00:00+00:00
[2024-05-30T15:49:56.732-0500] {processor.py:183} INFO - Processing /home/diallo/Documents/workspace/Python/AirFlowProjects/AirFlow01/venv/lib/python3.10/site-packages/airflow/example_dags/example_short_circuit_operator.py took 0.774 seconds
