[2024-05-30T15:38:09.969-0500] {processor.py:161} INFO - Started process (PID=22308) to work on /home/diallo/Documents/workspace/Python/AirFlowProjects/AirFlow01/venv/lib/python3.10/site-packages/airflow/example_dags/example_params_ui_tutorial.py
[2024-05-30T15:38:09.971-0500] {processor.py:830} INFO - Processing file /home/diallo/Documents/workspace/Python/AirFlowProjects/AirFlow01/venv/lib/python3.10/site-packages/airflow/example_dags/example_params_ui_tutorial.py for tasks to queue
[2024-05-30T15:38:09.973-0500] {logging_mixin.py:188} INFO - [2024-05-30T15:38:09.973-0500] {dagbag.py:545} INFO - Filling up the DagBag from /home/diallo/Documents/workspace/Python/AirFlowProjects/AirFlow01/venv/lib/python3.10/site-packages/airflow/example_dags/example_params_ui_tutorial.py
[2024-05-30T15:38:09.987-0500] {processor.py:840} INFO - DAG(s) 'example_params_ui_tutorial' retrieved from /home/diallo/Documents/workspace/Python/AirFlowProjects/AirFlow01/venv/lib/python3.10/site-packages/airflow/example_dags/example_params_ui_tutorial.py
[2024-05-30T15:38:10.280-0500] {logging_mixin.py:188} INFO - [2024-05-30T15:38:10.278-0500] {override.py:1829} INFO - Created Permission View: can delete on DAG:example_params_ui_tutorial
[2024-05-30T15:38:10.370-0500] {logging_mixin.py:188} INFO - [2024-05-30T15:38:10.368-0500] {override.py:1829} INFO - Created Permission View: can edit on DAG:example_params_ui_tutorial
[2024-05-30T15:38:10.439-0500] {logging_mixin.py:188} INFO - [2024-05-30T15:38:10.437-0500] {override.py:1829} INFO - Created Permission View: can read on DAG:example_params_ui_tutorial
[2024-05-30T15:38:10.441-0500] {logging_mixin.py:188} INFO - [2024-05-30T15:38:10.440-0500] {dag.py:3096} INFO - Sync 1 DAGs
[2024-05-30T15:38:10.474-0500] {logging_mixin.py:188} INFO - [2024-05-30T15:38:10.473-0500] {dag.py:3118} INFO - Creating ORM DAG for example_params_ui_tutorial
[2024-05-30T15:38:10.475-0500] {logging_mixin.py:188} INFO - [2024-05-30T15:38:10.475-0500] {dag.py:3954} INFO - Setting next_dagrun for example_params_ui_tutorial to None, run_after=None
[2024-05-30T15:38:10.675-0500] {processor.py:183} INFO - Processing /home/diallo/Documents/workspace/Python/AirFlowProjects/AirFlow01/venv/lib/python3.10/site-packages/airflow/example_dags/example_params_ui_tutorial.py took 0.716 seconds
[2024-05-30T15:39:23.607-0500] {processor.py:161} INFO - Started process (PID=22968) to work on /home/diallo/Documents/workspace/Python/AirFlowProjects/AirFlow01/venv/lib/python3.10/site-packages/airflow/example_dags/example_params_ui_tutorial.py
[2024-05-30T15:39:23.616-0500] {processor.py:830} INFO - Processing file /home/diallo/Documents/workspace/Python/AirFlowProjects/AirFlow01/venv/lib/python3.10/site-packages/airflow/example_dags/example_params_ui_tutorial.py for tasks to queue
[2024-05-30T15:39:23.618-0500] {logging_mixin.py:188} INFO - [2024-05-30T15:39:23.617-0500] {dagbag.py:545} INFO - Filling up the DagBag from /home/diallo/Documents/workspace/Python/AirFlowProjects/AirFlow01/venv/lib/python3.10/site-packages/airflow/example_dags/example_params_ui_tutorial.py
[2024-05-30T15:39:23.631-0500] {processor.py:840} INFO - DAG(s) 'example_params_ui_tutorial' retrieved from /home/diallo/Documents/workspace/Python/AirFlowProjects/AirFlow01/venv/lib/python3.10/site-packages/airflow/example_dags/example_params_ui_tutorial.py
[2024-05-30T15:39:23.682-0500] {logging_mixin.py:188} INFO - [2024-05-30T15:39:23.682-0500] {dag.py:3096} INFO - Sync 1 DAGs
[2024-05-30T15:39:23.694-0500] {logging_mixin.py:188} INFO - [2024-05-30T15:39:23.694-0500] {dag.py:3954} INFO - Setting next_dagrun for example_params_ui_tutorial to None, run_after=None
[2024-05-30T15:39:23.779-0500] {processor.py:183} INFO - Processing /home/diallo/Documents/workspace/Python/AirFlowProjects/AirFlow01/venv/lib/python3.10/site-packages/airflow/example_dags/example_params_ui_tutorial.py took 0.180 seconds
[2024-05-30T15:41:39.373-0500] {processor.py:161} INFO - Started process (PID=23987) to work on /home/diallo/Documents/workspace/Python/AirFlowProjects/AirFlow01/venv/lib/python3.10/site-packages/airflow/example_dags/example_params_ui_tutorial.py
[2024-05-30T15:41:39.401-0500] {processor.py:830} INFO - Processing file /home/diallo/Documents/workspace/Python/AirFlowProjects/AirFlow01/venv/lib/python3.10/site-packages/airflow/example_dags/example_params_ui_tutorial.py for tasks to queue
[2024-05-30T15:41:39.403-0500] {logging_mixin.py:188} INFO - [2024-05-30T15:41:39.402-0500] {dagbag.py:545} INFO - Filling up the DagBag from /home/diallo/Documents/workspace/Python/AirFlowProjects/AirFlow01/venv/lib/python3.10/site-packages/airflow/example_dags/example_params_ui_tutorial.py
[2024-05-30T15:41:39.418-0500] {processor.py:840} INFO - DAG(s) 'example_params_ui_tutorial' retrieved from /home/diallo/Documents/workspace/Python/AirFlowProjects/AirFlow01/venv/lib/python3.10/site-packages/airflow/example_dags/example_params_ui_tutorial.py
[2024-05-30T15:41:39.562-0500] {logging_mixin.py:188} INFO - [2024-05-30T15:41:39.562-0500] {dag.py:3096} INFO - Sync 1 DAGs
[2024-05-30T15:41:39.574-0500] {logging_mixin.py:188} INFO - [2024-05-30T15:41:39.574-0500] {dag.py:3954} INFO - Setting next_dagrun for example_params_ui_tutorial to None, run_after=None
[2024-05-30T15:41:40.179-0500] {processor.py:183} INFO - Processing /home/diallo/Documents/workspace/Python/AirFlowProjects/AirFlow01/venv/lib/python3.10/site-packages/airflow/example_dags/example_params_ui_tutorial.py took 0.813 seconds
[2024-05-30T15:43:30.103-0500] {processor.py:161} INFO - Started process (PID=24872) to work on /home/diallo/Documents/workspace/Python/AirFlowProjects/AirFlow01/venv/lib/python3.10/site-packages/airflow/example_dags/example_params_ui_tutorial.py
[2024-05-30T15:43:30.145-0500] {processor.py:830} INFO - Processing file /home/diallo/Documents/workspace/Python/AirFlowProjects/AirFlow01/venv/lib/python3.10/site-packages/airflow/example_dags/example_params_ui_tutorial.py for tasks to queue
[2024-05-30T15:43:30.152-0500] {logging_mixin.py:188} INFO - [2024-05-30T15:43:30.151-0500] {dagbag.py:545} INFO - Filling up the DagBag from /home/diallo/Documents/workspace/Python/AirFlowProjects/AirFlow01/venv/lib/python3.10/site-packages/airflow/example_dags/example_params_ui_tutorial.py
[2024-05-30T15:43:30.182-0500] {processor.py:840} INFO - DAG(s) 'example_params_ui_tutorial' retrieved from /home/diallo/Documents/workspace/Python/AirFlowProjects/AirFlow01/venv/lib/python3.10/site-packages/airflow/example_dags/example_params_ui_tutorial.py
[2024-05-30T15:43:30.240-0500] {logging_mixin.py:188} INFO - [2024-05-30T15:43:30.239-0500] {dag.py:3096} INFO - Sync 1 DAGs
[2024-05-30T15:43:30.251-0500] {logging_mixin.py:188} INFO - [2024-05-30T15:43:30.250-0500] {dag.py:3954} INFO - Setting next_dagrun for example_params_ui_tutorial to None, run_after=None
[2024-05-30T15:43:30.357-0500] {processor.py:183} INFO - Processing /home/diallo/Documents/workspace/Python/AirFlowProjects/AirFlow01/venv/lib/python3.10/site-packages/airflow/example_dags/example_params_ui_tutorial.py took 0.263 seconds
[2024-05-30T15:44:51.067-0500] {processor.py:161} INFO - Started process (PID=25501) to work on /home/diallo/Documents/workspace/Python/AirFlowProjects/AirFlow01/venv/lib/python3.10/site-packages/airflow/example_dags/example_params_ui_tutorial.py
[2024-05-30T15:44:51.069-0500] {processor.py:830} INFO - Processing file /home/diallo/Documents/workspace/Python/AirFlowProjects/AirFlow01/venv/lib/python3.10/site-packages/airflow/example_dags/example_params_ui_tutorial.py for tasks to queue
[2024-05-30T15:44:51.073-0500] {logging_mixin.py:188} INFO - [2024-05-30T15:44:51.072-0500] {dagbag.py:545} INFO - Filling up the DagBag from /home/diallo/Documents/workspace/Python/AirFlowProjects/AirFlow01/venv/lib/python3.10/site-packages/airflow/example_dags/example_params_ui_tutorial.py
[2024-05-30T15:44:51.091-0500] {processor.py:840} INFO - DAG(s) 'example_params_ui_tutorial' retrieved from /home/diallo/Documents/workspace/Python/AirFlowProjects/AirFlow01/venv/lib/python3.10/site-packages/airflow/example_dags/example_params_ui_tutorial.py
[2024-05-30T15:44:51.138-0500] {logging_mixin.py:188} INFO - [2024-05-30T15:44:51.138-0500] {dag.py:3096} INFO - Sync 1 DAGs
[2024-05-30T15:44:51.150-0500] {logging_mixin.py:188} INFO - [2024-05-30T15:44:51.150-0500] {dag.py:3954} INFO - Setting next_dagrun for example_params_ui_tutorial to None, run_after=None
[2024-05-30T15:44:51.898-0500] {processor.py:183} INFO - Processing /home/diallo/Documents/workspace/Python/AirFlowProjects/AirFlow01/venv/lib/python3.10/site-packages/airflow/example_dags/example_params_ui_tutorial.py took 0.847 seconds
[2024-05-30T15:46:36.696-0500] {processor.py:161} INFO - Started process (PID=26323) to work on /home/diallo/Documents/workspace/Python/AirFlowProjects/AirFlow01/venv/lib/python3.10/site-packages/airflow/example_dags/example_params_ui_tutorial.py
[2024-05-30T15:46:36.834-0500] {processor.py:830} INFO - Processing file /home/diallo/Documents/workspace/Python/AirFlowProjects/AirFlow01/venv/lib/python3.10/site-packages/airflow/example_dags/example_params_ui_tutorial.py for tasks to queue
[2024-05-30T15:46:36.841-0500] {logging_mixin.py:188} INFO - [2024-05-30T15:46:36.839-0500] {dagbag.py:545} INFO - Filling up the DagBag from /home/diallo/Documents/workspace/Python/AirFlowProjects/AirFlow01/venv/lib/python3.10/site-packages/airflow/example_dags/example_params_ui_tutorial.py
[2024-05-30T15:46:36.910-0500] {processor.py:840} INFO - DAG(s) 'example_params_ui_tutorial' retrieved from /home/diallo/Documents/workspace/Python/AirFlowProjects/AirFlow01/venv/lib/python3.10/site-packages/airflow/example_dags/example_params_ui_tutorial.py
[2024-05-30T15:46:36.979-0500] {logging_mixin.py:188} INFO - [2024-05-30T15:46:36.979-0500] {dag.py:3096} INFO - Sync 1 DAGs
[2024-05-30T15:46:36.993-0500] {logging_mixin.py:188} INFO - [2024-05-30T15:46:36.993-0500] {dag.py:3954} INFO - Setting next_dagrun for example_params_ui_tutorial to None, run_after=None
[2024-05-30T15:46:37.124-0500] {processor.py:183} INFO - Processing /home/diallo/Documents/workspace/Python/AirFlowProjects/AirFlow01/venv/lib/python3.10/site-packages/airflow/example_dags/example_params_ui_tutorial.py took 0.447 seconds
[2024-05-30T15:47:47.085-0500] {processor.py:161} INFO - Started process (PID=26883) to work on /home/diallo/Documents/workspace/Python/AirFlowProjects/AirFlow01/venv/lib/python3.10/site-packages/airflow/example_dags/example_params_ui_tutorial.py
[2024-05-30T15:47:47.091-0500] {processor.py:830} INFO - Processing file /home/diallo/Documents/workspace/Python/AirFlowProjects/AirFlow01/venv/lib/python3.10/site-packages/airflow/example_dags/example_params_ui_tutorial.py for tasks to queue
[2024-05-30T15:47:47.094-0500] {logging_mixin.py:188} INFO - [2024-05-30T15:47:47.093-0500] {dagbag.py:545} INFO - Filling up the DagBag from /home/diallo/Documents/workspace/Python/AirFlowProjects/AirFlow01/venv/lib/python3.10/site-packages/airflow/example_dags/example_params_ui_tutorial.py
[2024-05-30T15:47:47.114-0500] {processor.py:840} INFO - DAG(s) 'example_params_ui_tutorial' retrieved from /home/diallo/Documents/workspace/Python/AirFlowProjects/AirFlow01/venv/lib/python3.10/site-packages/airflow/example_dags/example_params_ui_tutorial.py
[2024-05-30T15:47:47.175-0500] {logging_mixin.py:188} INFO - [2024-05-30T15:47:47.175-0500] {dag.py:3096} INFO - Sync 1 DAGs
[2024-05-30T15:47:47.189-0500] {logging_mixin.py:188} INFO - [2024-05-30T15:47:47.189-0500] {dag.py:3954} INFO - Setting next_dagrun for example_params_ui_tutorial to None, run_after=None
[2024-05-30T15:47:47.258-0500] {processor.py:183} INFO - Processing /home/diallo/Documents/workspace/Python/AirFlowProjects/AirFlow01/venv/lib/python3.10/site-packages/airflow/example_dags/example_params_ui_tutorial.py took 0.192 seconds
[2024-05-30T15:48:48.601-0500] {processor.py:161} INFO - Started process (PID=27383) to work on /home/diallo/Documents/workspace/Python/AirFlowProjects/AirFlow01/venv/lib/python3.10/site-packages/airflow/example_dags/example_params_ui_tutorial.py
[2024-05-30T15:48:48.610-0500] {processor.py:830} INFO - Processing file /home/diallo/Documents/workspace/Python/AirFlowProjects/AirFlow01/venv/lib/python3.10/site-packages/airflow/example_dags/example_params_ui_tutorial.py for tasks to queue
[2024-05-30T15:48:48.614-0500] {logging_mixin.py:188} INFO - [2024-05-30T15:48:48.614-0500] {dagbag.py:545} INFO - Filling up the DagBag from /home/diallo/Documents/workspace/Python/AirFlowProjects/AirFlow01/venv/lib/python3.10/site-packages/airflow/example_dags/example_params_ui_tutorial.py
[2024-05-30T15:48:48.634-0500] {processor.py:840} INFO - DAG(s) 'example_params_ui_tutorial' retrieved from /home/diallo/Documents/workspace/Python/AirFlowProjects/AirFlow01/venv/lib/python3.10/site-packages/airflow/example_dags/example_params_ui_tutorial.py
[2024-05-30T15:48:48.684-0500] {logging_mixin.py:188} INFO - [2024-05-30T15:48:48.683-0500] {dag.py:3096} INFO - Sync 1 DAGs
[2024-05-30T15:48:48.695-0500] {logging_mixin.py:188} INFO - [2024-05-30T15:48:48.695-0500] {dag.py:3954} INFO - Setting next_dagrun for example_params_ui_tutorial to None, run_after=None
[2024-05-30T15:48:48.772-0500] {processor.py:183} INFO - Processing /home/diallo/Documents/workspace/Python/AirFlowProjects/AirFlow01/venv/lib/python3.10/site-packages/airflow/example_dags/example_params_ui_tutorial.py took 0.185 seconds
[2024-05-30T15:50:04.637-0500] {processor.py:161} INFO - Started process (PID=27970) to work on /home/diallo/Documents/workspace/Python/AirFlowProjects/AirFlow01/venv/lib/python3.10/site-packages/airflow/example_dags/example_params_ui_tutorial.py
[2024-05-30T15:50:04.691-0500] {processor.py:830} INFO - Processing file /home/diallo/Documents/workspace/Python/AirFlowProjects/AirFlow01/venv/lib/python3.10/site-packages/airflow/example_dags/example_params_ui_tutorial.py for tasks to queue
[2024-05-30T15:50:04.693-0500] {logging_mixin.py:188} INFO - [2024-05-30T15:50:04.692-0500] {dagbag.py:545} INFO - Filling up the DagBag from /home/diallo/Documents/workspace/Python/AirFlowProjects/AirFlow01/venv/lib/python3.10/site-packages/airflow/example_dags/example_params_ui_tutorial.py
[2024-05-30T15:50:04.711-0500] {processor.py:840} INFO - DAG(s) 'example_params_ui_tutorial' retrieved from /home/diallo/Documents/workspace/Python/AirFlowProjects/AirFlow01/venv/lib/python3.10/site-packages/airflow/example_dags/example_params_ui_tutorial.py
[2024-05-30T15:50:04.767-0500] {logging_mixin.py:188} INFO - [2024-05-30T15:50:04.766-0500] {dag.py:3096} INFO - Sync 1 DAGs
[2024-05-30T15:50:04.779-0500] {logging_mixin.py:188} INFO - [2024-05-30T15:50:04.779-0500] {dag.py:3954} INFO - Setting next_dagrun for example_params_ui_tutorial to None, run_after=None
[2024-05-30T15:50:05.921-0500] {processor.py:183} INFO - Processing /home/diallo/Documents/workspace/Python/AirFlowProjects/AirFlow01/venv/lib/python3.10/site-packages/airflow/example_dags/example_params_ui_tutorial.py took 1.294 seconds
