[2024-05-30T15:37:25.408-0500] {processor.py:161} INFO - Started process (PID=21927) to work on /home/diallo/Documents/workspace/Python/AirFlowProjects/AirFlow01/venv/lib/python3.10/site-packages/airflow/example_dags/example_xcom.py
[2024-05-30T15:37:25.410-0500] {processor.py:830} INFO - Processing file /home/diallo/Documents/workspace/Python/AirFlowProjects/AirFlow01/venv/lib/python3.10/site-packages/airflow/example_dags/example_xcom.py for tasks to queue
[2024-05-30T15:37:25.412-0500] {logging_mixin.py:188} INFO - [2024-05-30T15:37:25.411-0500] {dagbag.py:545} INFO - Filling up the DagBag from /home/diallo/Documents/workspace/Python/AirFlowProjects/AirFlow01/venv/lib/python3.10/site-packages/airflow/example_dags/example_xcom.py
[2024-05-30T15:37:25.423-0500] {processor.py:840} INFO - DAG(s) 'example_xcom' retrieved from /home/diallo/Documents/workspace/Python/AirFlowProjects/AirFlow01/venv/lib/python3.10/site-packages/airflow/example_dags/example_xcom.py
[2024-05-30T15:37:25.656-0500] {logging_mixin.py:188} INFO - [2024-05-30T15:37:25.654-0500] {override.py:1829} INFO - Created Permission View: can delete on DAG:example_xcom
[2024-05-30T15:37:25.733-0500] {logging_mixin.py:188} INFO - [2024-05-30T15:37:25.732-0500] {override.py:1829} INFO - Created Permission View: can edit on DAG:example_xcom
[2024-05-30T15:37:25.790-0500] {logging_mixin.py:188} INFO - [2024-05-30T15:37:25.789-0500] {override.py:1829} INFO - Created Permission View: can read on DAG:example_xcom
[2024-05-30T15:37:25.792-0500] {logging_mixin.py:188} INFO - [2024-05-30T15:37:25.791-0500] {dag.py:3096} INFO - Sync 1 DAGs
[2024-05-30T15:37:25.822-0500] {logging_mixin.py:188} INFO - [2024-05-30T15:37:25.821-0500] {dag.py:3118} INFO - Creating ORM DAG for example_xcom
[2024-05-30T15:37:25.833-0500] {logging_mixin.py:188} INFO - [2024-05-30T15:37:25.832-0500] {dag.py:3954} INFO - Setting next_dagrun for example_xcom to 2021-01-01 00:00:00+00:00, run_after=2021-01-01 00:00:00+00:00
[2024-05-30T15:37:25.903-0500] {processor.py:183} INFO - Processing /home/diallo/Documents/workspace/Python/AirFlowProjects/AirFlow01/venv/lib/python3.10/site-packages/airflow/example_dags/example_xcom.py took 0.503 seconds
[2024-05-30T15:38:58.657-0500] {processor.py:161} INFO - Started process (PID=22767) to work on /home/diallo/Documents/workspace/Python/AirFlowProjects/AirFlow01/venv/lib/python3.10/site-packages/airflow/example_dags/example_xcom.py
[2024-05-30T15:38:58.669-0500] {processor.py:830} INFO - Processing file /home/diallo/Documents/workspace/Python/AirFlowProjects/AirFlow01/venv/lib/python3.10/site-packages/airflow/example_dags/example_xcom.py for tasks to queue
[2024-05-30T15:38:58.677-0500] {logging_mixin.py:188} INFO - [2024-05-30T15:38:58.675-0500] {dagbag.py:545} INFO - Filling up the DagBag from /home/diallo/Documents/workspace/Python/AirFlowProjects/AirFlow01/venv/lib/python3.10/site-packages/airflow/example_dags/example_xcom.py
[2024-05-30T15:38:58.707-0500] {processor.py:840} INFO - DAG(s) 'example_xcom' retrieved from /home/diallo/Documents/workspace/Python/AirFlowProjects/AirFlow01/venv/lib/python3.10/site-packages/airflow/example_dags/example_xcom.py
[2024-05-30T15:38:58.738-0500] {logging_mixin.py:188} INFO - [2024-05-30T15:38:58.737-0500] {dag.py:3096} INFO - Sync 1 DAGs
[2024-05-30T15:38:58.768-0500] {logging_mixin.py:188} INFO - [2024-05-30T15:38:58.768-0500] {dag.py:3954} INFO - Setting next_dagrun for example_xcom to 2021-01-01 00:00:00+00:00, run_after=2021-01-01 00:00:00+00:00
[2024-05-30T15:38:58.924-0500] {processor.py:183} INFO - Processing /home/diallo/Documents/workspace/Python/AirFlowProjects/AirFlow01/venv/lib/python3.10/site-packages/airflow/example_dags/example_xcom.py took 0.293 seconds
[2024-05-30T15:39:40.288-0500] {processor.py:161} INFO - Started process (PID=23095) to work on /home/diallo/Documents/workspace/Python/AirFlowProjects/AirFlow01/venv/lib/python3.10/site-packages/airflow/example_dags/example_xcom.py
[2024-05-30T15:39:40.289-0500] {processor.py:830} INFO - Processing file /home/diallo/Documents/workspace/Python/AirFlowProjects/AirFlow01/venv/lib/python3.10/site-packages/airflow/example_dags/example_xcom.py for tasks to queue
[2024-05-30T15:39:40.291-0500] {logging_mixin.py:188} INFO - [2024-05-30T15:39:40.291-0500] {dagbag.py:545} INFO - Filling up the DagBag from /home/diallo/Documents/workspace/Python/AirFlowProjects/AirFlow01/venv/lib/python3.10/site-packages/airflow/example_dags/example_xcom.py
[2024-05-30T15:39:40.300-0500] {processor.py:840} INFO - DAG(s) 'example_xcom' retrieved from /home/diallo/Documents/workspace/Python/AirFlowProjects/AirFlow01/venv/lib/python3.10/site-packages/airflow/example_dags/example_xcom.py
[2024-05-30T15:39:40.318-0500] {logging_mixin.py:188} INFO - [2024-05-30T15:39:40.318-0500] {dag.py:3096} INFO - Sync 1 DAGs
[2024-05-30T15:39:40.340-0500] {logging_mixin.py:188} INFO - [2024-05-30T15:39:40.340-0500] {dag.py:3954} INFO - Setting next_dagrun for example_xcom to 2021-01-01 00:00:00+00:00, run_after=2021-01-01 00:00:00+00:00
[2024-05-30T15:39:40.487-0500] {processor.py:183} INFO - Processing /home/diallo/Documents/workspace/Python/AirFlowProjects/AirFlow01/venv/lib/python3.10/site-packages/airflow/example_dags/example_xcom.py took 0.207 seconds
[2024-05-30T15:42:06.527-0500] {processor.py:161} INFO - Started process (PID=24198) to work on /home/diallo/Documents/workspace/Python/AirFlowProjects/AirFlow01/venv/lib/python3.10/site-packages/airflow/example_dags/example_xcom.py
[2024-05-30T15:42:06.586-0500] {processor.py:830} INFO - Processing file /home/diallo/Documents/workspace/Python/AirFlowProjects/AirFlow01/venv/lib/python3.10/site-packages/airflow/example_dags/example_xcom.py for tasks to queue
[2024-05-30T15:42:06.588-0500] {logging_mixin.py:188} INFO - [2024-05-30T15:42:06.587-0500] {dagbag.py:545} INFO - Filling up the DagBag from /home/diallo/Documents/workspace/Python/AirFlowProjects/AirFlow01/venv/lib/python3.10/site-packages/airflow/example_dags/example_xcom.py
[2024-05-30T15:42:06.683-0500] {processor.py:840} INFO - DAG(s) 'example_xcom' retrieved from /home/diallo/Documents/workspace/Python/AirFlowProjects/AirFlow01/venv/lib/python3.10/site-packages/airflow/example_dags/example_xcom.py
[2024-05-30T15:42:06.696-0500] {logging_mixin.py:188} INFO - [2024-05-30T15:42:06.696-0500] {dag.py:3096} INFO - Sync 1 DAGs
[2024-05-30T15:42:06.712-0500] {logging_mixin.py:188} INFO - [2024-05-30T15:42:06.712-0500] {dag.py:3954} INFO - Setting next_dagrun for example_xcom to 2021-01-01 00:00:00+00:00, run_after=2021-01-01 00:00:00+00:00
[2024-05-30T15:42:07.183-0500] {processor.py:183} INFO - Processing /home/diallo/Documents/workspace/Python/AirFlowProjects/AirFlow01/venv/lib/python3.10/site-packages/airflow/example_dags/example_xcom.py took 0.665 seconds
[2024-05-30T15:43:09.675-0500] {processor.py:161} INFO - Started process (PID=24723) to work on /home/diallo/Documents/workspace/Python/AirFlowProjects/AirFlow01/venv/lib/python3.10/site-packages/airflow/example_dags/example_xcom.py
[2024-05-30T15:43:09.709-0500] {processor.py:830} INFO - Processing file /home/diallo/Documents/workspace/Python/AirFlowProjects/AirFlow01/venv/lib/python3.10/site-packages/airflow/example_dags/example_xcom.py for tasks to queue
[2024-05-30T15:43:09.714-0500] {logging_mixin.py:188} INFO - [2024-05-30T15:43:09.713-0500] {dagbag.py:545} INFO - Filling up the DagBag from /home/diallo/Documents/workspace/Python/AirFlowProjects/AirFlow01/venv/lib/python3.10/site-packages/airflow/example_dags/example_xcom.py
[2024-05-30T15:43:09.742-0500] {processor.py:840} INFO - DAG(s) 'example_xcom' retrieved from /home/diallo/Documents/workspace/Python/AirFlowProjects/AirFlow01/venv/lib/python3.10/site-packages/airflow/example_dags/example_xcom.py
[2024-05-30T15:43:09.767-0500] {logging_mixin.py:188} INFO - [2024-05-30T15:43:09.766-0500] {dag.py:3096} INFO - Sync 1 DAGs
[2024-05-30T15:43:09.785-0500] {logging_mixin.py:188} INFO - [2024-05-30T15:43:09.785-0500] {dag.py:3954} INFO - Setting next_dagrun for example_xcom to 2021-01-01 00:00:00+00:00, run_after=2021-01-01 00:00:00+00:00
[2024-05-30T15:43:09.866-0500] {processor.py:183} INFO - Processing /home/diallo/Documents/workspace/Python/AirFlowProjects/AirFlow01/venv/lib/python3.10/site-packages/airflow/example_dags/example_xcom.py took 0.215 seconds
[2024-05-30T15:44:12.653-0500] {processor.py:161} INFO - Started process (PID=25209) to work on /home/diallo/Documents/workspace/Python/AirFlowProjects/AirFlow01/venv/lib/python3.10/site-packages/airflow/example_dags/example_xcom.py
[2024-05-30T15:44:12.677-0500] {processor.py:830} INFO - Processing file /home/diallo/Documents/workspace/Python/AirFlowProjects/AirFlow01/venv/lib/python3.10/site-packages/airflow/example_dags/example_xcom.py for tasks to queue
[2024-05-30T15:44:12.679-0500] {logging_mixin.py:188} INFO - [2024-05-30T15:44:12.679-0500] {dagbag.py:545} INFO - Filling up the DagBag from /home/diallo/Documents/workspace/Python/AirFlowProjects/AirFlow01/venv/lib/python3.10/site-packages/airflow/example_dags/example_xcom.py
[2024-05-30T15:44:12.695-0500] {processor.py:840} INFO - DAG(s) 'example_xcom' retrieved from /home/diallo/Documents/workspace/Python/AirFlowProjects/AirFlow01/venv/lib/python3.10/site-packages/airflow/example_dags/example_xcom.py
[2024-05-30T15:44:12.722-0500] {logging_mixin.py:188} INFO - [2024-05-30T15:44:12.722-0500] {dag.py:3096} INFO - Sync 1 DAGs
[2024-05-30T15:44:12.744-0500] {logging_mixin.py:188} INFO - [2024-05-30T15:44:12.744-0500] {dag.py:3954} INFO - Setting next_dagrun for example_xcom to 2021-01-01 00:00:00+00:00, run_after=2021-01-01 00:00:00+00:00
[2024-05-30T15:44:13.431-0500] {processor.py:183} INFO - Processing /home/diallo/Documents/workspace/Python/AirFlowProjects/AirFlow01/venv/lib/python3.10/site-packages/airflow/example_dags/example_xcom.py took 0.790 seconds
[2024-05-30T15:45:19.130-0500] {processor.py:161} INFO - Started process (PID=25702) to work on /home/diallo/Documents/workspace/Python/AirFlowProjects/AirFlow01/venv/lib/python3.10/site-packages/airflow/example_dags/example_xcom.py
[2024-05-30T15:45:19.152-0500] {processor.py:830} INFO - Processing file /home/diallo/Documents/workspace/Python/AirFlowProjects/AirFlow01/venv/lib/python3.10/site-packages/airflow/example_dags/example_xcom.py for tasks to queue
[2024-05-30T15:45:19.155-0500] {logging_mixin.py:188} INFO - [2024-05-30T15:45:19.154-0500] {dagbag.py:545} INFO - Filling up the DagBag from /home/diallo/Documents/workspace/Python/AirFlowProjects/AirFlow01/venv/lib/python3.10/site-packages/airflow/example_dags/example_xcom.py
[2024-05-30T15:45:19.166-0500] {processor.py:840} INFO - DAG(s) 'example_xcom' retrieved from /home/diallo/Documents/workspace/Python/AirFlowProjects/AirFlow01/venv/lib/python3.10/site-packages/airflow/example_dags/example_xcom.py
[2024-05-30T15:45:19.187-0500] {logging_mixin.py:188} INFO - [2024-05-30T15:45:19.187-0500] {dag.py:3096} INFO - Sync 1 DAGs
[2024-05-30T15:45:19.205-0500] {logging_mixin.py:188} INFO - [2024-05-30T15:45:19.205-0500] {dag.py:3954} INFO - Setting next_dagrun for example_xcom to 2021-01-01 00:00:00+00:00, run_after=2021-01-01 00:00:00+00:00
[2024-05-30T15:45:19.908-0500] {processor.py:183} INFO - Processing /home/diallo/Documents/workspace/Python/AirFlowProjects/AirFlow01/venv/lib/python3.10/site-packages/airflow/example_dags/example_xcom.py took 0.786 seconds
[2024-05-30T15:46:14.792-0500] {processor.py:161} INFO - Started process (PID=26137) to work on /home/diallo/Documents/workspace/Python/AirFlowProjects/AirFlow01/venv/lib/python3.10/site-packages/airflow/example_dags/example_xcom.py
[2024-05-30T15:46:14.801-0500] {processor.py:830} INFO - Processing file /home/diallo/Documents/workspace/Python/AirFlowProjects/AirFlow01/venv/lib/python3.10/site-packages/airflow/example_dags/example_xcom.py for tasks to queue
[2024-05-30T15:46:14.804-0500] {logging_mixin.py:188} INFO - [2024-05-30T15:46:14.803-0500] {dagbag.py:545} INFO - Filling up the DagBag from /home/diallo/Documents/workspace/Python/AirFlowProjects/AirFlow01/venv/lib/python3.10/site-packages/airflow/example_dags/example_xcom.py
[2024-05-30T15:46:14.815-0500] {processor.py:840} INFO - DAG(s) 'example_xcom' retrieved from /home/diallo/Documents/workspace/Python/AirFlowProjects/AirFlow01/venv/lib/python3.10/site-packages/airflow/example_dags/example_xcom.py
[2024-05-30T15:46:14.839-0500] {logging_mixin.py:188} INFO - [2024-05-30T15:46:14.839-0500] {dag.py:3096} INFO - Sync 1 DAGs
[2024-05-30T15:46:14.866-0500] {logging_mixin.py:188} INFO - [2024-05-30T15:46:14.865-0500] {dag.py:3954} INFO - Setting next_dagrun for example_xcom to 2021-01-01 00:00:00+00:00, run_after=2021-01-01 00:00:00+00:00
[2024-05-30T15:46:14.987-0500] {processor.py:183} INFO - Processing /home/diallo/Documents/workspace/Python/AirFlowProjects/AirFlow01/venv/lib/python3.10/site-packages/airflow/example_dags/example_xcom.py took 0.208 seconds
[2024-05-30T15:47:22.162-0500] {processor.py:161} INFO - Started process (PID=26672) to work on /home/diallo/Documents/workspace/Python/AirFlowProjects/AirFlow01/venv/lib/python3.10/site-packages/airflow/example_dags/example_xcom.py
[2024-05-30T15:47:22.196-0500] {processor.py:830} INFO - Processing file /home/diallo/Documents/workspace/Python/AirFlowProjects/AirFlow01/venv/lib/python3.10/site-packages/airflow/example_dags/example_xcom.py for tasks to queue
[2024-05-30T15:47:22.199-0500] {logging_mixin.py:188} INFO - [2024-05-30T15:47:22.198-0500] {dagbag.py:545} INFO - Filling up the DagBag from /home/diallo/Documents/workspace/Python/AirFlowProjects/AirFlow01/venv/lib/python3.10/site-packages/airflow/example_dags/example_xcom.py
[2024-05-30T15:47:22.216-0500] {processor.py:840} INFO - DAG(s) 'example_xcom' retrieved from /home/diallo/Documents/workspace/Python/AirFlowProjects/AirFlow01/venv/lib/python3.10/site-packages/airflow/example_dags/example_xcom.py
[2024-05-30T15:47:22.253-0500] {logging_mixin.py:188} INFO - [2024-05-30T15:47:22.252-0500] {dag.py:3096} INFO - Sync 1 DAGs
[2024-05-30T15:47:22.285-0500] {logging_mixin.py:188} INFO - [2024-05-30T15:47:22.284-0500] {dag.py:3954} INFO - Setting next_dagrun for example_xcom to 2021-01-01 00:00:00+00:00, run_after=2021-01-01 00:00:00+00:00
[2024-05-30T15:47:22.348-0500] {processor.py:183} INFO - Processing /home/diallo/Documents/workspace/Python/AirFlowProjects/AirFlow01/venv/lib/python3.10/site-packages/airflow/example_dags/example_xcom.py took 0.214 seconds
[2024-05-30T15:48:27.457-0500] {processor.py:161} INFO - Started process (PID=27214) to work on /home/diallo/Documents/workspace/Python/AirFlowProjects/AirFlow01/venv/lib/python3.10/site-packages/airflow/example_dags/example_xcom.py
[2024-05-30T15:48:27.497-0500] {processor.py:830} INFO - Processing file /home/diallo/Documents/workspace/Python/AirFlowProjects/AirFlow01/venv/lib/python3.10/site-packages/airflow/example_dags/example_xcom.py for tasks to queue
[2024-05-30T15:48:27.500-0500] {logging_mixin.py:188} INFO - [2024-05-30T15:48:27.499-0500] {dagbag.py:545} INFO - Filling up the DagBag from /home/diallo/Documents/workspace/Python/AirFlowProjects/AirFlow01/venv/lib/python3.10/site-packages/airflow/example_dags/example_xcom.py
[2024-05-30T15:48:27.510-0500] {processor.py:840} INFO - DAG(s) 'example_xcom' retrieved from /home/diallo/Documents/workspace/Python/AirFlowProjects/AirFlow01/venv/lib/python3.10/site-packages/airflow/example_dags/example_xcom.py
[2024-05-30T15:48:27.531-0500] {logging_mixin.py:188} INFO - [2024-05-30T15:48:27.531-0500] {dag.py:3096} INFO - Sync 1 DAGs
[2024-05-30T15:48:27.552-0500] {logging_mixin.py:188} INFO - [2024-05-30T15:48:27.551-0500] {dag.py:3954} INFO - Setting next_dagrun for example_xcom to 2021-01-01 00:00:00+00:00, run_after=2021-01-01 00:00:00+00:00
[2024-05-30T15:48:27.660-0500] {processor.py:183} INFO - Processing /home/diallo/Documents/workspace/Python/AirFlowProjects/AirFlow01/venv/lib/python3.10/site-packages/airflow/example_dags/example_xcom.py took 0.223 seconds
[2024-05-30T15:49:24.982-0500] {processor.py:161} INFO - Started process (PID=27673) to work on /home/diallo/Documents/workspace/Python/AirFlowProjects/AirFlow01/venv/lib/python3.10/site-packages/airflow/example_dags/example_xcom.py
[2024-05-30T15:49:25.047-0500] {processor.py:830} INFO - Processing file /home/diallo/Documents/workspace/Python/AirFlowProjects/AirFlow01/venv/lib/python3.10/site-packages/airflow/example_dags/example_xcom.py for tasks to queue
[2024-05-30T15:49:25.054-0500] {logging_mixin.py:188} INFO - [2024-05-30T15:49:25.053-0500] {dagbag.py:545} INFO - Filling up the DagBag from /home/diallo/Documents/workspace/Python/AirFlowProjects/AirFlow01/venv/lib/python3.10/site-packages/airflow/example_dags/example_xcom.py
[2024-05-30T15:49:25.082-0500] {processor.py:840} INFO - DAG(s) 'example_xcom' retrieved from /home/diallo/Documents/workspace/Python/AirFlowProjects/AirFlow01/venv/lib/python3.10/site-packages/airflow/example_dags/example_xcom.py
[2024-05-30T15:49:25.112-0500] {logging_mixin.py:188} INFO - [2024-05-30T15:49:25.112-0500] {dag.py:3096} INFO - Sync 1 DAGs
[2024-05-30T15:49:25.135-0500] {logging_mixin.py:188} INFO - [2024-05-30T15:49:25.135-0500] {dag.py:3954} INFO - Setting next_dagrun for example_xcom to 2021-01-01 00:00:00+00:00, run_after=2021-01-01 00:00:00+00:00
[2024-05-30T15:49:26.246-0500] {processor.py:183} INFO - Processing /home/diallo/Documents/workspace/Python/AirFlowProjects/AirFlow01/venv/lib/python3.10/site-packages/airflow/example_dags/example_xcom.py took 1.270 seconds
[2024-05-30T15:50:39.534-0500] {processor.py:161} INFO - Started process (PID=28239) to work on /home/diallo/Documents/workspace/Python/AirFlowProjects/AirFlow01/venv/lib/python3.10/site-packages/airflow/example_dags/example_xcom.py
[2024-05-30T15:50:39.575-0500] {processor.py:830} INFO - Processing file /home/diallo/Documents/workspace/Python/AirFlowProjects/AirFlow01/venv/lib/python3.10/site-packages/airflow/example_dags/example_xcom.py for tasks to queue
[2024-05-30T15:50:39.578-0500] {logging_mixin.py:188} INFO - [2024-05-30T15:50:39.578-0500] {dagbag.py:545} INFO - Filling up the DagBag from /home/diallo/Documents/workspace/Python/AirFlowProjects/AirFlow01/venv/lib/python3.10/site-packages/airflow/example_dags/example_xcom.py
[2024-05-30T15:50:39.596-0500] {processor.py:840} INFO - DAG(s) 'example_xcom' retrieved from /home/diallo/Documents/workspace/Python/AirFlowProjects/AirFlow01/venv/lib/python3.10/site-packages/airflow/example_dags/example_xcom.py
[2024-05-30T15:50:39.618-0500] {logging_mixin.py:188} INFO - [2024-05-30T15:50:39.618-0500] {dag.py:3096} INFO - Sync 1 DAGs
[2024-05-30T15:50:39.652-0500] {logging_mixin.py:188} INFO - [2024-05-30T15:50:39.652-0500] {dag.py:3954} INFO - Setting next_dagrun for example_xcom to 2021-01-01 00:00:00+00:00, run_after=2021-01-01 00:00:00+00:00
[2024-05-30T15:50:40.471-0500] {processor.py:183} INFO - Processing /home/diallo/Documents/workspace/Python/AirFlowProjects/AirFlow01/venv/lib/python3.10/site-packages/airflow/example_dags/example_xcom.py took 0.962 seconds
