[2024-05-30T15:38:19.067-0500] {processor.py:161} INFO - Started process (PID=22413) to work on /home/diallo/Documents/workspace/Python/AirFlowProjects/AirFlow01/venv/lib/python3.10/site-packages/airflow/example_dags/example_complex.py
[2024-05-30T15:38:19.069-0500] {processor.py:830} INFO - Processing file /home/diallo/Documents/workspace/Python/AirFlowProjects/AirFlow01/venv/lib/python3.10/site-packages/airflow/example_dags/example_complex.py for tasks to queue
[2024-05-30T15:38:19.072-0500] {logging_mixin.py:188} INFO - [2024-05-30T15:38:19.071-0500] {dagbag.py:545} INFO - Filling up the DagBag from /home/diallo/Documents/workspace/Python/AirFlowProjects/AirFlow01/venv/lib/python3.10/site-packages/airflow/example_dags/example_complex.py
[2024-05-30T15:38:19.086-0500] {processor.py:840} INFO - DAG(s) 'example_complex' retrieved from /home/diallo/Documents/workspace/Python/AirFlowProjects/AirFlow01/venv/lib/python3.10/site-packages/airflow/example_dags/example_complex.py
[2024-05-30T15:38:19.326-0500] {logging_mixin.py:188} INFO - [2024-05-30T15:38:19.325-0500] {override.py:1829} INFO - Created Permission View: can delete on DAG:example_complex
[2024-05-30T15:38:19.392-0500] {logging_mixin.py:188} INFO - [2024-05-30T15:38:19.392-0500] {override.py:1829} INFO - Created Permission View: can edit on DAG:example_complex
[2024-05-30T15:38:19.450-0500] {logging_mixin.py:188} INFO - [2024-05-30T15:38:19.449-0500] {override.py:1829} INFO - Created Permission View: can read on DAG:example_complex
[2024-05-30T15:38:19.452-0500] {logging_mixin.py:188} INFO - [2024-05-30T15:38:19.451-0500] {dag.py:3096} INFO - Sync 1 DAGs
[2024-05-30T15:38:19.483-0500] {logging_mixin.py:188} INFO - [2024-05-30T15:38:19.483-0500] {dag.py:3118} INFO - Creating ORM DAG for example_complex
[2024-05-30T15:38:19.484-0500] {logging_mixin.py:188} INFO - [2024-05-30T15:38:19.484-0500] {dag.py:3954} INFO - Setting next_dagrun for example_complex to None, run_after=None
[2024-05-30T15:38:19.765-0500] {processor.py:183} INFO - Processing /home/diallo/Documents/workspace/Python/AirFlowProjects/AirFlow01/venv/lib/python3.10/site-packages/airflow/example_dags/example_complex.py took 0.709 seconds
[2024-05-30T15:39:44.833-0500] {processor.py:161} INFO - Started process (PID=23127) to work on /home/diallo/Documents/workspace/Python/AirFlowProjects/AirFlow01/venv/lib/python3.10/site-packages/airflow/example_dags/example_complex.py
[2024-05-30T15:39:44.838-0500] {processor.py:830} INFO - Processing file /home/diallo/Documents/workspace/Python/AirFlowProjects/AirFlow01/venv/lib/python3.10/site-packages/airflow/example_dags/example_complex.py for tasks to queue
[2024-05-30T15:39:44.848-0500] {logging_mixin.py:188} INFO - [2024-05-30T15:39:44.846-0500] {dagbag.py:545} INFO - Filling up the DagBag from /home/diallo/Documents/workspace/Python/AirFlowProjects/AirFlow01/venv/lib/python3.10/site-packages/airflow/example_dags/example_complex.py
[2024-05-30T15:39:44.889-0500] {processor.py:840} INFO - DAG(s) 'example_complex' retrieved from /home/diallo/Documents/workspace/Python/AirFlowProjects/AirFlow01/venv/lib/python3.10/site-packages/airflow/example_dags/example_complex.py
[2024-05-30T15:39:44.930-0500] {logging_mixin.py:188} INFO - [2024-05-30T15:39:44.929-0500] {dag.py:3096} INFO - Sync 1 DAGs
[2024-05-30T15:39:44.945-0500] {logging_mixin.py:188} INFO - [2024-05-30T15:39:44.945-0500] {dag.py:3954} INFO - Setting next_dagrun for example_complex to None, run_after=None
[2024-05-30T15:39:45.058-0500] {processor.py:183} INFO - Processing /home/diallo/Documents/workspace/Python/AirFlowProjects/AirFlow01/venv/lib/python3.10/site-packages/airflow/example_dags/example_complex.py took 0.257 seconds
[2024-05-30T15:42:38.933-0500] {processor.py:161} INFO - Started process (PID=24456) to work on /home/diallo/Documents/workspace/Python/AirFlowProjects/AirFlow01/venv/lib/python3.10/site-packages/airflow/example_dags/example_complex.py
[2024-05-30T15:42:38.953-0500] {processor.py:830} INFO - Processing file /home/diallo/Documents/workspace/Python/AirFlowProjects/AirFlow01/venv/lib/python3.10/site-packages/airflow/example_dags/example_complex.py for tasks to queue
[2024-05-30T15:42:38.959-0500] {logging_mixin.py:188} INFO - [2024-05-30T15:42:38.957-0500] {dagbag.py:545} INFO - Filling up the DagBag from /home/diallo/Documents/workspace/Python/AirFlowProjects/AirFlow01/venv/lib/python3.10/site-packages/airflow/example_dags/example_complex.py
[2024-05-30T15:42:38.992-0500] {processor.py:840} INFO - DAG(s) 'example_complex' retrieved from /home/diallo/Documents/workspace/Python/AirFlowProjects/AirFlow01/venv/lib/python3.10/site-packages/airflow/example_dags/example_complex.py
[2024-05-30T15:42:39.026-0500] {logging_mixin.py:188} INFO - [2024-05-30T15:42:39.026-0500] {dag.py:3096} INFO - Sync 1 DAGs
[2024-05-30T15:42:39.037-0500] {logging_mixin.py:188} INFO - [2024-05-30T15:42:39.037-0500] {dag.py:3954} INFO - Setting next_dagrun for example_complex to None, run_after=None
[2024-05-30T15:42:39.683-0500] {processor.py:183} INFO - Processing /home/diallo/Documents/workspace/Python/AirFlowProjects/AirFlow01/venv/lib/python3.10/site-packages/airflow/example_dags/example_complex.py took 0.772 seconds
[2024-05-30T15:43:46.982-0500] {processor.py:161} INFO - Started process (PID=25002) to work on /home/diallo/Documents/workspace/Python/AirFlowProjects/AirFlow01/venv/lib/python3.10/site-packages/airflow/example_dags/example_complex.py
[2024-05-30T15:43:47.024-0500] {processor.py:830} INFO - Processing file /home/diallo/Documents/workspace/Python/AirFlowProjects/AirFlow01/venv/lib/python3.10/site-packages/airflow/example_dags/example_complex.py for tasks to queue
[2024-05-30T15:43:47.031-0500] {logging_mixin.py:188} INFO - [2024-05-30T15:43:47.029-0500] {dagbag.py:545} INFO - Filling up the DagBag from /home/diallo/Documents/workspace/Python/AirFlowProjects/AirFlow01/venv/lib/python3.10/site-packages/airflow/example_dags/example_complex.py
[2024-05-30T15:43:47.062-0500] {processor.py:840} INFO - DAG(s) 'example_complex' retrieved from /home/diallo/Documents/workspace/Python/AirFlowProjects/AirFlow01/venv/lib/python3.10/site-packages/airflow/example_dags/example_complex.py
[2024-05-30T15:43:47.095-0500] {logging_mixin.py:188} INFO - [2024-05-30T15:43:47.094-0500] {dag.py:3096} INFO - Sync 1 DAGs
[2024-05-30T15:43:47.114-0500] {logging_mixin.py:188} INFO - [2024-05-30T15:43:47.114-0500] {dag.py:3954} INFO - Setting next_dagrun for example_complex to None, run_after=None
[2024-05-30T15:43:47.172-0500] {processor.py:183} INFO - Processing /home/diallo/Documents/workspace/Python/AirFlowProjects/AirFlow01/venv/lib/python3.10/site-packages/airflow/example_dags/example_complex.py took 0.197 seconds
[2024-05-30T15:45:44.951-0500] {processor.py:161} INFO - Started process (PID=25889) to work on /home/diallo/Documents/workspace/Python/AirFlowProjects/AirFlow01/venv/lib/python3.10/site-packages/airflow/example_dags/example_complex.py
[2024-05-30T15:45:44.964-0500] {processor.py:830} INFO - Processing file /home/diallo/Documents/workspace/Python/AirFlowProjects/AirFlow01/venv/lib/python3.10/site-packages/airflow/example_dags/example_complex.py for tasks to queue
[2024-05-30T15:45:44.970-0500] {logging_mixin.py:188} INFO - [2024-05-30T15:45:44.968-0500] {dagbag.py:545} INFO - Filling up the DagBag from /home/diallo/Documents/workspace/Python/AirFlowProjects/AirFlow01/venv/lib/python3.10/site-packages/airflow/example_dags/example_complex.py
[2024-05-30T15:45:44.996-0500] {processor.py:840} INFO - DAG(s) 'example_complex' retrieved from /home/diallo/Documents/workspace/Python/AirFlowProjects/AirFlow01/venv/lib/python3.10/site-packages/airflow/example_dags/example_complex.py
[2024-05-30T15:45:45.025-0500] {logging_mixin.py:188} INFO - [2024-05-30T15:45:45.024-0500] {dag.py:3096} INFO - Sync 1 DAGs
[2024-05-30T15:45:45.037-0500] {logging_mixin.py:188} INFO - [2024-05-30T15:45:45.037-0500] {dag.py:3954} INFO - Setting next_dagrun for example_complex to None, run_after=None
[2024-05-30T15:45:45.125-0500] {processor.py:183} INFO - Processing /home/diallo/Documents/workspace/Python/AirFlowProjects/AirFlow01/venv/lib/python3.10/site-packages/airflow/example_dags/example_complex.py took 0.196 seconds
[2024-05-30T15:46:57.920-0500] {processor.py:161} INFO - Started process (PID=26492) to work on /home/diallo/Documents/workspace/Python/AirFlowProjects/AirFlow01/venv/lib/python3.10/site-packages/airflow/example_dags/example_complex.py
[2024-05-30T15:46:57.954-0500] {processor.py:830} INFO - Processing file /home/diallo/Documents/workspace/Python/AirFlowProjects/AirFlow01/venv/lib/python3.10/site-packages/airflow/example_dags/example_complex.py for tasks to queue
[2024-05-30T15:46:57.958-0500] {logging_mixin.py:188} INFO - [2024-05-30T15:46:57.957-0500] {dagbag.py:545} INFO - Filling up the DagBag from /home/diallo/Documents/workspace/Python/AirFlowProjects/AirFlow01/venv/lib/python3.10/site-packages/airflow/example_dags/example_complex.py
[2024-05-30T15:46:58.005-0500] {processor.py:840} INFO - DAG(s) 'example_complex' retrieved from /home/diallo/Documents/workspace/Python/AirFlowProjects/AirFlow01/venv/lib/python3.10/site-packages/airflow/example_dags/example_complex.py
[2024-05-30T15:46:58.059-0500] {logging_mixin.py:188} INFO - [2024-05-30T15:46:58.059-0500] {dag.py:3096} INFO - Sync 1 DAGs
[2024-05-30T15:46:58.074-0500] {logging_mixin.py:188} INFO - [2024-05-30T15:46:58.074-0500] {dag.py:3954} INFO - Setting next_dagrun for example_complex to None, run_after=None
[2024-05-30T15:46:58.203-0500] {processor.py:183} INFO - Processing /home/diallo/Documents/workspace/Python/AirFlowProjects/AirFlow01/venv/lib/python3.10/site-packages/airflow/example_dags/example_complex.py took 0.312 seconds
[2024-05-30T15:48:08.214-0500] {processor.py:161} INFO - Started process (PID=27051) to work on /home/diallo/Documents/workspace/Python/AirFlowProjects/AirFlow01/venv/lib/python3.10/site-packages/airflow/example_dags/example_complex.py
[2024-05-30T15:48:08.226-0500] {processor.py:830} INFO - Processing file /home/diallo/Documents/workspace/Python/AirFlowProjects/AirFlow01/venv/lib/python3.10/site-packages/airflow/example_dags/example_complex.py for tasks to queue
[2024-05-30T15:48:08.230-0500] {logging_mixin.py:188} INFO - [2024-05-30T15:48:08.229-0500] {dagbag.py:545} INFO - Filling up the DagBag from /home/diallo/Documents/workspace/Python/AirFlowProjects/AirFlow01/venv/lib/python3.10/site-packages/airflow/example_dags/example_complex.py
[2024-05-30T15:48:08.250-0500] {processor.py:840} INFO - DAG(s) 'example_complex' retrieved from /home/diallo/Documents/workspace/Python/AirFlowProjects/AirFlow01/venv/lib/python3.10/site-packages/airflow/example_dags/example_complex.py
[2024-05-30T15:48:08.282-0500] {logging_mixin.py:188} INFO - [2024-05-30T15:48:08.282-0500] {dag.py:3096} INFO - Sync 1 DAGs
[2024-05-30T15:48:08.293-0500] {logging_mixin.py:188} INFO - [2024-05-30T15:48:08.293-0500] {dag.py:3954} INFO - Setting next_dagrun for example_complex to None, run_after=None
[2024-05-30T15:48:08.359-0500] {processor.py:183} INFO - Processing /home/diallo/Documents/workspace/Python/AirFlowProjects/AirFlow01/venv/lib/python3.10/site-packages/airflow/example_dags/example_complex.py took 0.166 seconds
[2024-05-30T15:49:07.994-0500] {processor.py:161} INFO - Started process (PID=27536) to work on /home/diallo/Documents/workspace/Python/AirFlowProjects/AirFlow01/venv/lib/python3.10/site-packages/airflow/example_dags/example_complex.py
[2024-05-30T15:49:08.027-0500] {processor.py:830} INFO - Processing file /home/diallo/Documents/workspace/Python/AirFlowProjects/AirFlow01/venv/lib/python3.10/site-packages/airflow/example_dags/example_complex.py for tasks to queue
[2024-05-30T15:49:08.033-0500] {logging_mixin.py:188} INFO - [2024-05-30T15:49:08.031-0500] {dagbag.py:545} INFO - Filling up the DagBag from /home/diallo/Documents/workspace/Python/AirFlowProjects/AirFlow01/venv/lib/python3.10/site-packages/airflow/example_dags/example_complex.py
[2024-05-30T15:49:08.063-0500] {processor.py:840} INFO - DAG(s) 'example_complex' retrieved from /home/diallo/Documents/workspace/Python/AirFlowProjects/AirFlow01/venv/lib/python3.10/site-packages/airflow/example_dags/example_complex.py
[2024-05-30T15:49:08.094-0500] {logging_mixin.py:188} INFO - [2024-05-30T15:49:08.093-0500] {dag.py:3096} INFO - Sync 1 DAGs
[2024-05-30T15:49:08.105-0500] {logging_mixin.py:188} INFO - [2024-05-30T15:49:08.105-0500] {dag.py:3954} INFO - Setting next_dagrun for example_complex to None, run_after=None
[2024-05-30T15:49:08.174-0500] {processor.py:183} INFO - Processing /home/diallo/Documents/workspace/Python/AirFlowProjects/AirFlow01/venv/lib/python3.10/site-packages/airflow/example_dags/example_complex.py took 0.188 seconds
