[2024-05-30T15:38:39.476-0500] {processor.py:161} INFO - Started process (PID=22597) to work on /home/diallo/Documents/workspace/Python/AirFlowProjects/AirFlow01/venv/lib/python3.10/site-packages/airflow/example_dags/example_branch_labels.py
[2024-05-30T15:38:39.477-0500] {processor.py:830} INFO - Processing file /home/diallo/Documents/workspace/Python/AirFlowProjects/AirFlow01/venv/lib/python3.10/site-packages/airflow/example_dags/example_branch_labels.py for tasks to queue
[2024-05-30T15:38:39.478-0500] {logging_mixin.py:188} INFO - [2024-05-30T15:38:39.478-0500] {dagbag.py:545} INFO - Filling up the DagBag from /home/diallo/Documents/workspace/Python/AirFlowProjects/AirFlow01/venv/lib/python3.10/site-packages/airflow/example_dags/example_branch_labels.py
[2024-05-30T15:38:39.486-0500] {processor.py:840} INFO - DAG(s) 'example_branch_labels' retrieved from /home/diallo/Documents/workspace/Python/AirFlowProjects/AirFlow01/venv/lib/python3.10/site-packages/airflow/example_dags/example_branch_labels.py
[2024-05-30T15:38:39.726-0500] {logging_mixin.py:188} INFO - [2024-05-30T15:38:39.725-0500] {override.py:1829} INFO - Created Permission View: can delete on DAG:example_branch_labels
[2024-05-30T15:38:39.783-0500] {logging_mixin.py:188} INFO - [2024-05-30T15:38:39.782-0500] {override.py:1829} INFO - Created Permission View: can edit on DAG:example_branch_labels
[2024-05-30T15:38:39.849-0500] {logging_mixin.py:188} INFO - [2024-05-30T15:38:39.849-0500] {override.py:1829} INFO - Created Permission View: can read on DAG:example_branch_labels
[2024-05-30T15:38:39.850-0500] {logging_mixin.py:188} INFO - [2024-05-30T15:38:39.849-0500] {dag.py:3096} INFO - Sync 1 DAGs
[2024-05-30T15:38:39.948-0500] {logging_mixin.py:188} INFO - [2024-05-30T15:38:39.948-0500] {dag.py:3118} INFO - Creating ORM DAG for example_branch_labels
[2024-05-30T15:38:39.958-0500] {logging_mixin.py:188} INFO - [2024-05-30T15:38:39.958-0500] {dag.py:3954} INFO - Setting next_dagrun for example_branch_labels to 2024-05-29 00:00:00+00:00, run_after=2024-05-30 00:00:00+00:00
[2024-05-30T15:38:40.041-0500] {processor.py:183} INFO - Processing /home/diallo/Documents/workspace/Python/AirFlowProjects/AirFlow01/venv/lib/python3.10/site-packages/airflow/example_dags/example_branch_labels.py took 0.573 seconds
[2024-05-30T15:39:58.436-0500] {processor.py:161} INFO - Started process (PID=23242) to work on /home/diallo/Documents/workspace/Python/AirFlowProjects/AirFlow01/venv/lib/python3.10/site-packages/airflow/example_dags/example_branch_labels.py
[2024-05-30T15:39:58.537-0500] {processor.py:830} INFO - Processing file /home/diallo/Documents/workspace/Python/AirFlowProjects/AirFlow01/venv/lib/python3.10/site-packages/airflow/example_dags/example_branch_labels.py for tasks to queue
[2024-05-30T15:39:58.546-0500] {logging_mixin.py:188} INFO - [2024-05-30T15:39:58.544-0500] {dagbag.py:545} INFO - Filling up the DagBag from /home/diallo/Documents/workspace/Python/AirFlowProjects/AirFlow01/venv/lib/python3.10/site-packages/airflow/example_dags/example_branch_labels.py
[2024-05-30T15:39:58.578-0500] {processor.py:840} INFO - DAG(s) 'example_branch_labels' retrieved from /home/diallo/Documents/workspace/Python/AirFlowProjects/AirFlow01/venv/lib/python3.10/site-packages/airflow/example_dags/example_branch_labels.py
[2024-05-30T15:39:58.651-0500] {logging_mixin.py:188} INFO - [2024-05-30T15:39:58.650-0500] {dag.py:3096} INFO - Sync 1 DAGs
[2024-05-30T15:39:58.702-0500] {logging_mixin.py:188} INFO - [2024-05-30T15:39:58.702-0500] {dag.py:3954} INFO - Setting next_dagrun for example_branch_labels to 2024-05-29 00:00:00+00:00, run_after=2024-05-30 00:00:00+00:00
[2024-05-30T15:39:59.684-0500] {processor.py:183} INFO - Processing /home/diallo/Documents/workspace/Python/AirFlowProjects/AirFlow01/venv/lib/python3.10/site-packages/airflow/example_dags/example_branch_labels.py took 1.268 seconds
[2024-05-30T15:42:52.875-0500] {processor.py:161} INFO - Started process (PID=24592) to work on /home/diallo/Documents/workspace/Python/AirFlowProjects/AirFlow01/venv/lib/python3.10/site-packages/airflow/example_dags/example_branch_labels.py
[2024-05-30T15:42:53.039-0500] {processor.py:830} INFO - Processing file /home/diallo/Documents/workspace/Python/AirFlowProjects/AirFlow01/venv/lib/python3.10/site-packages/airflow/example_dags/example_branch_labels.py for tasks to queue
[2024-05-30T15:42:53.047-0500] {logging_mixin.py:188} INFO - [2024-05-30T15:42:53.045-0500] {dagbag.py:545} INFO - Filling up the DagBag from /home/diallo/Documents/workspace/Python/AirFlowProjects/AirFlow01/venv/lib/python3.10/site-packages/airflow/example_dags/example_branch_labels.py
[2024-05-30T15:42:53.069-0500] {processor.py:840} INFO - DAG(s) 'example_branch_labels' retrieved from /home/diallo/Documents/workspace/Python/AirFlowProjects/AirFlow01/venv/lib/python3.10/site-packages/airflow/example_dags/example_branch_labels.py
[2024-05-30T15:42:53.088-0500] {logging_mixin.py:188} INFO - [2024-05-30T15:42:53.088-0500] {dag.py:3096} INFO - Sync 1 DAGs
[2024-05-30T15:42:53.110-0500] {logging_mixin.py:188} INFO - [2024-05-30T15:42:53.110-0500] {dag.py:3954} INFO - Setting next_dagrun for example_branch_labels to 2024-05-29 00:00:00+00:00, run_after=2024-05-30 00:00:00+00:00
[2024-05-30T15:42:53.197-0500] {processor.py:183} INFO - Processing /home/diallo/Documents/workspace/Python/AirFlowProjects/AirFlow01/venv/lib/python3.10/site-packages/airflow/example_dags/example_branch_labels.py took 0.330 seconds
[2024-05-30T15:43:58.584-0500] {processor.py:161} INFO - Started process (PID=25101) to work on /home/diallo/Documents/workspace/Python/AirFlowProjects/AirFlow01/venv/lib/python3.10/site-packages/airflow/example_dags/example_branch_labels.py
[2024-05-30T15:43:58.625-0500] {processor.py:830} INFO - Processing file /home/diallo/Documents/workspace/Python/AirFlowProjects/AirFlow01/venv/lib/python3.10/site-packages/airflow/example_dags/example_branch_labels.py for tasks to queue
[2024-05-30T15:43:58.631-0500] {logging_mixin.py:188} INFO - [2024-05-30T15:43:58.629-0500] {dagbag.py:545} INFO - Filling up the DagBag from /home/diallo/Documents/workspace/Python/AirFlowProjects/AirFlow01/venv/lib/python3.10/site-packages/airflow/example_dags/example_branch_labels.py
[2024-05-30T15:43:58.661-0500] {processor.py:840} INFO - DAG(s) 'example_branch_labels' retrieved from /home/diallo/Documents/workspace/Python/AirFlowProjects/AirFlow01/venv/lib/python3.10/site-packages/airflow/example_dags/example_branch_labels.py
[2024-05-30T15:43:58.696-0500] {logging_mixin.py:188} INFO - [2024-05-30T15:43:58.695-0500] {dag.py:3096} INFO - Sync 1 DAGs
[2024-05-30T15:43:58.717-0500] {logging_mixin.py:188} INFO - [2024-05-30T15:43:58.717-0500] {dag.py:3954} INFO - Setting next_dagrun for example_branch_labels to 2024-05-29 00:00:00+00:00, run_after=2024-05-30 00:00:00+00:00
[2024-05-30T15:43:58.798-0500] {processor.py:183} INFO - Processing /home/diallo/Documents/workspace/Python/AirFlowProjects/AirFlow01/venv/lib/python3.10/site-packages/airflow/example_dags/example_branch_labels.py took 0.230 seconds
[2024-05-30T15:45:57.864-0500] {processor.py:161} INFO - Started process (PID=26001) to work on /home/diallo/Documents/workspace/Python/AirFlowProjects/AirFlow01/venv/lib/python3.10/site-packages/airflow/example_dags/example_branch_labels.py
[2024-05-30T15:45:57.899-0500] {processor.py:830} INFO - Processing file /home/diallo/Documents/workspace/Python/AirFlowProjects/AirFlow01/venv/lib/python3.10/site-packages/airflow/example_dags/example_branch_labels.py for tasks to queue
[2024-05-30T15:45:57.902-0500] {logging_mixin.py:188} INFO - [2024-05-30T15:45:57.901-0500] {dagbag.py:545} INFO - Filling up the DagBag from /home/diallo/Documents/workspace/Python/AirFlowProjects/AirFlow01/venv/lib/python3.10/site-packages/airflow/example_dags/example_branch_labels.py
[2024-05-30T15:45:57.920-0500] {processor.py:840} INFO - DAG(s) 'example_branch_labels' retrieved from /home/diallo/Documents/workspace/Python/AirFlowProjects/AirFlow01/venv/lib/python3.10/site-packages/airflow/example_dags/example_branch_labels.py
[2024-05-30T15:45:57.942-0500] {logging_mixin.py:188} INFO - [2024-05-30T15:45:57.942-0500] {dag.py:3096} INFO - Sync 1 DAGs
[2024-05-30T15:45:57.963-0500] {logging_mixin.py:188} INFO - [2024-05-30T15:45:57.963-0500] {dag.py:3954} INFO - Setting next_dagrun for example_branch_labels to 2024-05-29 00:00:00+00:00, run_after=2024-05-30 00:00:00+00:00
[2024-05-30T15:45:58.038-0500] {processor.py:183} INFO - Processing /home/diallo/Documents/workspace/Python/AirFlowProjects/AirFlow01/venv/lib/python3.10/site-packages/airflow/example_dags/example_branch_labels.py took 0.182 seconds
[2024-05-30T15:47:10.554-0500] {processor.py:161} INFO - Started process (PID=26590) to work on /home/diallo/Documents/workspace/Python/AirFlowProjects/AirFlow01/venv/lib/python3.10/site-packages/airflow/example_dags/example_branch_labels.py
[2024-05-30T15:47:10.587-0500] {processor.py:830} INFO - Processing file /home/diallo/Documents/workspace/Python/AirFlowProjects/AirFlow01/venv/lib/python3.10/site-packages/airflow/example_dags/example_branch_labels.py for tasks to queue
[2024-05-30T15:47:10.592-0500] {logging_mixin.py:188} INFO - [2024-05-30T15:47:10.591-0500] {dagbag.py:545} INFO - Filling up the DagBag from /home/diallo/Documents/workspace/Python/AirFlowProjects/AirFlow01/venv/lib/python3.10/site-packages/airflow/example_dags/example_branch_labels.py
[2024-05-30T15:47:10.630-0500] {processor.py:840} INFO - DAG(s) 'example_branch_labels' retrieved from /home/diallo/Documents/workspace/Python/AirFlowProjects/AirFlow01/venv/lib/python3.10/site-packages/airflow/example_dags/example_branch_labels.py
[2024-05-30T15:47:10.663-0500] {logging_mixin.py:188} INFO - [2024-05-30T15:47:10.663-0500] {dag.py:3096} INFO - Sync 1 DAGs
[2024-05-30T15:47:10.690-0500] {logging_mixin.py:188} INFO - [2024-05-30T15:47:10.690-0500] {dag.py:3954} INFO - Setting next_dagrun for example_branch_labels to 2024-05-29 00:00:00+00:00, run_after=2024-05-30 00:00:00+00:00
[2024-05-30T15:47:10.798-0500] {processor.py:183} INFO - Processing /home/diallo/Documents/workspace/Python/AirFlowProjects/AirFlow01/venv/lib/python3.10/site-packages/airflow/example_dags/example_branch_labels.py took 0.260 seconds
[2024-05-30T15:48:19.443-0500] {processor.py:161} INFO - Started process (PID=27148) to work on /home/diallo/Documents/workspace/Python/AirFlowProjects/AirFlow01/venv/lib/python3.10/site-packages/airflow/example_dags/example_branch_labels.py
[2024-05-30T15:48:19.483-0500] {processor.py:830} INFO - Processing file /home/diallo/Documents/workspace/Python/AirFlowProjects/AirFlow01/venv/lib/python3.10/site-packages/airflow/example_dags/example_branch_labels.py for tasks to queue
[2024-05-30T15:48:19.488-0500] {logging_mixin.py:188} INFO - [2024-05-30T15:48:19.487-0500] {dagbag.py:545} INFO - Filling up the DagBag from /home/diallo/Documents/workspace/Python/AirFlowProjects/AirFlow01/venv/lib/python3.10/site-packages/airflow/example_dags/example_branch_labels.py
[2024-05-30T15:48:19.514-0500] {processor.py:840} INFO - DAG(s) 'example_branch_labels' retrieved from /home/diallo/Documents/workspace/Python/AirFlowProjects/AirFlow01/venv/lib/python3.10/site-packages/airflow/example_dags/example_branch_labels.py
[2024-05-30T15:48:19.541-0500] {logging_mixin.py:188} INFO - [2024-05-30T15:48:19.541-0500] {dag.py:3096} INFO - Sync 1 DAGs
[2024-05-30T15:48:19.562-0500] {logging_mixin.py:188} INFO - [2024-05-30T15:48:19.562-0500] {dag.py:3954} INFO - Setting next_dagrun for example_branch_labels to 2024-05-29 00:00:00+00:00, run_after=2024-05-30 00:00:00+00:00
[2024-05-30T15:48:19.640-0500] {processor.py:183} INFO - Processing /home/diallo/Documents/workspace/Python/AirFlowProjects/AirFlow01/venv/lib/python3.10/site-packages/airflow/example_dags/example_branch_labels.py took 0.205 seconds
[2024-05-30T15:49:19.358-0500] {processor.py:161} INFO - Started process (PID=27634) to work on /home/diallo/Documents/workspace/Python/AirFlowProjects/AirFlow01/venv/lib/python3.10/site-packages/airflow/example_dags/example_branch_labels.py
[2024-05-30T15:49:19.392-0500] {processor.py:830} INFO - Processing file /home/diallo/Documents/workspace/Python/AirFlowProjects/AirFlow01/venv/lib/python3.10/site-packages/airflow/example_dags/example_branch_labels.py for tasks to queue
[2024-05-30T15:49:19.394-0500] {logging_mixin.py:188} INFO - [2024-05-30T15:49:19.394-0500] {dagbag.py:545} INFO - Filling up the DagBag from /home/diallo/Documents/workspace/Python/AirFlowProjects/AirFlow01/venv/lib/python3.10/site-packages/airflow/example_dags/example_branch_labels.py
[2024-05-30T15:49:19.407-0500] {processor.py:840} INFO - DAG(s) 'example_branch_labels' retrieved from /home/diallo/Documents/workspace/Python/AirFlowProjects/AirFlow01/venv/lib/python3.10/site-packages/airflow/example_dags/example_branch_labels.py
[2024-05-30T15:49:19.426-0500] {logging_mixin.py:188} INFO - [2024-05-30T15:49:19.426-0500] {dag.py:3096} INFO - Sync 1 DAGs
[2024-05-30T15:49:19.448-0500] {logging_mixin.py:188} INFO - [2024-05-30T15:49:19.448-0500] {dag.py:3954} INFO - Setting next_dagrun for example_branch_labels to 2024-05-29 00:00:00+00:00, run_after=2024-05-30 00:00:00+00:00
[2024-05-30T15:49:19.534-0500] {processor.py:183} INFO - Processing /home/diallo/Documents/workspace/Python/AirFlowProjects/AirFlow01/venv/lib/python3.10/site-packages/airflow/example_dags/example_branch_labels.py took 0.192 seconds
