[2024-05-30T15:37:15.133-0500] {processor.py:161} INFO - Started process (PID=21835) to work on /home/diallo/Documents/workspace/Python/AirFlowProjects/AirFlow01/venv/lib/python3.10/site-packages/airflow/example_dags/example_trigger_target_dag.py
[2024-05-30T15:37:15.134-0500] {processor.py:830} INFO - Processing file /home/diallo/Documents/workspace/Python/AirFlowProjects/AirFlow01/venv/lib/python3.10/site-packages/airflow/example_dags/example_trigger_target_dag.py for tasks to queue
[2024-05-30T15:37:15.137-0500] {logging_mixin.py:188} INFO - [2024-05-30T15:37:15.136-0500] {dagbag.py:545} INFO - Filling up the DagBag from /home/diallo/Documents/workspace/Python/AirFlowProjects/AirFlow01/venv/lib/python3.10/site-packages/airflow/example_dags/example_trigger_target_dag.py
[2024-05-30T15:37:15.153-0500] {processor.py:840} INFO - DAG(s) 'example_trigger_target_dag' retrieved from /home/diallo/Documents/workspace/Python/AirFlowProjects/AirFlow01/venv/lib/python3.10/site-packages/airflow/example_dags/example_trigger_target_dag.py
[2024-05-30T15:37:15.406-0500] {logging_mixin.py:188} INFO - [2024-05-30T15:37:15.404-0500] {override.py:1829} INFO - Created Permission View: can delete on DAG:example_trigger_target_dag
[2024-05-30T15:37:15.473-0500] {logging_mixin.py:188} INFO - [2024-05-30T15:37:15.472-0500] {override.py:1829} INFO - Created Permission View: can edit on DAG:example_trigger_target_dag
[2024-05-30T15:37:15.541-0500] {logging_mixin.py:188} INFO - [2024-05-30T15:37:15.539-0500] {override.py:1829} INFO - Created Permission View: can read on DAG:example_trigger_target_dag
[2024-05-30T15:37:15.542-0500] {logging_mixin.py:188} INFO - [2024-05-30T15:37:15.542-0500] {dag.py:3096} INFO - Sync 1 DAGs
[2024-05-30T15:37:15.573-0500] {logging_mixin.py:188} INFO - [2024-05-30T15:37:15.572-0500] {dag.py:3118} INFO - Creating ORM DAG for example_trigger_target_dag
[2024-05-30T15:37:15.573-0500] {logging_mixin.py:188} INFO - [2024-05-30T15:37:15.573-0500] {dag.py:3954} INFO - Setting next_dagrun for example_trigger_target_dag to None, run_after=None
[2024-05-30T15:37:15.673-0500] {processor.py:183} INFO - Processing /home/diallo/Documents/workspace/Python/AirFlowProjects/AirFlow01/venv/lib/python3.10/site-packages/airflow/example_dags/example_trigger_target_dag.py took 0.548 seconds
[2024-05-30T15:38:49.822-0500] {processor.py:161} INFO - Started process (PID=22703) to work on /home/diallo/Documents/workspace/Python/AirFlowProjects/AirFlow01/venv/lib/python3.10/site-packages/airflow/example_dags/example_trigger_target_dag.py
[2024-05-30T15:38:49.829-0500] {processor.py:830} INFO - Processing file /home/diallo/Documents/workspace/Python/AirFlowProjects/AirFlow01/venv/lib/python3.10/site-packages/airflow/example_dags/example_trigger_target_dag.py for tasks to queue
[2024-05-30T15:38:49.834-0500] {logging_mixin.py:188} INFO - [2024-05-30T15:38:49.833-0500] {dagbag.py:545} INFO - Filling up the DagBag from /home/diallo/Documents/workspace/Python/AirFlowProjects/AirFlow01/venv/lib/python3.10/site-packages/airflow/example_dags/example_trigger_target_dag.py
[2024-05-30T15:38:49.847-0500] {processor.py:840} INFO - DAG(s) 'example_trigger_target_dag' retrieved from /home/diallo/Documents/workspace/Python/AirFlowProjects/AirFlow01/venv/lib/python3.10/site-packages/airflow/example_dags/example_trigger_target_dag.py
[2024-05-30T15:38:50.173-0500] {logging_mixin.py:188} INFO - [2024-05-30T15:38:50.172-0500] {dag.py:3096} INFO - Sync 1 DAGs
[2024-05-30T15:38:50.452-0500] {logging_mixin.py:188} INFO - [2024-05-30T15:38:50.451-0500] {dag.py:3954} INFO - Setting next_dagrun for example_trigger_target_dag to None, run_after=None
[2024-05-30T15:38:51.404-0500] {processor.py:183} INFO - Processing /home/diallo/Documents/workspace/Python/AirFlowProjects/AirFlow01/venv/lib/python3.10/site-packages/airflow/example_dags/example_trigger_target_dag.py took 1.614 seconds
[2024-05-30T15:39:32.599-0500] {processor.py:161} INFO - Started process (PID=23047) to work on /home/diallo/Documents/workspace/Python/AirFlowProjects/AirFlow01/venv/lib/python3.10/site-packages/airflow/example_dags/example_trigger_target_dag.py
[2024-05-30T15:39:32.698-0500] {processor.py:830} INFO - Processing file /home/diallo/Documents/workspace/Python/AirFlowProjects/AirFlow01/venv/lib/python3.10/site-packages/airflow/example_dags/example_trigger_target_dag.py for tasks to queue
[2024-05-30T15:39:32.704-0500] {logging_mixin.py:188} INFO - [2024-05-30T15:39:32.703-0500] {dagbag.py:545} INFO - Filling up the DagBag from /home/diallo/Documents/workspace/Python/AirFlowProjects/AirFlow01/venv/lib/python3.10/site-packages/airflow/example_dags/example_trigger_target_dag.py
[2024-05-30T15:39:32.734-0500] {processor.py:840} INFO - DAG(s) 'example_trigger_target_dag' retrieved from /home/diallo/Documents/workspace/Python/AirFlowProjects/AirFlow01/venv/lib/python3.10/site-packages/airflow/example_dags/example_trigger_target_dag.py
[2024-05-30T15:39:32.799-0500] {logging_mixin.py:188} INFO - [2024-05-30T15:39:32.799-0500] {dag.py:3096} INFO - Sync 1 DAGs
[2024-05-30T15:39:32.820-0500] {logging_mixin.py:188} INFO - [2024-05-30T15:39:32.819-0500] {dag.py:3954} INFO - Setting next_dagrun for example_trigger_target_dag to None, run_after=None
[2024-05-30T15:39:32.931-0500] {processor.py:183} INFO - Processing /home/diallo/Documents/workspace/Python/AirFlowProjects/AirFlow01/venv/lib/python3.10/site-packages/airflow/example_dags/example_trigger_target_dag.py took 0.342 seconds
[2024-05-30T15:40:10.880-0500] {processor.py:161} INFO - Started process (PID=23338) to work on /home/diallo/Documents/workspace/Python/AirFlowProjects/AirFlow01/venv/lib/python3.10/site-packages/airflow/example_dags/example_trigger_target_dag.py
[2024-05-30T15:40:10.881-0500] {processor.py:830} INFO - Processing file /home/diallo/Documents/workspace/Python/AirFlowProjects/AirFlow01/venv/lib/python3.10/site-packages/airflow/example_dags/example_trigger_target_dag.py for tasks to queue
[2024-05-30T15:40:10.883-0500] {logging_mixin.py:188} INFO - [2024-05-30T15:40:10.882-0500] {dagbag.py:545} INFO - Filling up the DagBag from /home/diallo/Documents/workspace/Python/AirFlowProjects/AirFlow01/venv/lib/python3.10/site-packages/airflow/example_dags/example_trigger_target_dag.py
[2024-05-30T15:40:10.890-0500] {processor.py:840} INFO - DAG(s) 'example_trigger_target_dag' retrieved from /home/diallo/Documents/workspace/Python/AirFlowProjects/AirFlow01/venv/lib/python3.10/site-packages/airflow/example_dags/example_trigger_target_dag.py
[2024-05-30T15:40:10.906-0500] {logging_mixin.py:188} INFO - [2024-05-30T15:40:10.906-0500] {dag.py:3096} INFO - Sync 1 DAGs
[2024-05-30T15:40:10.918-0500] {logging_mixin.py:188} INFO - [2024-05-30T15:40:10.917-0500] {dag.py:3954} INFO - Setting next_dagrun for example_trigger_target_dag to None, run_after=None
[2024-05-30T15:40:13.277-0500] {processor.py:183} INFO - Processing /home/diallo/Documents/workspace/Python/AirFlowProjects/AirFlow01/venv/lib/python3.10/site-packages/airflow/example_dags/example_trigger_target_dag.py took 2.404 seconds
[2024-05-30T15:41:53.303-0500] {processor.py:161} INFO - Started process (PID=24098) to work on /home/diallo/Documents/workspace/Python/AirFlowProjects/AirFlow01/venv/lib/python3.10/site-packages/airflow/example_dags/example_trigger_target_dag.py
[2024-05-30T15:41:53.311-0500] {processor.py:830} INFO - Processing file /home/diallo/Documents/workspace/Python/AirFlowProjects/AirFlow01/venv/lib/python3.10/site-packages/airflow/example_dags/example_trigger_target_dag.py for tasks to queue
[2024-05-30T15:41:53.314-0500] {logging_mixin.py:188} INFO - [2024-05-30T15:41:53.313-0500] {dagbag.py:545} INFO - Filling up the DagBag from /home/diallo/Documents/workspace/Python/AirFlowProjects/AirFlow01/venv/lib/python3.10/site-packages/airflow/example_dags/example_trigger_target_dag.py
[2024-05-30T15:41:53.322-0500] {processor.py:840} INFO - DAG(s) 'example_trigger_target_dag' retrieved from /home/diallo/Documents/workspace/Python/AirFlowProjects/AirFlow01/venv/lib/python3.10/site-packages/airflow/example_dags/example_trigger_target_dag.py
[2024-05-30T15:41:53.421-0500] {logging_mixin.py:188} INFO - [2024-05-30T15:41:53.421-0500] {dag.py:3096} INFO - Sync 1 DAGs
[2024-05-30T15:41:53.432-0500] {logging_mixin.py:188} INFO - [2024-05-30T15:41:53.431-0500] {dag.py:3954} INFO - Setting next_dagrun for example_trigger_target_dag to None, run_after=None
[2024-05-30T15:41:53.970-0500] {processor.py:183} INFO - Processing /home/diallo/Documents/workspace/Python/AirFlowProjects/AirFlow01/venv/lib/python3.10/site-packages/airflow/example_dags/example_trigger_target_dag.py took 0.675 seconds
[2024-05-30T15:43:01.998-0500] {processor.py:161} INFO - Started process (PID=24657) to work on /home/diallo/Documents/workspace/Python/AirFlowProjects/AirFlow01/venv/lib/python3.10/site-packages/airflow/example_dags/example_trigger_target_dag.py
[2024-05-30T15:43:02.002-0500] {processor.py:830} INFO - Processing file /home/diallo/Documents/workspace/Python/AirFlowProjects/AirFlow01/venv/lib/python3.10/site-packages/airflow/example_dags/example_trigger_target_dag.py for tasks to queue
[2024-05-30T15:43:02.008-0500] {logging_mixin.py:188} INFO - [2024-05-30T15:43:02.007-0500] {dagbag.py:545} INFO - Filling up the DagBag from /home/diallo/Documents/workspace/Python/AirFlowProjects/AirFlow01/venv/lib/python3.10/site-packages/airflow/example_dags/example_trigger_target_dag.py
[2024-05-30T15:43:02.026-0500] {processor.py:840} INFO - DAG(s) 'example_trigger_target_dag' retrieved from /home/diallo/Documents/workspace/Python/AirFlowProjects/AirFlow01/venv/lib/python3.10/site-packages/airflow/example_dags/example_trigger_target_dag.py
[2024-05-30T15:43:02.050-0500] {logging_mixin.py:188} INFO - [2024-05-30T15:43:02.050-0500] {dag.py:3096} INFO - Sync 1 DAGs
[2024-05-30T15:43:02.065-0500] {logging_mixin.py:188} INFO - [2024-05-30T15:43:02.065-0500] {dag.py:3954} INFO - Setting next_dagrun for example_trigger_target_dag to None, run_after=None
[2024-05-30T15:43:02.193-0500] {processor.py:183} INFO - Processing /home/diallo/Documents/workspace/Python/AirFlowProjects/AirFlow01/venv/lib/python3.10/site-packages/airflow/example_dags/example_trigger_target_dag.py took 0.217 seconds
[2024-05-30T15:43:38.771-0500] {processor.py:161} INFO - Started process (PID=24943) to work on /home/diallo/Documents/workspace/Python/AirFlowProjects/AirFlow01/venv/lib/python3.10/site-packages/airflow/example_dags/example_trigger_target_dag.py
[2024-05-30T15:43:38.774-0500] {processor.py:830} INFO - Processing file /home/diallo/Documents/workspace/Python/AirFlowProjects/AirFlow01/venv/lib/python3.10/site-packages/airflow/example_dags/example_trigger_target_dag.py for tasks to queue
[2024-05-30T15:43:38.777-0500] {logging_mixin.py:188} INFO - [2024-05-30T15:43:38.777-0500] {dagbag.py:545} INFO - Filling up the DagBag from /home/diallo/Documents/workspace/Python/AirFlowProjects/AirFlow01/venv/lib/python3.10/site-packages/airflow/example_dags/example_trigger_target_dag.py
[2024-05-30T15:43:38.789-0500] {processor.py:840} INFO - DAG(s) 'example_trigger_target_dag' retrieved from /home/diallo/Documents/workspace/Python/AirFlowProjects/AirFlow01/venv/lib/python3.10/site-packages/airflow/example_dags/example_trigger_target_dag.py
[2024-05-30T15:43:38.810-0500] {logging_mixin.py:188} INFO - [2024-05-30T15:43:38.809-0500] {dag.py:3096} INFO - Sync 1 DAGs
[2024-05-30T15:43:38.825-0500] {logging_mixin.py:188} INFO - [2024-05-30T15:43:38.824-0500] {dag.py:3954} INFO - Setting next_dagrun for example_trigger_target_dag to None, run_after=None
[2024-05-30T15:43:38.914-0500] {processor.py:183} INFO - Processing /home/diallo/Documents/workspace/Python/AirFlowProjects/AirFlow01/venv/lib/python3.10/site-packages/airflow/example_dags/example_trigger_target_dag.py took 0.170 seconds
[2024-05-30T15:45:04.678-0500] {processor.py:161} INFO - Started process (PID=25595) to work on /home/diallo/Documents/workspace/Python/AirFlowProjects/AirFlow01/venv/lib/python3.10/site-packages/airflow/example_dags/example_trigger_target_dag.py
[2024-05-30T15:45:04.698-0500] {processor.py:830} INFO - Processing file /home/diallo/Documents/workspace/Python/AirFlowProjects/AirFlow01/venv/lib/python3.10/site-packages/airflow/example_dags/example_trigger_target_dag.py for tasks to queue
[2024-05-30T15:45:04.701-0500] {logging_mixin.py:188} INFO - [2024-05-30T15:45:04.700-0500] {dagbag.py:545} INFO - Filling up the DagBag from /home/diallo/Documents/workspace/Python/AirFlowProjects/AirFlow01/venv/lib/python3.10/site-packages/airflow/example_dags/example_trigger_target_dag.py
[2024-05-30T15:45:04.713-0500] {processor.py:840} INFO - DAG(s) 'example_trigger_target_dag' retrieved from /home/diallo/Documents/workspace/Python/AirFlowProjects/AirFlow01/venv/lib/python3.10/site-packages/airflow/example_dags/example_trigger_target_dag.py
[2024-05-30T15:45:04.731-0500] {logging_mixin.py:188} INFO - [2024-05-30T15:45:04.731-0500] {dag.py:3096} INFO - Sync 1 DAGs
[2024-05-30T15:45:04.743-0500] {logging_mixin.py:188} INFO - [2024-05-30T15:45:04.743-0500] {dag.py:3954} INFO - Setting next_dagrun for example_trigger_target_dag to None, run_after=None
[2024-05-30T15:45:05.881-0500] {processor.py:183} INFO - Processing /home/diallo/Documents/workspace/Python/AirFlowProjects/AirFlow01/venv/lib/python3.10/site-packages/airflow/example_dags/example_trigger_target_dag.py took 1.215 seconds
[2024-05-30T15:46:06.925-0500] {processor.py:161} INFO - Started process (PID=26070) to work on /home/diallo/Documents/workspace/Python/AirFlowProjects/AirFlow01/venv/lib/python3.10/site-packages/airflow/example_dags/example_trigger_target_dag.py
[2024-05-30T15:46:06.960-0500] {processor.py:830} INFO - Processing file /home/diallo/Documents/workspace/Python/AirFlowProjects/AirFlow01/venv/lib/python3.10/site-packages/airflow/example_dags/example_trigger_target_dag.py for tasks to queue
[2024-05-30T15:46:06.963-0500] {logging_mixin.py:188} INFO - [2024-05-30T15:46:06.963-0500] {dagbag.py:545} INFO - Filling up the DagBag from /home/diallo/Documents/workspace/Python/AirFlowProjects/AirFlow01/venv/lib/python3.10/site-packages/airflow/example_dags/example_trigger_target_dag.py
[2024-05-30T15:46:06.977-0500] {processor.py:840} INFO - DAG(s) 'example_trigger_target_dag' retrieved from /home/diallo/Documents/workspace/Python/AirFlowProjects/AirFlow01/venv/lib/python3.10/site-packages/airflow/example_dags/example_trigger_target_dag.py
[2024-05-30T15:46:06.999-0500] {logging_mixin.py:188} INFO - [2024-05-30T15:46:06.999-0500] {dag.py:3096} INFO - Sync 1 DAGs
[2024-05-30T15:46:07.011-0500] {logging_mixin.py:188} INFO - [2024-05-30T15:46:07.011-0500] {dag.py:3954} INFO - Setting next_dagrun for example_trigger_target_dag to None, run_after=None
[2024-05-30T15:46:07.099-0500] {processor.py:183} INFO - Processing /home/diallo/Documents/workspace/Python/AirFlowProjects/AirFlow01/venv/lib/python3.10/site-packages/airflow/example_dags/example_trigger_target_dag.py took 0.183 seconds
[2024-05-30T15:46:46.588-0500] {processor.py:161} INFO - Started process (PID=26403) to work on /home/diallo/Documents/workspace/Python/AirFlowProjects/AirFlow01/venv/lib/python3.10/site-packages/airflow/example_dags/example_trigger_target_dag.py
[2024-05-30T15:46:46.623-0500] {processor.py:830} INFO - Processing file /home/diallo/Documents/workspace/Python/AirFlowProjects/AirFlow01/venv/lib/python3.10/site-packages/airflow/example_dags/example_trigger_target_dag.py for tasks to queue
[2024-05-30T15:46:46.629-0500] {logging_mixin.py:188} INFO - [2024-05-30T15:46:46.627-0500] {dagbag.py:545} INFO - Filling up the DagBag from /home/diallo/Documents/workspace/Python/AirFlowProjects/AirFlow01/venv/lib/python3.10/site-packages/airflow/example_dags/example_trigger_target_dag.py
[2024-05-30T15:46:46.654-0500] {processor.py:840} INFO - DAG(s) 'example_trigger_target_dag' retrieved from /home/diallo/Documents/workspace/Python/AirFlowProjects/AirFlow01/venv/lib/python3.10/site-packages/airflow/example_dags/example_trigger_target_dag.py
[2024-05-30T15:46:46.712-0500] {logging_mixin.py:188} INFO - [2024-05-30T15:46:46.712-0500] {dag.py:3096} INFO - Sync 1 DAGs
[2024-05-30T15:46:46.765-0500] {logging_mixin.py:188} INFO - [2024-05-30T15:46:46.765-0500] {dag.py:3954} INFO - Setting next_dagrun for example_trigger_target_dag to None, run_after=None
[2024-05-30T15:46:46.907-0500] {processor.py:183} INFO - Processing /home/diallo/Documents/workspace/Python/AirFlowProjects/AirFlow01/venv/lib/python3.10/site-packages/airflow/example_dags/example_trigger_target_dag.py took 0.327 seconds
[2024-05-30T15:47:56.296-0500] {processor.py:161} INFO - Started process (PID=26950) to work on /home/diallo/Documents/workspace/Python/AirFlowProjects/AirFlow01/venv/lib/python3.10/site-packages/airflow/example_dags/example_trigger_target_dag.py
[2024-05-30T15:47:56.337-0500] {processor.py:830} INFO - Processing file /home/diallo/Documents/workspace/Python/AirFlowProjects/AirFlow01/venv/lib/python3.10/site-packages/airflow/example_dags/example_trigger_target_dag.py for tasks to queue
[2024-05-30T15:47:56.345-0500] {logging_mixin.py:188} INFO - [2024-05-30T15:47:56.343-0500] {dagbag.py:545} INFO - Filling up the DagBag from /home/diallo/Documents/workspace/Python/AirFlowProjects/AirFlow01/venv/lib/python3.10/site-packages/airflow/example_dags/example_trigger_target_dag.py
[2024-05-30T15:47:56.376-0500] {processor.py:840} INFO - DAG(s) 'example_trigger_target_dag' retrieved from /home/diallo/Documents/workspace/Python/AirFlowProjects/AirFlow01/venv/lib/python3.10/site-packages/airflow/example_dags/example_trigger_target_dag.py
[2024-05-30T15:47:56.440-0500] {logging_mixin.py:188} INFO - [2024-05-30T15:47:56.439-0500] {dag.py:3096} INFO - Sync 1 DAGs
[2024-05-30T15:47:56.461-0500] {logging_mixin.py:188} INFO - [2024-05-30T15:47:56.461-0500] {dag.py:3954} INFO - Setting next_dagrun for example_trigger_target_dag to None, run_after=None
[2024-05-30T15:47:56.700-0500] {processor.py:183} INFO - Processing /home/diallo/Documents/workspace/Python/AirFlowProjects/AirFlow01/venv/lib/python3.10/site-packages/airflow/example_dags/example_trigger_target_dag.py took 0.436 seconds
[2024-05-30T15:48:55.396-0500] {processor.py:161} INFO - Started process (PID=27432) to work on /home/diallo/Documents/workspace/Python/AirFlowProjects/AirFlow01/venv/lib/python3.10/site-packages/airflow/example_dags/example_trigger_target_dag.py
[2024-05-30T15:48:55.432-0500] {processor.py:830} INFO - Processing file /home/diallo/Documents/workspace/Python/AirFlowProjects/AirFlow01/venv/lib/python3.10/site-packages/airflow/example_dags/example_trigger_target_dag.py for tasks to queue
[2024-05-30T15:48:55.434-0500] {logging_mixin.py:188} INFO - [2024-05-30T15:48:55.434-0500] {dagbag.py:545} INFO - Filling up the DagBag from /home/diallo/Documents/workspace/Python/AirFlowProjects/AirFlow01/venv/lib/python3.10/site-packages/airflow/example_dags/example_trigger_target_dag.py
[2024-05-30T15:48:55.445-0500] {processor.py:840} INFO - DAG(s) 'example_trigger_target_dag' retrieved from /home/diallo/Documents/workspace/Python/AirFlowProjects/AirFlow01/venv/lib/python3.10/site-packages/airflow/example_dags/example_trigger_target_dag.py
[2024-05-30T15:48:55.466-0500] {logging_mixin.py:188} INFO - [2024-05-30T15:48:55.466-0500] {dag.py:3096} INFO - Sync 1 DAGs
[2024-05-30T15:48:55.478-0500] {logging_mixin.py:188} INFO - [2024-05-30T15:48:55.478-0500] {dag.py:3954} INFO - Setting next_dagrun for example_trigger_target_dag to None, run_after=None
[2024-05-30T15:48:55.559-0500] {processor.py:183} INFO - Processing /home/diallo/Documents/workspace/Python/AirFlowProjects/AirFlow01/venv/lib/python3.10/site-packages/airflow/example_dags/example_trigger_target_dag.py took 0.174 seconds
[2024-05-30T15:50:24.550-0500] {processor.py:161} INFO - Started process (PID=28140) to work on /home/diallo/Documents/workspace/Python/AirFlowProjects/AirFlow01/venv/lib/python3.10/site-packages/airflow/example_dags/example_trigger_target_dag.py
[2024-05-30T15:50:24.621-0500] {processor.py:830} INFO - Processing file /home/diallo/Documents/workspace/Python/AirFlowProjects/AirFlow01/venv/lib/python3.10/site-packages/airflow/example_dags/example_trigger_target_dag.py for tasks to queue
[2024-05-30T15:50:24.624-0500] {logging_mixin.py:188} INFO - [2024-05-30T15:50:24.623-0500] {dagbag.py:545} INFO - Filling up the DagBag from /home/diallo/Documents/workspace/Python/AirFlowProjects/AirFlow01/venv/lib/python3.10/site-packages/airflow/example_dags/example_trigger_target_dag.py
[2024-05-30T15:50:24.632-0500] {processor.py:840} INFO - DAG(s) 'example_trigger_target_dag' retrieved from /home/diallo/Documents/workspace/Python/AirFlowProjects/AirFlow01/venv/lib/python3.10/site-packages/airflow/example_dags/example_trigger_target_dag.py
[2024-05-30T15:50:24.656-0500] {logging_mixin.py:188} INFO - [2024-05-30T15:50:24.655-0500] {dag.py:3096} INFO - Sync 1 DAGs
[2024-05-30T15:50:24.672-0500] {logging_mixin.py:188} INFO - [2024-05-30T15:50:24.672-0500] {dag.py:3954} INFO - Setting next_dagrun for example_trigger_target_dag to None, run_after=None
[2024-05-30T15:50:25.818-0500] {processor.py:183} INFO - Processing /home/diallo/Documents/workspace/Python/AirFlowProjects/AirFlow01/venv/lib/python3.10/site-packages/airflow/example_dags/example_trigger_target_dag.py took 1.280 seconds
