[2024-05-30T15:38:20.954-0500] {processor.py:161} INFO - Started process (PID=22414) to work on /home/diallo/Documents/workspace/Python/AirFlowProjects/AirFlow01/venv/lib/python3.10/site-packages/airflow/example_dags/example_datasets.py
[2024-05-30T15:38:20.955-0500] {processor.py:830} INFO - Processing file /home/diallo/Documents/workspace/Python/AirFlowProjects/AirFlow01/venv/lib/python3.10/site-packages/airflow/example_dags/example_datasets.py for tasks to queue
[2024-05-30T15:38:20.957-0500] {logging_mixin.py:188} INFO - [2024-05-30T15:38:20.956-0500] {dagbag.py:545} INFO - Filling up the DagBag from /home/diallo/Documents/workspace/Python/AirFlowProjects/AirFlow01/venv/lib/python3.10/site-packages/airflow/example_dags/example_datasets.py
[2024-05-30T15:38:20.971-0500] {processor.py:840} INFO - DAG(s) 'dataset_produces_1', 'dataset_consumes_unknown_never_scheduled', 'dataset_consumes_1_never_scheduled', 'conditional_dataset_and_time_based_timetable', 'consume_1_and_2_with_dataset_expressions', 'consume_1_or_2_with_dataset_expressions', 'dataset_consumes_1_and_2', 'dataset_consumes_1', 'consume_1_or_both_2_and_3_with_dataset_expressions', 'dataset_produces_2' retrieved from /home/diallo/Documents/workspace/Python/AirFlowProjects/AirFlow01/venv/lib/python3.10/site-packages/airflow/example_dags/example_datasets.py
[2024-05-30T15:38:21.201-0500] {logging_mixin.py:188} INFO - [2024-05-30T15:38:21.198-0500] {override.py:1829} INFO - Created Permission View: can delete on DAG:dataset_produces_1
[2024-05-30T15:38:21.265-0500] {logging_mixin.py:188} INFO - [2024-05-30T15:38:21.265-0500] {override.py:1829} INFO - Created Permission View: can edit on DAG:dataset_produces_1
[2024-05-30T15:38:21.363-0500] {logging_mixin.py:188} INFO - [2024-05-30T15:38:21.362-0500] {override.py:1829} INFO - Created Permission View: can read on DAG:dataset_produces_1
[2024-05-30T15:38:21.499-0500] {logging_mixin.py:188} INFO - [2024-05-30T15:38:21.498-0500] {override.py:1829} INFO - Created Permission View: can delete on DAG:dataset_consumes_unknown_never_scheduled
[2024-05-30T15:38:21.556-0500] {logging_mixin.py:188} INFO - [2024-05-30T15:38:21.555-0500] {override.py:1829} INFO - Created Permission View: can edit on DAG:dataset_consumes_unknown_never_scheduled
[2024-05-30T15:38:21.612-0500] {logging_mixin.py:188} INFO - [2024-05-30T15:38:21.611-0500] {override.py:1829} INFO - Created Permission View: can read on DAG:dataset_consumes_unknown_never_scheduled
[2024-05-30T15:38:21.748-0500] {logging_mixin.py:188} INFO - [2024-05-30T15:38:21.747-0500] {override.py:1829} INFO - Created Permission View: can delete on DAG:dataset_consumes_1_never_scheduled
[2024-05-30T15:38:21.815-0500] {logging_mixin.py:188} INFO - [2024-05-30T15:38:21.814-0500] {override.py:1829} INFO - Created Permission View: can edit on DAG:dataset_consumes_1_never_scheduled
[2024-05-30T15:38:21.872-0500] {logging_mixin.py:188} INFO - [2024-05-30T15:38:21.871-0500] {override.py:1829} INFO - Created Permission View: can read on DAG:dataset_consumes_1_never_scheduled
[2024-05-30T15:38:22.009-0500] {logging_mixin.py:188} INFO - [2024-05-30T15:38:22.008-0500] {override.py:1829} INFO - Created Permission View: can delete on DAG:conditional_dataset_and_time_based_timetable
[2024-05-30T15:38:22.077-0500] {logging_mixin.py:188} INFO - [2024-05-30T15:38:22.076-0500] {override.py:1829} INFO - Created Permission View: can edit on DAG:conditional_dataset_and_time_based_timetable
[2024-05-30T15:38:22.145-0500] {logging_mixin.py:188} INFO - [2024-05-30T15:38:22.143-0500] {override.py:1829} INFO - Created Permission View: can read on DAG:conditional_dataset_and_time_based_timetable
[2024-05-30T15:38:22.270-0500] {logging_mixin.py:188} INFO - [2024-05-30T15:38:22.268-0500] {override.py:1829} INFO - Created Permission View: can delete on DAG:consume_1_and_2_with_dataset_expressions
[2024-05-30T15:38:22.337-0500] {logging_mixin.py:188} INFO - [2024-05-30T15:38:22.335-0500] {override.py:1829} INFO - Created Permission View: can edit on DAG:consume_1_and_2_with_dataset_expressions
[2024-05-30T15:38:22.404-0500] {logging_mixin.py:188} INFO - [2024-05-30T15:38:22.403-0500] {override.py:1829} INFO - Created Permission View: can read on DAG:consume_1_and_2_with_dataset_expressions
[2024-05-30T15:38:22.540-0500] {logging_mixin.py:188} INFO - [2024-05-30T15:38:22.539-0500] {override.py:1829} INFO - Created Permission View: can delete on DAG:consume_1_or_2_with_dataset_expressions
[2024-05-30T15:38:22.644-0500] {logging_mixin.py:188} INFO - [2024-05-30T15:38:22.642-0500] {override.py:1829} INFO - Created Permission View: can edit on DAG:consume_1_or_2_with_dataset_expressions
[2024-05-30T15:38:22.700-0500] {logging_mixin.py:188} INFO - [2024-05-30T15:38:22.698-0500] {override.py:1829} INFO - Created Permission View: can read on DAG:consume_1_or_2_with_dataset_expressions
[2024-05-30T15:38:22.858-0500] {logging_mixin.py:188} INFO - [2024-05-30T15:38:22.857-0500] {override.py:1829} INFO - Created Permission View: can delete on DAG:dataset_consumes_1_and_2
[2024-05-30T15:38:22.914-0500] {logging_mixin.py:188} INFO - [2024-05-30T15:38:22.913-0500] {override.py:1829} INFO - Created Permission View: can edit on DAG:dataset_consumes_1_and_2
[2024-05-30T15:38:22.982-0500] {logging_mixin.py:188} INFO - [2024-05-30T15:38:22.981-0500] {override.py:1829} INFO - Created Permission View: can read on DAG:dataset_consumes_1_and_2
[2024-05-30T15:38:23.207-0500] {logging_mixin.py:188} INFO - [2024-05-30T15:38:23.205-0500] {override.py:1829} INFO - Created Permission View: can delete on DAG:dataset_consumes_1
[2024-05-30T15:38:23.274-0500] {logging_mixin.py:188} INFO - [2024-05-30T15:38:23.273-0500] {override.py:1829} INFO - Created Permission View: can edit on DAG:dataset_consumes_1
[2024-05-30T15:38:23.341-0500] {logging_mixin.py:188} INFO - [2024-05-30T15:38:23.340-0500] {override.py:1829} INFO - Created Permission View: can read on DAG:dataset_consumes_1
[2024-05-30T15:38:23.457-0500] {logging_mixin.py:188} INFO - [2024-05-30T15:38:23.456-0500] {override.py:1829} INFO - Created Permission View: can delete on DAG:consume_1_or_both_2_and_3_with_dataset_expressions
[2024-05-30T15:38:23.513-0500] {logging_mixin.py:188} INFO - [2024-05-30T15:38:23.512-0500] {override.py:1829} INFO - Created Permission View: can edit on DAG:consume_1_or_both_2_and_3_with_dataset_expressions
[2024-05-30T15:38:23.570-0500] {logging_mixin.py:188} INFO - [2024-05-30T15:38:23.569-0500] {override.py:1829} INFO - Created Permission View: can read on DAG:consume_1_or_both_2_and_3_with_dataset_expressions
[2024-05-30T15:38:23.706-0500] {logging_mixin.py:188} INFO - [2024-05-30T15:38:23.704-0500] {override.py:1829} INFO - Created Permission View: can delete on DAG:dataset_produces_2
[2024-05-30T15:38:23.773-0500] {logging_mixin.py:188} INFO - [2024-05-30T15:38:23.772-0500] {override.py:1829} INFO - Created Permission View: can edit on DAG:dataset_produces_2
[2024-05-30T15:38:23.828-0500] {logging_mixin.py:188} INFO - [2024-05-30T15:38:23.828-0500] {override.py:1829} INFO - Created Permission View: can read on DAG:dataset_produces_2
[2024-05-30T15:38:23.829-0500] {logging_mixin.py:188} INFO - [2024-05-30T15:38:23.829-0500] {dag.py:3096} INFO - Sync 10 DAGs
[2024-05-30T15:38:23.944-0500] {logging_mixin.py:188} INFO - [2024-05-30T15:38:23.943-0500] {dag.py:3118} INFO - Creating ORM DAG for dataset_consumes_unknown_never_scheduled
[2024-05-30T15:38:23.945-0500] {logging_mixin.py:188} INFO - [2024-05-30T15:38:23.944-0500] {dag.py:3118} INFO - Creating ORM DAG for dataset_produces_2
[2024-05-30T15:38:23.945-0500] {logging_mixin.py:188} INFO - [2024-05-30T15:38:23.945-0500] {dag.py:3118} INFO - Creating ORM DAG for dataset_consumes_1
[2024-05-30T15:38:23.946-0500] {logging_mixin.py:188} INFO - [2024-05-30T15:38:23.946-0500] {dag.py:3118} INFO - Creating ORM DAG for conditional_dataset_and_time_based_timetable
[2024-05-30T15:38:23.946-0500] {logging_mixin.py:188} INFO - [2024-05-30T15:38:23.946-0500] {dag.py:3118} INFO - Creating ORM DAG for consume_1_or_2_with_dataset_expressions
[2024-05-30T15:38:23.947-0500] {logging_mixin.py:188} INFO - [2024-05-30T15:38:23.947-0500] {dag.py:3118} INFO - Creating ORM DAG for dataset_consumes_1_never_scheduled
[2024-05-30T15:38:23.948-0500] {logging_mixin.py:188} INFO - [2024-05-30T15:38:23.947-0500] {dag.py:3118} INFO - Creating ORM DAG for consume_1_or_both_2_and_3_with_dataset_expressions
[2024-05-30T15:38:23.948-0500] {logging_mixin.py:188} INFO - [2024-05-30T15:38:23.948-0500] {dag.py:3118} INFO - Creating ORM DAG for consume_1_and_2_with_dataset_expressions
[2024-05-30T15:38:23.949-0500] {logging_mixin.py:188} INFO - [2024-05-30T15:38:23.948-0500] {dag.py:3118} INFO - Creating ORM DAG for dataset_consumes_1_and_2
[2024-05-30T15:38:23.949-0500] {logging_mixin.py:188} INFO - [2024-05-30T15:38:23.949-0500] {dag.py:3118} INFO - Creating ORM DAG for dataset_produces_1
[2024-05-30T15:38:23.959-0500] {logging_mixin.py:188} INFO - [2024-05-30T15:38:23.958-0500] {dag.py:3954} INFO - Setting next_dagrun for conditional_dataset_and_time_based_timetable to 2024-05-29 01:00:00+00:00, run_after=2024-05-29 01:00:00+00:00
[2024-05-30T15:38:23.960-0500] {logging_mixin.py:188} INFO - [2024-05-30T15:38:23.960-0500] {dag.py:3954} INFO - Setting next_dagrun for consume_1_and_2_with_dataset_expressions to None, run_after=None
[2024-05-30T15:38:23.961-0500] {logging_mixin.py:188} INFO - [2024-05-30T15:38:23.960-0500] {dag.py:3954} INFO - Setting next_dagrun for consume_1_or_2_with_dataset_expressions to None, run_after=None
[2024-05-30T15:38:23.961-0500] {logging_mixin.py:188} INFO - [2024-05-30T15:38:23.961-0500] {dag.py:3954} INFO - Setting next_dagrun for consume_1_or_both_2_and_3_with_dataset_expressions to None, run_after=None
[2024-05-30T15:38:23.961-0500] {logging_mixin.py:188} INFO - [2024-05-30T15:38:23.961-0500] {dag.py:3954} INFO - Setting next_dagrun for dataset_consumes_1 to None, run_after=None
[2024-05-30T15:38:23.962-0500] {logging_mixin.py:188} INFO - [2024-05-30T15:38:23.962-0500] {dag.py:3954} INFO - Setting next_dagrun for dataset_consumes_1_and_2 to None, run_after=None
[2024-05-30T15:38:23.962-0500] {logging_mixin.py:188} INFO - [2024-05-30T15:38:23.962-0500] {dag.py:3954} INFO - Setting next_dagrun for dataset_consumes_1_never_scheduled to None, run_after=None
[2024-05-30T15:38:23.963-0500] {logging_mixin.py:188} INFO - [2024-05-30T15:38:23.963-0500] {dag.py:3954} INFO - Setting next_dagrun for dataset_consumes_unknown_never_scheduled to None, run_after=None
[2024-05-30T15:38:23.965-0500] {logging_mixin.py:188} INFO - [2024-05-30T15:38:23.964-0500] {dag.py:3954} INFO - Setting next_dagrun for dataset_produces_1 to 2024-05-29 00:00:00+00:00, run_after=2024-05-30 00:00:00+00:00
[2024-05-30T15:38:23.965-0500] {logging_mixin.py:188} INFO - [2024-05-30T15:38:23.965-0500] {dag.py:3954} INFO - Setting next_dagrun for dataset_produces_2 to None, run_after=None
[2024-05-30T15:38:24.108-0500] {processor.py:183} INFO - Processing /home/diallo/Documents/workspace/Python/AirFlowProjects/AirFlow01/venv/lib/python3.10/site-packages/airflow/example_dags/example_datasets.py took 3.162 seconds
[2024-05-30T15:39:45.845-0500] {processor.py:161} INFO - Started process (PID=23143) to work on /home/diallo/Documents/workspace/Python/AirFlowProjects/AirFlow01/venv/lib/python3.10/site-packages/airflow/example_dags/example_datasets.py
[2024-05-30T15:39:45.902-0500] {processor.py:830} INFO - Processing file /home/diallo/Documents/workspace/Python/AirFlowProjects/AirFlow01/venv/lib/python3.10/site-packages/airflow/example_dags/example_datasets.py for tasks to queue
[2024-05-30T15:39:45.906-0500] {logging_mixin.py:188} INFO - [2024-05-30T15:39:45.905-0500] {dagbag.py:545} INFO - Filling up the DagBag from /home/diallo/Documents/workspace/Python/AirFlowProjects/AirFlow01/venv/lib/python3.10/site-packages/airflow/example_dags/example_datasets.py
[2024-05-30T15:39:45.933-0500] {processor.py:840} INFO - DAG(s) 'dataset_produces_1', 'consume_1_or_2_with_dataset_expressions', 'conditional_dataset_and_time_based_timetable', 'dataset_consumes_1_and_2', 'consume_1_and_2_with_dataset_expressions', 'dataset_consumes_1_never_scheduled', 'dataset_produces_2', 'dataset_consumes_1', 'dataset_consumes_unknown_never_scheduled', 'consume_1_or_both_2_and_3_with_dataset_expressions' retrieved from /home/diallo/Documents/workspace/Python/AirFlowProjects/AirFlow01/venv/lib/python3.10/site-packages/airflow/example_dags/example_datasets.py
[2024-05-30T15:39:45.980-0500] {logging_mixin.py:188} INFO - [2024-05-30T15:39:45.979-0500] {dag.py:3096} INFO - Sync 10 DAGs
[2024-05-30T15:39:46.003-0500] {logging_mixin.py:188} INFO - [2024-05-30T15:39:46.002-0500] {dag.py:3954} INFO - Setting next_dagrun for conditional_dataset_and_time_based_timetable to 2024-05-29 01:00:00+00:00, run_after=2024-05-29 01:00:00+00:00
[2024-05-30T15:39:46.089-0500] {logging_mixin.py:188} INFO - [2024-05-30T15:39:46.088-0500] {dag.py:3954} INFO - Setting next_dagrun for consume_1_and_2_with_dataset_expressions to None, run_after=None
[2024-05-30T15:39:46.090-0500] {logging_mixin.py:188} INFO - [2024-05-30T15:39:46.090-0500] {dag.py:3954} INFO - Setting next_dagrun for consume_1_or_2_with_dataset_expressions to None, run_after=None
[2024-05-30T15:39:46.091-0500] {logging_mixin.py:188} INFO - [2024-05-30T15:39:46.091-0500] {dag.py:3954} INFO - Setting next_dagrun for consume_1_or_both_2_and_3_with_dataset_expressions to None, run_after=None
[2024-05-30T15:39:46.092-0500] {logging_mixin.py:188} INFO - [2024-05-30T15:39:46.092-0500] {dag.py:3954} INFO - Setting next_dagrun for dataset_consumes_1 to None, run_after=None
[2024-05-30T15:39:46.094-0500] {logging_mixin.py:188} INFO - [2024-05-30T15:39:46.094-0500] {dag.py:3954} INFO - Setting next_dagrun for dataset_consumes_1_and_2 to None, run_after=None
[2024-05-30T15:39:46.095-0500] {logging_mixin.py:188} INFO - [2024-05-30T15:39:46.095-0500] {dag.py:3954} INFO - Setting next_dagrun for dataset_consumes_1_never_scheduled to None, run_after=None
[2024-05-30T15:39:46.096-0500] {logging_mixin.py:188} INFO - [2024-05-30T15:39:46.096-0500] {dag.py:3954} INFO - Setting next_dagrun for dataset_consumes_unknown_never_scheduled to None, run_after=None
[2024-05-30T15:39:46.099-0500] {logging_mixin.py:188} INFO - [2024-05-30T15:39:46.099-0500] {dag.py:3954} INFO - Setting next_dagrun for dataset_produces_1 to 2024-05-29 00:00:00+00:00, run_after=2024-05-30 00:00:00+00:00
[2024-05-30T15:39:46.100-0500] {logging_mixin.py:188} INFO - [2024-05-30T15:39:46.100-0500] {dag.py:3954} INFO - Setting next_dagrun for dataset_produces_2 to None, run_after=None
[2024-05-30T15:39:46.242-0500] {processor.py:183} INFO - Processing /home/diallo/Documents/workspace/Python/AirFlowProjects/AirFlow01/venv/lib/python3.10/site-packages/airflow/example_dags/example_datasets.py took 0.408 seconds
[2024-05-30T15:42:40.820-0500] {processor.py:161} INFO - Started process (PID=24472) to work on /home/diallo/Documents/workspace/Python/AirFlowProjects/AirFlow01/venv/lib/python3.10/site-packages/airflow/example_dags/example_datasets.py
[2024-05-30T15:42:40.830-0500] {processor.py:830} INFO - Processing file /home/diallo/Documents/workspace/Python/AirFlowProjects/AirFlow01/venv/lib/python3.10/site-packages/airflow/example_dags/example_datasets.py for tasks to queue
[2024-05-30T15:42:40.832-0500] {logging_mixin.py:188} INFO - [2024-05-30T15:42:40.831-0500] {dagbag.py:545} INFO - Filling up the DagBag from /home/diallo/Documents/workspace/Python/AirFlowProjects/AirFlow01/venv/lib/python3.10/site-packages/airflow/example_dags/example_datasets.py
[2024-05-30T15:42:40.845-0500] {processor.py:840} INFO - DAG(s) 'conditional_dataset_and_time_based_timetable', 'dataset_consumes_unknown_never_scheduled', 'dataset_consumes_1_and_2', 'consume_1_or_2_with_dataset_expressions', 'dataset_consumes_1', 'consume_1_or_both_2_and_3_with_dataset_expressions', 'dataset_consumes_1_never_scheduled', 'dataset_produces_2', 'dataset_produces_1', 'consume_1_and_2_with_dataset_expressions' retrieved from /home/diallo/Documents/workspace/Python/AirFlowProjects/AirFlow01/venv/lib/python3.10/site-packages/airflow/example_dags/example_datasets.py
[2024-05-30T15:42:40.889-0500] {logging_mixin.py:188} INFO - [2024-05-30T15:42:40.889-0500] {dag.py:3096} INFO - Sync 10 DAGs
[2024-05-30T15:42:40.915-0500] {logging_mixin.py:188} INFO - [2024-05-30T15:42:40.915-0500] {dag.py:3954} INFO - Setting next_dagrun for conditional_dataset_and_time_based_timetable to 2024-05-29 01:00:00+00:00, run_after=2024-05-29 01:00:00+00:00
[2024-05-30T15:42:40.919-0500] {logging_mixin.py:188} INFO - [2024-05-30T15:42:40.919-0500] {dag.py:3954} INFO - Setting next_dagrun for consume_1_and_2_with_dataset_expressions to None, run_after=None
[2024-05-30T15:42:40.920-0500] {logging_mixin.py:188} INFO - [2024-05-30T15:42:40.920-0500] {dag.py:3954} INFO - Setting next_dagrun for consume_1_or_2_with_dataset_expressions to None, run_after=None
[2024-05-30T15:42:40.921-0500] {logging_mixin.py:188} INFO - [2024-05-30T15:42:40.921-0500] {dag.py:3954} INFO - Setting next_dagrun for consume_1_or_both_2_and_3_with_dataset_expressions to None, run_after=None
[2024-05-30T15:42:40.922-0500] {logging_mixin.py:188} INFO - [2024-05-30T15:42:40.922-0500] {dag.py:3954} INFO - Setting next_dagrun for dataset_consumes_1 to None, run_after=None
[2024-05-30T15:42:40.923-0500] {logging_mixin.py:188} INFO - [2024-05-30T15:42:40.923-0500] {dag.py:3954} INFO - Setting next_dagrun for dataset_consumes_1_and_2 to None, run_after=None
[2024-05-30T15:42:40.924-0500] {logging_mixin.py:188} INFO - [2024-05-30T15:42:40.924-0500] {dag.py:3954} INFO - Setting next_dagrun for dataset_consumes_1_never_scheduled to None, run_after=None
[2024-05-30T15:42:40.925-0500] {logging_mixin.py:188} INFO - [2024-05-30T15:42:40.925-0500] {dag.py:3954} INFO - Setting next_dagrun for dataset_consumes_unknown_never_scheduled to None, run_after=None
[2024-05-30T15:42:40.927-0500] {logging_mixin.py:188} INFO - [2024-05-30T15:42:40.927-0500] {dag.py:3954} INFO - Setting next_dagrun for dataset_produces_1 to 2024-05-29 00:00:00+00:00, run_after=2024-05-30 00:00:00+00:00
[2024-05-30T15:42:40.928-0500] {logging_mixin.py:188} INFO - [2024-05-30T15:42:40.928-0500] {dag.py:3954} INFO - Setting next_dagrun for dataset_produces_2 to None, run_after=None
[2024-05-30T15:42:41.612-0500] {processor.py:183} INFO - Processing /home/diallo/Documents/workspace/Python/AirFlowProjects/AirFlow01/venv/lib/python3.10/site-packages/airflow/example_dags/example_datasets.py took 0.800 seconds
[2024-05-30T15:43:48.055-0500] {processor.py:161} INFO - Started process (PID=25017) to work on /home/diallo/Documents/workspace/Python/AirFlowProjects/AirFlow01/venv/lib/python3.10/site-packages/airflow/example_dags/example_datasets.py
[2024-05-30T15:43:48.091-0500] {processor.py:830} INFO - Processing file /home/diallo/Documents/workspace/Python/AirFlowProjects/AirFlow01/venv/lib/python3.10/site-packages/airflow/example_dags/example_datasets.py for tasks to queue
[2024-05-30T15:43:48.098-0500] {logging_mixin.py:188} INFO - [2024-05-30T15:43:48.097-0500] {dagbag.py:545} INFO - Filling up the DagBag from /home/diallo/Documents/workspace/Python/AirFlowProjects/AirFlow01/venv/lib/python3.10/site-packages/airflow/example_dags/example_datasets.py
[2024-05-30T15:43:48.130-0500] {processor.py:840} INFO - DAG(s) 'dataset_produces_2', 'consume_1_or_both_2_and_3_with_dataset_expressions', 'consume_1_and_2_with_dataset_expressions', 'consume_1_or_2_with_dataset_expressions', 'conditional_dataset_and_time_based_timetable', 'dataset_consumes_1_never_scheduled', 'dataset_consumes_unknown_never_scheduled', 'dataset_produces_1', 'dataset_consumes_1', 'dataset_consumes_1_and_2' retrieved from /home/diallo/Documents/workspace/Python/AirFlowProjects/AirFlow01/venv/lib/python3.10/site-packages/airflow/example_dags/example_datasets.py
[2024-05-30T15:43:48.172-0500] {logging_mixin.py:188} INFO - [2024-05-30T15:43:48.171-0500] {dag.py:3096} INFO - Sync 10 DAGs
[2024-05-30T15:43:48.195-0500] {logging_mixin.py:188} INFO - [2024-05-30T15:43:48.195-0500] {dag.py:3954} INFO - Setting next_dagrun for conditional_dataset_and_time_based_timetable to 2024-05-29 01:00:00+00:00, run_after=2024-05-29 01:00:00+00:00
[2024-05-30T15:43:48.198-0500] {logging_mixin.py:188} INFO - [2024-05-30T15:43:48.198-0500] {dag.py:3954} INFO - Setting next_dagrun for consume_1_and_2_with_dataset_expressions to None, run_after=None
[2024-05-30T15:43:48.199-0500] {logging_mixin.py:188} INFO - [2024-05-30T15:43:48.199-0500] {dag.py:3954} INFO - Setting next_dagrun for consume_1_or_2_with_dataset_expressions to None, run_after=None
[2024-05-30T15:43:48.200-0500] {logging_mixin.py:188} INFO - [2024-05-30T15:43:48.200-0500] {dag.py:3954} INFO - Setting next_dagrun for consume_1_or_both_2_and_3_with_dataset_expressions to None, run_after=None
[2024-05-30T15:43:48.201-0500] {logging_mixin.py:188} INFO - [2024-05-30T15:43:48.201-0500] {dag.py:3954} INFO - Setting next_dagrun for dataset_consumes_1 to None, run_after=None
[2024-05-30T15:43:48.202-0500] {logging_mixin.py:188} INFO - [2024-05-30T15:43:48.202-0500] {dag.py:3954} INFO - Setting next_dagrun for dataset_consumes_1_and_2 to None, run_after=None
[2024-05-30T15:43:48.203-0500] {logging_mixin.py:188} INFO - [2024-05-30T15:43:48.203-0500] {dag.py:3954} INFO - Setting next_dagrun for dataset_consumes_1_never_scheduled to None, run_after=None
[2024-05-30T15:43:48.204-0500] {logging_mixin.py:188} INFO - [2024-05-30T15:43:48.204-0500] {dag.py:3954} INFO - Setting next_dagrun for dataset_consumes_unknown_never_scheduled to None, run_after=None
[2024-05-30T15:43:48.206-0500] {logging_mixin.py:188} INFO - [2024-05-30T15:43:48.206-0500] {dag.py:3954} INFO - Setting next_dagrun for dataset_produces_1 to 2024-05-29 00:00:00+00:00, run_after=2024-05-30 00:00:00+00:00
[2024-05-30T15:43:48.207-0500] {logging_mixin.py:188} INFO - [2024-05-30T15:43:48.207-0500] {dag.py:3954} INFO - Setting next_dagrun for dataset_produces_2 to None, run_after=None
[2024-05-30T15:43:48.321-0500] {processor.py:183} INFO - Processing /home/diallo/Documents/workspace/Python/AirFlowProjects/AirFlow01/venv/lib/python3.10/site-packages/airflow/example_dags/example_datasets.py took 0.275 seconds
[2024-05-30T15:45:46.297-0500] {processor.py:161} INFO - Started process (PID=25905) to work on /home/diallo/Documents/workspace/Python/AirFlowProjects/AirFlow01/venv/lib/python3.10/site-packages/airflow/example_dags/example_datasets.py
[2024-05-30T15:45:46.319-0500] {processor.py:830} INFO - Processing file /home/diallo/Documents/workspace/Python/AirFlowProjects/AirFlow01/venv/lib/python3.10/site-packages/airflow/example_dags/example_datasets.py for tasks to queue
[2024-05-30T15:45:46.323-0500] {logging_mixin.py:188} INFO - [2024-05-30T15:45:46.322-0500] {dagbag.py:545} INFO - Filling up the DagBag from /home/diallo/Documents/workspace/Python/AirFlowProjects/AirFlow01/venv/lib/python3.10/site-packages/airflow/example_dags/example_datasets.py
[2024-05-30T15:45:46.346-0500] {processor.py:840} INFO - DAG(s) 'consume_1_and_2_with_dataset_expressions', 'conditional_dataset_and_time_based_timetable', 'dataset_produces_1', 'dataset_consumes_1_never_scheduled', 'dataset_consumes_unknown_never_scheduled', 'dataset_consumes_1_and_2', 'consume_1_or_2_with_dataset_expressions', 'dataset_produces_2', 'consume_1_or_both_2_and_3_with_dataset_expressions', 'dataset_consumes_1' retrieved from /home/diallo/Documents/workspace/Python/AirFlowProjects/AirFlow01/venv/lib/python3.10/site-packages/airflow/example_dags/example_datasets.py
[2024-05-30T15:45:46.388-0500] {logging_mixin.py:188} INFO - [2024-05-30T15:45:46.388-0500] {dag.py:3096} INFO - Sync 10 DAGs
[2024-05-30T15:45:46.411-0500] {logging_mixin.py:188} INFO - [2024-05-30T15:45:46.411-0500] {dag.py:3954} INFO - Setting next_dagrun for conditional_dataset_and_time_based_timetable to 2024-05-29 01:00:00+00:00, run_after=2024-05-29 01:00:00+00:00
[2024-05-30T15:45:46.415-0500] {logging_mixin.py:188} INFO - [2024-05-30T15:45:46.414-0500] {dag.py:3954} INFO - Setting next_dagrun for consume_1_and_2_with_dataset_expressions to None, run_after=None
[2024-05-30T15:45:46.416-0500] {logging_mixin.py:188} INFO - [2024-05-30T15:45:46.416-0500] {dag.py:3954} INFO - Setting next_dagrun for consume_1_or_2_with_dataset_expressions to None, run_after=None
[2024-05-30T15:45:46.417-0500] {logging_mixin.py:188} INFO - [2024-05-30T15:45:46.417-0500] {dag.py:3954} INFO - Setting next_dagrun for consume_1_or_both_2_and_3_with_dataset_expressions to None, run_after=None
[2024-05-30T15:45:46.418-0500] {logging_mixin.py:188} INFO - [2024-05-30T15:45:46.417-0500] {dag.py:3954} INFO - Setting next_dagrun for dataset_consumes_1 to None, run_after=None
[2024-05-30T15:45:46.419-0500] {logging_mixin.py:188} INFO - [2024-05-30T15:45:46.418-0500] {dag.py:3954} INFO - Setting next_dagrun for dataset_consumes_1_and_2 to None, run_after=None
[2024-05-30T15:45:46.419-0500] {logging_mixin.py:188} INFO - [2024-05-30T15:45:46.419-0500] {dag.py:3954} INFO - Setting next_dagrun for dataset_consumes_1_never_scheduled to None, run_after=None
[2024-05-30T15:45:46.420-0500] {logging_mixin.py:188} INFO - [2024-05-30T15:45:46.420-0500] {dag.py:3954} INFO - Setting next_dagrun for dataset_consumes_unknown_never_scheduled to None, run_after=None
[2024-05-30T15:45:46.423-0500] {logging_mixin.py:188} INFO - [2024-05-30T15:45:46.422-0500] {dag.py:3954} INFO - Setting next_dagrun for dataset_produces_1 to 2024-05-29 00:00:00+00:00, run_after=2024-05-30 00:00:00+00:00
[2024-05-30T15:45:46.423-0500] {logging_mixin.py:188} INFO - [2024-05-30T15:45:46.423-0500] {dag.py:3954} INFO - Setting next_dagrun for dataset_produces_2 to None, run_after=None
[2024-05-30T15:45:46.494-0500] {processor.py:183} INFO - Processing /home/diallo/Documents/workspace/Python/AirFlowProjects/AirFlow01/venv/lib/python3.10/site-packages/airflow/example_dags/example_datasets.py took 0.205 seconds
[2024-05-30T15:46:59.090-0500] {processor.py:161} INFO - Started process (PID=26493) to work on /home/diallo/Documents/workspace/Python/AirFlowProjects/AirFlow01/venv/lib/python3.10/site-packages/airflow/example_dags/example_datasets.py
[2024-05-30T15:46:59.132-0500] {processor.py:830} INFO - Processing file /home/diallo/Documents/workspace/Python/AirFlowProjects/AirFlow01/venv/lib/python3.10/site-packages/airflow/example_dags/example_datasets.py for tasks to queue
[2024-05-30T15:46:59.137-0500] {logging_mixin.py:188} INFO - [2024-05-30T15:46:59.136-0500] {dagbag.py:545} INFO - Filling up the DagBag from /home/diallo/Documents/workspace/Python/AirFlowProjects/AirFlow01/venv/lib/python3.10/site-packages/airflow/example_dags/example_datasets.py
[2024-05-30T15:46:59.177-0500] {processor.py:840} INFO - DAG(s) 'consume_1_or_2_with_dataset_expressions', 'consume_1_and_2_with_dataset_expressions', 'dataset_produces_1', 'dataset_consumes_1_never_scheduled', 'dataset_consumes_unknown_never_scheduled', 'dataset_produces_2', 'consume_1_or_both_2_and_3_with_dataset_expressions', 'conditional_dataset_and_time_based_timetable', 'dataset_consumes_1', 'dataset_consumes_1_and_2' retrieved from /home/diallo/Documents/workspace/Python/AirFlowProjects/AirFlow01/venv/lib/python3.10/site-packages/airflow/example_dags/example_datasets.py
[2024-05-30T15:46:59.254-0500] {logging_mixin.py:188} INFO - [2024-05-30T15:46:59.254-0500] {dag.py:3096} INFO - Sync 10 DAGs
[2024-05-30T15:46:59.286-0500] {logging_mixin.py:188} INFO - [2024-05-30T15:46:59.285-0500] {dag.py:3954} INFO - Setting next_dagrun for conditional_dataset_and_time_based_timetable to 2024-05-29 01:00:00+00:00, run_after=2024-05-29 01:00:00+00:00
[2024-05-30T15:46:59.289-0500] {logging_mixin.py:188} INFO - [2024-05-30T15:46:59.289-0500] {dag.py:3954} INFO - Setting next_dagrun for consume_1_and_2_with_dataset_expressions to None, run_after=None
[2024-05-30T15:46:59.291-0500] {logging_mixin.py:188} INFO - [2024-05-30T15:46:59.290-0500] {dag.py:3954} INFO - Setting next_dagrun for consume_1_or_2_with_dataset_expressions to None, run_after=None
[2024-05-30T15:46:59.292-0500] {logging_mixin.py:188} INFO - [2024-05-30T15:46:59.292-0500] {dag.py:3954} INFO - Setting next_dagrun for consume_1_or_both_2_and_3_with_dataset_expressions to None, run_after=None
[2024-05-30T15:46:59.294-0500] {logging_mixin.py:188} INFO - [2024-05-30T15:46:59.293-0500] {dag.py:3954} INFO - Setting next_dagrun for dataset_consumes_1 to None, run_after=None
[2024-05-30T15:46:59.295-0500] {logging_mixin.py:188} INFO - [2024-05-30T15:46:59.295-0500] {dag.py:3954} INFO - Setting next_dagrun for dataset_consumes_1_and_2 to None, run_after=None
[2024-05-30T15:46:59.299-0500] {logging_mixin.py:188} INFO - [2024-05-30T15:46:59.298-0500] {dag.py:3954} INFO - Setting next_dagrun for dataset_consumes_1_never_scheduled to None, run_after=None
[2024-05-30T15:46:59.301-0500] {logging_mixin.py:188} INFO - [2024-05-30T15:46:59.300-0500] {dag.py:3954} INFO - Setting next_dagrun for dataset_consumes_unknown_never_scheduled to None, run_after=None
[2024-05-30T15:46:59.305-0500] {logging_mixin.py:188} INFO - [2024-05-30T15:46:59.304-0500] {dag.py:3954} INFO - Setting next_dagrun for dataset_produces_1 to 2024-05-29 00:00:00+00:00, run_after=2024-05-30 00:00:00+00:00
[2024-05-30T15:46:59.306-0500] {logging_mixin.py:188} INFO - [2024-05-30T15:46:59.306-0500] {dag.py:3954} INFO - Setting next_dagrun for dataset_produces_2 to None, run_after=None
[2024-05-30T15:46:59.449-0500] {processor.py:183} INFO - Processing /home/diallo/Documents/workspace/Python/AirFlowProjects/AirFlow01/venv/lib/python3.10/site-packages/airflow/example_dags/example_datasets.py took 0.389 seconds
[2024-05-30T15:48:08.552-0500] {processor.py:161} INFO - Started process (PID=27052) to work on /home/diallo/Documents/workspace/Python/AirFlowProjects/AirFlow01/venv/lib/python3.10/site-packages/airflow/example_dags/example_datasets.py
[2024-05-30T15:48:08.582-0500] {processor.py:830} INFO - Processing file /home/diallo/Documents/workspace/Python/AirFlowProjects/AirFlow01/venv/lib/python3.10/site-packages/airflow/example_dags/example_datasets.py for tasks to queue
[2024-05-30T15:48:08.588-0500] {logging_mixin.py:188} INFO - [2024-05-30T15:48:08.587-0500] {dagbag.py:545} INFO - Filling up the DagBag from /home/diallo/Documents/workspace/Python/AirFlowProjects/AirFlow01/venv/lib/python3.10/site-packages/airflow/example_dags/example_datasets.py
[2024-05-30T15:48:08.615-0500] {processor.py:840} INFO - DAG(s) 'consume_1_or_2_with_dataset_expressions', 'dataset_consumes_unknown_never_scheduled', 'dataset_produces_2', 'dataset_consumes_1_and_2', 'dataset_produces_1', 'dataset_consumes_1_never_scheduled', 'conditional_dataset_and_time_based_timetable', 'consume_1_or_both_2_and_3_with_dataset_expressions', 'dataset_consumes_1', 'consume_1_and_2_with_dataset_expressions' retrieved from /home/diallo/Documents/workspace/Python/AirFlowProjects/AirFlow01/venv/lib/python3.10/site-packages/airflow/example_dags/example_datasets.py
[2024-05-30T15:48:08.659-0500] {logging_mixin.py:188} INFO - [2024-05-30T15:48:08.659-0500] {dag.py:3096} INFO - Sync 10 DAGs
[2024-05-30T15:48:08.681-0500] {logging_mixin.py:188} INFO - [2024-05-30T15:48:08.681-0500] {dag.py:3954} INFO - Setting next_dagrun for conditional_dataset_and_time_based_timetable to 2024-05-29 01:00:00+00:00, run_after=2024-05-29 01:00:00+00:00
[2024-05-30T15:48:08.685-0500] {logging_mixin.py:188} INFO - [2024-05-30T15:48:08.685-0500] {dag.py:3954} INFO - Setting next_dagrun for consume_1_and_2_with_dataset_expressions to None, run_after=None
[2024-05-30T15:48:08.687-0500] {logging_mixin.py:188} INFO - [2024-05-30T15:48:08.687-0500] {dag.py:3954} INFO - Setting next_dagrun for consume_1_or_2_with_dataset_expressions to None, run_after=None
[2024-05-30T15:48:08.688-0500] {logging_mixin.py:188} INFO - [2024-05-30T15:48:08.688-0500] {dag.py:3954} INFO - Setting next_dagrun for consume_1_or_both_2_and_3_with_dataset_expressions to None, run_after=None
[2024-05-30T15:48:08.689-0500] {logging_mixin.py:188} INFO - [2024-05-30T15:48:08.689-0500] {dag.py:3954} INFO - Setting next_dagrun for dataset_consumes_1 to None, run_after=None
[2024-05-30T15:48:08.690-0500] {logging_mixin.py:188} INFO - [2024-05-30T15:48:08.690-0500] {dag.py:3954} INFO - Setting next_dagrun for dataset_consumes_1_and_2 to None, run_after=None
[2024-05-30T15:48:08.691-0500] {logging_mixin.py:188} INFO - [2024-05-30T15:48:08.691-0500] {dag.py:3954} INFO - Setting next_dagrun for dataset_consumes_1_never_scheduled to None, run_after=None
[2024-05-30T15:48:08.692-0500] {logging_mixin.py:188} INFO - [2024-05-30T15:48:08.692-0500] {dag.py:3954} INFO - Setting next_dagrun for dataset_consumes_unknown_never_scheduled to None, run_after=None
[2024-05-30T15:48:08.694-0500] {logging_mixin.py:188} INFO - [2024-05-30T15:48:08.694-0500] {dag.py:3954} INFO - Setting next_dagrun for dataset_produces_1 to 2024-05-29 00:00:00+00:00, run_after=2024-05-30 00:00:00+00:00
[2024-05-30T15:48:08.695-0500] {logging_mixin.py:188} INFO - [2024-05-30T15:48:08.695-0500] {dag.py:3954} INFO - Setting next_dagrun for dataset_produces_2 to None, run_after=None
[2024-05-30T15:48:08.812-0500] {processor.py:183} INFO - Processing /home/diallo/Documents/workspace/Python/AirFlowProjects/AirFlow01/venv/lib/python3.10/site-packages/airflow/example_dags/example_datasets.py took 0.270 seconds
[2024-05-30T15:49:09.276-0500] {processor.py:161} INFO - Started process (PID=27551) to work on /home/diallo/Documents/workspace/Python/AirFlowProjects/AirFlow01/venv/lib/python3.10/site-packages/airflow/example_dags/example_datasets.py
[2024-05-30T15:49:09.313-0500] {processor.py:830} INFO - Processing file /home/diallo/Documents/workspace/Python/AirFlowProjects/AirFlow01/venv/lib/python3.10/site-packages/airflow/example_dags/example_datasets.py for tasks to queue
[2024-05-30T15:49:09.318-0500] {logging_mixin.py:188} INFO - [2024-05-30T15:49:09.317-0500] {dagbag.py:545} INFO - Filling up the DagBag from /home/diallo/Documents/workspace/Python/AirFlowProjects/AirFlow01/venv/lib/python3.10/site-packages/airflow/example_dags/example_datasets.py
[2024-05-30T15:49:09.346-0500] {processor.py:840} INFO - DAG(s) 'dataset_consumes_1', 'dataset_consumes_1_and_2', 'dataset_produces_2', 'dataset_consumes_unknown_never_scheduled', 'consume_1_or_both_2_and_3_with_dataset_expressions', 'conditional_dataset_and_time_based_timetable', 'consume_1_or_2_with_dataset_expressions', 'dataset_consumes_1_never_scheduled', 'consume_1_and_2_with_dataset_expressions', 'dataset_produces_1' retrieved from /home/diallo/Documents/workspace/Python/AirFlowProjects/AirFlow01/venv/lib/python3.10/site-packages/airflow/example_dags/example_datasets.py
[2024-05-30T15:49:09.391-0500] {logging_mixin.py:188} INFO - [2024-05-30T15:49:09.391-0500] {dag.py:3096} INFO - Sync 10 DAGs
[2024-05-30T15:49:09.417-0500] {logging_mixin.py:188} INFO - [2024-05-30T15:49:09.416-0500] {dag.py:3954} INFO - Setting next_dagrun for conditional_dataset_and_time_based_timetable to 2024-05-29 01:00:00+00:00, run_after=2024-05-29 01:00:00+00:00
[2024-05-30T15:49:09.421-0500] {logging_mixin.py:188} INFO - [2024-05-30T15:49:09.420-0500] {dag.py:3954} INFO - Setting next_dagrun for consume_1_and_2_with_dataset_expressions to None, run_after=None
[2024-05-30T15:49:09.422-0500] {logging_mixin.py:188} INFO - [2024-05-30T15:49:09.422-0500] {dag.py:3954} INFO - Setting next_dagrun for consume_1_or_2_with_dataset_expressions to None, run_after=None
[2024-05-30T15:49:09.423-0500] {logging_mixin.py:188} INFO - [2024-05-30T15:49:09.423-0500] {dag.py:3954} INFO - Setting next_dagrun for consume_1_or_both_2_and_3_with_dataset_expressions to None, run_after=None
[2024-05-30T15:49:09.424-0500] {logging_mixin.py:188} INFO - [2024-05-30T15:49:09.423-0500] {dag.py:3954} INFO - Setting next_dagrun for dataset_consumes_1 to None, run_after=None
[2024-05-30T15:49:09.424-0500] {logging_mixin.py:188} INFO - [2024-05-30T15:49:09.424-0500] {dag.py:3954} INFO - Setting next_dagrun for dataset_consumes_1_and_2 to None, run_after=None
[2024-05-30T15:49:09.425-0500] {logging_mixin.py:188} INFO - [2024-05-30T15:49:09.425-0500] {dag.py:3954} INFO - Setting next_dagrun for dataset_consumes_1_never_scheduled to None, run_after=None
[2024-05-30T15:49:09.426-0500] {logging_mixin.py:188} INFO - [2024-05-30T15:49:09.426-0500] {dag.py:3954} INFO - Setting next_dagrun for dataset_consumes_unknown_never_scheduled to None, run_after=None
[2024-05-30T15:49:09.429-0500] {logging_mixin.py:188} INFO - [2024-05-30T15:49:09.428-0500] {dag.py:3954} INFO - Setting next_dagrun for dataset_produces_1 to 2024-05-29 00:00:00+00:00, run_after=2024-05-30 00:00:00+00:00
[2024-05-30T15:49:09.429-0500] {logging_mixin.py:188} INFO - [2024-05-30T15:49:09.429-0500] {dag.py:3954} INFO - Setting next_dagrun for dataset_produces_2 to None, run_after=None
[2024-05-30T15:49:09.551-0500] {processor.py:183} INFO - Processing /home/diallo/Documents/workspace/Python/AirFlowProjects/AirFlow01/venv/lib/python3.10/site-packages/airflow/example_dags/example_datasets.py took 0.283 seconds
