[2024-05-30T15:37:39.121-0500] {processor.py:161} INFO - Started process (PID=22061) to work on /home/diallo/Documents/workspace/Python/AirFlowProjects/AirFlow01/venv/lib/python3.10/site-packages/airflow/example_dags/example_nested_branch_dag.py
[2024-05-30T15:37:39.122-0500] {processor.py:830} INFO - Processing file /home/diallo/Documents/workspace/Python/AirFlowProjects/AirFlow01/venv/lib/python3.10/site-packages/airflow/example_dags/example_nested_branch_dag.py for tasks to queue
[2024-05-30T15:37:39.124-0500] {logging_mixin.py:188} INFO - [2024-05-30T15:37:39.123-0500] {dagbag.py:545} INFO - Filling up the DagBag from /home/diallo/Documents/workspace/Python/AirFlowProjects/AirFlow01/venv/lib/python3.10/site-packages/airflow/example_dags/example_nested_branch_dag.py
[2024-05-30T15:37:39.134-0500] {processor.py:840} INFO - DAG(s) 'example_nested_branch_dag' retrieved from /home/diallo/Documents/workspace/Python/AirFlowProjects/AirFlow01/venv/lib/python3.10/site-packages/airflow/example_dags/example_nested_branch_dag.py
[2024-05-30T15:37:39.625-0500] {logging_mixin.py:188} INFO - [2024-05-30T15:37:39.624-0500] {override.py:1829} INFO - Created Permission View: can delete on DAG:example_nested_branch_dag
[2024-05-30T15:37:39.681-0500] {logging_mixin.py:188} INFO - [2024-05-30T15:37:39.681-0500] {override.py:1829} INFO - Created Permission View: can edit on DAG:example_nested_branch_dag
[2024-05-30T15:37:39.728-0500] {logging_mixin.py:188} INFO - [2024-05-30T15:37:39.727-0500] {override.py:1829} INFO - Created Permission View: can read on DAG:example_nested_branch_dag
[2024-05-30T15:37:39.728-0500] {logging_mixin.py:188} INFO - [2024-05-30T15:37:39.728-0500] {dag.py:3096} INFO - Sync 1 DAGs
[2024-05-30T15:37:39.760-0500] {logging_mixin.py:188} INFO - [2024-05-30T15:37:39.760-0500] {dag.py:3118} INFO - Creating ORM DAG for example_nested_branch_dag
[2024-05-30T15:37:39.787-0500] {logging_mixin.py:188} INFO - [2024-05-30T15:37:39.787-0500] {dag.py:3954} INFO - Setting next_dagrun for example_nested_branch_dag to 2024-05-29 00:00:00+00:00, run_after=2024-05-30 00:00:00+00:00
[2024-05-30T15:37:39.883-0500] {processor.py:183} INFO - Processing /home/diallo/Documents/workspace/Python/AirFlowProjects/AirFlow01/venv/lib/python3.10/site-packages/airflow/example_dags/example_nested_branch_dag.py took 0.768 seconds
[2024-05-30T15:39:10.870-0500] {processor.py:161} INFO - Started process (PID=22866) to work on /home/diallo/Documents/workspace/Python/AirFlowProjects/AirFlow01/venv/lib/python3.10/site-packages/airflow/example_dags/example_nested_branch_dag.py
[2024-05-30T15:39:10.952-0500] {processor.py:830} INFO - Processing file /home/diallo/Documents/workspace/Python/AirFlowProjects/AirFlow01/venv/lib/python3.10/site-packages/airflow/example_dags/example_nested_branch_dag.py for tasks to queue
[2024-05-30T15:39:10.957-0500] {logging_mixin.py:188} INFO - [2024-05-30T15:39:10.956-0500] {dagbag.py:545} INFO - Filling up the DagBag from /home/diallo/Documents/workspace/Python/AirFlowProjects/AirFlow01/venv/lib/python3.10/site-packages/airflow/example_dags/example_nested_branch_dag.py
[2024-05-30T15:39:10.984-0500] {processor.py:840} INFO - DAG(s) 'example_nested_branch_dag' retrieved from /home/diallo/Documents/workspace/Python/AirFlowProjects/AirFlow01/venv/lib/python3.10/site-packages/airflow/example_dags/example_nested_branch_dag.py
[2024-05-30T15:39:11.004-0500] {logging_mixin.py:188} INFO - [2024-05-30T15:39:11.004-0500] {dag.py:3096} INFO - Sync 1 DAGs
[2024-05-30T15:39:11.023-0500] {logging_mixin.py:188} INFO - [2024-05-30T15:39:11.023-0500] {dag.py:3954} INFO - Setting next_dagrun for example_nested_branch_dag to 2024-05-29 00:00:00+00:00, run_after=2024-05-30 00:00:00+00:00
[2024-05-30T15:39:11.103-0500] {processor.py:183} INFO - Processing /home/diallo/Documents/workspace/Python/AirFlowProjects/AirFlow01/venv/lib/python3.10/site-packages/airflow/example_dags/example_nested_branch_dag.py took 0.249 seconds
[2024-05-30T15:41:10.645-0500] {processor.py:161} INFO - Started process (PID=23785) to work on /home/diallo/Documents/workspace/Python/AirFlowProjects/AirFlow01/venv/lib/python3.10/site-packages/airflow/example_dags/example_nested_branch_dag.py
[2024-05-30T15:41:10.697-0500] {processor.py:830} INFO - Processing file /home/diallo/Documents/workspace/Python/AirFlowProjects/AirFlow01/venv/lib/python3.10/site-packages/airflow/example_dags/example_nested_branch_dag.py for tasks to queue
[2024-05-30T15:41:10.702-0500] {logging_mixin.py:188} INFO - [2024-05-30T15:41:10.701-0500] {dagbag.py:545} INFO - Filling up the DagBag from /home/diallo/Documents/workspace/Python/AirFlowProjects/AirFlow01/venv/lib/python3.10/site-packages/airflow/example_dags/example_nested_branch_dag.py
[2024-05-30T15:41:10.730-0500] {processor.py:840} INFO - DAG(s) 'example_nested_branch_dag' retrieved from /home/diallo/Documents/workspace/Python/AirFlowProjects/AirFlow01/venv/lib/python3.10/site-packages/airflow/example_dags/example_nested_branch_dag.py
[2024-05-30T15:41:10.751-0500] {logging_mixin.py:188} INFO - [2024-05-30T15:41:10.751-0500] {dag.py:3096} INFO - Sync 1 DAGs
[2024-05-30T15:41:10.856-0500] {logging_mixin.py:188} INFO - [2024-05-30T15:41:10.856-0500] {dag.py:3954} INFO - Setting next_dagrun for example_nested_branch_dag to 2024-05-29 00:00:00+00:00, run_after=2024-05-30 00:00:00+00:00
[2024-05-30T15:41:11.639-0500] {processor.py:183} INFO - Processing /home/diallo/Documents/workspace/Python/AirFlowProjects/AirFlow01/venv/lib/python3.10/site-packages/airflow/example_dags/example_nested_branch_dag.py took 1.001 seconds
[2024-05-30T15:42:24.219-0500] {processor.py:161} INFO - Started process (PID=24346) to work on /home/diallo/Documents/workspace/Python/AirFlowProjects/AirFlow01/venv/lib/python3.10/site-packages/airflow/example_dags/example_nested_branch_dag.py
[2024-05-30T15:42:24.281-0500] {processor.py:830} INFO - Processing file /home/diallo/Documents/workspace/Python/AirFlowProjects/AirFlow01/venv/lib/python3.10/site-packages/airflow/example_dags/example_nested_branch_dag.py for tasks to queue
[2024-05-30T15:42:24.288-0500] {logging_mixin.py:188} INFO - [2024-05-30T15:42:24.286-0500] {dagbag.py:545} INFO - Filling up the DagBag from /home/diallo/Documents/workspace/Python/AirFlowProjects/AirFlow01/venv/lib/python3.10/site-packages/airflow/example_dags/example_nested_branch_dag.py
[2024-05-30T15:42:24.317-0500] {processor.py:840} INFO - DAG(s) 'example_nested_branch_dag' retrieved from /home/diallo/Documents/workspace/Python/AirFlowProjects/AirFlow01/venv/lib/python3.10/site-packages/airflow/example_dags/example_nested_branch_dag.py
[2024-05-30T15:42:24.336-0500] {logging_mixin.py:188} INFO - [2024-05-30T15:42:24.335-0500] {dag.py:3096} INFO - Sync 1 DAGs
[2024-05-30T15:42:24.355-0500] {logging_mixin.py:188} INFO - [2024-05-30T15:42:24.355-0500] {dag.py:3954} INFO - Setting next_dagrun for example_nested_branch_dag to 2024-05-29 00:00:00+00:00, run_after=2024-05-30 00:00:00+00:00
[2024-05-30T15:42:25.527-0500] {processor.py:183} INFO - Processing /home/diallo/Documents/workspace/Python/AirFlowProjects/AirFlow01/venv/lib/python3.10/site-packages/airflow/example_dags/example_nested_branch_dag.py took 1.317 seconds
[2024-05-30T15:43:21.133-0500] {processor.py:161} INFO - Started process (PID=24805) to work on /home/diallo/Documents/workspace/Python/AirFlowProjects/AirFlow01/venv/lib/python3.10/site-packages/airflow/example_dags/example_nested_branch_dag.py
[2024-05-30T15:43:21.179-0500] {processor.py:830} INFO - Processing file /home/diallo/Documents/workspace/Python/AirFlowProjects/AirFlow01/venv/lib/python3.10/site-packages/airflow/example_dags/example_nested_branch_dag.py for tasks to queue
[2024-05-30T15:43:21.185-0500] {logging_mixin.py:188} INFO - [2024-05-30T15:43:21.184-0500] {dagbag.py:545} INFO - Filling up the DagBag from /home/diallo/Documents/workspace/Python/AirFlowProjects/AirFlow01/venv/lib/python3.10/site-packages/airflow/example_dags/example_nested_branch_dag.py
[2024-05-30T15:43:21.209-0500] {processor.py:840} INFO - DAG(s) 'example_nested_branch_dag' retrieved from /home/diallo/Documents/workspace/Python/AirFlowProjects/AirFlow01/venv/lib/python3.10/site-packages/airflow/example_dags/example_nested_branch_dag.py
[2024-05-30T15:43:21.227-0500] {logging_mixin.py:188} INFO - [2024-05-30T15:43:21.227-0500] {dag.py:3096} INFO - Sync 1 DAGs
[2024-05-30T15:43:21.247-0500] {logging_mixin.py:188} INFO - [2024-05-30T15:43:21.247-0500] {dag.py:3954} INFO - Setting next_dagrun for example_nested_branch_dag to 2024-05-29 00:00:00+00:00, run_after=2024-05-30 00:00:00+00:00
[2024-05-30T15:43:21.330-0500] {processor.py:183} INFO - Processing /home/diallo/Documents/workspace/Python/AirFlowProjects/AirFlow01/venv/lib/python3.10/site-packages/airflow/example_dags/example_nested_branch_dag.py took 0.206 seconds
[2024-05-30T15:44:30.922-0500] {processor.py:161} INFO - Started process (PID=25349) to work on /home/diallo/Documents/workspace/Python/AirFlowProjects/AirFlow01/venv/lib/python3.10/site-packages/airflow/example_dags/example_nested_branch_dag.py
[2024-05-30T15:44:31.064-0500] {processor.py:830} INFO - Processing file /home/diallo/Documents/workspace/Python/AirFlowProjects/AirFlow01/venv/lib/python3.10/site-packages/airflow/example_dags/example_nested_branch_dag.py for tasks to queue
[2024-05-30T15:44:31.071-0500] {logging_mixin.py:188} INFO - [2024-05-30T15:44:31.069-0500] {dagbag.py:545} INFO - Filling up the DagBag from /home/diallo/Documents/workspace/Python/AirFlowProjects/AirFlow01/venv/lib/python3.10/site-packages/airflow/example_dags/example_nested_branch_dag.py
[2024-05-30T15:44:31.098-0500] {processor.py:840} INFO - DAG(s) 'example_nested_branch_dag' retrieved from /home/diallo/Documents/workspace/Python/AirFlowProjects/AirFlow01/venv/lib/python3.10/site-packages/airflow/example_dags/example_nested_branch_dag.py
[2024-05-30T15:44:31.117-0500] {logging_mixin.py:188} INFO - [2024-05-30T15:44:31.117-0500] {dag.py:3096} INFO - Sync 1 DAGs
[2024-05-30T15:44:31.137-0500] {logging_mixin.py:188} INFO - [2024-05-30T15:44:31.137-0500] {dag.py:3954} INFO - Setting next_dagrun for example_nested_branch_dag to 2024-05-29 00:00:00+00:00, run_after=2024-05-30 00:00:00+00:00
[2024-05-30T15:44:31.864-0500] {processor.py:183} INFO - Processing /home/diallo/Documents/workspace/Python/AirFlowProjects/AirFlow01/venv/lib/python3.10/site-packages/airflow/example_dags/example_nested_branch_dag.py took 0.952 seconds
[2024-05-30T15:46:25.700-0500] {processor.py:161} INFO - Started process (PID=26234) to work on /home/diallo/Documents/workspace/Python/AirFlowProjects/AirFlow01/venv/lib/python3.10/site-packages/airflow/example_dags/example_nested_branch_dag.py
[2024-05-30T15:46:25.711-0500] {processor.py:830} INFO - Processing file /home/diallo/Documents/workspace/Python/AirFlowProjects/AirFlow01/venv/lib/python3.10/site-packages/airflow/example_dags/example_nested_branch_dag.py for tasks to queue
[2024-05-30T15:46:25.713-0500] {logging_mixin.py:188} INFO - [2024-05-30T15:46:25.712-0500] {dagbag.py:545} INFO - Filling up the DagBag from /home/diallo/Documents/workspace/Python/AirFlowProjects/AirFlow01/venv/lib/python3.10/site-packages/airflow/example_dags/example_nested_branch_dag.py
[2024-05-30T15:46:25.728-0500] {processor.py:840} INFO - DAG(s) 'example_nested_branch_dag' retrieved from /home/diallo/Documents/workspace/Python/AirFlowProjects/AirFlow01/venv/lib/python3.10/site-packages/airflow/example_dags/example_nested_branch_dag.py
[2024-05-30T15:46:25.751-0500] {logging_mixin.py:188} INFO - [2024-05-30T15:46:25.751-0500] {dag.py:3096} INFO - Sync 1 DAGs
[2024-05-30T15:46:25.785-0500] {logging_mixin.py:188} INFO - [2024-05-30T15:46:25.784-0500] {dag.py:3954} INFO - Setting next_dagrun for example_nested_branch_dag to 2024-05-29 00:00:00+00:00, run_after=2024-05-30 00:00:00+00:00
[2024-05-30T15:46:25.893-0500] {processor.py:183} INFO - Processing /home/diallo/Documents/workspace/Python/AirFlowProjects/AirFlow01/venv/lib/python3.10/site-packages/airflow/example_dags/example_nested_branch_dag.py took 0.203 seconds
[2024-05-30T15:47:35.383-0500] {processor.py:161} INFO - Started process (PID=26769) to work on /home/diallo/Documents/workspace/Python/AirFlowProjects/AirFlow01/venv/lib/python3.10/site-packages/airflow/example_dags/example_nested_branch_dag.py
[2024-05-30T15:47:35.426-0500] {processor.py:830} INFO - Processing file /home/diallo/Documents/workspace/Python/AirFlowProjects/AirFlow01/venv/lib/python3.10/site-packages/airflow/example_dags/example_nested_branch_dag.py for tasks to queue
[2024-05-30T15:47:35.433-0500] {logging_mixin.py:188} INFO - [2024-05-30T15:47:35.431-0500] {dagbag.py:545} INFO - Filling up the DagBag from /home/diallo/Documents/workspace/Python/AirFlowProjects/AirFlow01/venv/lib/python3.10/site-packages/airflow/example_dags/example_nested_branch_dag.py
[2024-05-30T15:47:35.489-0500] {processor.py:840} INFO - DAG(s) 'example_nested_branch_dag' retrieved from /home/diallo/Documents/workspace/Python/AirFlowProjects/AirFlow01/venv/lib/python3.10/site-packages/airflow/example_dags/example_nested_branch_dag.py
[2024-05-30T15:47:35.554-0500] {logging_mixin.py:188} INFO - [2024-05-30T15:47:35.553-0500] {dag.py:3096} INFO - Sync 1 DAGs
[2024-05-30T15:47:35.596-0500] {logging_mixin.py:188} INFO - [2024-05-30T15:47:35.595-0500] {dag.py:3954} INFO - Setting next_dagrun for example_nested_branch_dag to 2024-05-29 00:00:00+00:00, run_after=2024-05-30 00:00:00+00:00
[2024-05-30T15:47:35.717-0500] {processor.py:183} INFO - Processing /home/diallo/Documents/workspace/Python/AirFlowProjects/AirFlow01/venv/lib/python3.10/site-packages/airflow/example_dags/example_nested_branch_dag.py took 0.358 seconds
[2024-05-30T15:48:38.775-0500] {processor.py:161} INFO - Started process (PID=27299) to work on /home/diallo/Documents/workspace/Python/AirFlowProjects/AirFlow01/venv/lib/python3.10/site-packages/airflow/example_dags/example_nested_branch_dag.py
[2024-05-30T15:48:38.777-0500] {processor.py:830} INFO - Processing file /home/diallo/Documents/workspace/Python/AirFlowProjects/AirFlow01/venv/lib/python3.10/site-packages/airflow/example_dags/example_nested_branch_dag.py for tasks to queue
[2024-05-30T15:48:38.779-0500] {logging_mixin.py:188} INFO - [2024-05-30T15:48:38.778-0500] {dagbag.py:545} INFO - Filling up the DagBag from /home/diallo/Documents/workspace/Python/AirFlowProjects/AirFlow01/venv/lib/python3.10/site-packages/airflow/example_dags/example_nested_branch_dag.py
[2024-05-30T15:48:38.789-0500] {processor.py:840} INFO - DAG(s) 'example_nested_branch_dag' retrieved from /home/diallo/Documents/workspace/Python/AirFlowProjects/AirFlow01/venv/lib/python3.10/site-packages/airflow/example_dags/example_nested_branch_dag.py
[2024-05-30T15:48:38.806-0500] {logging_mixin.py:188} INFO - [2024-05-30T15:48:38.805-0500] {dag.py:3096} INFO - Sync 1 DAGs
[2024-05-30T15:48:38.828-0500] {logging_mixin.py:188} INFO - [2024-05-30T15:48:38.828-0500] {dag.py:3954} INFO - Setting next_dagrun for example_nested_branch_dag to 2024-05-29 00:00:00+00:00, run_after=2024-05-30 00:00:00+00:00
[2024-05-30T15:48:39.033-0500] {processor.py:183} INFO - Processing /home/diallo/Documents/workspace/Python/AirFlowProjects/AirFlow01/venv/lib/python3.10/site-packages/airflow/example_dags/example_nested_branch_dag.py took 0.266 seconds
[2024-05-30T15:49:45.200-0500] {processor.py:161} INFO - Started process (PID=27831) to work on /home/diallo/Documents/workspace/Python/AirFlowProjects/AirFlow01/venv/lib/python3.10/site-packages/airflow/example_dags/example_nested_branch_dag.py
[2024-05-30T15:49:45.320-0500] {processor.py:830} INFO - Processing file /home/diallo/Documents/workspace/Python/AirFlowProjects/AirFlow01/venv/lib/python3.10/site-packages/airflow/example_dags/example_nested_branch_dag.py for tasks to queue
[2024-05-30T15:49:45.327-0500] {logging_mixin.py:188} INFO - [2024-05-30T15:49:45.324-0500] {dagbag.py:545} INFO - Filling up the DagBag from /home/diallo/Documents/workspace/Python/AirFlowProjects/AirFlow01/venv/lib/python3.10/site-packages/airflow/example_dags/example_nested_branch_dag.py
[2024-05-30T15:49:45.361-0500] {processor.py:840} INFO - DAG(s) 'example_nested_branch_dag' retrieved from /home/diallo/Documents/workspace/Python/AirFlowProjects/AirFlow01/venv/lib/python3.10/site-packages/airflow/example_dags/example_nested_branch_dag.py
[2024-05-30T15:49:45.382-0500] {logging_mixin.py:188} INFO - [2024-05-30T15:49:45.382-0500] {dag.py:3096} INFO - Sync 1 DAGs
[2024-05-30T15:49:45.404-0500] {logging_mixin.py:188} INFO - [2024-05-30T15:49:45.404-0500] {dag.py:3954} INFO - Setting next_dagrun for example_nested_branch_dag to 2024-05-29 00:00:00+00:00, run_after=2024-05-30 00:00:00+00:00
[2024-05-30T15:49:46.119-0500] {processor.py:183} INFO - Processing /home/diallo/Documents/workspace/Python/AirFlowProjects/AirFlow01/venv/lib/python3.10/site-packages/airflow/example_dags/example_nested_branch_dag.py took 0.930 seconds
