[2024-05-30T15:38:15.898-0500] {processor.py:161} INFO - Started process (PID=22377) to work on /home/diallo/Documents/workspace/Python/AirFlowProjects/AirFlow01/venv/lib/python3.10/site-packages/airflow/example_dags/example_dynamic_task_mapping.py
[2024-05-30T15:38:15.899-0500] {processor.py:830} INFO - Processing file /home/diallo/Documents/workspace/Python/AirFlowProjects/AirFlow01/venv/lib/python3.10/site-packages/airflow/example_dags/example_dynamic_task_mapping.py for tasks to queue
[2024-05-30T15:38:15.902-0500] {logging_mixin.py:188} INFO - [2024-05-30T15:38:15.901-0500] {dagbag.py:545} INFO - Filling up the DagBag from /home/diallo/Documents/workspace/Python/AirFlowProjects/AirFlow01/venv/lib/python3.10/site-packages/airflow/example_dags/example_dynamic_task_mapping.py
[2024-05-30T15:38:15.910-0500] {processor.py:840} INFO - DAG(s) 'example_dynamic_task_mapping' retrieved from /home/diallo/Documents/workspace/Python/AirFlowProjects/AirFlow01/venv/lib/python3.10/site-packages/airflow/example_dags/example_dynamic_task_mapping.py
[2024-05-30T15:38:16.141-0500] {logging_mixin.py:188} INFO - [2024-05-30T15:38:16.140-0500] {override.py:1829} INFO - Created Permission View: can delete on DAG:example_dynamic_task_mapping
[2024-05-30T15:38:16.208-0500] {logging_mixin.py:188} INFO - [2024-05-30T15:38:16.207-0500] {override.py:1829} INFO - Created Permission View: can edit on DAG:example_dynamic_task_mapping
[2024-05-30T15:38:16.254-0500] {logging_mixin.py:188} INFO - [2024-05-30T15:38:16.253-0500] {override.py:1829} INFO - Created Permission View: can read on DAG:example_dynamic_task_mapping
[2024-05-30T15:38:16.256-0500] {logging_mixin.py:188} INFO - [2024-05-30T15:38:16.255-0500] {dag.py:3096} INFO - Sync 1 DAGs
[2024-05-30T15:38:16.288-0500] {logging_mixin.py:188} INFO - [2024-05-30T15:38:16.287-0500] {dag.py:3118} INFO - Creating ORM DAG for example_dynamic_task_mapping
[2024-05-30T15:38:16.300-0500] {logging_mixin.py:188} INFO - [2024-05-30T15:38:16.300-0500] {dag.py:3954} INFO - Setting next_dagrun for example_dynamic_task_mapping to 2022-03-04 00:00:00+00:00, run_after=2022-03-05 00:00:00+00:00
[2024-05-30T15:38:16.498-0500] {processor.py:183} INFO - Processing /home/diallo/Documents/workspace/Python/AirFlowProjects/AirFlow01/venv/lib/python3.10/site-packages/airflow/example_dags/example_dynamic_task_mapping.py took 0.611 seconds
[2024-05-30T15:39:41.831-0500] {processor.py:161} INFO - Started process (PID=23110) to work on /home/diallo/Documents/workspace/Python/AirFlowProjects/AirFlow01/venv/lib/python3.10/site-packages/airflow/example_dags/example_dynamic_task_mapping.py
[2024-05-30T15:39:41.885-0500] {processor.py:830} INFO - Processing file /home/diallo/Documents/workspace/Python/AirFlowProjects/AirFlow01/venv/lib/python3.10/site-packages/airflow/example_dags/example_dynamic_task_mapping.py for tasks to queue
[2024-05-30T15:39:41.892-0500] {logging_mixin.py:188} INFO - [2024-05-30T15:39:41.890-0500] {dagbag.py:545} INFO - Filling up the DagBag from /home/diallo/Documents/workspace/Python/AirFlowProjects/AirFlow01/venv/lib/python3.10/site-packages/airflow/example_dags/example_dynamic_task_mapping.py
[2024-05-30T15:39:41.911-0500] {processor.py:840} INFO - DAG(s) 'example_dynamic_task_mapping' retrieved from /home/diallo/Documents/workspace/Python/AirFlowProjects/AirFlow01/venv/lib/python3.10/site-packages/airflow/example_dags/example_dynamic_task_mapping.py
[2024-05-30T15:39:41.932-0500] {logging_mixin.py:188} INFO - [2024-05-30T15:39:41.931-0500] {dag.py:3096} INFO - Sync 1 DAGs
[2024-05-30T15:39:41.951-0500] {logging_mixin.py:188} INFO - [2024-05-30T15:39:41.951-0500] {dag.py:3954} INFO - Setting next_dagrun for example_dynamic_task_mapping to 2022-03-04 00:00:00+00:00, run_after=2022-03-05 00:00:00+00:00
[2024-05-30T15:39:42.049-0500] {processor.py:183} INFO - Processing /home/diallo/Documents/workspace/Python/AirFlowProjects/AirFlow01/venv/lib/python3.10/site-packages/airflow/example_dags/example_dynamic_task_mapping.py took 0.230 seconds
[2024-05-30T15:42:33.669-0500] {processor.py:161} INFO - Started process (PID=24408) to work on /home/diallo/Documents/workspace/Python/AirFlowProjects/AirFlow01/venv/lib/python3.10/site-packages/airflow/example_dags/example_dynamic_task_mapping.py
[2024-05-30T15:42:33.675-0500] {processor.py:830} INFO - Processing file /home/diallo/Documents/workspace/Python/AirFlowProjects/AirFlow01/venv/lib/python3.10/site-packages/airflow/example_dags/example_dynamic_task_mapping.py for tasks to queue
[2024-05-30T15:42:33.678-0500] {logging_mixin.py:188} INFO - [2024-05-30T15:42:33.677-0500] {dagbag.py:545} INFO - Filling up the DagBag from /home/diallo/Documents/workspace/Python/AirFlowProjects/AirFlow01/venv/lib/python3.10/site-packages/airflow/example_dags/example_dynamic_task_mapping.py
[2024-05-30T15:42:33.688-0500] {processor.py:840} INFO - DAG(s) 'example_dynamic_task_mapping' retrieved from /home/diallo/Documents/workspace/Python/AirFlowProjects/AirFlow01/venv/lib/python3.10/site-packages/airflow/example_dags/example_dynamic_task_mapping.py
[2024-05-30T15:42:33.704-0500] {logging_mixin.py:188} INFO - [2024-05-30T15:42:33.704-0500] {dag.py:3096} INFO - Sync 1 DAGs
[2024-05-30T15:42:33.728-0500] {logging_mixin.py:188} INFO - [2024-05-30T15:42:33.728-0500] {dag.py:3954} INFO - Setting next_dagrun for example_dynamic_task_mapping to 2022-03-04 00:00:00+00:00, run_after=2022-03-05 00:00:00+00:00
[2024-05-30T15:42:34.371-0500] {processor.py:183} INFO - Processing /home/diallo/Documents/workspace/Python/AirFlowProjects/AirFlow01/venv/lib/python3.10/site-packages/airflow/example_dags/example_dynamic_task_mapping.py took 0.714 seconds
[2024-05-30T15:43:44.029-0500] {processor.py:161} INFO - Started process (PID=24986) to work on /home/diallo/Documents/workspace/Python/AirFlowProjects/AirFlow01/venv/lib/python3.10/site-packages/airflow/example_dags/example_dynamic_task_mapping.py
[2024-05-30T15:43:44.069-0500] {processor.py:830} INFO - Processing file /home/diallo/Documents/workspace/Python/AirFlowProjects/AirFlow01/venv/lib/python3.10/site-packages/airflow/example_dags/example_dynamic_task_mapping.py for tasks to queue
[2024-05-30T15:43:44.078-0500] {logging_mixin.py:188} INFO - [2024-05-30T15:43:44.076-0500] {dagbag.py:545} INFO - Filling up the DagBag from /home/diallo/Documents/workspace/Python/AirFlowProjects/AirFlow01/venv/lib/python3.10/site-packages/airflow/example_dags/example_dynamic_task_mapping.py
[2024-05-30T15:43:44.099-0500] {processor.py:840} INFO - DAG(s) 'example_dynamic_task_mapping' retrieved from /home/diallo/Documents/workspace/Python/AirFlowProjects/AirFlow01/venv/lib/python3.10/site-packages/airflow/example_dags/example_dynamic_task_mapping.py
[2024-05-30T15:43:44.118-0500] {logging_mixin.py:188} INFO - [2024-05-30T15:43:44.118-0500] {dag.py:3096} INFO - Sync 1 DAGs
[2024-05-30T15:43:44.137-0500] {logging_mixin.py:188} INFO - [2024-05-30T15:43:44.137-0500] {dag.py:3954} INFO - Setting next_dagrun for example_dynamic_task_mapping to 2022-03-04 00:00:00+00:00, run_after=2022-03-05 00:00:00+00:00
[2024-05-30T15:43:44.226-0500] {processor.py:183} INFO - Processing /home/diallo/Documents/workspace/Python/AirFlowProjects/AirFlow01/venv/lib/python3.10/site-packages/airflow/example_dags/example_dynamic_task_mapping.py took 0.204 seconds
[2024-05-30T15:45:39.831-0500] {processor.py:161} INFO - Started process (PID=25858) to work on /home/diallo/Documents/workspace/Python/AirFlowProjects/AirFlow01/venv/lib/python3.10/site-packages/airflow/example_dags/example_dynamic_task_mapping.py
[2024-05-30T15:45:40.069-0500] {processor.py:830} INFO - Processing file /home/diallo/Documents/workspace/Python/AirFlowProjects/AirFlow01/venv/lib/python3.10/site-packages/airflow/example_dags/example_dynamic_task_mapping.py for tasks to queue
[2024-05-30T15:45:40.074-0500] {logging_mixin.py:188} INFO - [2024-05-30T15:45:40.073-0500] {dagbag.py:545} INFO - Filling up the DagBag from /home/diallo/Documents/workspace/Python/AirFlowProjects/AirFlow01/venv/lib/python3.10/site-packages/airflow/example_dags/example_dynamic_task_mapping.py
[2024-05-30T15:45:40.097-0500] {processor.py:840} INFO - DAG(s) 'example_dynamic_task_mapping' retrieved from /home/diallo/Documents/workspace/Python/AirFlowProjects/AirFlow01/venv/lib/python3.10/site-packages/airflow/example_dags/example_dynamic_task_mapping.py
[2024-05-30T15:45:40.117-0500] {logging_mixin.py:188} INFO - [2024-05-30T15:45:40.117-0500] {dag.py:3096} INFO - Sync 1 DAGs
[2024-05-30T15:45:40.138-0500] {logging_mixin.py:188} INFO - [2024-05-30T15:45:40.137-0500] {dag.py:3954} INFO - Setting next_dagrun for example_dynamic_task_mapping to 2022-03-04 00:00:00+00:00, run_after=2022-03-05 00:00:00+00:00
[2024-05-30T15:45:41.592-0500] {processor.py:183} INFO - Processing /home/diallo/Documents/workspace/Python/AirFlowProjects/AirFlow01/venv/lib/python3.10/site-packages/airflow/example_dags/example_dynamic_task_mapping.py took 1.783 seconds
[2024-05-30T15:46:55.095-0500] {processor.py:161} INFO - Started process (PID=26462) to work on /home/diallo/Documents/workspace/Python/AirFlowProjects/AirFlow01/venv/lib/python3.10/site-packages/airflow/example_dags/example_dynamic_task_mapping.py
[2024-05-30T15:46:55.133-0500] {processor.py:830} INFO - Processing file /home/diallo/Documents/workspace/Python/AirFlowProjects/AirFlow01/venv/lib/python3.10/site-packages/airflow/example_dags/example_dynamic_task_mapping.py for tasks to queue
[2024-05-30T15:46:55.137-0500] {logging_mixin.py:188} INFO - [2024-05-30T15:46:55.136-0500] {dagbag.py:545} INFO - Filling up the DagBag from /home/diallo/Documents/workspace/Python/AirFlowProjects/AirFlow01/venv/lib/python3.10/site-packages/airflow/example_dags/example_dynamic_task_mapping.py
[2024-05-30T15:46:55.145-0500] {processor.py:840} INFO - DAG(s) 'example_dynamic_task_mapping' retrieved from /home/diallo/Documents/workspace/Python/AirFlowProjects/AirFlow01/venv/lib/python3.10/site-packages/airflow/example_dags/example_dynamic_task_mapping.py
[2024-05-30T15:46:55.170-0500] {logging_mixin.py:188} INFO - [2024-05-30T15:46:55.169-0500] {dag.py:3096} INFO - Sync 1 DAGs
[2024-05-30T15:46:55.193-0500] {logging_mixin.py:188} INFO - [2024-05-30T15:46:55.193-0500] {dag.py:3954} INFO - Setting next_dagrun for example_dynamic_task_mapping to 2022-03-04 00:00:00+00:00, run_after=2022-03-05 00:00:00+00:00
[2024-05-30T15:46:55.258-0500] {processor.py:183} INFO - Processing /home/diallo/Documents/workspace/Python/AirFlowProjects/AirFlow01/venv/lib/python3.10/site-packages/airflow/example_dags/example_dynamic_task_mapping.py took 0.180 seconds
[2024-05-30T15:48:06.135-0500] {processor.py:161} INFO - Started process (PID=27032) to work on /home/diallo/Documents/workspace/Python/AirFlowProjects/AirFlow01/venv/lib/python3.10/site-packages/airflow/example_dags/example_dynamic_task_mapping.py
[2024-05-30T15:48:06.174-0500] {processor.py:830} INFO - Processing file /home/diallo/Documents/workspace/Python/AirFlowProjects/AirFlow01/venv/lib/python3.10/site-packages/airflow/example_dags/example_dynamic_task_mapping.py for tasks to queue
[2024-05-30T15:48:06.176-0500] {logging_mixin.py:188} INFO - [2024-05-30T15:48:06.175-0500] {dagbag.py:545} INFO - Filling up the DagBag from /home/diallo/Documents/workspace/Python/AirFlowProjects/AirFlow01/venv/lib/python3.10/site-packages/airflow/example_dags/example_dynamic_task_mapping.py
[2024-05-30T15:48:06.193-0500] {processor.py:840} INFO - DAG(s) 'example_dynamic_task_mapping' retrieved from /home/diallo/Documents/workspace/Python/AirFlowProjects/AirFlow01/venv/lib/python3.10/site-packages/airflow/example_dags/example_dynamic_task_mapping.py
[2024-05-30T15:48:06.231-0500] {logging_mixin.py:188} INFO - [2024-05-30T15:48:06.230-0500] {dag.py:3096} INFO - Sync 1 DAGs
[2024-05-30T15:48:06.272-0500] {logging_mixin.py:188} INFO - [2024-05-30T15:48:06.272-0500] {dag.py:3954} INFO - Setting next_dagrun for example_dynamic_task_mapping to 2022-03-04 00:00:00+00:00, run_after=2022-03-05 00:00:00+00:00
[2024-05-30T15:48:06.356-0500] {processor.py:183} INFO - Processing /home/diallo/Documents/workspace/Python/AirFlowProjects/AirFlow01/venv/lib/python3.10/site-packages/airflow/example_dags/example_dynamic_task_mapping.py took 0.257 seconds
[2024-05-30T15:49:05.769-0500] {processor.py:161} INFO - Started process (PID=27518) to work on /home/diallo/Documents/workspace/Python/AirFlowProjects/AirFlow01/venv/lib/python3.10/site-packages/airflow/example_dags/example_dynamic_task_mapping.py
[2024-05-30T15:49:05.805-0500] {processor.py:830} INFO - Processing file /home/diallo/Documents/workspace/Python/AirFlowProjects/AirFlow01/venv/lib/python3.10/site-packages/airflow/example_dags/example_dynamic_task_mapping.py for tasks to queue
[2024-05-30T15:49:05.811-0500] {logging_mixin.py:188} INFO - [2024-05-30T15:49:05.809-0500] {dagbag.py:545} INFO - Filling up the DagBag from /home/diallo/Documents/workspace/Python/AirFlowProjects/AirFlow01/venv/lib/python3.10/site-packages/airflow/example_dags/example_dynamic_task_mapping.py
[2024-05-30T15:49:05.832-0500] {processor.py:840} INFO - DAG(s) 'example_dynamic_task_mapping' retrieved from /home/diallo/Documents/workspace/Python/AirFlowProjects/AirFlow01/venv/lib/python3.10/site-packages/airflow/example_dags/example_dynamic_task_mapping.py
[2024-05-30T15:49:05.851-0500] {logging_mixin.py:188} INFO - [2024-05-30T15:49:05.851-0500] {dag.py:3096} INFO - Sync 1 DAGs
[2024-05-30T15:49:05.871-0500] {logging_mixin.py:188} INFO - [2024-05-30T15:49:05.871-0500] {dag.py:3954} INFO - Setting next_dagrun for example_dynamic_task_mapping to 2022-03-04 00:00:00+00:00, run_after=2022-03-05 00:00:00+00:00
[2024-05-30T15:49:05.951-0500] {processor.py:183} INFO - Processing /home/diallo/Documents/workspace/Python/AirFlowProjects/AirFlow01/venv/lib/python3.10/site-packages/airflow/example_dags/example_dynamic_task_mapping.py took 0.191 seconds
