[2024-05-30T15:38:36.883-0500] {processor.py:161} INFO - Started process (PID=22575) to work on /home/diallo/Documents/workspace/Python/AirFlowProjects/AirFlow01/venv/lib/python3.10/site-packages/airflow/example_dags/example_branch_datetime_operator.py
[2024-05-30T15:38:36.884-0500] {processor.py:830} INFO - Processing file /home/diallo/Documents/workspace/Python/AirFlowProjects/AirFlow01/venv/lib/python3.10/site-packages/airflow/example_dags/example_branch_datetime_operator.py for tasks to queue
[2024-05-30T15:38:36.885-0500] {logging_mixin.py:188} INFO - [2024-05-30T15:38:36.885-0500] {dagbag.py:545} INFO - Filling up the DagBag from /home/diallo/Documents/workspace/Python/AirFlowProjects/AirFlow01/venv/lib/python3.10/site-packages/airflow/example_dags/example_branch_datetime_operator.py
[2024-05-30T15:38:36.897-0500] {processor.py:840} INFO - DAG(s) 'example_branch_datetime_operator', 'example_branch_datetime_operator_2', 'example_branch_datetime_operator_3' retrieved from /home/diallo/Documents/workspace/Python/AirFlowProjects/AirFlow01/venv/lib/python3.10/site-packages/airflow/example_dags/example_branch_datetime_operator.py
[2024-05-30T15:38:37.119-0500] {logging_mixin.py:188} INFO - [2024-05-30T15:38:37.118-0500] {override.py:1829} INFO - Created Permission View: can delete on DAG:example_branch_datetime_operator
[2024-05-30T15:38:37.275-0500] {logging_mixin.py:188} INFO - [2024-05-30T15:38:37.273-0500] {override.py:1829} INFO - Created Permission View: can edit on DAG:example_branch_datetime_operator
[2024-05-30T15:38:37.344-0500] {logging_mixin.py:188} INFO - [2024-05-30T15:38:37.343-0500] {override.py:1829} INFO - Created Permission View: can read on DAG:example_branch_datetime_operator
[2024-05-30T15:38:37.480-0500] {logging_mixin.py:188} INFO - [2024-05-30T15:38:37.478-0500] {override.py:1829} INFO - Created Permission View: can delete on DAG:example_branch_datetime_operator_2
[2024-05-30T15:38:37.547-0500] {logging_mixin.py:188} INFO - [2024-05-30T15:38:37.546-0500] {override.py:1829} INFO - Created Permission View: can edit on DAG:example_branch_datetime_operator_2
[2024-05-30T15:38:37.683-0500] {logging_mixin.py:188} INFO - [2024-05-30T15:38:37.682-0500] {override.py:1829} INFO - Created Permission View: can read on DAG:example_branch_datetime_operator_2
[2024-05-30T15:38:37.852-0500] {logging_mixin.py:188} INFO - [2024-05-30T15:38:37.851-0500] {override.py:1829} INFO - Created Permission View: can delete on DAG:example_branch_datetime_operator_3
[2024-05-30T15:38:37.931-0500] {logging_mixin.py:188} INFO - [2024-05-30T15:38:37.930-0500] {override.py:1829} INFO - Created Permission View: can edit on DAG:example_branch_datetime_operator_3
[2024-05-30T15:38:37.999-0500] {logging_mixin.py:188} INFO - [2024-05-30T15:38:37.997-0500] {override.py:1829} INFO - Created Permission View: can read on DAG:example_branch_datetime_operator_3
[2024-05-30T15:38:38.001-0500] {logging_mixin.py:188} INFO - [2024-05-30T15:38:38.000-0500] {dag.py:3096} INFO - Sync 3 DAGs
[2024-05-30T15:38:38.157-0500] {logging_mixin.py:188} INFO - [2024-05-30T15:38:38.157-0500] {dag.py:3118} INFO - Creating ORM DAG for example_branch_datetime_operator_2
[2024-05-30T15:38:38.158-0500] {logging_mixin.py:188} INFO - [2024-05-30T15:38:38.158-0500] {dag.py:3118} INFO - Creating ORM DAG for example_branch_datetime_operator_3
[2024-05-30T15:38:38.159-0500] {logging_mixin.py:188} INFO - [2024-05-30T15:38:38.158-0500] {dag.py:3118} INFO - Creating ORM DAG for example_branch_datetime_operator
[2024-05-30T15:38:38.171-0500] {logging_mixin.py:188} INFO - [2024-05-30T15:38:38.170-0500] {dag.py:3954} INFO - Setting next_dagrun for example_branch_datetime_operator to 2024-05-29 00:00:00+00:00, run_after=2024-05-30 00:00:00+00:00
[2024-05-30T15:38:38.173-0500] {logging_mixin.py:188} INFO - [2024-05-30T15:38:38.173-0500] {dag.py:3954} INFO - Setting next_dagrun for example_branch_datetime_operator_2 to 2024-05-29 00:00:00+00:00, run_after=2024-05-30 00:00:00+00:00
[2024-05-30T15:38:38.174-0500] {logging_mixin.py:188} INFO - [2024-05-30T15:38:38.174-0500] {dag.py:3954} INFO - Setting next_dagrun for example_branch_datetime_operator_3 to 2024-05-29 00:00:00+00:00, run_after=2024-05-30 00:00:00+00:00
[2024-05-30T15:38:38.286-0500] {processor.py:183} INFO - Processing /home/diallo/Documents/workspace/Python/AirFlowProjects/AirFlow01/venv/lib/python3.10/site-packages/airflow/example_dags/example_branch_datetime_operator.py took 1.411 seconds
[2024-05-30T15:39:56.800-0500] {processor.py:161} INFO - Started process (PID=23227) to work on /home/diallo/Documents/workspace/Python/AirFlowProjects/AirFlow01/venv/lib/python3.10/site-packages/airflow/example_dags/example_branch_datetime_operator.py
[2024-05-30T15:39:56.894-0500] {processor.py:830} INFO - Processing file /home/diallo/Documents/workspace/Python/AirFlowProjects/AirFlow01/venv/lib/python3.10/site-packages/airflow/example_dags/example_branch_datetime_operator.py for tasks to queue
[2024-05-30T15:39:56.901-0500] {logging_mixin.py:188} INFO - [2024-05-30T15:39:56.900-0500] {dagbag.py:545} INFO - Filling up the DagBag from /home/diallo/Documents/workspace/Python/AirFlowProjects/AirFlow01/venv/lib/python3.10/site-packages/airflow/example_dags/example_branch_datetime_operator.py
[2024-05-30T15:39:56.927-0500] {processor.py:840} INFO - DAG(s) 'example_branch_datetime_operator', 'example_branch_datetime_operator_3', 'example_branch_datetime_operator_2' retrieved from /home/diallo/Documents/workspace/Python/AirFlowProjects/AirFlow01/venv/lib/python3.10/site-packages/airflow/example_dags/example_branch_datetime_operator.py
[2024-05-30T15:39:56.948-0500] {logging_mixin.py:188} INFO - [2024-05-30T15:39:56.948-0500] {dag.py:3096} INFO - Sync 3 DAGs
[2024-05-30T15:39:56.968-0500] {logging_mixin.py:188} INFO - [2024-05-30T15:39:56.967-0500] {dag.py:3954} INFO - Setting next_dagrun for example_branch_datetime_operator to 2024-05-29 00:00:00+00:00, run_after=2024-05-30 00:00:00+00:00
[2024-05-30T15:39:56.972-0500] {logging_mixin.py:188} INFO - [2024-05-30T15:39:56.972-0500] {dag.py:3954} INFO - Setting next_dagrun for example_branch_datetime_operator_2 to 2024-05-29 00:00:00+00:00, run_after=2024-05-30 00:00:00+00:00
[2024-05-30T15:39:56.976-0500] {logging_mixin.py:188} INFO - [2024-05-30T15:39:56.975-0500] {dag.py:3954} INFO - Setting next_dagrun for example_branch_datetime_operator_3 to 2024-05-29 00:00:00+00:00, run_after=2024-05-30 00:00:00+00:00
[2024-05-30T15:39:57.137-0500] {processor.py:183} INFO - Processing /home/diallo/Documents/workspace/Python/AirFlowProjects/AirFlow01/venv/lib/python3.10/site-packages/airflow/example_dags/example_branch_datetime_operator.py took 0.345 seconds
[2024-05-30T15:42:52.600-0500] {processor.py:161} INFO - Started process (PID=24582) to work on /home/diallo/Documents/workspace/Python/AirFlowProjects/AirFlow01/venv/lib/python3.10/site-packages/airflow/example_dags/example_branch_datetime_operator.py
[2024-05-30T15:42:52.638-0500] {processor.py:830} INFO - Processing file /home/diallo/Documents/workspace/Python/AirFlowProjects/AirFlow01/venv/lib/python3.10/site-packages/airflow/example_dags/example_branch_datetime_operator.py for tasks to queue
[2024-05-30T15:42:52.640-0500] {logging_mixin.py:188} INFO - [2024-05-30T15:42:52.639-0500] {dagbag.py:545} INFO - Filling up the DagBag from /home/diallo/Documents/workspace/Python/AirFlowProjects/AirFlow01/venv/lib/python3.10/site-packages/airflow/example_dags/example_branch_datetime_operator.py
[2024-05-30T15:42:52.651-0500] {processor.py:840} INFO - DAG(s) 'example_branch_datetime_operator_3', 'example_branch_datetime_operator_2', 'example_branch_datetime_operator' retrieved from /home/diallo/Documents/workspace/Python/AirFlowProjects/AirFlow01/venv/lib/python3.10/site-packages/airflow/example_dags/example_branch_datetime_operator.py
[2024-05-30T15:42:52.672-0500] {logging_mixin.py:188} INFO - [2024-05-30T15:42:52.671-0500] {dag.py:3096} INFO - Sync 3 DAGs
[2024-05-30T15:42:52.693-0500] {logging_mixin.py:188} INFO - [2024-05-30T15:42:52.692-0500] {dag.py:3954} INFO - Setting next_dagrun for example_branch_datetime_operator to 2024-05-29 00:00:00+00:00, run_after=2024-05-30 00:00:00+00:00
[2024-05-30T15:42:52.698-0500] {logging_mixin.py:188} INFO - [2024-05-30T15:42:52.698-0500] {dag.py:3954} INFO - Setting next_dagrun for example_branch_datetime_operator_2 to 2024-05-29 00:00:00+00:00, run_after=2024-05-30 00:00:00+00:00
[2024-05-30T15:42:52.700-0500] {logging_mixin.py:188} INFO - [2024-05-30T15:42:52.700-0500] {dag.py:3954} INFO - Setting next_dagrun for example_branch_datetime_operator_3 to 2024-05-29 00:00:00+00:00, run_after=2024-05-30 00:00:00+00:00
[2024-05-30T15:42:52.778-0500] {processor.py:183} INFO - Processing /home/diallo/Documents/workspace/Python/AirFlowProjects/AirFlow01/venv/lib/python3.10/site-packages/airflow/example_dags/example_branch_datetime_operator.py took 0.187 seconds
[2024-05-30T15:43:57.822-0500] {processor.py:161} INFO - Started process (PID=25100) to work on /home/diallo/Documents/workspace/Python/AirFlowProjects/AirFlow01/venv/lib/python3.10/site-packages/airflow/example_dags/example_branch_datetime_operator.py
[2024-05-30T15:43:57.824-0500] {processor.py:830} INFO - Processing file /home/diallo/Documents/workspace/Python/AirFlowProjects/AirFlow01/venv/lib/python3.10/site-packages/airflow/example_dags/example_branch_datetime_operator.py for tasks to queue
[2024-05-30T15:43:57.827-0500] {logging_mixin.py:188} INFO - [2024-05-30T15:43:57.826-0500] {dagbag.py:545} INFO - Filling up the DagBag from /home/diallo/Documents/workspace/Python/AirFlowProjects/AirFlow01/venv/lib/python3.10/site-packages/airflow/example_dags/example_branch_datetime_operator.py
[2024-05-30T15:43:57.842-0500] {processor.py:840} INFO - DAG(s) 'example_branch_datetime_operator_3', 'example_branch_datetime_operator', 'example_branch_datetime_operator_2' retrieved from /home/diallo/Documents/workspace/Python/AirFlowProjects/AirFlow01/venv/lib/python3.10/site-packages/airflow/example_dags/example_branch_datetime_operator.py
[2024-05-30T15:43:57.864-0500] {logging_mixin.py:188} INFO - [2024-05-30T15:43:57.863-0500] {dag.py:3096} INFO - Sync 3 DAGs
[2024-05-30T15:43:57.884-0500] {logging_mixin.py:188} INFO - [2024-05-30T15:43:57.884-0500] {dag.py:3954} INFO - Setting next_dagrun for example_branch_datetime_operator to 2024-05-29 00:00:00+00:00, run_after=2024-05-30 00:00:00+00:00
[2024-05-30T15:43:57.890-0500] {logging_mixin.py:188} INFO - [2024-05-30T15:43:57.890-0500] {dag.py:3954} INFO - Setting next_dagrun for example_branch_datetime_operator_2 to 2024-05-29 00:00:00+00:00, run_after=2024-05-30 00:00:00+00:00
[2024-05-30T15:43:57.893-0500] {logging_mixin.py:188} INFO - [2024-05-30T15:43:57.892-0500] {dag.py:3954} INFO - Setting next_dagrun for example_branch_datetime_operator_3 to 2024-05-29 00:00:00+00:00, run_after=2024-05-30 00:00:00+00:00
[2024-05-30T15:43:58.011-0500] {processor.py:183} INFO - Processing /home/diallo/Documents/workspace/Python/AirFlowProjects/AirFlow01/venv/lib/python3.10/site-packages/airflow/example_dags/example_branch_datetime_operator.py took 0.197 seconds
[2024-05-30T15:45:56.624-0500] {processor.py:161} INFO - Started process (PID=25986) to work on /home/diallo/Documents/workspace/Python/AirFlowProjects/AirFlow01/venv/lib/python3.10/site-packages/airflow/example_dags/example_branch_datetime_operator.py
[2024-05-30T15:45:56.665-0500] {processor.py:830} INFO - Processing file /home/diallo/Documents/workspace/Python/AirFlowProjects/AirFlow01/venv/lib/python3.10/site-packages/airflow/example_dags/example_branch_datetime_operator.py for tasks to queue
[2024-05-30T15:45:56.668-0500] {logging_mixin.py:188} INFO - [2024-05-30T15:45:56.667-0500] {dagbag.py:545} INFO - Filling up the DagBag from /home/diallo/Documents/workspace/Python/AirFlowProjects/AirFlow01/venv/lib/python3.10/site-packages/airflow/example_dags/example_branch_datetime_operator.py
[2024-05-30T15:45:56.681-0500] {processor.py:840} INFO - DAG(s) 'example_branch_datetime_operator_3', 'example_branch_datetime_operator_2', 'example_branch_datetime_operator' retrieved from /home/diallo/Documents/workspace/Python/AirFlowProjects/AirFlow01/venv/lib/python3.10/site-packages/airflow/example_dags/example_branch_datetime_operator.py
[2024-05-30T15:45:56.702-0500] {logging_mixin.py:188} INFO - [2024-05-30T15:45:56.702-0500] {dag.py:3096} INFO - Sync 3 DAGs
[2024-05-30T15:45:56.724-0500] {logging_mixin.py:188} INFO - [2024-05-30T15:45:56.723-0500] {dag.py:3954} INFO - Setting next_dagrun for example_branch_datetime_operator to 2024-05-29 00:00:00+00:00, run_after=2024-05-30 00:00:00+00:00
[2024-05-30T15:45:56.728-0500] {logging_mixin.py:188} INFO - [2024-05-30T15:45:56.728-0500] {dag.py:3954} INFO - Setting next_dagrun for example_branch_datetime_operator_2 to 2024-05-29 00:00:00+00:00, run_after=2024-05-30 00:00:00+00:00
[2024-05-30T15:45:56.730-0500] {logging_mixin.py:188} INFO - [2024-05-30T15:45:56.730-0500] {dag.py:3954} INFO - Setting next_dagrun for example_branch_datetime_operator_3 to 2024-05-29 00:00:00+00:00, run_after=2024-05-30 00:00:00+00:00
[2024-05-30T15:45:56.803-0500] {processor.py:183} INFO - Processing /home/diallo/Documents/workspace/Python/AirFlowProjects/AirFlow01/venv/lib/python3.10/site-packages/airflow/example_dags/example_branch_datetime_operator.py took 0.187 seconds
[2024-05-30T15:47:09.803-0500] {processor.py:161} INFO - Started process (PID=26574) to work on /home/diallo/Documents/workspace/Python/AirFlowProjects/AirFlow01/venv/lib/python3.10/site-packages/airflow/example_dags/example_branch_datetime_operator.py
[2024-05-30T15:47:09.809-0500] {processor.py:830} INFO - Processing file /home/diallo/Documents/workspace/Python/AirFlowProjects/AirFlow01/venv/lib/python3.10/site-packages/airflow/example_dags/example_branch_datetime_operator.py for tasks to queue
[2024-05-30T15:47:09.815-0500] {logging_mixin.py:188} INFO - [2024-05-30T15:47:09.814-0500] {dagbag.py:545} INFO - Filling up the DagBag from /home/diallo/Documents/workspace/Python/AirFlowProjects/AirFlow01/venv/lib/python3.10/site-packages/airflow/example_dags/example_branch_datetime_operator.py
[2024-05-30T15:47:09.839-0500] {processor.py:840} INFO - DAG(s) 'example_branch_datetime_operator', 'example_branch_datetime_operator_2', 'example_branch_datetime_operator_3' retrieved from /home/diallo/Documents/workspace/Python/AirFlowProjects/AirFlow01/venv/lib/python3.10/site-packages/airflow/example_dags/example_branch_datetime_operator.py
[2024-05-30T15:47:09.870-0500] {logging_mixin.py:188} INFO - [2024-05-30T15:47:09.870-0500] {dag.py:3096} INFO - Sync 3 DAGs
[2024-05-30T15:47:09.897-0500] {logging_mixin.py:188} INFO - [2024-05-30T15:47:09.896-0500] {dag.py:3954} INFO - Setting next_dagrun for example_branch_datetime_operator to 2024-05-29 00:00:00+00:00, run_after=2024-05-30 00:00:00+00:00
[2024-05-30T15:47:09.904-0500] {logging_mixin.py:188} INFO - [2024-05-30T15:47:09.903-0500] {dag.py:3954} INFO - Setting next_dagrun for example_branch_datetime_operator_2 to 2024-05-29 00:00:00+00:00, run_after=2024-05-30 00:00:00+00:00
[2024-05-30T15:47:09.906-0500] {logging_mixin.py:188} INFO - [2024-05-30T15:47:09.906-0500] {dag.py:3954} INFO - Setting next_dagrun for example_branch_datetime_operator_3 to 2024-05-29 00:00:00+00:00, run_after=2024-05-30 00:00:00+00:00
[2024-05-30T15:47:10.006-0500] {processor.py:183} INFO - Processing /home/diallo/Documents/workspace/Python/AirFlowProjects/AirFlow01/venv/lib/python3.10/site-packages/airflow/example_dags/example_branch_datetime_operator.py took 0.234 seconds
[2024-05-30T15:48:18.160-0500] {processor.py:161} INFO - Started process (PID=27140) to work on /home/diallo/Documents/workspace/Python/AirFlowProjects/AirFlow01/venv/lib/python3.10/site-packages/airflow/example_dags/example_branch_datetime_operator.py
[2024-05-30T15:48:18.193-0500] {processor.py:830} INFO - Processing file /home/diallo/Documents/workspace/Python/AirFlowProjects/AirFlow01/venv/lib/python3.10/site-packages/airflow/example_dags/example_branch_datetime_operator.py for tasks to queue
[2024-05-30T15:48:18.195-0500] {logging_mixin.py:188} INFO - [2024-05-30T15:48:18.195-0500] {dagbag.py:545} INFO - Filling up the DagBag from /home/diallo/Documents/workspace/Python/AirFlowProjects/AirFlow01/venv/lib/python3.10/site-packages/airflow/example_dags/example_branch_datetime_operator.py
[2024-05-30T15:48:18.206-0500] {processor.py:840} INFO - DAG(s) 'example_branch_datetime_operator', 'example_branch_datetime_operator_3', 'example_branch_datetime_operator_2' retrieved from /home/diallo/Documents/workspace/Python/AirFlowProjects/AirFlow01/venv/lib/python3.10/site-packages/airflow/example_dags/example_branch_datetime_operator.py
[2024-05-30T15:48:18.227-0500] {logging_mixin.py:188} INFO - [2024-05-30T15:48:18.227-0500] {dag.py:3096} INFO - Sync 3 DAGs
[2024-05-30T15:48:18.249-0500] {logging_mixin.py:188} INFO - [2024-05-30T15:48:18.249-0500] {dag.py:3954} INFO - Setting next_dagrun for example_branch_datetime_operator to 2024-05-29 00:00:00+00:00, run_after=2024-05-30 00:00:00+00:00
[2024-05-30T15:48:18.255-0500] {logging_mixin.py:188} INFO - [2024-05-30T15:48:18.255-0500] {dag.py:3954} INFO - Setting next_dagrun for example_branch_datetime_operator_2 to 2024-05-29 00:00:00+00:00, run_after=2024-05-30 00:00:00+00:00
[2024-05-30T15:48:18.257-0500] {logging_mixin.py:188} INFO - [2024-05-30T15:48:18.257-0500] {dag.py:3954} INFO - Setting next_dagrun for example_branch_datetime_operator_3 to 2024-05-29 00:00:00+00:00, run_after=2024-05-30 00:00:00+00:00
[2024-05-30T15:48:18.320-0500] {processor.py:183} INFO - Processing /home/diallo/Documents/workspace/Python/AirFlowProjects/AirFlow01/venv/lib/python3.10/site-packages/airflow/example_dags/example_branch_datetime_operator.py took 0.169 seconds
[2024-05-30T15:49:17.878-0500] {processor.py:161} INFO - Started process (PID=27619) to work on /home/diallo/Documents/workspace/Python/AirFlowProjects/AirFlow01/venv/lib/python3.10/site-packages/airflow/example_dags/example_branch_datetime_operator.py
[2024-05-30T15:49:17.920-0500] {processor.py:830} INFO - Processing file /home/diallo/Documents/workspace/Python/AirFlowProjects/AirFlow01/venv/lib/python3.10/site-packages/airflow/example_dags/example_branch_datetime_operator.py for tasks to queue
[2024-05-30T15:49:17.926-0500] {logging_mixin.py:188} INFO - [2024-05-30T15:49:17.924-0500] {dagbag.py:545} INFO - Filling up the DagBag from /home/diallo/Documents/workspace/Python/AirFlowProjects/AirFlow01/venv/lib/python3.10/site-packages/airflow/example_dags/example_branch_datetime_operator.py
[2024-05-30T15:49:17.953-0500] {processor.py:840} INFO - DAG(s) 'example_branch_datetime_operator_3', 'example_branch_datetime_operator_2', 'example_branch_datetime_operator' retrieved from /home/diallo/Documents/workspace/Python/AirFlowProjects/AirFlow01/venv/lib/python3.10/site-packages/airflow/example_dags/example_branch_datetime_operator.py
[2024-05-30T15:49:17.976-0500] {logging_mixin.py:188} INFO - [2024-05-30T15:49:17.975-0500] {dag.py:3096} INFO - Sync 3 DAGs
[2024-05-30T15:49:17.996-0500] {logging_mixin.py:188} INFO - [2024-05-30T15:49:17.996-0500] {dag.py:3954} INFO - Setting next_dagrun for example_branch_datetime_operator to 2024-05-29 00:00:00+00:00, run_after=2024-05-30 00:00:00+00:00
[2024-05-30T15:49:18.002-0500] {logging_mixin.py:188} INFO - [2024-05-30T15:49:18.002-0500] {dag.py:3954} INFO - Setting next_dagrun for example_branch_datetime_operator_2 to 2024-05-29 00:00:00+00:00, run_after=2024-05-30 00:00:00+00:00
[2024-05-30T15:49:18.005-0500] {logging_mixin.py:188} INFO - [2024-05-30T15:49:18.005-0500] {dag.py:3954} INFO - Setting next_dagrun for example_branch_datetime_operator_3 to 2024-05-29 00:00:00+00:00, run_after=2024-05-30 00:00:00+00:00
[2024-05-30T15:49:18.088-0500] {processor.py:183} INFO - Processing /home/diallo/Documents/workspace/Python/AirFlowProjects/AirFlow01/venv/lib/python3.10/site-packages/airflow/example_dags/example_branch_datetime_operator.py took 0.216 seconds
