[2024-05-30T15:37:16.974-0500] {processor.py:161} INFO - Started process (PID=21850) to work on /home/diallo/Documents/workspace/Python/AirFlowProjects/AirFlow01/venv/lib/python3.10/site-packages/airflow/example_dags/example_time_delta_sensor_async.py
[2024-05-30T15:37:16.975-0500] {processor.py:830} INFO - Processing file /home/diallo/Documents/workspace/Python/AirFlowProjects/AirFlow01/venv/lib/python3.10/site-packages/airflow/example_dags/example_time_delta_sensor_async.py for tasks to queue
[2024-05-30T15:37:16.976-0500] {logging_mixin.py:188} INFO - [2024-05-30T15:37:16.976-0500] {dagbag.py:545} INFO - Filling up the DagBag from /home/diallo/Documents/workspace/Python/AirFlowProjects/AirFlow01/venv/lib/python3.10/site-packages/airflow/example_dags/example_time_delta_sensor_async.py
[2024-05-30T15:37:16.984-0500] {processor.py:840} INFO - DAG(s) 'example_time_delta_sensor_async' retrieved from /home/diallo/Documents/workspace/Python/AirFlowProjects/AirFlow01/venv/lib/python3.10/site-packages/airflow/example_dags/example_time_delta_sensor_async.py
[2024-05-30T15:37:17.215-0500] {logging_mixin.py:188} INFO - [2024-05-30T15:37:17.213-0500] {override.py:1829} INFO - Created Permission View: can delete on DAG:example_time_delta_sensor_async
[2024-05-30T15:37:17.281-0500] {logging_mixin.py:188} INFO - [2024-05-30T15:37:17.281-0500] {override.py:1829} INFO - Created Permission View: can edit on DAG:example_time_delta_sensor_async
[2024-05-30T15:37:17.338-0500] {logging_mixin.py:188} INFO - [2024-05-30T15:37:17.337-0500] {override.py:1829} INFO - Created Permission View: can read on DAG:example_time_delta_sensor_async
[2024-05-30T15:37:17.340-0500] {logging_mixin.py:188} INFO - [2024-05-30T15:37:17.339-0500] {dag.py:3096} INFO - Sync 1 DAGs
[2024-05-30T15:37:17.370-0500] {logging_mixin.py:188} INFO - [2024-05-30T15:37:17.370-0500] {dag.py:3118} INFO - Creating ORM DAG for example_time_delta_sensor_async
[2024-05-30T15:37:17.371-0500] {logging_mixin.py:188} INFO - [2024-05-30T15:37:17.371-0500] {dag.py:3954} INFO - Setting next_dagrun for example_time_delta_sensor_async to None, run_after=None
[2024-05-30T15:37:17.443-0500] {processor.py:183} INFO - Processing /home/diallo/Documents/workspace/Python/AirFlowProjects/AirFlow01/venv/lib/python3.10/site-packages/airflow/example_dags/example_time_delta_sensor_async.py took 0.477 seconds
[2024-05-30T15:38:51.940-0500] {processor.py:161} INFO - Started process (PID=22720) to work on /home/diallo/Documents/workspace/Python/AirFlowProjects/AirFlow01/venv/lib/python3.10/site-packages/airflow/example_dags/example_time_delta_sensor_async.py
[2024-05-30T15:38:51.981-0500] {processor.py:830} INFO - Processing file /home/diallo/Documents/workspace/Python/AirFlowProjects/AirFlow01/venv/lib/python3.10/site-packages/airflow/example_dags/example_time_delta_sensor_async.py for tasks to queue
[2024-05-30T15:38:51.986-0500] {logging_mixin.py:188} INFO - [2024-05-30T15:38:51.985-0500] {dagbag.py:545} INFO - Filling up the DagBag from /home/diallo/Documents/workspace/Python/AirFlowProjects/AirFlow01/venv/lib/python3.10/site-packages/airflow/example_dags/example_time_delta_sensor_async.py
[2024-05-30T15:38:52.006-0500] {processor.py:840} INFO - DAG(s) 'example_time_delta_sensor_async' retrieved from /home/diallo/Documents/workspace/Python/AirFlowProjects/AirFlow01/venv/lib/python3.10/site-packages/airflow/example_dags/example_time_delta_sensor_async.py
[2024-05-30T15:38:52.043-0500] {logging_mixin.py:188} INFO - [2024-05-30T15:38:52.042-0500] {dag.py:3096} INFO - Sync 1 DAGs
[2024-05-30T15:38:52.058-0500] {logging_mixin.py:188} INFO - [2024-05-30T15:38:52.057-0500] {dag.py:3954} INFO - Setting next_dagrun for example_time_delta_sensor_async to None, run_after=None
[2024-05-30T15:38:52.121-0500] {processor.py:183} INFO - Processing /home/diallo/Documents/workspace/Python/AirFlowProjects/AirFlow01/venv/lib/python3.10/site-packages/airflow/example_dags/example_time_delta_sensor_async.py took 0.202 seconds
[2024-05-30T15:39:34.144-0500] {processor.py:161} INFO - Started process (PID=23048) to work on /home/diallo/Documents/workspace/Python/AirFlowProjects/AirFlow01/venv/lib/python3.10/site-packages/airflow/example_dags/example_time_delta_sensor_async.py
[2024-05-30T15:39:34.174-0500] {processor.py:830} INFO - Processing file /home/diallo/Documents/workspace/Python/AirFlowProjects/AirFlow01/venv/lib/python3.10/site-packages/airflow/example_dags/example_time_delta_sensor_async.py for tasks to queue
[2024-05-30T15:39:34.177-0500] {logging_mixin.py:188} INFO - [2024-05-30T15:39:34.176-0500] {dagbag.py:545} INFO - Filling up the DagBag from /home/diallo/Documents/workspace/Python/AirFlowProjects/AirFlow01/venv/lib/python3.10/site-packages/airflow/example_dags/example_time_delta_sensor_async.py
[2024-05-30T15:39:34.187-0500] {processor.py:840} INFO - DAG(s) 'example_time_delta_sensor_async' retrieved from /home/diallo/Documents/workspace/Python/AirFlowProjects/AirFlow01/venv/lib/python3.10/site-packages/airflow/example_dags/example_time_delta_sensor_async.py
[2024-05-30T15:39:34.212-0500] {logging_mixin.py:188} INFO - [2024-05-30T15:39:34.212-0500] {dag.py:3096} INFO - Sync 1 DAGs
[2024-05-30T15:39:34.225-0500] {logging_mixin.py:188} INFO - [2024-05-30T15:39:34.225-0500] {dag.py:3954} INFO - Setting next_dagrun for example_time_delta_sensor_async to None, run_after=None
[2024-05-30T15:39:34.306-0500] {processor.py:183} INFO - Processing /home/diallo/Documents/workspace/Python/AirFlowProjects/AirFlow01/venv/lib/python3.10/site-packages/airflow/example_dags/example_time_delta_sensor_async.py took 0.176 seconds
[2024-05-30T15:40:19.541-0500] {processor.py:161} INFO - Started process (PID=23407) to work on /home/diallo/Documents/workspace/Python/AirFlowProjects/AirFlow01/venv/lib/python3.10/site-packages/airflow/example_dags/example_time_delta_sensor_async.py
[2024-05-30T15:40:19.646-0500] {processor.py:830} INFO - Processing file /home/diallo/Documents/workspace/Python/AirFlowProjects/AirFlow01/venv/lib/python3.10/site-packages/airflow/example_dags/example_time_delta_sensor_async.py for tasks to queue
[2024-05-30T15:40:19.654-0500] {logging_mixin.py:188} INFO - [2024-05-30T15:40:19.652-0500] {dagbag.py:545} INFO - Filling up the DagBag from /home/diallo/Documents/workspace/Python/AirFlowProjects/AirFlow01/venv/lib/python3.10/site-packages/airflow/example_dags/example_time_delta_sensor_async.py
[2024-05-30T15:40:19.675-0500] {processor.py:840} INFO - DAG(s) 'example_time_delta_sensor_async' retrieved from /home/diallo/Documents/workspace/Python/AirFlowProjects/AirFlow01/venv/lib/python3.10/site-packages/airflow/example_dags/example_time_delta_sensor_async.py
[2024-05-30T15:40:25.484-0500] {logging_mixin.py:188} INFO - [2024-05-30T15:40:25.481-0500] {dag.py:3096} INFO - Sync 1 DAGs
[2024-05-30T15:40:25.539-0500] {logging_mixin.py:188} INFO - [2024-05-30T15:40:25.538-0500] {dag.py:3954} INFO - Setting next_dagrun for example_time_delta_sensor_async to None, run_after=None
[2024-05-30T15:40:34.206-0500] {processor.py:183} INFO - Processing /home/diallo/Documents/workspace/Python/AirFlowProjects/AirFlow01/venv/lib/python3.10/site-packages/airflow/example_dags/example_time_delta_sensor_async.py took 14.690 seconds
[2024-05-30T15:41:54.499-0500] {processor.py:161} INFO - Started process (PID=24113) to work on /home/diallo/Documents/workspace/Python/AirFlowProjects/AirFlow01/venv/lib/python3.10/site-packages/airflow/example_dags/example_time_delta_sensor_async.py
[2024-05-30T15:41:54.517-0500] {processor.py:830} INFO - Processing file /home/diallo/Documents/workspace/Python/AirFlowProjects/AirFlow01/venv/lib/python3.10/site-packages/airflow/example_dags/example_time_delta_sensor_async.py for tasks to queue
[2024-05-30T15:41:54.523-0500] {logging_mixin.py:188} INFO - [2024-05-30T15:41:54.521-0500] {dagbag.py:545} INFO - Filling up the DagBag from /home/diallo/Documents/workspace/Python/AirFlowProjects/AirFlow01/venv/lib/python3.10/site-packages/airflow/example_dags/example_time_delta_sensor_async.py
[2024-05-30T15:41:54.539-0500] {processor.py:840} INFO - DAG(s) 'example_time_delta_sensor_async' retrieved from /home/diallo/Documents/workspace/Python/AirFlowProjects/AirFlow01/venv/lib/python3.10/site-packages/airflow/example_dags/example_time_delta_sensor_async.py
[2024-05-30T15:41:54.650-0500] {logging_mixin.py:188} INFO - [2024-05-30T15:41:54.650-0500] {dag.py:3096} INFO - Sync 1 DAGs
[2024-05-30T15:41:54.661-0500] {logging_mixin.py:188} INFO - [2024-05-30T15:41:54.661-0500] {dag.py:3954} INFO - Setting next_dagrun for example_time_delta_sensor_async to None, run_after=None
[2024-05-30T15:41:55.889-0500] {processor.py:183} INFO - Processing /home/diallo/Documents/workspace/Python/AirFlowProjects/AirFlow01/venv/lib/python3.10/site-packages/airflow/example_dags/example_time_delta_sensor_async.py took 1.396 seconds
[2024-05-30T15:43:03.375-0500] {processor.py:161} INFO - Started process (PID=24674) to work on /home/diallo/Documents/workspace/Python/AirFlowProjects/AirFlow01/venv/lib/python3.10/site-packages/airflow/example_dags/example_time_delta_sensor_async.py
[2024-05-30T15:43:03.377-0500] {processor.py:830} INFO - Processing file /home/diallo/Documents/workspace/Python/AirFlowProjects/AirFlow01/venv/lib/python3.10/site-packages/airflow/example_dags/example_time_delta_sensor_async.py for tasks to queue
[2024-05-30T15:43:03.379-0500] {logging_mixin.py:188} INFO - [2024-05-30T15:43:03.379-0500] {dagbag.py:545} INFO - Filling up the DagBag from /home/diallo/Documents/workspace/Python/AirFlowProjects/AirFlow01/venv/lib/python3.10/site-packages/airflow/example_dags/example_time_delta_sensor_async.py
[2024-05-30T15:43:03.386-0500] {processor.py:840} INFO - DAG(s) 'example_time_delta_sensor_async' retrieved from /home/diallo/Documents/workspace/Python/AirFlowProjects/AirFlow01/venv/lib/python3.10/site-packages/airflow/example_dags/example_time_delta_sensor_async.py
[2024-05-30T15:43:03.404-0500] {logging_mixin.py:188} INFO - [2024-05-30T15:43:03.403-0500] {dag.py:3096} INFO - Sync 1 DAGs
[2024-05-30T15:43:03.416-0500] {logging_mixin.py:188} INFO - [2024-05-30T15:43:03.415-0500] {dag.py:3954} INFO - Setting next_dagrun for example_time_delta_sensor_async to None, run_after=None
[2024-05-30T15:43:03.526-0500] {processor.py:183} INFO - Processing /home/diallo/Documents/workspace/Python/AirFlowProjects/AirFlow01/venv/lib/python3.10/site-packages/airflow/example_dags/example_time_delta_sensor_async.py took 0.161 seconds
[2024-05-30T15:43:39.127-0500] {processor.py:161} INFO - Started process (PID=24952) to work on /home/diallo/Documents/workspace/Python/AirFlowProjects/AirFlow01/venv/lib/python3.10/site-packages/airflow/example_dags/example_time_delta_sensor_async.py
[2024-05-30T15:43:39.130-0500] {processor.py:830} INFO - Processing file /home/diallo/Documents/workspace/Python/AirFlowProjects/AirFlow01/venv/lib/python3.10/site-packages/airflow/example_dags/example_time_delta_sensor_async.py for tasks to queue
[2024-05-30T15:43:39.135-0500] {logging_mixin.py:188} INFO - [2024-05-30T15:43:39.134-0500] {dagbag.py:545} INFO - Filling up the DagBag from /home/diallo/Documents/workspace/Python/AirFlowProjects/AirFlow01/venv/lib/python3.10/site-packages/airflow/example_dags/example_time_delta_sensor_async.py
[2024-05-30T15:43:39.144-0500] {processor.py:840} INFO - DAG(s) 'example_time_delta_sensor_async' retrieved from /home/diallo/Documents/workspace/Python/AirFlowProjects/AirFlow01/venv/lib/python3.10/site-packages/airflow/example_dags/example_time_delta_sensor_async.py
[2024-05-30T15:43:39.162-0500] {logging_mixin.py:188} INFO - [2024-05-30T15:43:39.162-0500] {dag.py:3096} INFO - Sync 1 DAGs
[2024-05-30T15:43:39.174-0500] {logging_mixin.py:188} INFO - [2024-05-30T15:43:39.174-0500] {dag.py:3954} INFO - Setting next_dagrun for example_time_delta_sensor_async to None, run_after=None
[2024-05-30T15:43:39.289-0500] {processor.py:183} INFO - Processing /home/diallo/Documents/workspace/Python/AirFlowProjects/AirFlow01/venv/lib/python3.10/site-packages/airflow/example_dags/example_time_delta_sensor_async.py took 0.185 seconds
[2024-05-30T15:45:07.803-0500] {processor.py:161} INFO - Started process (PID=25625) to work on /home/diallo/Documents/workspace/Python/AirFlowProjects/AirFlow01/venv/lib/python3.10/site-packages/airflow/example_dags/example_time_delta_sensor_async.py
[2024-05-30T15:45:07.832-0500] {processor.py:830} INFO - Processing file /home/diallo/Documents/workspace/Python/AirFlowProjects/AirFlow01/venv/lib/python3.10/site-packages/airflow/example_dags/example_time_delta_sensor_async.py for tasks to queue
[2024-05-30T15:45:07.838-0500] {logging_mixin.py:188} INFO - [2024-05-30T15:45:07.836-0500] {dagbag.py:545} INFO - Filling up the DagBag from /home/diallo/Documents/workspace/Python/AirFlowProjects/AirFlow01/venv/lib/python3.10/site-packages/airflow/example_dags/example_time_delta_sensor_async.py
[2024-05-30T15:45:07.856-0500] {processor.py:840} INFO - DAG(s) 'example_time_delta_sensor_async' retrieved from /home/diallo/Documents/workspace/Python/AirFlowProjects/AirFlow01/venv/lib/python3.10/site-packages/airflow/example_dags/example_time_delta_sensor_async.py
[2024-05-30T15:45:07.878-0500] {logging_mixin.py:188} INFO - [2024-05-30T15:45:07.877-0500] {dag.py:3096} INFO - Sync 1 DAGs
[2024-05-30T15:45:07.889-0500] {logging_mixin.py:188} INFO - [2024-05-30T15:45:07.888-0500] {dag.py:3954} INFO - Setting next_dagrun for example_time_delta_sensor_async to None, run_after=None
[2024-05-30T15:45:08.598-0500] {processor.py:183} INFO - Processing /home/diallo/Documents/workspace/Python/AirFlowProjects/AirFlow01/venv/lib/python3.10/site-packages/airflow/example_dags/example_time_delta_sensor_async.py took 0.805 seconds
[2024-05-30T15:46:08.192-0500] {processor.py:161} INFO - Started process (PID=26072) to work on /home/diallo/Documents/workspace/Python/AirFlowProjects/AirFlow01/venv/lib/python3.10/site-packages/airflow/example_dags/example_time_delta_sensor_async.py
[2024-05-30T15:46:08.226-0500] {processor.py:830} INFO - Processing file /home/diallo/Documents/workspace/Python/AirFlowProjects/AirFlow01/venv/lib/python3.10/site-packages/airflow/example_dags/example_time_delta_sensor_async.py for tasks to queue
[2024-05-30T15:46:08.228-0500] {logging_mixin.py:188} INFO - [2024-05-30T15:46:08.228-0500] {dagbag.py:545} INFO - Filling up the DagBag from /home/diallo/Documents/workspace/Python/AirFlowProjects/AirFlow01/venv/lib/python3.10/site-packages/airflow/example_dags/example_time_delta_sensor_async.py
[2024-05-30T15:46:08.235-0500] {processor.py:840} INFO - DAG(s) 'example_time_delta_sensor_async' retrieved from /home/diallo/Documents/workspace/Python/AirFlowProjects/AirFlow01/venv/lib/python3.10/site-packages/airflow/example_dags/example_time_delta_sensor_async.py
[2024-05-30T15:46:08.250-0500] {logging_mixin.py:188} INFO - [2024-05-30T15:46:08.250-0500] {dag.py:3096} INFO - Sync 1 DAGs
[2024-05-30T15:46:08.262-0500] {logging_mixin.py:188} INFO - [2024-05-30T15:46:08.261-0500] {dag.py:3954} INFO - Setting next_dagrun for example_time_delta_sensor_async to None, run_after=None
[2024-05-30T15:46:08.339-0500] {processor.py:183} INFO - Processing /home/diallo/Documents/workspace/Python/AirFlowProjects/AirFlow01/venv/lib/python3.10/site-packages/airflow/example_dags/example_time_delta_sensor_async.py took 0.156 seconds
[2024-05-30T15:46:47.964-0500] {processor.py:161} INFO - Started process (PID=26404) to work on /home/diallo/Documents/workspace/Python/AirFlowProjects/AirFlow01/venv/lib/python3.10/site-packages/airflow/example_dags/example_time_delta_sensor_async.py
[2024-05-30T15:46:48.001-0500] {processor.py:830} INFO - Processing file /home/diallo/Documents/workspace/Python/AirFlowProjects/AirFlow01/venv/lib/python3.10/site-packages/airflow/example_dags/example_time_delta_sensor_async.py for tasks to queue
[2024-05-30T15:46:48.010-0500] {logging_mixin.py:188} INFO - [2024-05-30T15:46:48.008-0500] {dagbag.py:545} INFO - Filling up the DagBag from /home/diallo/Documents/workspace/Python/AirFlowProjects/AirFlow01/venv/lib/python3.10/site-packages/airflow/example_dags/example_time_delta_sensor_async.py
[2024-05-30T15:46:48.033-0500] {processor.py:840} INFO - DAG(s) 'example_time_delta_sensor_async' retrieved from /home/diallo/Documents/workspace/Python/AirFlowProjects/AirFlow01/venv/lib/python3.10/site-packages/airflow/example_dags/example_time_delta_sensor_async.py
[2024-05-30T15:46:48.077-0500] {logging_mixin.py:188} INFO - [2024-05-30T15:46:48.077-0500] {dag.py:3096} INFO - Sync 1 DAGs
[2024-05-30T15:46:48.093-0500] {logging_mixin.py:188} INFO - [2024-05-30T15:46:48.093-0500] {dag.py:3954} INFO - Setting next_dagrun for example_time_delta_sensor_async to None, run_after=None
[2024-05-30T15:46:48.203-0500] {processor.py:183} INFO - Processing /home/diallo/Documents/workspace/Python/AirFlowProjects/AirFlow01/venv/lib/python3.10/site-packages/airflow/example_dags/example_time_delta_sensor_async.py took 0.268 seconds
[2024-05-30T15:47:57.675-0500] {processor.py:161} INFO - Started process (PID=26966) to work on /home/diallo/Documents/workspace/Python/AirFlowProjects/AirFlow01/venv/lib/python3.10/site-packages/airflow/example_dags/example_time_delta_sensor_async.py
[2024-05-30T15:47:57.681-0500] {processor.py:830} INFO - Processing file /home/diallo/Documents/workspace/Python/AirFlowProjects/AirFlow01/venv/lib/python3.10/site-packages/airflow/example_dags/example_time_delta_sensor_async.py for tasks to queue
[2024-05-30T15:47:57.686-0500] {logging_mixin.py:188} INFO - [2024-05-30T15:47:57.685-0500] {dagbag.py:545} INFO - Filling up the DagBag from /home/diallo/Documents/workspace/Python/AirFlowProjects/AirFlow01/venv/lib/python3.10/site-packages/airflow/example_dags/example_time_delta_sensor_async.py
[2024-05-30T15:47:57.695-0500] {processor.py:840} INFO - DAG(s) 'example_time_delta_sensor_async' retrieved from /home/diallo/Documents/workspace/Python/AirFlowProjects/AirFlow01/venv/lib/python3.10/site-packages/airflow/example_dags/example_time_delta_sensor_async.py
[2024-05-30T15:47:57.723-0500] {logging_mixin.py:188} INFO - [2024-05-30T15:47:57.722-0500] {dag.py:3096} INFO - Sync 1 DAGs
[2024-05-30T15:47:57.737-0500] {logging_mixin.py:188} INFO - [2024-05-30T15:47:57.737-0500] {dag.py:3954} INFO - Setting next_dagrun for example_time_delta_sensor_async to None, run_after=None
[2024-05-30T15:47:57.843-0500] {processor.py:183} INFO - Processing /home/diallo/Documents/workspace/Python/AirFlowProjects/AirFlow01/venv/lib/python3.10/site-packages/airflow/example_dags/example_time_delta_sensor_async.py took 0.198 seconds
[2024-05-30T15:48:56.661-0500] {processor.py:161} INFO - Started process (PID=27447) to work on /home/diallo/Documents/workspace/Python/AirFlowProjects/AirFlow01/venv/lib/python3.10/site-packages/airflow/example_dags/example_time_delta_sensor_async.py
[2024-05-30T15:48:56.699-0500] {processor.py:830} INFO - Processing file /home/diallo/Documents/workspace/Python/AirFlowProjects/AirFlow01/venv/lib/python3.10/site-packages/airflow/example_dags/example_time_delta_sensor_async.py for tasks to queue
[2024-05-30T15:48:56.704-0500] {logging_mixin.py:188} INFO - [2024-05-30T15:48:56.703-0500] {dagbag.py:545} INFO - Filling up the DagBag from /home/diallo/Documents/workspace/Python/AirFlowProjects/AirFlow01/venv/lib/python3.10/site-packages/airflow/example_dags/example_time_delta_sensor_async.py
[2024-05-30T15:48:56.720-0500] {processor.py:840} INFO - DAG(s) 'example_time_delta_sensor_async' retrieved from /home/diallo/Documents/workspace/Python/AirFlowProjects/AirFlow01/venv/lib/python3.10/site-packages/airflow/example_dags/example_time_delta_sensor_async.py
[2024-05-30T15:48:56.740-0500] {logging_mixin.py:188} INFO - [2024-05-30T15:48:56.739-0500] {dag.py:3096} INFO - Sync 1 DAGs
[2024-05-30T15:48:56.750-0500] {logging_mixin.py:188} INFO - [2024-05-30T15:48:56.750-0500] {dag.py:3954} INFO - Setting next_dagrun for example_time_delta_sensor_async to None, run_after=None
[2024-05-30T15:48:56.826-0500] {processor.py:183} INFO - Processing /home/diallo/Documents/workspace/Python/AirFlowProjects/AirFlow01/venv/lib/python3.10/site-packages/airflow/example_dags/example_time_delta_sensor_async.py took 0.174 seconds
[2024-05-30T15:50:26.980-0500] {processor.py:161} INFO - Started process (PID=28155) to work on /home/diallo/Documents/workspace/Python/AirFlowProjects/AirFlow01/venv/lib/python3.10/site-packages/airflow/example_dags/example_time_delta_sensor_async.py
[2024-05-30T15:50:27.011-0500] {processor.py:830} INFO - Processing file /home/diallo/Documents/workspace/Python/AirFlowProjects/AirFlow01/venv/lib/python3.10/site-packages/airflow/example_dags/example_time_delta_sensor_async.py for tasks to queue
[2024-05-30T15:50:27.019-0500] {logging_mixin.py:188} INFO - [2024-05-30T15:50:27.017-0500] {dagbag.py:545} INFO - Filling up the DagBag from /home/diallo/Documents/workspace/Python/AirFlowProjects/AirFlow01/venv/lib/python3.10/site-packages/airflow/example_dags/example_time_delta_sensor_async.py
[2024-05-30T15:50:27.044-0500] {processor.py:840} INFO - DAG(s) 'example_time_delta_sensor_async' retrieved from /home/diallo/Documents/workspace/Python/AirFlowProjects/AirFlow01/venv/lib/python3.10/site-packages/airflow/example_dags/example_time_delta_sensor_async.py
[2024-05-30T15:50:27.092-0500] {logging_mixin.py:188} INFO - [2024-05-30T15:50:27.091-0500] {dag.py:3096} INFO - Sync 1 DAGs
[2024-05-30T15:50:27.111-0500] {logging_mixin.py:188} INFO - [2024-05-30T15:50:27.111-0500] {dag.py:3954} INFO - Setting next_dagrun for example_time_delta_sensor_async to None, run_after=None
[2024-05-30T15:50:27.837-0500] {processor.py:183} INFO - Processing /home/diallo/Documents/workspace/Python/AirFlowProjects/AirFlow01/venv/lib/python3.10/site-packages/airflow/example_dags/example_time_delta_sensor_async.py took 0.868 seconds
