[2024-05-30T15:38:14.898-0500] {processor.py:161} INFO - Started process (PID=22376) to work on /home/diallo/Documents/workspace/Python/AirFlowProjects/AirFlow01/venv/lib/python3.10/site-packages/airflow/example_dags/example_setup_teardown_taskflow.py
[2024-05-30T15:38:14.899-0500] {processor.py:830} INFO - Processing file /home/diallo/Documents/workspace/Python/AirFlowProjects/AirFlow01/venv/lib/python3.10/site-packages/airflow/example_dags/example_setup_teardown_taskflow.py for tasks to queue
[2024-05-30T15:38:14.902-0500] {logging_mixin.py:188} INFO - [2024-05-30T15:38:14.901-0500] {dagbag.py:545} INFO - Filling up the DagBag from /home/diallo/Documents/workspace/Python/AirFlowProjects/AirFlow01/venv/lib/python3.10/site-packages/airflow/example_dags/example_setup_teardown_taskflow.py
[2024-05-30T15:38:14.915-0500] {processor.py:840} INFO - DAG(s) 'example_setup_teardown_taskflow' retrieved from /home/diallo/Documents/workspace/Python/AirFlowProjects/AirFlow01/venv/lib/python3.10/site-packages/airflow/example_dags/example_setup_teardown_taskflow.py
[2024-05-30T15:38:15.134-0500] {logging_mixin.py:188} INFO - [2024-05-30T15:38:15.133-0500] {override.py:1829} INFO - Created Permission View: can delete on DAG:example_setup_teardown_taskflow
[2024-05-30T15:38:15.213-0500] {logging_mixin.py:188} INFO - [2024-05-30T15:38:15.211-0500] {override.py:1829} INFO - Created Permission View: can edit on DAG:example_setup_teardown_taskflow
[2024-05-30T15:38:15.280-0500] {logging_mixin.py:188} INFO - [2024-05-30T15:38:15.279-0500] {override.py:1829} INFO - Created Permission View: can read on DAG:example_setup_teardown_taskflow
[2024-05-30T15:38:15.281-0500] {logging_mixin.py:188} INFO - [2024-05-30T15:38:15.281-0500] {dag.py:3096} INFO - Sync 1 DAGs
[2024-05-30T15:38:15.310-0500] {logging_mixin.py:188} INFO - [2024-05-30T15:38:15.310-0500] {dag.py:3118} INFO - Creating ORM DAG for example_setup_teardown_taskflow
[2024-05-30T15:38:15.321-0500] {logging_mixin.py:188} INFO - [2024-05-30T15:38:15.321-0500] {dag.py:3954} INFO - Setting next_dagrun for example_setup_teardown_taskflow to 2024-05-29 00:00:00+00:00, run_after=2024-05-30 00:00:00+00:00
[2024-05-30T15:38:15.498-0500] {processor.py:183} INFO - Processing /home/diallo/Documents/workspace/Python/AirFlowProjects/AirFlow01/venv/lib/python3.10/site-packages/airflow/example_dags/example_setup_teardown_taskflow.py took 0.610 seconds
[2024-05-30T15:39:27.672-0500] {processor.py:161} INFO - Started process (PID=22999) to work on /home/diallo/Documents/workspace/Python/AirFlowProjects/AirFlow01/venv/lib/python3.10/site-packages/airflow/example_dags/example_setup_teardown_taskflow.py
[2024-05-30T15:39:27.829-0500] {processor.py:830} INFO - Processing file /home/diallo/Documents/workspace/Python/AirFlowProjects/AirFlow01/venv/lib/python3.10/site-packages/airflow/example_dags/example_setup_teardown_taskflow.py for tasks to queue
[2024-05-30T15:39:27.836-0500] {logging_mixin.py:188} INFO - [2024-05-30T15:39:27.834-0500] {dagbag.py:545} INFO - Filling up the DagBag from /home/diallo/Documents/workspace/Python/AirFlowProjects/AirFlow01/venv/lib/python3.10/site-packages/airflow/example_dags/example_setup_teardown_taskflow.py
[2024-05-30T15:39:27.861-0500] {processor.py:840} INFO - DAG(s) 'example_setup_teardown_taskflow' retrieved from /home/diallo/Documents/workspace/Python/AirFlowProjects/AirFlow01/venv/lib/python3.10/site-packages/airflow/example_dags/example_setup_teardown_taskflow.py
[2024-05-30T15:39:27.882-0500] {logging_mixin.py:188} INFO - [2024-05-30T15:39:27.881-0500] {dag.py:3096} INFO - Sync 1 DAGs
[2024-05-30T15:39:27.906-0500] {logging_mixin.py:188} INFO - [2024-05-30T15:39:27.906-0500] {dag.py:3954} INFO - Setting next_dagrun for example_setup_teardown_taskflow to 2024-05-29 00:00:00+00:00, run_after=2024-05-30 00:00:00+00:00
[2024-05-30T15:39:27.985-0500] {processor.py:183} INFO - Processing /home/diallo/Documents/workspace/Python/AirFlowProjects/AirFlow01/venv/lib/python3.10/site-packages/airflow/example_dags/example_setup_teardown_taskflow.py took 0.334 seconds
[2024-05-30T15:41:46.074-0500] {processor.py:161} INFO - Started process (PID=24049) to work on /home/diallo/Documents/workspace/Python/AirFlowProjects/AirFlow01/venv/lib/python3.10/site-packages/airflow/example_dags/example_setup_teardown_taskflow.py
[2024-05-30T15:41:46.096-0500] {processor.py:830} INFO - Processing file /home/diallo/Documents/workspace/Python/AirFlowProjects/AirFlow01/venv/lib/python3.10/site-packages/airflow/example_dags/example_setup_teardown_taskflow.py for tasks to queue
[2024-05-30T15:41:46.098-0500] {logging_mixin.py:188} INFO - [2024-05-30T15:41:46.098-0500] {dagbag.py:545} INFO - Filling up the DagBag from /home/diallo/Documents/workspace/Python/AirFlowProjects/AirFlow01/venv/lib/python3.10/site-packages/airflow/example_dags/example_setup_teardown_taskflow.py
[2024-05-30T15:41:46.113-0500] {processor.py:840} INFO - DAG(s) 'example_setup_teardown_taskflow' retrieved from /home/diallo/Documents/workspace/Python/AirFlowProjects/AirFlow01/venv/lib/python3.10/site-packages/airflow/example_dags/example_setup_teardown_taskflow.py
[2024-05-30T15:41:46.220-0500] {logging_mixin.py:188} INFO - [2024-05-30T15:41:46.219-0500] {dag.py:3096} INFO - Sync 1 DAGs
[2024-05-30T15:41:46.236-0500] {logging_mixin.py:188} INFO - [2024-05-30T15:41:46.235-0500] {dag.py:3954} INFO - Setting next_dagrun for example_setup_teardown_taskflow to 2024-05-29 00:00:00+00:00, run_after=2024-05-30 00:00:00+00:00
[2024-05-30T15:41:47.290-0500] {processor.py:183} INFO - Processing /home/diallo/Documents/workspace/Python/AirFlowProjects/AirFlow01/venv/lib/python3.10/site-packages/airflow/example_dags/example_setup_teardown_taskflow.py took 1.224 seconds
[2024-05-30T15:43:33.670-0500] {processor.py:161} INFO - Started process (PID=24905) to work on /home/diallo/Documents/workspace/Python/AirFlowProjects/AirFlow01/venv/lib/python3.10/site-packages/airflow/example_dags/example_setup_teardown_taskflow.py
[2024-05-30T15:43:33.705-0500] {processor.py:830} INFO - Processing file /home/diallo/Documents/workspace/Python/AirFlowProjects/AirFlow01/venv/lib/python3.10/site-packages/airflow/example_dags/example_setup_teardown_taskflow.py for tasks to queue
[2024-05-30T15:43:33.711-0500] {logging_mixin.py:188} INFO - [2024-05-30T15:43:33.710-0500] {dagbag.py:545} INFO - Filling up the DagBag from /home/diallo/Documents/workspace/Python/AirFlowProjects/AirFlow01/venv/lib/python3.10/site-packages/airflow/example_dags/example_setup_teardown_taskflow.py
[2024-05-30T15:43:33.737-0500] {processor.py:840} INFO - DAG(s) 'example_setup_teardown_taskflow' retrieved from /home/diallo/Documents/workspace/Python/AirFlowProjects/AirFlow01/venv/lib/python3.10/site-packages/airflow/example_dags/example_setup_teardown_taskflow.py
[2024-05-30T15:43:33.755-0500] {logging_mixin.py:188} INFO - [2024-05-30T15:43:33.755-0500] {dag.py:3096} INFO - Sync 1 DAGs
[2024-05-30T15:43:33.774-0500] {logging_mixin.py:188} INFO - [2024-05-30T15:43:33.774-0500] {dag.py:3954} INFO - Setting next_dagrun for example_setup_teardown_taskflow to 2024-05-29 00:00:00+00:00, run_after=2024-05-30 00:00:00+00:00
[2024-05-30T15:43:33.856-0500] {processor.py:183} INFO - Processing /home/diallo/Documents/workspace/Python/AirFlowProjects/AirFlow01/venv/lib/python3.10/site-packages/airflow/example_dags/example_setup_teardown_taskflow.py took 0.195 seconds
[2024-05-30T15:44:57.388-0500] {processor.py:161} INFO - Started process (PID=25547) to work on /home/diallo/Documents/workspace/Python/AirFlowProjects/AirFlow01/venv/lib/python3.10/site-packages/airflow/example_dags/example_setup_teardown_taskflow.py
[2024-05-30T15:44:57.409-0500] {processor.py:830} INFO - Processing file /home/diallo/Documents/workspace/Python/AirFlowProjects/AirFlow01/venv/lib/python3.10/site-packages/airflow/example_dags/example_setup_teardown_taskflow.py for tasks to queue
[2024-05-30T15:44:57.413-0500] {logging_mixin.py:188} INFO - [2024-05-30T15:44:57.412-0500] {dagbag.py:545} INFO - Filling up the DagBag from /home/diallo/Documents/workspace/Python/AirFlowProjects/AirFlow01/venv/lib/python3.10/site-packages/airflow/example_dags/example_setup_teardown_taskflow.py
[2024-05-30T15:44:57.429-0500] {processor.py:840} INFO - DAG(s) 'example_setup_teardown_taskflow' retrieved from /home/diallo/Documents/workspace/Python/AirFlowProjects/AirFlow01/venv/lib/python3.10/site-packages/airflow/example_dags/example_setup_teardown_taskflow.py
[2024-05-30T15:44:57.450-0500] {logging_mixin.py:188} INFO - [2024-05-30T15:44:57.450-0500] {dag.py:3096} INFO - Sync 1 DAGs
[2024-05-30T15:44:57.468-0500] {logging_mixin.py:188} INFO - [2024-05-30T15:44:57.468-0500] {dag.py:3954} INFO - Setting next_dagrun for example_setup_teardown_taskflow to 2024-05-29 00:00:00+00:00, run_after=2024-05-30 00:00:00+00:00
[2024-05-30T15:44:58.117-0500] {processor.py:183} INFO - Processing /home/diallo/Documents/workspace/Python/AirFlowProjects/AirFlow01/venv/lib/python3.10/site-packages/airflow/example_dags/example_setup_teardown_taskflow.py took 0.751 seconds
[2024-05-30T15:46:41.379-0500] {processor.py:161} INFO - Started process (PID=26355) to work on /home/diallo/Documents/workspace/Python/AirFlowProjects/AirFlow01/venv/lib/python3.10/site-packages/airflow/example_dags/example_setup_teardown_taskflow.py
[2024-05-30T15:46:41.423-0500] {processor.py:830} INFO - Processing file /home/diallo/Documents/workspace/Python/AirFlowProjects/AirFlow01/venv/lib/python3.10/site-packages/airflow/example_dags/example_setup_teardown_taskflow.py for tasks to queue
[2024-05-30T15:46:41.428-0500] {logging_mixin.py:188} INFO - [2024-05-30T15:46:41.426-0500] {dagbag.py:545} INFO - Filling up the DagBag from /home/diallo/Documents/workspace/Python/AirFlowProjects/AirFlow01/venv/lib/python3.10/site-packages/airflow/example_dags/example_setup_teardown_taskflow.py
[2024-05-30T15:46:41.479-0500] {processor.py:840} INFO - DAG(s) 'example_setup_teardown_taskflow' retrieved from /home/diallo/Documents/workspace/Python/AirFlowProjects/AirFlow01/venv/lib/python3.10/site-packages/airflow/example_dags/example_setup_teardown_taskflow.py
[2024-05-30T15:46:41.515-0500] {logging_mixin.py:188} INFO - [2024-05-30T15:46:41.515-0500] {dag.py:3096} INFO - Sync 1 DAGs
[2024-05-30T15:46:41.542-0500] {logging_mixin.py:188} INFO - [2024-05-30T15:46:41.542-0500] {dag.py:3954} INFO - Setting next_dagrun for example_setup_teardown_taskflow to 2024-05-29 00:00:00+00:00, run_after=2024-05-30 00:00:00+00:00
[2024-05-30T15:46:41.676-0500] {processor.py:183} INFO - Processing /home/diallo/Documents/workspace/Python/AirFlowProjects/AirFlow01/venv/lib/python3.10/site-packages/airflow/example_dags/example_setup_teardown_taskflow.py took 0.324 seconds
[2024-05-30T15:47:51.241-0500] {processor.py:161} INFO - Started process (PID=26917) to work on /home/diallo/Documents/workspace/Python/AirFlowProjects/AirFlow01/venv/lib/python3.10/site-packages/airflow/example_dags/example_setup_teardown_taskflow.py
[2024-05-30T15:47:51.277-0500] {processor.py:830} INFO - Processing file /home/diallo/Documents/workspace/Python/AirFlowProjects/AirFlow01/venv/lib/python3.10/site-packages/airflow/example_dags/example_setup_teardown_taskflow.py for tasks to queue
[2024-05-30T15:47:51.283-0500] {logging_mixin.py:188} INFO - [2024-05-30T15:47:51.282-0500] {dagbag.py:545} INFO - Filling up the DagBag from /home/diallo/Documents/workspace/Python/AirFlowProjects/AirFlow01/venv/lib/python3.10/site-packages/airflow/example_dags/example_setup_teardown_taskflow.py
[2024-05-30T15:47:51.330-0500] {processor.py:840} INFO - DAG(s) 'example_setup_teardown_taskflow' retrieved from /home/diallo/Documents/workspace/Python/AirFlowProjects/AirFlow01/venv/lib/python3.10/site-packages/airflow/example_dags/example_setup_teardown_taskflow.py
[2024-05-30T15:47:51.360-0500] {logging_mixin.py:188} INFO - [2024-05-30T15:47:51.360-0500] {dag.py:3096} INFO - Sync 1 DAGs
[2024-05-30T15:47:51.386-0500] {logging_mixin.py:188} INFO - [2024-05-30T15:47:51.386-0500] {dag.py:3954} INFO - Setting next_dagrun for example_setup_teardown_taskflow to 2024-05-29 00:00:00+00:00, run_after=2024-05-30 00:00:00+00:00
[2024-05-30T15:47:51.451-0500] {processor.py:183} INFO - Processing /home/diallo/Documents/workspace/Python/AirFlowProjects/AirFlow01/venv/lib/python3.10/site-packages/airflow/example_dags/example_setup_teardown_taskflow.py took 0.237 seconds
[2024-05-30T15:48:52.692-0500] {processor.py:161} INFO - Started process (PID=27415) to work on /home/diallo/Documents/workspace/Python/AirFlowProjects/AirFlow01/venv/lib/python3.10/site-packages/airflow/example_dags/example_setup_teardown_taskflow.py
[2024-05-30T15:48:52.699-0500] {processor.py:830} INFO - Processing file /home/diallo/Documents/workspace/Python/AirFlowProjects/AirFlow01/venv/lib/python3.10/site-packages/airflow/example_dags/example_setup_teardown_taskflow.py for tasks to queue
[2024-05-30T15:48:52.704-0500] {logging_mixin.py:188} INFO - [2024-05-30T15:48:52.703-0500] {dagbag.py:545} INFO - Filling up the DagBag from /home/diallo/Documents/workspace/Python/AirFlowProjects/AirFlow01/venv/lib/python3.10/site-packages/airflow/example_dags/example_setup_teardown_taskflow.py
[2024-05-30T15:48:52.729-0500] {processor.py:840} INFO - DAG(s) 'example_setup_teardown_taskflow' retrieved from /home/diallo/Documents/workspace/Python/AirFlowProjects/AirFlow01/venv/lib/python3.10/site-packages/airflow/example_dags/example_setup_teardown_taskflow.py
[2024-05-30T15:48:52.748-0500] {logging_mixin.py:188} INFO - [2024-05-30T15:48:52.747-0500] {dag.py:3096} INFO - Sync 1 DAGs
[2024-05-30T15:48:52.766-0500] {logging_mixin.py:188} INFO - [2024-05-30T15:48:52.766-0500] {dag.py:3954} INFO - Setting next_dagrun for example_setup_teardown_taskflow to 2024-05-29 00:00:00+00:00, run_after=2024-05-30 00:00:00+00:00
[2024-05-30T15:48:52.837-0500] {processor.py:183} INFO - Processing /home/diallo/Documents/workspace/Python/AirFlowProjects/AirFlow01/venv/lib/python3.10/site-packages/airflow/example_dags/example_setup_teardown_taskflow.py took 0.152 seconds
[2024-05-30T15:50:13.318-0500] {processor.py:161} INFO - Started process (PID=28037) to work on /home/diallo/Documents/workspace/Python/AirFlowProjects/AirFlow01/venv/lib/python3.10/site-packages/airflow/example_dags/example_setup_teardown_taskflow.py
[2024-05-30T15:50:13.354-0500] {processor.py:830} INFO - Processing file /home/diallo/Documents/workspace/Python/AirFlowProjects/AirFlow01/venv/lib/python3.10/site-packages/airflow/example_dags/example_setup_teardown_taskflow.py for tasks to queue
[2024-05-30T15:50:13.361-0500] {logging_mixin.py:188} INFO - [2024-05-30T15:50:13.360-0500] {dagbag.py:545} INFO - Filling up the DagBag from /home/diallo/Documents/workspace/Python/AirFlowProjects/AirFlow01/venv/lib/python3.10/site-packages/airflow/example_dags/example_setup_teardown_taskflow.py
[2024-05-30T15:50:13.412-0500] {processor.py:840} INFO - DAG(s) 'example_setup_teardown_taskflow' retrieved from /home/diallo/Documents/workspace/Python/AirFlowProjects/AirFlow01/venv/lib/python3.10/site-packages/airflow/example_dags/example_setup_teardown_taskflow.py
[2024-05-30T15:50:13.448-0500] {logging_mixin.py:188} INFO - [2024-05-30T15:50:13.447-0500] {dag.py:3096} INFO - Sync 1 DAGs
[2024-05-30T15:50:13.473-0500] {logging_mixin.py:188} INFO - [2024-05-30T15:50:13.473-0500] {dag.py:3954} INFO - Setting next_dagrun for example_setup_teardown_taskflow to 2024-05-29 00:00:00+00:00, run_after=2024-05-30 00:00:00+00:00
[2024-05-30T15:50:14.199-0500] {processor.py:183} INFO - Processing /home/diallo/Documents/workspace/Python/AirFlowProjects/AirFlow01/venv/lib/python3.10/site-packages/airflow/example_dags/example_setup_teardown_taskflow.py took 0.907 seconds
