[2024-05-30T15:38:13.024-0500] {processor.py:161} INFO - Started process (PID=22340) to work on /home/diallo/Documents/workspace/Python/AirFlowProjects/AirFlow01/venv/lib/python3.10/site-packages/airflow/example_dags/example_setup_teardown.py
[2024-05-30T15:38:13.026-0500] {processor.py:830} INFO - Processing file /home/diallo/Documents/workspace/Python/AirFlowProjects/AirFlow01/venv/lib/python3.10/site-packages/airflow/example_dags/example_setup_teardown.py for tasks to queue
[2024-05-30T15:38:13.029-0500] {logging_mixin.py:188} INFO - [2024-05-30T15:38:13.029-0500] {dagbag.py:545} INFO - Filling up the DagBag from /home/diallo/Documents/workspace/Python/AirFlowProjects/AirFlow01/venv/lib/python3.10/site-packages/airflow/example_dags/example_setup_teardown.py
[2024-05-30T15:38:13.042-0500] {processor.py:840} INFO - DAG(s) 'example_setup_teardown' retrieved from /home/diallo/Documents/workspace/Python/AirFlowProjects/AirFlow01/venv/lib/python3.10/site-packages/airflow/example_dags/example_setup_teardown.py
[2024-05-30T15:38:13.356-0500] {logging_mixin.py:188} INFO - [2024-05-30T15:38:13.355-0500] {override.py:1829} INFO - Created Permission View: can delete on DAG:example_setup_teardown
[2024-05-30T15:38:13.423-0500] {logging_mixin.py:188} INFO - [2024-05-30T15:38:13.422-0500] {override.py:1829} INFO - Created Permission View: can edit on DAG:example_setup_teardown
[2024-05-30T15:38:13.480-0500] {logging_mixin.py:188} INFO - [2024-05-30T15:38:13.479-0500] {override.py:1829} INFO - Created Permission View: can read on DAG:example_setup_teardown
[2024-05-30T15:38:13.481-0500] {logging_mixin.py:188} INFO - [2024-05-30T15:38:13.481-0500] {dag.py:3096} INFO - Sync 1 DAGs
[2024-05-30T15:38:13.515-0500] {logging_mixin.py:188} INFO - [2024-05-30T15:38:13.515-0500] {dag.py:3118} INFO - Creating ORM DAG for example_setup_teardown
[2024-05-30T15:38:13.532-0500] {logging_mixin.py:188} INFO - [2024-05-30T15:38:13.532-0500] {dag.py:3954} INFO - Setting next_dagrun for example_setup_teardown to 2024-05-29 00:00:00+00:00, run_after=2024-05-30 00:00:00+00:00
[2024-05-30T15:38:13.733-0500] {processor.py:183} INFO - Processing /home/diallo/Documents/workspace/Python/AirFlowProjects/AirFlow01/venv/lib/python3.10/site-packages/airflow/example_dags/example_setup_teardown.py took 0.731 seconds
[2024-05-30T15:39:26.123-0500] {processor.py:161} INFO - Started process (PID=22991) to work on /home/diallo/Documents/workspace/Python/AirFlowProjects/AirFlow01/venv/lib/python3.10/site-packages/airflow/example_dags/example_setup_teardown.py
[2024-05-30T15:39:26.252-0500] {processor.py:830} INFO - Processing file /home/diallo/Documents/workspace/Python/AirFlowProjects/AirFlow01/venv/lib/python3.10/site-packages/airflow/example_dags/example_setup_teardown.py for tasks to queue
[2024-05-30T15:39:26.259-0500] {logging_mixin.py:188} INFO - [2024-05-30T15:39:26.258-0500] {dagbag.py:545} INFO - Filling up the DagBag from /home/diallo/Documents/workspace/Python/AirFlowProjects/AirFlow01/venv/lib/python3.10/site-packages/airflow/example_dags/example_setup_teardown.py
[2024-05-30T15:39:26.295-0500] {processor.py:840} INFO - DAG(s) 'example_setup_teardown' retrieved from /home/diallo/Documents/workspace/Python/AirFlowProjects/AirFlow01/venv/lib/python3.10/site-packages/airflow/example_dags/example_setup_teardown.py
[2024-05-30T15:39:26.348-0500] {logging_mixin.py:188} INFO - [2024-05-30T15:39:26.347-0500] {dag.py:3096} INFO - Sync 1 DAGs
[2024-05-30T15:39:26.374-0500] {logging_mixin.py:188} INFO - [2024-05-30T15:39:26.373-0500] {dag.py:3954} INFO - Setting next_dagrun for example_setup_teardown to 2024-05-29 00:00:00+00:00, run_after=2024-05-30 00:00:00+00:00
[2024-05-30T15:39:26.437-0500] {processor.py:183} INFO - Processing /home/diallo/Documents/workspace/Python/AirFlowProjects/AirFlow01/venv/lib/python3.10/site-packages/airflow/example_dags/example_setup_teardown.py took 0.324 seconds
[2024-05-30T15:41:44.307-0500] {processor.py:161} INFO - Started process (PID=24033) to work on /home/diallo/Documents/workspace/Python/AirFlowProjects/AirFlow01/venv/lib/python3.10/site-packages/airflow/example_dags/example_setup_teardown.py
[2024-05-30T15:41:44.329-0500] {processor.py:830} INFO - Processing file /home/diallo/Documents/workspace/Python/AirFlowProjects/AirFlow01/venv/lib/python3.10/site-packages/airflow/example_dags/example_setup_teardown.py for tasks to queue
[2024-05-30T15:41:44.330-0500] {logging_mixin.py:188} INFO - [2024-05-30T15:41:44.330-0500] {dagbag.py:545} INFO - Filling up the DagBag from /home/diallo/Documents/workspace/Python/AirFlowProjects/AirFlow01/venv/lib/python3.10/site-packages/airflow/example_dags/example_setup_teardown.py
[2024-05-30T15:41:44.337-0500] {processor.py:840} INFO - DAG(s) 'example_setup_teardown' retrieved from /home/diallo/Documents/workspace/Python/AirFlowProjects/AirFlow01/venv/lib/python3.10/site-packages/airflow/example_dags/example_setup_teardown.py
[2024-05-30T15:41:44.436-0500] {logging_mixin.py:188} INFO - [2024-05-30T15:41:44.435-0500] {dag.py:3096} INFO - Sync 1 DAGs
[2024-05-30T15:41:44.451-0500] {logging_mixin.py:188} INFO - [2024-05-30T15:41:44.451-0500] {dag.py:3954} INFO - Setting next_dagrun for example_setup_teardown to 2024-05-29 00:00:00+00:00, run_after=2024-05-30 00:00:00+00:00
[2024-05-30T15:41:44.976-0500] {processor.py:183} INFO - Processing /home/diallo/Documents/workspace/Python/AirFlowProjects/AirFlow01/venv/lib/python3.10/site-packages/airflow/example_dags/example_setup_teardown.py took 0.676 seconds
[2024-05-30T15:43:32.365-0500] {processor.py:161} INFO - Started process (PID=24890) to work on /home/diallo/Documents/workspace/Python/AirFlowProjects/AirFlow01/venv/lib/python3.10/site-packages/airflow/example_dags/example_setup_teardown.py
[2024-05-30T15:43:32.401-0500] {processor.py:830} INFO - Processing file /home/diallo/Documents/workspace/Python/AirFlowProjects/AirFlow01/venv/lib/python3.10/site-packages/airflow/example_dags/example_setup_teardown.py for tasks to queue
[2024-05-30T15:43:32.406-0500] {logging_mixin.py:188} INFO - [2024-05-30T15:43:32.405-0500] {dagbag.py:545} INFO - Filling up the DagBag from /home/diallo/Documents/workspace/Python/AirFlowProjects/AirFlow01/venv/lib/python3.10/site-packages/airflow/example_dags/example_setup_teardown.py
[2024-05-30T15:43:32.428-0500] {processor.py:840} INFO - DAG(s) 'example_setup_teardown' retrieved from /home/diallo/Documents/workspace/Python/AirFlowProjects/AirFlow01/venv/lib/python3.10/site-packages/airflow/example_dags/example_setup_teardown.py
[2024-05-30T15:43:32.461-0500] {logging_mixin.py:188} INFO - [2024-05-30T15:43:32.460-0500] {dag.py:3096} INFO - Sync 1 DAGs
[2024-05-30T15:43:32.484-0500] {logging_mixin.py:188} INFO - [2024-05-30T15:43:32.483-0500] {dag.py:3954} INFO - Setting next_dagrun for example_setup_teardown to 2024-05-29 00:00:00+00:00, run_after=2024-05-30 00:00:00+00:00
[2024-05-30T15:43:32.543-0500] {processor.py:183} INFO - Processing /home/diallo/Documents/workspace/Python/AirFlowProjects/AirFlow01/venv/lib/python3.10/site-packages/airflow/example_dags/example_setup_teardown.py took 0.187 seconds
[2024-05-30T15:44:55.191-0500] {processor.py:161} INFO - Started process (PID=25532) to work on /home/diallo/Documents/workspace/Python/AirFlowProjects/AirFlow01/venv/lib/python3.10/site-packages/airflow/example_dags/example_setup_teardown.py
[2024-05-30T15:44:55.209-0500] {processor.py:830} INFO - Processing file /home/diallo/Documents/workspace/Python/AirFlowProjects/AirFlow01/venv/lib/python3.10/site-packages/airflow/example_dags/example_setup_teardown.py for tasks to queue
[2024-05-30T15:44:55.212-0500] {logging_mixin.py:188} INFO - [2024-05-30T15:44:55.211-0500] {dagbag.py:545} INFO - Filling up the DagBag from /home/diallo/Documents/workspace/Python/AirFlowProjects/AirFlow01/venv/lib/python3.10/site-packages/airflow/example_dags/example_setup_teardown.py
[2024-05-30T15:44:55.225-0500] {processor.py:840} INFO - DAG(s) 'example_setup_teardown' retrieved from /home/diallo/Documents/workspace/Python/AirFlowProjects/AirFlow01/venv/lib/python3.10/site-packages/airflow/example_dags/example_setup_teardown.py
[2024-05-30T15:44:55.244-0500] {logging_mixin.py:188} INFO - [2024-05-30T15:44:55.244-0500] {dag.py:3096} INFO - Sync 1 DAGs
[2024-05-30T15:44:55.262-0500] {logging_mixin.py:188} INFO - [2024-05-30T15:44:55.262-0500] {dag.py:3954} INFO - Setting next_dagrun for example_setup_teardown to 2024-05-29 00:00:00+00:00, run_after=2024-05-30 00:00:00+00:00
[2024-05-30T15:44:56.265-0500] {processor.py:183} INFO - Processing /home/diallo/Documents/workspace/Python/AirFlowProjects/AirFlow01/venv/lib/python3.10/site-packages/airflow/example_dags/example_setup_teardown.py took 1.085 seconds
[2024-05-30T15:46:39.914-0500] {processor.py:161} INFO - Started process (PID=26339) to work on /home/diallo/Documents/workspace/Python/AirFlowProjects/AirFlow01/venv/lib/python3.10/site-packages/airflow/example_dags/example_setup_teardown.py
[2024-05-30T15:46:39.956-0500] {processor.py:830} INFO - Processing file /home/diallo/Documents/workspace/Python/AirFlowProjects/AirFlow01/venv/lib/python3.10/site-packages/airflow/example_dags/example_setup_teardown.py for tasks to queue
[2024-05-30T15:46:39.962-0500] {logging_mixin.py:188} INFO - [2024-05-30T15:46:39.960-0500] {dagbag.py:545} INFO - Filling up the DagBag from /home/diallo/Documents/workspace/Python/AirFlowProjects/AirFlow01/venv/lib/python3.10/site-packages/airflow/example_dags/example_setup_teardown.py
[2024-05-30T15:46:39.997-0500] {processor.py:840} INFO - DAG(s) 'example_setup_teardown' retrieved from /home/diallo/Documents/workspace/Python/AirFlowProjects/AirFlow01/venv/lib/python3.10/site-packages/airflow/example_dags/example_setup_teardown.py
[2024-05-30T15:46:40.033-0500] {logging_mixin.py:188} INFO - [2024-05-30T15:46:40.032-0500] {dag.py:3096} INFO - Sync 1 DAGs
[2024-05-30T15:46:40.064-0500] {logging_mixin.py:188} INFO - [2024-05-30T15:46:40.064-0500] {dag.py:3954} INFO - Setting next_dagrun for example_setup_teardown to 2024-05-29 00:00:00+00:00, run_after=2024-05-30 00:00:00+00:00
[2024-05-30T15:46:40.135-0500] {processor.py:183} INFO - Processing /home/diallo/Documents/workspace/Python/AirFlowProjects/AirFlow01/venv/lib/python3.10/site-packages/airflow/example_dags/example_setup_teardown.py took 0.250 seconds
[2024-05-30T15:47:49.863-0500] {processor.py:161} INFO - Started process (PID=26900) to work on /home/diallo/Documents/workspace/Python/AirFlowProjects/AirFlow01/venv/lib/python3.10/site-packages/airflow/example_dags/example_setup_teardown.py
[2024-05-30T15:47:49.903-0500] {processor.py:830} INFO - Processing file /home/diallo/Documents/workspace/Python/AirFlowProjects/AirFlow01/venv/lib/python3.10/site-packages/airflow/example_dags/example_setup_teardown.py for tasks to queue
[2024-05-30T15:47:49.907-0500] {logging_mixin.py:188} INFO - [2024-05-30T15:47:49.906-0500] {dagbag.py:545} INFO - Filling up the DagBag from /home/diallo/Documents/workspace/Python/AirFlowProjects/AirFlow01/venv/lib/python3.10/site-packages/airflow/example_dags/example_setup_teardown.py
[2024-05-30T15:47:49.929-0500] {processor.py:840} INFO - DAG(s) 'example_setup_teardown' retrieved from /home/diallo/Documents/workspace/Python/AirFlowProjects/AirFlow01/venv/lib/python3.10/site-packages/airflow/example_dags/example_setup_teardown.py
[2024-05-30T15:47:49.974-0500] {logging_mixin.py:188} INFO - [2024-05-30T15:47:49.974-0500] {dag.py:3096} INFO - Sync 1 DAGs
[2024-05-30T15:47:50.010-0500] {logging_mixin.py:188} INFO - [2024-05-30T15:47:50.010-0500] {dag.py:3954} INFO - Setting next_dagrun for example_setup_teardown to 2024-05-29 00:00:00+00:00, run_after=2024-05-30 00:00:00+00:00
[2024-05-30T15:47:50.074-0500] {processor.py:183} INFO - Processing /home/diallo/Documents/workspace/Python/AirFlowProjects/AirFlow01/venv/lib/python3.10/site-packages/airflow/example_dags/example_setup_teardown.py took 0.242 seconds
[2024-05-30T15:48:51.269-0500] {processor.py:161} INFO - Started process (PID=27400) to work on /home/diallo/Documents/workspace/Python/AirFlowProjects/AirFlow01/venv/lib/python3.10/site-packages/airflow/example_dags/example_setup_teardown.py
[2024-05-30T15:48:51.301-0500] {processor.py:830} INFO - Processing file /home/diallo/Documents/workspace/Python/AirFlowProjects/AirFlow01/venv/lib/python3.10/site-packages/airflow/example_dags/example_setup_teardown.py for tasks to queue
[2024-05-30T15:48:51.306-0500] {logging_mixin.py:188} INFO - [2024-05-30T15:48:51.305-0500] {dagbag.py:545} INFO - Filling up the DagBag from /home/diallo/Documents/workspace/Python/AirFlowProjects/AirFlow01/venv/lib/python3.10/site-packages/airflow/example_dags/example_setup_teardown.py
[2024-05-30T15:48:51.326-0500] {processor.py:840} INFO - DAG(s) 'example_setup_teardown' retrieved from /home/diallo/Documents/workspace/Python/AirFlowProjects/AirFlow01/venv/lib/python3.10/site-packages/airflow/example_dags/example_setup_teardown.py
[2024-05-30T15:48:51.346-0500] {logging_mixin.py:188} INFO - [2024-05-30T15:48:51.346-0500] {dag.py:3096} INFO - Sync 1 DAGs
[2024-05-30T15:48:51.365-0500] {logging_mixin.py:188} INFO - [2024-05-30T15:48:51.365-0500] {dag.py:3954} INFO - Setting next_dagrun for example_setup_teardown to 2024-05-29 00:00:00+00:00, run_after=2024-05-30 00:00:00+00:00
[2024-05-30T15:48:51.453-0500] {processor.py:183} INFO - Processing /home/diallo/Documents/workspace/Python/AirFlowProjects/AirFlow01/venv/lib/python3.10/site-packages/airflow/example_dags/example_setup_teardown.py took 0.194 seconds
[2024-05-30T15:50:09.991-0500] {processor.py:161} INFO - Started process (PID=28021) to work on /home/diallo/Documents/workspace/Python/AirFlowProjects/AirFlow01/venv/lib/python3.10/site-packages/airflow/example_dags/example_setup_teardown.py
[2024-05-30T15:50:10.075-0500] {processor.py:830} INFO - Processing file /home/diallo/Documents/workspace/Python/AirFlowProjects/AirFlow01/venv/lib/python3.10/site-packages/airflow/example_dags/example_setup_teardown.py for tasks to queue
[2024-05-30T15:50:10.081-0500] {logging_mixin.py:188} INFO - [2024-05-30T15:50:10.080-0500] {dagbag.py:545} INFO - Filling up the DagBag from /home/diallo/Documents/workspace/Python/AirFlowProjects/AirFlow01/venv/lib/python3.10/site-packages/airflow/example_dags/example_setup_teardown.py
[2024-05-30T15:50:10.117-0500] {processor.py:840} INFO - DAG(s) 'example_setup_teardown' retrieved from /home/diallo/Documents/workspace/Python/AirFlowProjects/AirFlow01/venv/lib/python3.10/site-packages/airflow/example_dags/example_setup_teardown.py
[2024-05-30T15:50:10.196-0500] {logging_mixin.py:188} INFO - [2024-05-30T15:50:10.195-0500] {dag.py:3096} INFO - Sync 1 DAGs
[2024-05-30T15:50:10.231-0500] {logging_mixin.py:188} INFO - [2024-05-30T15:50:10.231-0500] {dag.py:3954} INFO - Setting next_dagrun for example_setup_teardown to 2024-05-29 00:00:00+00:00, run_after=2024-05-30 00:00:00+00:00
[2024-05-30T15:50:11.323-0500] {processor.py:183} INFO - Processing /home/diallo/Documents/workspace/Python/AirFlowProjects/AirFlow01/venv/lib/python3.10/site-packages/airflow/example_dags/example_setup_teardown.py took 1.344 seconds
