[2024-05-30T15:37:40.966-0500] {processor.py:161} INFO - Started process (PID=22079) to work on /home/diallo/Documents/workspace/Python/AirFlowProjects/AirFlow01/venv/lib/python3.10/site-packages/airflow/example_dags/example_skip_dag.py
[2024-05-30T15:37:40.967-0500] {processor.py:830} INFO - Processing file /home/diallo/Documents/workspace/Python/AirFlowProjects/AirFlow01/venv/lib/python3.10/site-packages/airflow/example_dags/example_skip_dag.py for tasks to queue
[2024-05-30T15:37:40.969-0500] {logging_mixin.py:188} INFO - [2024-05-30T15:37:40.968-0500] {dagbag.py:545} INFO - Filling up the DagBag from /home/diallo/Documents/workspace/Python/AirFlowProjects/AirFlow01/venv/lib/python3.10/site-packages/airflow/example_dags/example_skip_dag.py
[2024-05-30T15:37:40.977-0500] {processor.py:840} INFO - DAG(s) 'example_skip_dag' retrieved from /home/diallo/Documents/workspace/Python/AirFlowProjects/AirFlow01/venv/lib/python3.10/site-packages/airflow/example_dags/example_skip_dag.py
[2024-05-30T15:37:41.256-0500] {logging_mixin.py:188} INFO - [2024-05-30T15:37:41.254-0500] {override.py:1829} INFO - Created Permission View: can delete on DAG:example_skip_dag
[2024-05-30T15:37:41.323-0500] {logging_mixin.py:188} INFO - [2024-05-30T15:37:41.322-0500] {override.py:1829} INFO - Created Permission View: can edit on DAG:example_skip_dag
[2024-05-30T15:37:41.380-0500] {logging_mixin.py:188} INFO - [2024-05-30T15:37:41.379-0500] {override.py:1829} INFO - Created Permission View: can read on DAG:example_skip_dag
[2024-05-30T15:37:41.381-0500] {logging_mixin.py:188} INFO - [2024-05-30T15:37:41.381-0500] {dag.py:3096} INFO - Sync 1 DAGs
[2024-05-30T15:37:41.403-0500] {logging_mixin.py:188} INFO - [2024-05-30T15:37:41.403-0500] {dag.py:3118} INFO - Creating ORM DAG for example_skip_dag
[2024-05-30T15:37:41.414-0500] {logging_mixin.py:188} INFO - [2024-05-30T15:37:41.414-0500] {dag.py:3954} INFO - Setting next_dagrun for example_skip_dag to 2024-05-29 00:00:00+00:00, run_after=2024-05-30 00:00:00+00:00
[2024-05-30T15:37:41.515-0500] {processor.py:183} INFO - Processing /home/diallo/Documents/workspace/Python/AirFlowProjects/AirFlow01/venv/lib/python3.10/site-packages/airflow/example_dags/example_skip_dag.py took 0.555 seconds
[2024-05-30T15:39:12.228-0500] {processor.py:161} INFO - Started process (PID=22882) to work on /home/diallo/Documents/workspace/Python/AirFlowProjects/AirFlow01/venv/lib/python3.10/site-packages/airflow/example_dags/example_skip_dag.py
[2024-05-30T15:39:12.274-0500] {processor.py:830} INFO - Processing file /home/diallo/Documents/workspace/Python/AirFlowProjects/AirFlow01/venv/lib/python3.10/site-packages/airflow/example_dags/example_skip_dag.py for tasks to queue
[2024-05-30T15:39:12.280-0500] {logging_mixin.py:188} INFO - [2024-05-30T15:39:12.279-0500] {dagbag.py:545} INFO - Filling up the DagBag from /home/diallo/Documents/workspace/Python/AirFlowProjects/AirFlow01/venv/lib/python3.10/site-packages/airflow/example_dags/example_skip_dag.py
[2024-05-30T15:39:12.299-0500] {processor.py:840} INFO - DAG(s) 'example_skip_dag' retrieved from /home/diallo/Documents/workspace/Python/AirFlowProjects/AirFlow01/venv/lib/python3.10/site-packages/airflow/example_dags/example_skip_dag.py
[2024-05-30T15:39:12.322-0500] {logging_mixin.py:188} INFO - [2024-05-30T15:39:12.322-0500] {dag.py:3096} INFO - Sync 1 DAGs
[2024-05-30T15:39:12.341-0500] {logging_mixin.py:188} INFO - [2024-05-30T15:39:12.340-0500] {dag.py:3954} INFO - Setting next_dagrun for example_skip_dag to 2024-05-29 00:00:00+00:00, run_after=2024-05-30 00:00:00+00:00
[2024-05-30T15:39:12.407-0500] {processor.py:183} INFO - Processing /home/diallo/Documents/workspace/Python/AirFlowProjects/AirFlow01/venv/lib/python3.10/site-packages/airflow/example_dags/example_skip_dag.py took 0.186 seconds
[2024-05-30T15:41:13.558-0500] {processor.py:161} INFO - Started process (PID=23802) to work on /home/diallo/Documents/workspace/Python/AirFlowProjects/AirFlow01/venv/lib/python3.10/site-packages/airflow/example_dags/example_skip_dag.py
[2024-05-30T15:41:13.586-0500] {processor.py:830} INFO - Processing file /home/diallo/Documents/workspace/Python/AirFlowProjects/AirFlow01/venv/lib/python3.10/site-packages/airflow/example_dags/example_skip_dag.py for tasks to queue
[2024-05-30T15:41:13.592-0500] {logging_mixin.py:188} INFO - [2024-05-30T15:41:13.591-0500] {dagbag.py:545} INFO - Filling up the DagBag from /home/diallo/Documents/workspace/Python/AirFlowProjects/AirFlow01/venv/lib/python3.10/site-packages/airflow/example_dags/example_skip_dag.py
[2024-05-30T15:41:13.610-0500] {processor.py:840} INFO - DAG(s) 'example_skip_dag' retrieved from /home/diallo/Documents/workspace/Python/AirFlowProjects/AirFlow01/venv/lib/python3.10/site-packages/airflow/example_dags/example_skip_dag.py
[2024-05-30T15:41:13.629-0500] {logging_mixin.py:188} INFO - [2024-05-30T15:41:13.629-0500] {dag.py:3096} INFO - Sync 1 DAGs
[2024-05-30T15:41:13.732-0500] {logging_mixin.py:188} INFO - [2024-05-30T15:41:13.731-0500] {dag.py:3954} INFO - Setting next_dagrun for example_skip_dag to 2024-05-29 00:00:00+00:00, run_after=2024-05-30 00:00:00+00:00
[2024-05-30T15:41:14.505-0500] {processor.py:183} INFO - Processing /home/diallo/Documents/workspace/Python/AirFlowProjects/AirFlow01/venv/lib/python3.10/site-packages/airflow/example_dags/example_skip_dag.py took 0.956 seconds
[2024-05-30T15:42:27.842-0500] {processor.py:161} INFO - Started process (PID=24376) to work on /home/diallo/Documents/workspace/Python/AirFlowProjects/AirFlow01/venv/lib/python3.10/site-packages/airflow/example_dags/example_skip_dag.py
[2024-05-30T15:42:27.856-0500] {processor.py:830} INFO - Processing file /home/diallo/Documents/workspace/Python/AirFlowProjects/AirFlow01/venv/lib/python3.10/site-packages/airflow/example_dags/example_skip_dag.py for tasks to queue
[2024-05-30T15:42:27.860-0500] {logging_mixin.py:188} INFO - [2024-05-30T15:42:27.859-0500] {dagbag.py:545} INFO - Filling up the DagBag from /home/diallo/Documents/workspace/Python/AirFlowProjects/AirFlow01/venv/lib/python3.10/site-packages/airflow/example_dags/example_skip_dag.py
[2024-05-30T15:42:27.873-0500] {processor.py:840} INFO - DAG(s) 'example_skip_dag' retrieved from /home/diallo/Documents/workspace/Python/AirFlowProjects/AirFlow01/venv/lib/python3.10/site-packages/airflow/example_dags/example_skip_dag.py
[2024-05-30T15:42:27.892-0500] {logging_mixin.py:188} INFO - [2024-05-30T15:42:27.892-0500] {dag.py:3096} INFO - Sync 1 DAGs
[2024-05-30T15:42:27.911-0500] {logging_mixin.py:188} INFO - [2024-05-30T15:42:27.911-0500] {dag.py:3954} INFO - Setting next_dagrun for example_skip_dag to 2024-05-29 00:00:00+00:00, run_after=2024-05-30 00:00:00+00:00
[2024-05-30T15:42:28.898-0500] {processor.py:183} INFO - Processing /home/diallo/Documents/workspace/Python/AirFlowProjects/AirFlow01/venv/lib/python3.10/site-packages/airflow/example_dags/example_skip_dag.py took 1.077 seconds
[2024-05-30T15:43:41.696-0500] {processor.py:161} INFO - Started process (PID=24969) to work on /home/diallo/Documents/workspace/Python/AirFlowProjects/AirFlow01/venv/lib/python3.10/site-packages/airflow/example_dags/example_skip_dag.py
[2024-05-30T15:43:41.735-0500] {processor.py:830} INFO - Processing file /home/diallo/Documents/workspace/Python/AirFlowProjects/AirFlow01/venv/lib/python3.10/site-packages/airflow/example_dags/example_skip_dag.py for tasks to queue
[2024-05-30T15:43:41.740-0500] {logging_mixin.py:188} INFO - [2024-05-30T15:43:41.739-0500] {dagbag.py:545} INFO - Filling up the DagBag from /home/diallo/Documents/workspace/Python/AirFlowProjects/AirFlow01/venv/lib/python3.10/site-packages/airflow/example_dags/example_skip_dag.py
[2024-05-30T15:43:41.763-0500] {processor.py:840} INFO - DAG(s) 'example_skip_dag' retrieved from /home/diallo/Documents/workspace/Python/AirFlowProjects/AirFlow01/venv/lib/python3.10/site-packages/airflow/example_dags/example_skip_dag.py
[2024-05-30T15:43:41.784-0500] {logging_mixin.py:188} INFO - [2024-05-30T15:43:41.784-0500] {dag.py:3096} INFO - Sync 1 DAGs
[2024-05-30T15:43:41.805-0500] {logging_mixin.py:188} INFO - [2024-05-30T15:43:41.804-0500] {dag.py:3954} INFO - Setting next_dagrun for example_skip_dag to 2024-05-29 00:00:00+00:00, run_after=2024-05-30 00:00:00+00:00
[2024-05-30T15:43:41.881-0500] {processor.py:183} INFO - Processing /home/diallo/Documents/workspace/Python/AirFlowProjects/AirFlow01/venv/lib/python3.10/site-packages/airflow/example_dags/example_skip_dag.py took 0.206 seconds
[2024-05-30T15:45:34.727-0500] {processor.py:161} INFO - Started process (PID=25823) to work on /home/diallo/Documents/workspace/Python/AirFlowProjects/AirFlow01/venv/lib/python3.10/site-packages/airflow/example_dags/example_skip_dag.py
[2024-05-30T15:45:34.791-0500] {processor.py:830} INFO - Processing file /home/diallo/Documents/workspace/Python/AirFlowProjects/AirFlow01/venv/lib/python3.10/site-packages/airflow/example_dags/example_skip_dag.py for tasks to queue
[2024-05-30T15:45:34.797-0500] {logging_mixin.py:188} INFO - [2024-05-30T15:45:34.795-0500] {dagbag.py:545} INFO - Filling up the DagBag from /home/diallo/Documents/workspace/Python/AirFlowProjects/AirFlow01/venv/lib/python3.10/site-packages/airflow/example_dags/example_skip_dag.py
[2024-05-30T15:45:34.825-0500] {processor.py:840} INFO - DAG(s) 'example_skip_dag' retrieved from /home/diallo/Documents/workspace/Python/AirFlowProjects/AirFlow01/venv/lib/python3.10/site-packages/airflow/example_dags/example_skip_dag.py
[2024-05-30T15:45:34.854-0500] {logging_mixin.py:188} INFO - [2024-05-30T15:45:34.853-0500] {dag.py:3096} INFO - Sync 1 DAGs
[2024-05-30T15:45:34.878-0500] {logging_mixin.py:188} INFO - [2024-05-30T15:45:34.878-0500] {dag.py:3954} INFO - Setting next_dagrun for example_skip_dag to 2024-05-29 00:00:00+00:00, run_after=2024-05-30 00:00:00+00:00
[2024-05-30T15:45:35.768-0500] {processor.py:183} INFO - Processing /home/diallo/Documents/workspace/Python/AirFlowProjects/AirFlow01/venv/lib/python3.10/site-packages/airflow/example_dags/example_skip_dag.py took 1.050 seconds
[2024-05-30T15:46:52.875-0500] {processor.py:161} INFO - Started process (PID=26438) to work on /home/diallo/Documents/workspace/Python/AirFlowProjects/AirFlow01/venv/lib/python3.10/site-packages/airflow/example_dags/example_skip_dag.py
[2024-05-30T15:46:52.920-0500] {processor.py:830} INFO - Processing file /home/diallo/Documents/workspace/Python/AirFlowProjects/AirFlow01/venv/lib/python3.10/site-packages/airflow/example_dags/example_skip_dag.py for tasks to queue
[2024-05-30T15:46:52.923-0500] {logging_mixin.py:188} INFO - [2024-05-30T15:46:52.922-0500] {dagbag.py:545} INFO - Filling up the DagBag from /home/diallo/Documents/workspace/Python/AirFlowProjects/AirFlow01/venv/lib/python3.10/site-packages/airflow/example_dags/example_skip_dag.py
[2024-05-30T15:46:52.936-0500] {processor.py:840} INFO - DAG(s) 'example_skip_dag' retrieved from /home/diallo/Documents/workspace/Python/AirFlowProjects/AirFlow01/venv/lib/python3.10/site-packages/airflow/example_dags/example_skip_dag.py
[2024-05-30T15:46:52.958-0500] {logging_mixin.py:188} INFO - [2024-05-30T15:46:52.958-0500] {dag.py:3096} INFO - Sync 1 DAGs
[2024-05-30T15:46:52.988-0500] {logging_mixin.py:188} INFO - [2024-05-30T15:46:52.987-0500] {dag.py:3954} INFO - Setting next_dagrun for example_skip_dag to 2024-05-29 00:00:00+00:00, run_after=2024-05-30 00:00:00+00:00
[2024-05-30T15:46:53.053-0500] {processor.py:183} INFO - Processing /home/diallo/Documents/workspace/Python/AirFlowProjects/AirFlow01/venv/lib/python3.10/site-packages/airflow/example_dags/example_skip_dag.py took 0.212 seconds
[2024-05-30T15:48:03.112-0500] {processor.py:161} INFO - Started process (PID=27001) to work on /home/diallo/Documents/workspace/Python/AirFlowProjects/AirFlow01/venv/lib/python3.10/site-packages/airflow/example_dags/example_skip_dag.py
[2024-05-30T15:48:03.152-0500] {processor.py:830} INFO - Processing file /home/diallo/Documents/workspace/Python/AirFlowProjects/AirFlow01/venv/lib/python3.10/site-packages/airflow/example_dags/example_skip_dag.py for tasks to queue
[2024-05-30T15:48:03.156-0500] {logging_mixin.py:188} INFO - [2024-05-30T15:48:03.155-0500] {dagbag.py:545} INFO - Filling up the DagBag from /home/diallo/Documents/workspace/Python/AirFlowProjects/AirFlow01/venv/lib/python3.10/site-packages/airflow/example_dags/example_skip_dag.py
[2024-05-30T15:48:03.174-0500] {processor.py:840} INFO - DAG(s) 'example_skip_dag' retrieved from /home/diallo/Documents/workspace/Python/AirFlowProjects/AirFlow01/venv/lib/python3.10/site-packages/airflow/example_dags/example_skip_dag.py
[2024-05-30T15:48:03.208-0500] {logging_mixin.py:188} INFO - [2024-05-30T15:48:03.208-0500] {dag.py:3096} INFO - Sync 1 DAGs
[2024-05-30T15:48:03.231-0500] {logging_mixin.py:188} INFO - [2024-05-30T15:48:03.231-0500] {dag.py:3954} INFO - Setting next_dagrun for example_skip_dag to 2024-05-29 00:00:00+00:00, run_after=2024-05-30 00:00:00+00:00
[2024-05-30T15:48:03.312-0500] {processor.py:183} INFO - Processing /home/diallo/Documents/workspace/Python/AirFlowProjects/AirFlow01/venv/lib/python3.10/site-packages/airflow/example_dags/example_skip_dag.py took 0.218 seconds
[2024-05-30T15:49:03.162-0500] {processor.py:161} INFO - Started process (PID=27500) to work on /home/diallo/Documents/workspace/Python/AirFlowProjects/AirFlow01/venv/lib/python3.10/site-packages/airflow/example_dags/example_skip_dag.py
[2024-05-30T15:49:03.171-0500] {processor.py:830} INFO - Processing file /home/diallo/Documents/workspace/Python/AirFlowProjects/AirFlow01/venv/lib/python3.10/site-packages/airflow/example_dags/example_skip_dag.py for tasks to queue
[2024-05-30T15:49:03.173-0500] {logging_mixin.py:188} INFO - [2024-05-30T15:49:03.172-0500] {dagbag.py:545} INFO - Filling up the DagBag from /home/diallo/Documents/workspace/Python/AirFlowProjects/AirFlow01/venv/lib/python3.10/site-packages/airflow/example_dags/example_skip_dag.py
[2024-05-30T15:49:03.180-0500] {processor.py:840} INFO - DAG(s) 'example_skip_dag' retrieved from /home/diallo/Documents/workspace/Python/AirFlowProjects/AirFlow01/venv/lib/python3.10/site-packages/airflow/example_dags/example_skip_dag.py
[2024-05-30T15:49:03.198-0500] {logging_mixin.py:188} INFO - [2024-05-30T15:49:03.197-0500] {dag.py:3096} INFO - Sync 1 DAGs
[2024-05-30T15:49:03.216-0500] {logging_mixin.py:188} INFO - [2024-05-30T15:49:03.216-0500] {dag.py:3954} INFO - Setting next_dagrun for example_skip_dag to 2024-05-29 00:00:00+00:00, run_after=2024-05-30 00:00:00+00:00
[2024-05-30T15:49:03.287-0500] {processor.py:183} INFO - Processing /home/diallo/Documents/workspace/Python/AirFlowProjects/AirFlow01/venv/lib/python3.10/site-packages/airflow/example_dags/example_skip_dag.py took 0.131 seconds
