[2024-05-30T15:38:11.103-0500] {processor.py:161} INFO - Started process (PID=22324) to work on /home/diallo/Documents/workspace/Python/AirFlowProjects/AirFlow01/venv/lib/python3.10/site-packages/airflow/example_dags/example_task_group.py
[2024-05-30T15:38:11.104-0500] {processor.py:830} INFO - Processing file /home/diallo/Documents/workspace/Python/AirFlowProjects/AirFlow01/venv/lib/python3.10/site-packages/airflow/example_dags/example_task_group.py for tasks to queue
[2024-05-30T15:38:11.106-0500] {logging_mixin.py:188} INFO - [2024-05-30T15:38:11.106-0500] {dagbag.py:545} INFO - Filling up the DagBag from /home/diallo/Documents/workspace/Python/AirFlowProjects/AirFlow01/venv/lib/python3.10/site-packages/airflow/example_dags/example_task_group.py
[2024-05-30T15:38:11.114-0500] {processor.py:840} INFO - DAG(s) 'example_task_group' retrieved from /home/diallo/Documents/workspace/Python/AirFlowProjects/AirFlow01/venv/lib/python3.10/site-packages/airflow/example_dags/example_task_group.py
[2024-05-30T15:38:11.333-0500] {logging_mixin.py:188} INFO - [2024-05-30T15:38:11.331-0500] {override.py:1829} INFO - Created Permission View: can delete on DAG:example_task_group
[2024-05-30T15:38:11.399-0500] {logging_mixin.py:188} INFO - [2024-05-30T15:38:11.399-0500] {override.py:1829} INFO - Created Permission View: can edit on DAG:example_task_group
[2024-05-30T15:38:11.457-0500] {logging_mixin.py:188} INFO - [2024-05-30T15:38:11.455-0500] {override.py:1829} INFO - Created Permission View: can read on DAG:example_task_group
[2024-05-30T15:38:11.458-0500] {logging_mixin.py:188} INFO - [2024-05-30T15:38:11.457-0500] {dag.py:3096} INFO - Sync 1 DAGs
[2024-05-30T15:38:11.489-0500] {logging_mixin.py:188} INFO - [2024-05-30T15:38:11.489-0500] {dag.py:3118} INFO - Creating ORM DAG for example_task_group
[2024-05-30T15:38:11.500-0500] {logging_mixin.py:188} INFO - [2024-05-30T15:38:11.500-0500] {dag.py:3954} INFO - Setting next_dagrun for example_task_group to 2024-05-29 00:00:00+00:00, run_after=2024-05-30 00:00:00+00:00
[2024-05-30T15:38:11.700-0500] {processor.py:183} INFO - Processing /home/diallo/Documents/workspace/Python/AirFlowProjects/AirFlow01/venv/lib/python3.10/site-packages/airflow/example_dags/example_task_group.py took 0.603 seconds
[2024-05-30T15:39:24.822-0500] {processor.py:161} INFO - Started process (PID=22983) to work on /home/diallo/Documents/workspace/Python/AirFlowProjects/AirFlow01/venv/lib/python3.10/site-packages/airflow/example_dags/example_task_group.py
[2024-05-30T15:39:24.838-0500] {processor.py:830} INFO - Processing file /home/diallo/Documents/workspace/Python/AirFlowProjects/AirFlow01/venv/lib/python3.10/site-packages/airflow/example_dags/example_task_group.py for tasks to queue
[2024-05-30T15:39:24.842-0500] {logging_mixin.py:188} INFO - [2024-05-30T15:39:24.841-0500] {dagbag.py:545} INFO - Filling up the DagBag from /home/diallo/Documents/workspace/Python/AirFlowProjects/AirFlow01/venv/lib/python3.10/site-packages/airflow/example_dags/example_task_group.py
[2024-05-30T15:39:24.862-0500] {processor.py:840} INFO - DAG(s) 'example_task_group' retrieved from /home/diallo/Documents/workspace/Python/AirFlowProjects/AirFlow01/venv/lib/python3.10/site-packages/airflow/example_dags/example_task_group.py
[2024-05-30T15:39:24.896-0500] {logging_mixin.py:188} INFO - [2024-05-30T15:39:24.896-0500] {dag.py:3096} INFO - Sync 1 DAGs
[2024-05-30T15:39:24.921-0500] {logging_mixin.py:188} INFO - [2024-05-30T15:39:24.921-0500] {dag.py:3954} INFO - Setting next_dagrun for example_task_group to 2024-05-29 00:00:00+00:00, run_after=2024-05-30 00:00:00+00:00
[2024-05-30T15:39:24.986-0500] {processor.py:183} INFO - Processing /home/diallo/Documents/workspace/Python/AirFlowProjects/AirFlow01/venv/lib/python3.10/site-packages/airflow/example_dags/example_task_group.py took 0.186 seconds
[2024-05-30T15:41:41.358-0500] {processor.py:161} INFO - Started process (PID=24003) to work on /home/diallo/Documents/workspace/Python/AirFlowProjects/AirFlow01/venv/lib/python3.10/site-packages/airflow/example_dags/example_task_group.py
[2024-05-30T15:41:41.385-0500] {processor.py:830} INFO - Processing file /home/diallo/Documents/workspace/Python/AirFlowProjects/AirFlow01/venv/lib/python3.10/site-packages/airflow/example_dags/example_task_group.py for tasks to queue
[2024-05-30T15:41:41.391-0500] {logging_mixin.py:188} INFO - [2024-05-30T15:41:41.389-0500] {dagbag.py:545} INFO - Filling up the DagBag from /home/diallo/Documents/workspace/Python/AirFlowProjects/AirFlow01/venv/lib/python3.10/site-packages/airflow/example_dags/example_task_group.py
[2024-05-30T15:41:41.412-0500] {processor.py:840} INFO - DAG(s) 'example_task_group' retrieved from /home/diallo/Documents/workspace/Python/AirFlowProjects/AirFlow01/venv/lib/python3.10/site-packages/airflow/example_dags/example_task_group.py
[2024-05-30T15:41:41.523-0500] {logging_mixin.py:188} INFO - [2024-05-30T15:41:41.522-0500] {dag.py:3096} INFO - Sync 1 DAGs
[2024-05-30T15:41:41.544-0500] {logging_mixin.py:188} INFO - [2024-05-30T15:41:41.544-0500] {dag.py:3954} INFO - Setting next_dagrun for example_task_group to 2024-05-29 00:00:00+00:00, run_after=2024-05-30 00:00:00+00:00
[2024-05-30T15:41:42.200-0500] {processor.py:183} INFO - Processing /home/diallo/Documents/workspace/Python/AirFlowProjects/AirFlow01/venv/lib/python3.10/site-packages/airflow/example_dags/example_task_group.py took 0.849 seconds
[2024-05-30T15:43:31.450-0500] {processor.py:161} INFO - Started process (PID=24889) to work on /home/diallo/Documents/workspace/Python/AirFlowProjects/AirFlow01/venv/lib/python3.10/site-packages/airflow/example_dags/example_task_group.py
[2024-05-30T15:43:31.490-0500] {processor.py:830} INFO - Processing file /home/diallo/Documents/workspace/Python/AirFlowProjects/AirFlow01/venv/lib/python3.10/site-packages/airflow/example_dags/example_task_group.py for tasks to queue
[2024-05-30T15:43:31.495-0500] {logging_mixin.py:188} INFO - [2024-05-30T15:43:31.494-0500] {dagbag.py:545} INFO - Filling up the DagBag from /home/diallo/Documents/workspace/Python/AirFlowProjects/AirFlow01/venv/lib/python3.10/site-packages/airflow/example_dags/example_task_group.py
[2024-05-30T15:43:31.520-0500] {processor.py:840} INFO - DAG(s) 'example_task_group' retrieved from /home/diallo/Documents/workspace/Python/AirFlowProjects/AirFlow01/venv/lib/python3.10/site-packages/airflow/example_dags/example_task_group.py
[2024-05-30T15:43:31.545-0500] {logging_mixin.py:188} INFO - [2024-05-30T15:43:31.544-0500] {dag.py:3096} INFO - Sync 1 DAGs
[2024-05-30T15:43:31.566-0500] {logging_mixin.py:188} INFO - [2024-05-30T15:43:31.565-0500] {dag.py:3954} INFO - Setting next_dagrun for example_task_group to 2024-05-29 00:00:00+00:00, run_after=2024-05-30 00:00:00+00:00
[2024-05-30T15:43:31.654-0500] {processor.py:183} INFO - Processing /home/diallo/Documents/workspace/Python/AirFlowProjects/AirFlow01/venv/lib/python3.10/site-packages/airflow/example_dags/example_task_group.py took 0.210 seconds
[2024-05-30T15:44:53.062-0500] {processor.py:161} INFO - Started process (PID=25516) to work on /home/diallo/Documents/workspace/Python/AirFlowProjects/AirFlow01/venv/lib/python3.10/site-packages/airflow/example_dags/example_task_group.py
[2024-05-30T15:44:53.087-0500] {processor.py:830} INFO - Processing file /home/diallo/Documents/workspace/Python/AirFlowProjects/AirFlow01/venv/lib/python3.10/site-packages/airflow/example_dags/example_task_group.py for tasks to queue
[2024-05-30T15:44:53.094-0500] {logging_mixin.py:188} INFO - [2024-05-30T15:44:53.092-0500] {dagbag.py:545} INFO - Filling up the DagBag from /home/diallo/Documents/workspace/Python/AirFlowProjects/AirFlow01/venv/lib/python3.10/site-packages/airflow/example_dags/example_task_group.py
[2024-05-30T15:44:53.113-0500] {processor.py:840} INFO - DAG(s) 'example_task_group' retrieved from /home/diallo/Documents/workspace/Python/AirFlowProjects/AirFlow01/venv/lib/python3.10/site-packages/airflow/example_dags/example_task_group.py
[2024-05-30T15:44:53.133-0500] {logging_mixin.py:188} INFO - [2024-05-30T15:44:53.133-0500] {dag.py:3096} INFO - Sync 1 DAGs
[2024-05-30T15:44:53.152-0500] {logging_mixin.py:188} INFO - [2024-05-30T15:44:53.152-0500] {dag.py:3954} INFO - Setting next_dagrun for example_task_group to 2024-05-29 00:00:00+00:00, run_after=2024-05-30 00:00:00+00:00
[2024-05-30T15:44:53.926-0500] {processor.py:183} INFO - Processing /home/diallo/Documents/workspace/Python/AirFlowProjects/AirFlow01/venv/lib/python3.10/site-packages/airflow/example_dags/example_task_group.py took 0.875 seconds
[2024-05-30T15:46:38.390-0500] {processor.py:161} INFO - Started process (PID=26338) to work on /home/diallo/Documents/workspace/Python/AirFlowProjects/AirFlow01/venv/lib/python3.10/site-packages/airflow/example_dags/example_task_group.py
[2024-05-30T15:46:38.430-0500] {processor.py:830} INFO - Processing file /home/diallo/Documents/workspace/Python/AirFlowProjects/AirFlow01/venv/lib/python3.10/site-packages/airflow/example_dags/example_task_group.py for tasks to queue
[2024-05-30T15:46:38.434-0500] {logging_mixin.py:188} INFO - [2024-05-30T15:46:38.433-0500] {dagbag.py:545} INFO - Filling up the DagBag from /home/diallo/Documents/workspace/Python/AirFlowProjects/AirFlow01/venv/lib/python3.10/site-packages/airflow/example_dags/example_task_group.py
[2024-05-30T15:46:38.454-0500] {processor.py:840} INFO - DAG(s) 'example_task_group' retrieved from /home/diallo/Documents/workspace/Python/AirFlowProjects/AirFlow01/venv/lib/python3.10/site-packages/airflow/example_dags/example_task_group.py
[2024-05-30T15:46:38.502-0500] {logging_mixin.py:188} INFO - [2024-05-30T15:46:38.502-0500] {dag.py:3096} INFO - Sync 1 DAGs
[2024-05-30T15:46:38.530-0500] {logging_mixin.py:188} INFO - [2024-05-30T15:46:38.530-0500] {dag.py:3954} INFO - Setting next_dagrun for example_task_group to 2024-05-29 00:00:00+00:00, run_after=2024-05-30 00:00:00+00:00
[2024-05-30T15:46:38.732-0500] {processor.py:183} INFO - Processing /home/diallo/Documents/workspace/Python/AirFlowProjects/AirFlow01/venv/lib/python3.10/site-packages/airflow/example_dags/example_task_group.py took 0.369 seconds
[2024-05-30T15:47:48.516-0500] {processor.py:161} INFO - Started process (PID=26899) to work on /home/diallo/Documents/workspace/Python/AirFlowProjects/AirFlow01/venv/lib/python3.10/site-packages/airflow/example_dags/example_task_group.py
[2024-05-30T15:47:48.547-0500] {processor.py:830} INFO - Processing file /home/diallo/Documents/workspace/Python/AirFlowProjects/AirFlow01/venv/lib/python3.10/site-packages/airflow/example_dags/example_task_group.py for tasks to queue
[2024-05-30T15:47:48.548-0500] {logging_mixin.py:188} INFO - [2024-05-30T15:47:48.548-0500] {dagbag.py:545} INFO - Filling up the DagBag from /home/diallo/Documents/workspace/Python/AirFlowProjects/AirFlow01/venv/lib/python3.10/site-packages/airflow/example_dags/example_task_group.py
[2024-05-30T15:47:48.560-0500] {processor.py:840} INFO - DAG(s) 'example_task_group' retrieved from /home/diallo/Documents/workspace/Python/AirFlowProjects/AirFlow01/venv/lib/python3.10/site-packages/airflow/example_dags/example_task_group.py
[2024-05-30T15:47:48.581-0500] {logging_mixin.py:188} INFO - [2024-05-30T15:47:48.580-0500] {dag.py:3096} INFO - Sync 1 DAGs
[2024-05-30T15:47:48.606-0500] {logging_mixin.py:188} INFO - [2024-05-30T15:47:48.606-0500] {dag.py:3954} INFO - Setting next_dagrun for example_task_group to 2024-05-29 00:00:00+00:00, run_after=2024-05-30 00:00:00+00:00
[2024-05-30T15:47:48.705-0500] {processor.py:183} INFO - Processing /home/diallo/Documents/workspace/Python/AirFlowProjects/AirFlow01/venv/lib/python3.10/site-packages/airflow/example_dags/example_task_group.py took 0.194 seconds
[2024-05-30T15:48:49.881-0500] {processor.py:161} INFO - Started process (PID=27399) to work on /home/diallo/Documents/workspace/Python/AirFlowProjects/AirFlow01/venv/lib/python3.10/site-packages/airflow/example_dags/example_task_group.py
[2024-05-30T15:48:49.922-0500] {processor.py:830} INFO - Processing file /home/diallo/Documents/workspace/Python/AirFlowProjects/AirFlow01/venv/lib/python3.10/site-packages/airflow/example_dags/example_task_group.py for tasks to queue
[2024-05-30T15:48:49.926-0500] {logging_mixin.py:188} INFO - [2024-05-30T15:48:49.925-0500] {dagbag.py:545} INFO - Filling up the DagBag from /home/diallo/Documents/workspace/Python/AirFlowProjects/AirFlow01/venv/lib/python3.10/site-packages/airflow/example_dags/example_task_group.py
[2024-05-30T15:48:49.942-0500] {processor.py:840} INFO - DAG(s) 'example_task_group' retrieved from /home/diallo/Documents/workspace/Python/AirFlowProjects/AirFlow01/venv/lib/python3.10/site-packages/airflow/example_dags/example_task_group.py
[2024-05-30T15:48:49.966-0500] {logging_mixin.py:188} INFO - [2024-05-30T15:48:49.966-0500] {dag.py:3096} INFO - Sync 1 DAGs
[2024-05-30T15:48:49.985-0500] {logging_mixin.py:188} INFO - [2024-05-30T15:48:49.985-0500] {dag.py:3954} INFO - Setting next_dagrun for example_task_group to 2024-05-29 00:00:00+00:00, run_after=2024-05-30 00:00:00+00:00
[2024-05-30T15:48:50.092-0500] {processor.py:183} INFO - Processing /home/diallo/Documents/workspace/Python/AirFlowProjects/AirFlow01/venv/lib/python3.10/site-packages/airflow/example_dags/example_task_group.py took 0.233 seconds
[2024-05-30T15:50:08.116-0500] {processor.py:161} INFO - Started process (PID=28004) to work on /home/diallo/Documents/workspace/Python/AirFlowProjects/AirFlow01/venv/lib/python3.10/site-packages/airflow/example_dags/example_task_group.py
[2024-05-30T15:50:08.129-0500] {processor.py:830} INFO - Processing file /home/diallo/Documents/workspace/Python/AirFlowProjects/AirFlow01/venv/lib/python3.10/site-packages/airflow/example_dags/example_task_group.py for tasks to queue
[2024-05-30T15:50:08.131-0500] {logging_mixin.py:188} INFO - [2024-05-30T15:50:08.130-0500] {dagbag.py:545} INFO - Filling up the DagBag from /home/diallo/Documents/workspace/Python/AirFlowProjects/AirFlow01/venv/lib/python3.10/site-packages/airflow/example_dags/example_task_group.py
[2024-05-30T15:50:08.143-0500] {processor.py:840} INFO - DAG(s) 'example_task_group' retrieved from /home/diallo/Documents/workspace/Python/AirFlowProjects/AirFlow01/venv/lib/python3.10/site-packages/airflow/example_dags/example_task_group.py
[2024-05-30T15:50:08.168-0500] {logging_mixin.py:188} INFO - [2024-05-30T15:50:08.168-0500] {dag.py:3096} INFO - Sync 1 DAGs
[2024-05-30T15:50:08.198-0500] {logging_mixin.py:188} INFO - [2024-05-30T15:50:08.198-0500] {dag.py:3954} INFO - Setting next_dagrun for example_task_group to 2024-05-29 00:00:00+00:00, run_after=2024-05-30 00:00:00+00:00
[2024-05-30T15:50:08.976-0500] {processor.py:183} INFO - Processing /home/diallo/Documents/workspace/Python/AirFlowProjects/AirFlow01/venv/lib/python3.10/site-packages/airflow/example_dags/example_task_group.py took 0.877 seconds
