[2024-05-30T15:38:31.237-0500] {processor.py:161} INFO - Started process (PID=22504) to work on /home/diallo/Documents/workspace/Python/AirFlowProjects/AirFlow01/venv/lib/python3.10/site-packages/airflow/example_dags/example_display_name.py
[2024-05-30T15:38:31.238-0500] {processor.py:830} INFO - Processing file /home/diallo/Documents/workspace/Python/AirFlowProjects/AirFlow01/venv/lib/python3.10/site-packages/airflow/example_dags/example_display_name.py for tasks to queue
[2024-05-30T15:38:31.241-0500] {logging_mixin.py:188} INFO - [2024-05-30T15:38:31.240-0500] {dagbag.py:545} INFO - Filling up the DagBag from /home/diallo/Documents/workspace/Python/AirFlowProjects/AirFlow01/venv/lib/python3.10/site-packages/airflow/example_dags/example_display_name.py
[2024-05-30T15:38:31.249-0500] {processor.py:840} INFO - DAG(s) 'example_display_name' retrieved from /home/diallo/Documents/workspace/Python/AirFlowProjects/AirFlow01/venv/lib/python3.10/site-packages/airflow/example_dags/example_display_name.py
[2024-05-30T15:38:31.476-0500] {logging_mixin.py:188} INFO - [2024-05-30T15:38:31.476-0500] {override.py:1829} INFO - Created Permission View: can delete on DAG:example_display_name
[2024-05-30T15:38:31.557-0500] {logging_mixin.py:188} INFO - [2024-05-30T15:38:31.555-0500] {override.py:1829} INFO - Created Permission View: can edit on DAG:example_display_name
[2024-05-30T15:38:31.623-0500] {logging_mixin.py:188} INFO - [2024-05-30T15:38:31.623-0500] {override.py:1829} INFO - Created Permission View: can read on DAG:example_display_name
[2024-05-30T15:38:31.625-0500] {logging_mixin.py:188} INFO - [2024-05-30T15:38:31.624-0500] {dag.py:3096} INFO - Sync 1 DAGs
[2024-05-30T15:38:31.666-0500] {logging_mixin.py:188} INFO - [2024-05-30T15:38:31.665-0500] {dag.py:3118} INFO - Creating ORM DAG for example_display_name
[2024-05-30T15:38:31.668-0500] {logging_mixin.py:188} INFO - [2024-05-30T15:38:31.668-0500] {dag.py:3954} INFO - Setting next_dagrun for example_display_name to None, run_after=None
[2024-05-30T15:38:31.872-0500] {processor.py:183} INFO - Processing /home/diallo/Documents/workspace/Python/AirFlowProjects/AirFlow01/venv/lib/python3.10/site-packages/airflow/example_dags/example_display_name.py took 0.652 seconds
[2024-05-30T15:39:51.496-0500] {processor.py:161} INFO - Started process (PID=23179) to work on /home/diallo/Documents/workspace/Python/AirFlowProjects/AirFlow01/venv/lib/python3.10/site-packages/airflow/example_dags/example_display_name.py
[2024-05-30T15:39:51.519-0500] {processor.py:830} INFO - Processing file /home/diallo/Documents/workspace/Python/AirFlowProjects/AirFlow01/venv/lib/python3.10/site-packages/airflow/example_dags/example_display_name.py for tasks to queue
[2024-05-30T15:39:51.523-0500] {logging_mixin.py:188} INFO - [2024-05-30T15:39:51.521-0500] {dagbag.py:545} INFO - Filling up the DagBag from /home/diallo/Documents/workspace/Python/AirFlowProjects/AirFlow01/venv/lib/python3.10/site-packages/airflow/example_dags/example_display_name.py
[2024-05-30T15:39:51.534-0500] {processor.py:840} INFO - DAG(s) 'example_display_name' retrieved from /home/diallo/Documents/workspace/Python/AirFlowProjects/AirFlow01/venv/lib/python3.10/site-packages/airflow/example_dags/example_display_name.py
[2024-05-30T15:39:51.560-0500] {logging_mixin.py:188} INFO - [2024-05-30T15:39:51.559-0500] {dag.py:3096} INFO - Sync 1 DAGs
[2024-05-30T15:39:51.580-0500] {logging_mixin.py:188} INFO - [2024-05-30T15:39:51.580-0500] {dag.py:3954} INFO - Setting next_dagrun for example_display_name to None, run_after=None
[2024-05-30T15:39:51.658-0500] {processor.py:183} INFO - Processing /home/diallo/Documents/workspace/Python/AirFlowProjects/AirFlow01/venv/lib/python3.10/site-packages/airflow/example_dags/example_display_name.py took 0.173 seconds
[2024-05-30T15:42:49.292-0500] {processor.py:161} INFO - Started process (PID=24559) to work on /home/diallo/Documents/workspace/Python/AirFlowProjects/AirFlow01/venv/lib/python3.10/site-packages/airflow/example_dags/example_display_name.py
[2024-05-30T15:42:49.323-0500] {processor.py:830} INFO - Processing file /home/diallo/Documents/workspace/Python/AirFlowProjects/AirFlow01/venv/lib/python3.10/site-packages/airflow/example_dags/example_display_name.py for tasks to queue
[2024-05-30T15:42:49.329-0500] {logging_mixin.py:188} INFO - [2024-05-30T15:42:49.328-0500] {dagbag.py:545} INFO - Filling up the DagBag from /home/diallo/Documents/workspace/Python/AirFlowProjects/AirFlow01/venv/lib/python3.10/site-packages/airflow/example_dags/example_display_name.py
[2024-05-30T15:42:49.345-0500] {processor.py:840} INFO - DAG(s) 'example_display_name' retrieved from /home/diallo/Documents/workspace/Python/AirFlowProjects/AirFlow01/venv/lib/python3.10/site-packages/airflow/example_dags/example_display_name.py
[2024-05-30T15:42:49.365-0500] {logging_mixin.py:188} INFO - [2024-05-30T15:42:49.365-0500] {dag.py:3096} INFO - Sync 1 DAGs
[2024-05-30T15:42:49.376-0500] {logging_mixin.py:188} INFO - [2024-05-30T15:42:49.376-0500] {dag.py:3954} INFO - Setting next_dagrun for example_display_name to None, run_after=None
[2024-05-30T15:42:49.434-0500] {processor.py:183} INFO - Processing /home/diallo/Documents/workspace/Python/AirFlowProjects/AirFlow01/venv/lib/python3.10/site-packages/airflow/example_dags/example_display_name.py took 0.150 seconds
[2024-05-30T15:43:54.036-0500] {processor.py:161} INFO - Started process (PID=25067) to work on /home/diallo/Documents/workspace/Python/AirFlowProjects/AirFlow01/venv/lib/python3.10/site-packages/airflow/example_dags/example_display_name.py
[2024-05-30T15:43:54.038-0500] {processor.py:830} INFO - Processing file /home/diallo/Documents/workspace/Python/AirFlowProjects/AirFlow01/venv/lib/python3.10/site-packages/airflow/example_dags/example_display_name.py for tasks to queue
[2024-05-30T15:43:54.040-0500] {logging_mixin.py:188} INFO - [2024-05-30T15:43:54.039-0500] {dagbag.py:545} INFO - Filling up the DagBag from /home/diallo/Documents/workspace/Python/AirFlowProjects/AirFlow01/venv/lib/python3.10/site-packages/airflow/example_dags/example_display_name.py
[2024-05-30T15:43:54.048-0500] {processor.py:840} INFO - DAG(s) 'example_display_name' retrieved from /home/diallo/Documents/workspace/Python/AirFlowProjects/AirFlow01/venv/lib/python3.10/site-packages/airflow/example_dags/example_display_name.py
[2024-05-30T15:43:54.063-0500] {logging_mixin.py:188} INFO - [2024-05-30T15:43:54.062-0500] {dag.py:3096} INFO - Sync 1 DAGs
[2024-05-30T15:43:54.074-0500] {logging_mixin.py:188} INFO - [2024-05-30T15:43:54.074-0500] {dag.py:3954} INFO - Setting next_dagrun for example_display_name to None, run_after=None
[2024-05-30T15:43:54.181-0500] {processor.py:183} INFO - Processing /home/diallo/Documents/workspace/Python/AirFlowProjects/AirFlow01/venv/lib/python3.10/site-packages/airflow/example_dags/example_display_name.py took 0.154 seconds
[2024-05-30T15:45:52.511-0500] {processor.py:161} INFO - Started process (PID=25954) to work on /home/diallo/Documents/workspace/Python/AirFlowProjects/AirFlow01/venv/lib/python3.10/site-packages/airflow/example_dags/example_display_name.py
[2024-05-30T15:45:52.550-0500] {processor.py:830} INFO - Processing file /home/diallo/Documents/workspace/Python/AirFlowProjects/AirFlow01/venv/lib/python3.10/site-packages/airflow/example_dags/example_display_name.py for tasks to queue
[2024-05-30T15:45:52.555-0500] {logging_mixin.py:188} INFO - [2024-05-30T15:45:52.553-0500] {dagbag.py:545} INFO - Filling up the DagBag from /home/diallo/Documents/workspace/Python/AirFlowProjects/AirFlow01/venv/lib/python3.10/site-packages/airflow/example_dags/example_display_name.py
[2024-05-30T15:45:52.581-0500] {processor.py:840} INFO - DAG(s) 'example_display_name' retrieved from /home/diallo/Documents/workspace/Python/AirFlowProjects/AirFlow01/venv/lib/python3.10/site-packages/airflow/example_dags/example_display_name.py
[2024-05-30T15:45:52.612-0500] {logging_mixin.py:188} INFO - [2024-05-30T15:45:52.612-0500] {dag.py:3096} INFO - Sync 1 DAGs
[2024-05-30T15:45:52.625-0500] {logging_mixin.py:188} INFO - [2024-05-30T15:45:52.625-0500] {dag.py:3954} INFO - Setting next_dagrun for example_display_name to None, run_after=None
[2024-05-30T15:45:52.714-0500] {processor.py:183} INFO - Processing /home/diallo/Documents/workspace/Python/AirFlowProjects/AirFlow01/venv/lib/python3.10/site-packages/airflow/example_dags/example_display_name.py took 0.213 seconds
[2024-05-30T15:47:05.415-0500] {processor.py:161} INFO - Started process (PID=26543) to work on /home/diallo/Documents/workspace/Python/AirFlowProjects/AirFlow01/venv/lib/python3.10/site-packages/airflow/example_dags/example_display_name.py
[2024-05-30T15:47:05.450-0500] {processor.py:830} INFO - Processing file /home/diallo/Documents/workspace/Python/AirFlowProjects/AirFlow01/venv/lib/python3.10/site-packages/airflow/example_dags/example_display_name.py for tasks to queue
[2024-05-30T15:47:05.457-0500] {logging_mixin.py:188} INFO - [2024-05-30T15:47:05.455-0500] {dagbag.py:545} INFO - Filling up the DagBag from /home/diallo/Documents/workspace/Python/AirFlowProjects/AirFlow01/venv/lib/python3.10/site-packages/airflow/example_dags/example_display_name.py
[2024-05-30T15:47:05.489-0500] {processor.py:840} INFO - DAG(s) 'example_display_name' retrieved from /home/diallo/Documents/workspace/Python/AirFlowProjects/AirFlow01/venv/lib/python3.10/site-packages/airflow/example_dags/example_display_name.py
[2024-05-30T15:47:05.543-0500] {logging_mixin.py:188} INFO - [2024-05-30T15:47:05.543-0500] {dag.py:3096} INFO - Sync 1 DAGs
[2024-05-30T15:47:05.562-0500] {logging_mixin.py:188} INFO - [2024-05-30T15:47:05.561-0500] {dag.py:3954} INFO - Setting next_dagrun for example_display_name to None, run_after=None
[2024-05-30T15:47:05.660-0500] {processor.py:183} INFO - Processing /home/diallo/Documents/workspace/Python/AirFlowProjects/AirFlow01/venv/lib/python3.10/site-packages/airflow/example_dags/example_display_name.py took 0.270 seconds
[2024-05-30T15:48:13.971-0500] {processor.py:161} INFO - Started process (PID=27098) to work on /home/diallo/Documents/workspace/Python/AirFlowProjects/AirFlow01/venv/lib/python3.10/site-packages/airflow/example_dags/example_display_name.py
[2024-05-30T15:48:14.009-0500] {processor.py:830} INFO - Processing file /home/diallo/Documents/workspace/Python/AirFlowProjects/AirFlow01/venv/lib/python3.10/site-packages/airflow/example_dags/example_display_name.py for tasks to queue
[2024-05-30T15:48:14.015-0500] {logging_mixin.py:188} INFO - [2024-05-30T15:48:14.013-0500] {dagbag.py:545} INFO - Filling up the DagBag from /home/diallo/Documents/workspace/Python/AirFlowProjects/AirFlow01/venv/lib/python3.10/site-packages/airflow/example_dags/example_display_name.py
[2024-05-30T15:48:14.036-0500] {processor.py:840} INFO - DAG(s) 'example_display_name' retrieved from /home/diallo/Documents/workspace/Python/AirFlowProjects/AirFlow01/venv/lib/python3.10/site-packages/airflow/example_dags/example_display_name.py
[2024-05-30T15:48:14.076-0500] {logging_mixin.py:188} INFO - [2024-05-30T15:48:14.075-0500] {dag.py:3096} INFO - Sync 1 DAGs
[2024-05-30T15:48:14.090-0500] {logging_mixin.py:188} INFO - [2024-05-30T15:48:14.090-0500] {dag.py:3954} INFO - Setting next_dagrun for example_display_name to None, run_after=None
[2024-05-30T15:48:14.265-0500] {processor.py:183} INFO - Processing /home/diallo/Documents/workspace/Python/AirFlowProjects/AirFlow01/venv/lib/python3.10/site-packages/airflow/example_dags/example_display_name.py took 0.302 seconds
[2024-05-30T15:49:14.688-0500] {processor.py:161} INFO - Started process (PID=27593) to work on /home/diallo/Documents/workspace/Python/AirFlowProjects/AirFlow01/venv/lib/python3.10/site-packages/airflow/example_dags/example_display_name.py
[2024-05-30T15:49:14.696-0500] {processor.py:830} INFO - Processing file /home/diallo/Documents/workspace/Python/AirFlowProjects/AirFlow01/venv/lib/python3.10/site-packages/airflow/example_dags/example_display_name.py for tasks to queue
[2024-05-30T15:49:14.699-0500] {logging_mixin.py:188} INFO - [2024-05-30T15:49:14.698-0500] {dagbag.py:545} INFO - Filling up the DagBag from /home/diallo/Documents/workspace/Python/AirFlowProjects/AirFlow01/venv/lib/python3.10/site-packages/airflow/example_dags/example_display_name.py
[2024-05-30T15:49:14.706-0500] {processor.py:840} INFO - DAG(s) 'example_display_name' retrieved from /home/diallo/Documents/workspace/Python/AirFlowProjects/AirFlow01/venv/lib/python3.10/site-packages/airflow/example_dags/example_display_name.py
[2024-05-30T15:49:14.722-0500] {logging_mixin.py:188} INFO - [2024-05-30T15:49:14.721-0500] {dag.py:3096} INFO - Sync 1 DAGs
[2024-05-30T15:49:14.733-0500] {logging_mixin.py:188} INFO - [2024-05-30T15:49:14.733-0500] {dag.py:3954} INFO - Setting next_dagrun for example_display_name to None, run_after=None
[2024-05-30T15:49:14.822-0500] {processor.py:183} INFO - Processing /home/diallo/Documents/workspace/Python/AirFlowProjects/AirFlow01/venv/lib/python3.10/site-packages/airflow/example_dags/example_display_name.py took 0.143 seconds
