[2024-05-30T15:37:37.377-0500] {processor.py:161} INFO - Started process (PID=22042) to work on /home/diallo/Documents/workspace/Python/AirFlowProjects/AirFlow01/venv/lib/python3.10/site-packages/airflow/example_dags/example_subdag_operator.py
[2024-05-30T15:37:37.379-0500] {processor.py:830} INFO - Processing file /home/diallo/Documents/workspace/Python/AirFlowProjects/AirFlow01/venv/lib/python3.10/site-packages/airflow/example_dags/example_subdag_operator.py for tasks to queue
[2024-05-30T15:37:37.381-0500] {logging_mixin.py:188} INFO - [2024-05-30T15:37:37.381-0500] {dagbag.py:545} INFO - Filling up the DagBag from /home/diallo/Documents/workspace/Python/AirFlowProjects/AirFlow01/venv/lib/python3.10/site-packages/airflow/example_dags/example_subdag_operator.py
[2024-05-30T15:37:37.403-0500] {processor.py:840} INFO - DAG(s) 'example_subdag_operator.section-1', 'example_subdag_operator.section-2', 'example_subdag_operator' retrieved from /home/diallo/Documents/workspace/Python/AirFlowProjects/AirFlow01/venv/lib/python3.10/site-packages/airflow/example_dags/example_subdag_operator.py
[2024-05-30T15:37:37.636-0500] {logging_mixin.py:188} INFO - [2024-05-30T15:37:37.635-0500] {override.py:1829} INFO - Created Permission View: can delete on DAG:example_subdag_operator
[2024-05-30T15:37:37.694-0500] {logging_mixin.py:188} INFO - [2024-05-30T15:37:37.693-0500] {override.py:1829} INFO - Created Permission View: can edit on DAG:example_subdag_operator
[2024-05-30T15:37:37.851-0500] {logging_mixin.py:188} INFO - [2024-05-30T15:37:37.849-0500] {override.py:1829} INFO - Created Permission View: can read on DAG:example_subdag_operator
[2024-05-30T15:37:37.853-0500] {logging_mixin.py:188} INFO - [2024-05-30T15:37:37.852-0500] {dag.py:3096} INFO - Sync 3 DAGs
[2024-05-30T15:37:37.895-0500] {logging_mixin.py:188} INFO - [2024-05-30T15:37:37.895-0500] {dag.py:3118} INFO - Creating ORM DAG for example_subdag_operator
[2024-05-30T15:37:37.897-0500] {logging_mixin.py:188} INFO - [2024-05-30T15:37:37.897-0500] {dag.py:3118} INFO - Creating ORM DAG for example_subdag_operator.section-1
[2024-05-30T15:37:37.899-0500] {logging_mixin.py:188} INFO - [2024-05-30T15:37:37.898-0500] {dag.py:3118} INFO - Creating ORM DAG for example_subdag_operator.section-2
[2024-05-30T15:37:37.911-0500] {logging_mixin.py:188} INFO - [2024-05-30T15:37:37.911-0500] {dag.py:3954} INFO - Setting next_dagrun for example_subdag_operator to 2022-01-01 00:00:00+00:00, run_after=2022-01-01 00:00:00+00:00
[2024-05-30T15:37:37.912-0500] {logging_mixin.py:188} INFO - [2024-05-30T15:37:37.912-0500] {dag.py:3954} INFO - Setting next_dagrun for example_subdag_operator.section-1 to None, run_after=None
[2024-05-30T15:37:37.912-0500] {logging_mixin.py:188} INFO - [2024-05-30T15:37:37.912-0500] {dag.py:3954} INFO - Setting next_dagrun for example_subdag_operator.section-2 to None, run_after=None
[2024-05-30T15:37:37.920-0500] {logging_mixin.py:188} INFO - [2024-05-30T15:37:37.920-0500] {dag.py:3096} INFO - Sync 2 DAGs
[2024-05-30T15:37:37.924-0500] {logging_mixin.py:188} INFO - [2024-05-30T15:37:37.924-0500] {dag.py:3954} INFO - Setting next_dagrun for example_subdag_operator.section-1 to None, run_after=None
[2024-05-30T15:37:37.926-0500] {logging_mixin.py:188} INFO - [2024-05-30T15:37:37.926-0500] {dag.py:3954} INFO - Setting next_dagrun for example_subdag_operator.section-2 to None, run_after=None
[2024-05-30T15:37:37.997-0500] {processor.py:183} INFO - Processing /home/diallo/Documents/workspace/Python/AirFlowProjects/AirFlow01/venv/lib/python3.10/site-packages/airflow/example_dags/example_subdag_operator.py took 0.628 seconds
[2024-05-30T15:39:10.386-0500] {processor.py:161} INFO - Started process (PID=22865) to work on /home/diallo/Documents/workspace/Python/AirFlowProjects/AirFlow01/venv/lib/python3.10/site-packages/airflow/example_dags/example_subdag_operator.py
[2024-05-30T15:39:10.407-0500] {processor.py:830} INFO - Processing file /home/diallo/Documents/workspace/Python/AirFlowProjects/AirFlow01/venv/lib/python3.10/site-packages/airflow/example_dags/example_subdag_operator.py for tasks to queue
[2024-05-30T15:39:10.409-0500] {logging_mixin.py:188} INFO - [2024-05-30T15:39:10.409-0500] {dagbag.py:545} INFO - Filling up the DagBag from /home/diallo/Documents/workspace/Python/AirFlowProjects/AirFlow01/venv/lib/python3.10/site-packages/airflow/example_dags/example_subdag_operator.py
[2024-05-30T15:39:10.431-0500] {processor.py:840} INFO - DAG(s) 'example_subdag_operator.section-1', 'example_subdag_operator.section-2', 'example_subdag_operator' retrieved from /home/diallo/Documents/workspace/Python/AirFlowProjects/AirFlow01/venv/lib/python3.10/site-packages/airflow/example_dags/example_subdag_operator.py
[2024-05-30T15:39:10.446-0500] {logging_mixin.py:188} INFO - [2024-05-30T15:39:10.446-0500] {dag.py:3096} INFO - Sync 3 DAGs
[2024-05-30T15:39:10.465-0500] {logging_mixin.py:188} INFO - [2024-05-30T15:39:10.465-0500] {dag.py:3954} INFO - Setting next_dagrun for example_subdag_operator to 2022-01-01 00:00:00+00:00, run_after=2022-01-01 00:00:00+00:00
[2024-05-30T15:39:10.469-0500] {logging_mixin.py:188} INFO - [2024-05-30T15:39:10.468-0500] {dag.py:3954} INFO - Setting next_dagrun for example_subdag_operator.section-1 to None, run_after=None
[2024-05-30T15:39:10.470-0500] {logging_mixin.py:188} INFO - [2024-05-30T15:39:10.469-0500] {dag.py:3954} INFO - Setting next_dagrun for example_subdag_operator.section-2 to None, run_after=None
[2024-05-30T15:39:10.475-0500] {logging_mixin.py:188} INFO - [2024-05-30T15:39:10.475-0500] {dag.py:3096} INFO - Sync 2 DAGs
[2024-05-30T15:39:10.479-0500] {logging_mixin.py:188} INFO - [2024-05-30T15:39:10.479-0500] {dag.py:3954} INFO - Setting next_dagrun for example_subdag_operator.section-1 to None, run_after=None
[2024-05-30T15:39:10.480-0500] {logging_mixin.py:188} INFO - [2024-05-30T15:39:10.480-0500] {dag.py:3954} INFO - Setting next_dagrun for example_subdag_operator.section-2 to None, run_after=None
[2024-05-30T15:39:10.541-0500] {processor.py:183} INFO - Processing /home/diallo/Documents/workspace/Python/AirFlowProjects/AirFlow01/venv/lib/python3.10/site-packages/airflow/example_dags/example_subdag_operator.py took 0.164 seconds
[2024-05-30T15:41:09.037-0500] {processor.py:161} INFO - Started process (PID=23769) to work on /home/diallo/Documents/workspace/Python/AirFlowProjects/AirFlow01/venv/lib/python3.10/site-packages/airflow/example_dags/example_subdag_operator.py
[2024-05-30T15:41:09.064-0500] {processor.py:830} INFO - Processing file /home/diallo/Documents/workspace/Python/AirFlowProjects/AirFlow01/venv/lib/python3.10/site-packages/airflow/example_dags/example_subdag_operator.py for tasks to queue
[2024-05-30T15:41:09.069-0500] {logging_mixin.py:188} INFO - [2024-05-30T15:41:09.068-0500] {dagbag.py:545} INFO - Filling up the DagBag from /home/diallo/Documents/workspace/Python/AirFlowProjects/AirFlow01/venv/lib/python3.10/site-packages/airflow/example_dags/example_subdag_operator.py
[2024-05-30T15:41:09.106-0500] {processor.py:840} INFO - DAG(s) 'example_subdag_operator.section-1', 'example_subdag_operator.section-2', 'example_subdag_operator' retrieved from /home/diallo/Documents/workspace/Python/AirFlowProjects/AirFlow01/venv/lib/python3.10/site-packages/airflow/example_dags/example_subdag_operator.py
[2024-05-30T15:41:09.121-0500] {logging_mixin.py:188} INFO - [2024-05-30T15:41:09.121-0500] {dag.py:3096} INFO - Sync 3 DAGs
[2024-05-30T15:41:09.223-0500] {logging_mixin.py:188} INFO - [2024-05-30T15:41:09.222-0500] {dag.py:3954} INFO - Setting next_dagrun for example_subdag_operator to 2022-01-01 00:00:00+00:00, run_after=2022-01-01 00:00:00+00:00
[2024-05-30T15:41:09.226-0500] {logging_mixin.py:188} INFO - [2024-05-30T15:41:09.225-0500] {dag.py:3954} INFO - Setting next_dagrun for example_subdag_operator.section-1 to None, run_after=None
[2024-05-30T15:41:09.227-0500] {logging_mixin.py:188} INFO - [2024-05-30T15:41:09.227-0500] {dag.py:3954} INFO - Setting next_dagrun for example_subdag_operator.section-2 to None, run_after=None
[2024-05-30T15:41:09.232-0500] {logging_mixin.py:188} INFO - [2024-05-30T15:41:09.231-0500] {dag.py:3096} INFO - Sync 2 DAGs
[2024-05-30T15:41:09.236-0500] {logging_mixin.py:188} INFO - [2024-05-30T15:41:09.235-0500] {dag.py:3954} INFO - Setting next_dagrun for example_subdag_operator.section-1 to None, run_after=None
[2024-05-30T15:41:09.236-0500] {logging_mixin.py:188} INFO - [2024-05-30T15:41:09.236-0500] {dag.py:3954} INFO - Setting next_dagrun for example_subdag_operator.section-2 to None, run_after=None
[2024-05-30T15:41:09.952-0500] {processor.py:183} INFO - Processing /home/diallo/Documents/workspace/Python/AirFlowProjects/AirFlow01/venv/lib/python3.10/site-packages/airflow/example_dags/example_subdag_operator.py took 0.924 seconds
[2024-05-30T15:42:22.143-0500] {processor.py:161} INFO - Started process (PID=24331) to work on /home/diallo/Documents/workspace/Python/AirFlowProjects/AirFlow01/venv/lib/python3.10/site-packages/airflow/example_dags/example_subdag_operator.py
[2024-05-30T15:42:22.191-0500] {processor.py:830} INFO - Processing file /home/diallo/Documents/workspace/Python/AirFlowProjects/AirFlow01/venv/lib/python3.10/site-packages/airflow/example_dags/example_subdag_operator.py for tasks to queue
[2024-05-30T15:42:22.197-0500] {logging_mixin.py:188} INFO - [2024-05-30T15:42:22.196-0500] {dagbag.py:545} INFO - Filling up the DagBag from /home/diallo/Documents/workspace/Python/AirFlowProjects/AirFlow01/venv/lib/python3.10/site-packages/airflow/example_dags/example_subdag_operator.py
[2024-05-30T15:42:22.239-0500] {processor.py:840} INFO - DAG(s) 'example_subdag_operator.section-1', 'example_subdag_operator.section-2', 'example_subdag_operator' retrieved from /home/diallo/Documents/workspace/Python/AirFlowProjects/AirFlow01/venv/lib/python3.10/site-packages/airflow/example_dags/example_subdag_operator.py
[2024-05-30T15:42:22.254-0500] {logging_mixin.py:188} INFO - [2024-05-30T15:42:22.253-0500] {dag.py:3096} INFO - Sync 3 DAGs
[2024-05-30T15:42:22.274-0500] {logging_mixin.py:188} INFO - [2024-05-30T15:42:22.273-0500] {dag.py:3954} INFO - Setting next_dagrun for example_subdag_operator to 2022-01-01 00:00:00+00:00, run_after=2022-01-01 00:00:00+00:00
[2024-05-30T15:42:22.277-0500] {logging_mixin.py:188} INFO - [2024-05-30T15:42:22.276-0500] {dag.py:3954} INFO - Setting next_dagrun for example_subdag_operator.section-1 to None, run_after=None
[2024-05-30T15:42:22.278-0500] {logging_mixin.py:188} INFO - [2024-05-30T15:42:22.278-0500] {dag.py:3954} INFO - Setting next_dagrun for example_subdag_operator.section-2 to None, run_after=None
[2024-05-30T15:42:22.284-0500] {logging_mixin.py:188} INFO - [2024-05-30T15:42:22.283-0500] {dag.py:3096} INFO - Sync 2 DAGs
[2024-05-30T15:42:22.289-0500] {logging_mixin.py:188} INFO - [2024-05-30T15:42:22.289-0500] {dag.py:3954} INFO - Setting next_dagrun for example_subdag_operator.section-1 to None, run_after=None
[2024-05-30T15:42:22.289-0500] {logging_mixin.py:188} INFO - [2024-05-30T15:42:22.289-0500] {dag.py:3954} INFO - Setting next_dagrun for example_subdag_operator.section-2 to None, run_after=None
[2024-05-30T15:42:23.099-0500] {processor.py:183} INFO - Processing /home/diallo/Documents/workspace/Python/AirFlowProjects/AirFlow01/venv/lib/python3.10/site-packages/airflow/example_dags/example_subdag_operator.py took 0.961 seconds
[2024-05-30T15:43:19.923-0500] {processor.py:161} INFO - Started process (PID=24795) to work on /home/diallo/Documents/workspace/Python/AirFlowProjects/AirFlow01/venv/lib/python3.10/site-packages/airflow/example_dags/example_subdag_operator.py
[2024-05-30T15:43:19.962-0500] {processor.py:830} INFO - Processing file /home/diallo/Documents/workspace/Python/AirFlowProjects/AirFlow01/venv/lib/python3.10/site-packages/airflow/example_dags/example_subdag_operator.py for tasks to queue
[2024-05-30T15:43:19.964-0500] {logging_mixin.py:188} INFO - [2024-05-30T15:43:19.964-0500] {dagbag.py:545} INFO - Filling up the DagBag from /home/diallo/Documents/workspace/Python/AirFlowProjects/AirFlow01/venv/lib/python3.10/site-packages/airflow/example_dags/example_subdag_operator.py
[2024-05-30T15:43:19.984-0500] {processor.py:840} INFO - DAG(s) 'example_subdag_operator.section-1', 'example_subdag_operator.section-2', 'example_subdag_operator' retrieved from /home/diallo/Documents/workspace/Python/AirFlowProjects/AirFlow01/venv/lib/python3.10/site-packages/airflow/example_dags/example_subdag_operator.py
[2024-05-30T15:43:20.001-0500] {logging_mixin.py:188} INFO - [2024-05-30T15:43:20.000-0500] {dag.py:3096} INFO - Sync 3 DAGs
[2024-05-30T15:43:20.021-0500] {logging_mixin.py:188} INFO - [2024-05-30T15:43:20.021-0500] {dag.py:3954} INFO - Setting next_dagrun for example_subdag_operator to 2022-01-01 00:00:00+00:00, run_after=2022-01-01 00:00:00+00:00
[2024-05-30T15:43:20.025-0500] {logging_mixin.py:188} INFO - [2024-05-30T15:43:20.024-0500] {dag.py:3954} INFO - Setting next_dagrun for example_subdag_operator.section-1 to None, run_after=None
[2024-05-30T15:43:20.026-0500] {logging_mixin.py:188} INFO - [2024-05-30T15:43:20.026-0500] {dag.py:3954} INFO - Setting next_dagrun for example_subdag_operator.section-2 to None, run_after=None
[2024-05-30T15:43:20.032-0500] {logging_mixin.py:188} INFO - [2024-05-30T15:43:20.032-0500] {dag.py:3096} INFO - Sync 2 DAGs
[2024-05-30T15:43:20.036-0500] {logging_mixin.py:188} INFO - [2024-05-30T15:43:20.036-0500] {dag.py:3954} INFO - Setting next_dagrun for example_subdag_operator.section-1 to None, run_after=None
[2024-05-30T15:43:20.036-0500] {logging_mixin.py:188} INFO - [2024-05-30T15:43:20.036-0500] {dag.py:3954} INFO - Setting next_dagrun for example_subdag_operator.section-2 to None, run_after=None
[2024-05-30T15:43:20.095-0500] {processor.py:183} INFO - Processing /home/diallo/Documents/workspace/Python/AirFlowProjects/AirFlow01/venv/lib/python3.10/site-packages/airflow/example_dags/example_subdag_operator.py took 0.184 seconds
[2024-05-30T15:44:28.434-0500] {processor.py:161} INFO - Started process (PID=25333) to work on /home/diallo/Documents/workspace/Python/AirFlowProjects/AirFlow01/venv/lib/python3.10/site-packages/airflow/example_dags/example_subdag_operator.py
[2024-05-30T15:44:28.468-0500] {processor.py:830} INFO - Processing file /home/diallo/Documents/workspace/Python/AirFlowProjects/AirFlow01/venv/lib/python3.10/site-packages/airflow/example_dags/example_subdag_operator.py for tasks to queue
[2024-05-30T15:44:28.471-0500] {logging_mixin.py:188} INFO - [2024-05-30T15:44:28.470-0500] {dagbag.py:545} INFO - Filling up the DagBag from /home/diallo/Documents/workspace/Python/AirFlowProjects/AirFlow01/venv/lib/python3.10/site-packages/airflow/example_dags/example_subdag_operator.py
[2024-05-30T15:44:28.506-0500] {processor.py:840} INFO - DAG(s) 'example_subdag_operator.section-1', 'example_subdag_operator.section-2', 'example_subdag_operator' retrieved from /home/diallo/Documents/workspace/Python/AirFlowProjects/AirFlow01/venv/lib/python3.10/site-packages/airflow/example_dags/example_subdag_operator.py
[2024-05-30T15:44:28.521-0500] {logging_mixin.py:188} INFO - [2024-05-30T15:44:28.521-0500] {dag.py:3096} INFO - Sync 3 DAGs
[2024-05-30T15:44:28.540-0500] {logging_mixin.py:188} INFO - [2024-05-30T15:44:28.539-0500] {dag.py:3954} INFO - Setting next_dagrun for example_subdag_operator to 2022-01-01 00:00:00+00:00, run_after=2022-01-01 00:00:00+00:00
[2024-05-30T15:44:28.543-0500] {logging_mixin.py:188} INFO - [2024-05-30T15:44:28.543-0500] {dag.py:3954} INFO - Setting next_dagrun for example_subdag_operator.section-1 to None, run_after=None
[2024-05-30T15:44:28.544-0500] {logging_mixin.py:188} INFO - [2024-05-30T15:44:28.544-0500] {dag.py:3954} INFO - Setting next_dagrun for example_subdag_operator.section-2 to None, run_after=None
[2024-05-30T15:44:28.550-0500] {logging_mixin.py:188} INFO - [2024-05-30T15:44:28.550-0500] {dag.py:3096} INFO - Sync 2 DAGs
[2024-05-30T15:44:28.554-0500] {logging_mixin.py:188} INFO - [2024-05-30T15:44:28.554-0500] {dag.py:3954} INFO - Setting next_dagrun for example_subdag_operator.section-1 to None, run_after=None
[2024-05-30T15:44:28.554-0500] {logging_mixin.py:188} INFO - [2024-05-30T15:44:28.554-0500] {dag.py:3954} INFO - Setting next_dagrun for example_subdag_operator.section-2 to None, run_after=None
[2024-05-30T15:44:29.191-0500] {processor.py:183} INFO - Processing /home/diallo/Documents/workspace/Python/AirFlowProjects/AirFlow01/venv/lib/python3.10/site-packages/airflow/example_dags/example_subdag_operator.py took 0.766 seconds
[2024-05-30T15:46:24.759-0500] {processor.py:161} INFO - Started process (PID=26215) to work on /home/diallo/Documents/workspace/Python/AirFlowProjects/AirFlow01/venv/lib/python3.10/site-packages/airflow/example_dags/example_subdag_operator.py
[2024-05-30T15:46:24.799-0500] {processor.py:830} INFO - Processing file /home/diallo/Documents/workspace/Python/AirFlowProjects/AirFlow01/venv/lib/python3.10/site-packages/airflow/example_dags/example_subdag_operator.py for tasks to queue
[2024-05-30T15:46:24.806-0500] {logging_mixin.py:188} INFO - [2024-05-30T15:46:24.804-0500] {dagbag.py:545} INFO - Filling up the DagBag from /home/diallo/Documents/workspace/Python/AirFlowProjects/AirFlow01/venv/lib/python3.10/site-packages/airflow/example_dags/example_subdag_operator.py
[2024-05-30T15:46:24.884-0500] {processor.py:840} INFO - DAG(s) 'example_subdag_operator.section-1', 'example_subdag_operator.section-2', 'example_subdag_operator' retrieved from /home/diallo/Documents/workspace/Python/AirFlowProjects/AirFlow01/venv/lib/python3.10/site-packages/airflow/example_dags/example_subdag_operator.py
[2024-05-30T15:46:24.915-0500] {logging_mixin.py:188} INFO - [2024-05-30T15:46:24.915-0500] {dag.py:3096} INFO - Sync 3 DAGs
[2024-05-30T15:46:24.937-0500] {logging_mixin.py:188} INFO - [2024-05-30T15:46:24.937-0500] {dag.py:3954} INFO - Setting next_dagrun for example_subdag_operator to 2022-01-01 00:00:00+00:00, run_after=2022-01-01 00:00:00+00:00
[2024-05-30T15:46:24.941-0500] {logging_mixin.py:188} INFO - [2024-05-30T15:46:24.940-0500] {dag.py:3954} INFO - Setting next_dagrun for example_subdag_operator.section-1 to None, run_after=None
[2024-05-30T15:46:24.942-0500] {logging_mixin.py:188} INFO - [2024-05-30T15:46:24.941-0500] {dag.py:3954} INFO - Setting next_dagrun for example_subdag_operator.section-2 to None, run_after=None
[2024-05-30T15:46:24.949-0500] {logging_mixin.py:188} INFO - [2024-05-30T15:46:24.949-0500] {dag.py:3096} INFO - Sync 2 DAGs
[2024-05-30T15:46:24.955-0500] {logging_mixin.py:188} INFO - [2024-05-30T15:46:24.955-0500] {dag.py:3954} INFO - Setting next_dagrun for example_subdag_operator.section-1 to None, run_after=None
[2024-05-30T15:46:24.956-0500] {logging_mixin.py:188} INFO - [2024-05-30T15:46:24.956-0500] {dag.py:3954} INFO - Setting next_dagrun for example_subdag_operator.section-2 to None, run_after=None
[2024-05-30T15:46:25.068-0500] {processor.py:183} INFO - Processing /home/diallo/Documents/workspace/Python/AirFlowProjects/AirFlow01/venv/lib/python3.10/site-packages/airflow/example_dags/example_subdag_operator.py took 0.327 seconds
[2024-05-30T15:47:34.011-0500] {processor.py:161} INFO - Started process (PID=26768) to work on /home/diallo/Documents/workspace/Python/AirFlowProjects/AirFlow01/venv/lib/python3.10/site-packages/airflow/example_dags/example_subdag_operator.py
[2024-05-30T15:47:34.048-0500] {processor.py:830} INFO - Processing file /home/diallo/Documents/workspace/Python/AirFlowProjects/AirFlow01/venv/lib/python3.10/site-packages/airflow/example_dags/example_subdag_operator.py for tasks to queue
[2024-05-30T15:47:34.051-0500] {logging_mixin.py:188} INFO - [2024-05-30T15:47:34.050-0500] {dagbag.py:545} INFO - Filling up the DagBag from /home/diallo/Documents/workspace/Python/AirFlowProjects/AirFlow01/venv/lib/python3.10/site-packages/airflow/example_dags/example_subdag_operator.py
[2024-05-30T15:47:34.116-0500] {processor.py:840} INFO - DAG(s) 'example_subdag_operator.section-1', 'example_subdag_operator.section-2', 'example_subdag_operator' retrieved from /home/diallo/Documents/workspace/Python/AirFlowProjects/AirFlow01/venv/lib/python3.10/site-packages/airflow/example_dags/example_subdag_operator.py
[2024-05-30T15:47:34.140-0500] {logging_mixin.py:188} INFO - [2024-05-30T15:47:34.140-0500] {dag.py:3096} INFO - Sync 3 DAGs
[2024-05-30T15:47:34.165-0500] {logging_mixin.py:188} INFO - [2024-05-30T15:47:34.165-0500] {dag.py:3954} INFO - Setting next_dagrun for example_subdag_operator to 2022-01-01 00:00:00+00:00, run_after=2022-01-01 00:00:00+00:00
[2024-05-30T15:47:34.169-0500] {logging_mixin.py:188} INFO - [2024-05-30T15:47:34.169-0500] {dag.py:3954} INFO - Setting next_dagrun for example_subdag_operator.section-1 to None, run_after=None
[2024-05-30T15:47:34.170-0500] {logging_mixin.py:188} INFO - [2024-05-30T15:47:34.170-0500] {dag.py:3954} INFO - Setting next_dagrun for example_subdag_operator.section-2 to None, run_after=None
[2024-05-30T15:47:34.179-0500] {logging_mixin.py:188} INFO - [2024-05-30T15:47:34.179-0500] {dag.py:3096} INFO - Sync 2 DAGs
[2024-05-30T15:47:34.183-0500] {logging_mixin.py:188} INFO - [2024-05-30T15:47:34.183-0500] {dag.py:3954} INFO - Setting next_dagrun for example_subdag_operator.section-1 to None, run_after=None
[2024-05-30T15:47:34.183-0500] {logging_mixin.py:188} INFO - [2024-05-30T15:47:34.183-0500] {dag.py:3954} INFO - Setting next_dagrun for example_subdag_operator.section-2 to None, run_after=None
[2024-05-30T15:47:34.260-0500] {processor.py:183} INFO - Processing /home/diallo/Documents/workspace/Python/AirFlowProjects/AirFlow01/venv/lib/python3.10/site-packages/airflow/example_dags/example_subdag_operator.py took 0.284 seconds
[2024-05-30T15:48:37.381-0500] {processor.py:161} INFO - Started process (PID=27298) to work on /home/diallo/Documents/workspace/Python/AirFlowProjects/AirFlow01/venv/lib/python3.10/site-packages/airflow/example_dags/example_subdag_operator.py
[2024-05-30T15:48:37.421-0500] {processor.py:830} INFO - Processing file /home/diallo/Documents/workspace/Python/AirFlowProjects/AirFlow01/venv/lib/python3.10/site-packages/airflow/example_dags/example_subdag_operator.py for tasks to queue
[2024-05-30T15:48:37.427-0500] {logging_mixin.py:188} INFO - [2024-05-30T15:48:37.425-0500] {dagbag.py:545} INFO - Filling up the DagBag from /home/diallo/Documents/workspace/Python/AirFlowProjects/AirFlow01/venv/lib/python3.10/site-packages/airflow/example_dags/example_subdag_operator.py
[2024-05-30T15:48:37.467-0500] {processor.py:840} INFO - DAG(s) 'example_subdag_operator.section-1', 'example_subdag_operator.section-2', 'example_subdag_operator' retrieved from /home/diallo/Documents/workspace/Python/AirFlowProjects/AirFlow01/venv/lib/python3.10/site-packages/airflow/example_dags/example_subdag_operator.py
[2024-05-30T15:48:37.482-0500] {logging_mixin.py:188} INFO - [2024-05-30T15:48:37.482-0500] {dag.py:3096} INFO - Sync 3 DAGs
[2024-05-30T15:48:37.501-0500] {logging_mixin.py:188} INFO - [2024-05-30T15:48:37.500-0500] {dag.py:3954} INFO - Setting next_dagrun for example_subdag_operator to 2022-01-01 00:00:00+00:00, run_after=2022-01-01 00:00:00+00:00
[2024-05-30T15:48:37.504-0500] {logging_mixin.py:188} INFO - [2024-05-30T15:48:37.504-0500] {dag.py:3954} INFO - Setting next_dagrun for example_subdag_operator.section-1 to None, run_after=None
[2024-05-30T15:48:37.505-0500] {logging_mixin.py:188} INFO - [2024-05-30T15:48:37.505-0500] {dag.py:3954} INFO - Setting next_dagrun for example_subdag_operator.section-2 to None, run_after=None
[2024-05-30T15:48:37.510-0500] {logging_mixin.py:188} INFO - [2024-05-30T15:48:37.510-0500] {dag.py:3096} INFO - Sync 2 DAGs
[2024-05-30T15:48:37.515-0500] {logging_mixin.py:188} INFO - [2024-05-30T15:48:37.515-0500] {dag.py:3954} INFO - Setting next_dagrun for example_subdag_operator.section-1 to None, run_after=None
[2024-05-30T15:48:37.515-0500] {logging_mixin.py:188} INFO - [2024-05-30T15:48:37.515-0500] {dag.py:3954} INFO - Setting next_dagrun for example_subdag_operator.section-2 to None, run_after=None
[2024-05-30T15:48:37.575-0500] {processor.py:183} INFO - Processing /home/diallo/Documents/workspace/Python/AirFlowProjects/AirFlow01/venv/lib/python3.10/site-packages/airflow/example_dags/example_subdag_operator.py took 0.203 seconds
[2024-05-30T15:49:43.146-0500] {processor.py:161} INFO - Started process (PID=27816) to work on /home/diallo/Documents/workspace/Python/AirFlowProjects/AirFlow01/venv/lib/python3.10/site-packages/airflow/example_dags/example_subdag_operator.py
[2024-05-30T15:49:43.186-0500] {processor.py:830} INFO - Processing file /home/diallo/Documents/workspace/Python/AirFlowProjects/AirFlow01/venv/lib/python3.10/site-packages/airflow/example_dags/example_subdag_operator.py for tasks to queue
[2024-05-30T15:49:43.189-0500] {logging_mixin.py:188} INFO - [2024-05-30T15:49:43.188-0500] {dagbag.py:545} INFO - Filling up the DagBag from /home/diallo/Documents/workspace/Python/AirFlowProjects/AirFlow01/venv/lib/python3.10/site-packages/airflow/example_dags/example_subdag_operator.py
[2024-05-30T15:49:43.224-0500] {processor.py:840} INFO - DAG(s) 'example_subdag_operator.section-1', 'example_subdag_operator.section-2', 'example_subdag_operator' retrieved from /home/diallo/Documents/workspace/Python/AirFlowProjects/AirFlow01/venv/lib/python3.10/site-packages/airflow/example_dags/example_subdag_operator.py
[2024-05-30T15:49:43.239-0500] {logging_mixin.py:188} INFO - [2024-05-30T15:49:43.239-0500] {dag.py:3096} INFO - Sync 3 DAGs
[2024-05-30T15:49:43.259-0500] {logging_mixin.py:188} INFO - [2024-05-30T15:49:43.259-0500] {dag.py:3954} INFO - Setting next_dagrun for example_subdag_operator to 2022-01-01 00:00:00+00:00, run_after=2022-01-01 00:00:00+00:00
[2024-05-30T15:49:43.263-0500] {logging_mixin.py:188} INFO - [2024-05-30T15:49:43.263-0500] {dag.py:3954} INFO - Setting next_dagrun for example_subdag_operator.section-1 to None, run_after=None
[2024-05-30T15:49:43.264-0500] {logging_mixin.py:188} INFO - [2024-05-30T15:49:43.264-0500] {dag.py:3954} INFO - Setting next_dagrun for example_subdag_operator.section-2 to None, run_after=None
[2024-05-30T15:49:43.269-0500] {logging_mixin.py:188} INFO - [2024-05-30T15:49:43.269-0500] {dag.py:3096} INFO - Sync 2 DAGs
[2024-05-30T15:49:43.273-0500] {logging_mixin.py:188} INFO - [2024-05-30T15:49:43.273-0500] {dag.py:3954} INFO - Setting next_dagrun for example_subdag_operator.section-1 to None, run_after=None
[2024-05-30T15:49:43.274-0500] {logging_mixin.py:188} INFO - [2024-05-30T15:49:43.274-0500] {dag.py:3954} INFO - Setting next_dagrun for example_subdag_operator.section-2 to None, run_after=None
[2024-05-30T15:49:44.086-0500] {processor.py:183} INFO - Processing /home/diallo/Documents/workspace/Python/AirFlowProjects/AirFlow01/venv/lib/python3.10/site-packages/airflow/example_dags/example_subdag_operator.py took 0.953 seconds
