[2024-05-30T15:37:50.434-0500] {processor.py:161} INFO - Started process (PID=22163) to work on /home/diallo/Documents/workspace/Python/AirFlowProjects/AirFlow01/venv/lib/python3.10/site-packages/airflow/example_dags/example_task_group_decorator.py
[2024-05-30T15:37:50.436-0500] {processor.py:830} INFO - Processing file /home/diallo/Documents/workspace/Python/AirFlowProjects/AirFlow01/venv/lib/python3.10/site-packages/airflow/example_dags/example_task_group_decorator.py for tasks to queue
[2024-05-30T15:37:50.440-0500] {logging_mixin.py:188} INFO - [2024-05-30T15:37:50.440-0500] {dagbag.py:545} INFO - Filling up the DagBag from /home/diallo/Documents/workspace/Python/AirFlowProjects/AirFlow01/venv/lib/python3.10/site-packages/airflow/example_dags/example_task_group_decorator.py
[2024-05-30T15:37:50.466-0500] {processor.py:840} INFO - DAG(s) 'example_task_group_decorator' retrieved from /home/diallo/Documents/workspace/Python/AirFlowProjects/AirFlow01/venv/lib/python3.10/site-packages/airflow/example_dags/example_task_group_decorator.py
[2024-05-30T15:37:51.010-0500] {logging_mixin.py:188} INFO - [2024-05-30T15:37:51.008-0500] {override.py:1829} INFO - Created Permission View: can delete on DAG:example_task_group_decorator
[2024-05-30T15:37:51.066-0500] {logging_mixin.py:188} INFO - [2024-05-30T15:37:51.065-0500] {override.py:1829} INFO - Created Permission View: can edit on DAG:example_task_group_decorator
[2024-05-30T15:37:51.248-0500] {logging_mixin.py:188} INFO - [2024-05-30T15:37:51.246-0500] {override.py:1829} INFO - Created Permission View: can read on DAG:example_task_group_decorator
[2024-05-30T15:37:51.249-0500] {logging_mixin.py:188} INFO - [2024-05-30T15:37:51.248-0500] {dag.py:3096} INFO - Sync 1 DAGs
[2024-05-30T15:37:51.317-0500] {logging_mixin.py:188} INFO - [2024-05-30T15:37:51.316-0500] {dag.py:3118} INFO - Creating ORM DAG for example_task_group_decorator
[2024-05-30T15:37:51.404-0500] {logging_mixin.py:188} INFO - [2024-05-30T15:37:51.403-0500] {dag.py:3954} INFO - Setting next_dagrun for example_task_group_decorator to 2024-05-29 00:00:00+00:00, run_after=2024-05-30 00:00:00+00:00
[2024-05-30T15:37:51.764-0500] {processor.py:183} INFO - Processing /home/diallo/Documents/workspace/Python/AirFlowProjects/AirFlow01/venv/lib/python3.10/site-packages/airflow/example_dags/example_task_group_decorator.py took 1.350 seconds
[2024-05-30T15:39:16.789-0500] {processor.py:161} INFO - Started process (PID=22916) to work on /home/diallo/Documents/workspace/Python/AirFlowProjects/AirFlow01/venv/lib/python3.10/site-packages/airflow/example_dags/example_task_group_decorator.py
[2024-05-30T15:39:16.847-0500] {processor.py:830} INFO - Processing file /home/diallo/Documents/workspace/Python/AirFlowProjects/AirFlow01/venv/lib/python3.10/site-packages/airflow/example_dags/example_task_group_decorator.py for tasks to queue
[2024-05-30T15:39:16.853-0500] {logging_mixin.py:188} INFO - [2024-05-30T15:39:16.852-0500] {dagbag.py:545} INFO - Filling up the DagBag from /home/diallo/Documents/workspace/Python/AirFlowProjects/AirFlow01/venv/lib/python3.10/site-packages/airflow/example_dags/example_task_group_decorator.py
[2024-05-30T15:39:16.881-0500] {processor.py:840} INFO - DAG(s) 'example_task_group_decorator' retrieved from /home/diallo/Documents/workspace/Python/AirFlowProjects/AirFlow01/venv/lib/python3.10/site-packages/airflow/example_dags/example_task_group_decorator.py
[2024-05-30T15:39:16.908-0500] {logging_mixin.py:188} INFO - [2024-05-30T15:39:16.907-0500] {dag.py:3096} INFO - Sync 1 DAGs
[2024-05-30T15:39:16.926-0500] {logging_mixin.py:188} INFO - [2024-05-30T15:39:16.926-0500] {dag.py:3954} INFO - Setting next_dagrun for example_task_group_decorator to 2024-05-29 00:00:00+00:00, run_after=2024-05-30 00:00:00+00:00
[2024-05-30T15:39:16.988-0500] {processor.py:183} INFO - Processing /home/diallo/Documents/workspace/Python/AirFlowProjects/AirFlow01/venv/lib/python3.10/site-packages/airflow/example_dags/example_task_group_decorator.py took 0.210 seconds
[2024-05-30T15:41:25.322-0500] {processor.py:161} INFO - Started process (PID=23893) to work on /home/diallo/Documents/workspace/Python/AirFlowProjects/AirFlow01/venv/lib/python3.10/site-packages/airflow/example_dags/example_task_group_decorator.py
[2024-05-30T15:41:25.323-0500] {processor.py:830} INFO - Processing file /home/diallo/Documents/workspace/Python/AirFlowProjects/AirFlow01/venv/lib/python3.10/site-packages/airflow/example_dags/example_task_group_decorator.py for tasks to queue
[2024-05-30T15:41:25.325-0500] {logging_mixin.py:188} INFO - [2024-05-30T15:41:25.325-0500] {dagbag.py:545} INFO - Filling up the DagBag from /home/diallo/Documents/workspace/Python/AirFlowProjects/AirFlow01/venv/lib/python3.10/site-packages/airflow/example_dags/example_task_group_decorator.py
[2024-05-30T15:41:25.343-0500] {processor.py:840} INFO - DAG(s) 'example_task_group_decorator' retrieved from /home/diallo/Documents/workspace/Python/AirFlowProjects/AirFlow01/venv/lib/python3.10/site-packages/airflow/example_dags/example_task_group_decorator.py
[2024-05-30T15:41:25.446-0500] {logging_mixin.py:188} INFO - [2024-05-30T15:41:25.446-0500] {dag.py:3096} INFO - Sync 1 DAGs
[2024-05-30T15:41:25.464-0500] {logging_mixin.py:188} INFO - [2024-05-30T15:41:25.463-0500] {dag.py:3954} INFO - Setting next_dagrun for example_task_group_decorator to 2024-05-29 00:00:00+00:00, run_after=2024-05-30 00:00:00+00:00
[2024-05-30T15:41:26.407-0500] {processor.py:183} INFO - Processing /home/diallo/Documents/workspace/Python/AirFlowProjects/AirFlow01/venv/lib/python3.10/site-packages/airflow/example_dags/example_task_group_decorator.py took 1.093 seconds
[2024-05-30T15:43:23.636-0500] {processor.py:161} INFO - Started process (PID=24822) to work on /home/diallo/Documents/workspace/Python/AirFlowProjects/AirFlow01/venv/lib/python3.10/site-packages/airflow/example_dags/example_task_group_decorator.py
[2024-05-30T15:43:23.638-0500] {processor.py:830} INFO - Processing file /home/diallo/Documents/workspace/Python/AirFlowProjects/AirFlow01/venv/lib/python3.10/site-packages/airflow/example_dags/example_task_group_decorator.py for tasks to queue
[2024-05-30T15:43:23.640-0500] {logging_mixin.py:188} INFO - [2024-05-30T15:43:23.640-0500] {dagbag.py:545} INFO - Filling up the DagBag from /home/diallo/Documents/workspace/Python/AirFlowProjects/AirFlow01/venv/lib/python3.10/site-packages/airflow/example_dags/example_task_group_decorator.py
[2024-05-30T15:43:23.658-0500] {processor.py:840} INFO - DAG(s) 'example_task_group_decorator' retrieved from /home/diallo/Documents/workspace/Python/AirFlowProjects/AirFlow01/venv/lib/python3.10/site-packages/airflow/example_dags/example_task_group_decorator.py
[2024-05-30T15:43:23.679-0500] {logging_mixin.py:188} INFO - [2024-05-30T15:43:23.678-0500] {dag.py:3096} INFO - Sync 1 DAGs
[2024-05-30T15:43:23.698-0500] {logging_mixin.py:188} INFO - [2024-05-30T15:43:23.698-0500] {dag.py:3954} INFO - Setting next_dagrun for example_task_group_decorator to 2024-05-29 00:00:00+00:00, run_after=2024-05-30 00:00:00+00:00
[2024-05-30T15:43:23.811-0500] {processor.py:183} INFO - Processing /home/diallo/Documents/workspace/Python/AirFlowProjects/AirFlow01/venv/lib/python3.10/site-packages/airflow/example_dags/example_task_group_decorator.py took 0.183 seconds
[2024-05-30T15:44:37.941-0500] {processor.py:161} INFO - Started process (PID=25408) to work on /home/diallo/Documents/workspace/Python/AirFlowProjects/AirFlow01/venv/lib/python3.10/site-packages/airflow/example_dags/example_task_group_decorator.py
[2024-05-30T15:44:37.944-0500] {processor.py:830} INFO - Processing file /home/diallo/Documents/workspace/Python/AirFlowProjects/AirFlow01/venv/lib/python3.10/site-packages/airflow/example_dags/example_task_group_decorator.py for tasks to queue
[2024-05-30T15:44:37.949-0500] {logging_mixin.py:188} INFO - [2024-05-30T15:44:37.948-0500] {dagbag.py:545} INFO - Filling up the DagBag from /home/diallo/Documents/workspace/Python/AirFlowProjects/AirFlow01/venv/lib/python3.10/site-packages/airflow/example_dags/example_task_group_decorator.py
[2024-05-30T15:44:37.972-0500] {processor.py:840} INFO - DAG(s) 'example_task_group_decorator' retrieved from /home/diallo/Documents/workspace/Python/AirFlowProjects/AirFlow01/venv/lib/python3.10/site-packages/airflow/example_dags/example_task_group_decorator.py
[2024-05-30T15:44:37.992-0500] {logging_mixin.py:188} INFO - [2024-05-30T15:44:37.992-0500] {dag.py:3096} INFO - Sync 1 DAGs
[2024-05-30T15:44:38.014-0500] {logging_mixin.py:188} INFO - [2024-05-30T15:44:38.013-0500] {dag.py:3954} INFO - Setting next_dagrun for example_task_group_decorator to 2024-05-29 00:00:00+00:00, run_after=2024-05-30 00:00:00+00:00
[2024-05-30T15:44:38.865-0500] {processor.py:183} INFO - Processing /home/diallo/Documents/workspace/Python/AirFlowProjects/AirFlow01/venv/lib/python3.10/site-packages/airflow/example_dags/example_task_group_decorator.py took 0.947 seconds
[2024-05-30T15:46:29.914-0500] {processor.py:161} INFO - Started process (PID=26271) to work on /home/diallo/Documents/workspace/Python/AirFlowProjects/AirFlow01/venv/lib/python3.10/site-packages/airflow/example_dags/example_task_group_decorator.py
[2024-05-30T15:46:29.916-0500] {processor.py:830} INFO - Processing file /home/diallo/Documents/workspace/Python/AirFlowProjects/AirFlow01/venv/lib/python3.10/site-packages/airflow/example_dags/example_task_group_decorator.py for tasks to queue
[2024-05-30T15:46:29.920-0500] {logging_mixin.py:188} INFO - [2024-05-30T15:46:29.919-0500] {dagbag.py:545} INFO - Filling up the DagBag from /home/diallo/Documents/workspace/Python/AirFlowProjects/AirFlow01/venv/lib/python3.10/site-packages/airflow/example_dags/example_task_group_decorator.py
[2024-05-30T15:46:29.952-0500] {processor.py:840} INFO - DAG(s) 'example_task_group_decorator' retrieved from /home/diallo/Documents/workspace/Python/AirFlowProjects/AirFlow01/venv/lib/python3.10/site-packages/airflow/example_dags/example_task_group_decorator.py
[2024-05-30T15:46:29.984-0500] {logging_mixin.py:188} INFO - [2024-05-30T15:46:29.984-0500] {dag.py:3096} INFO - Sync 1 DAGs
[2024-05-30T15:46:30.014-0500] {logging_mixin.py:188} INFO - [2024-05-30T15:46:30.013-0500] {dag.py:3954} INFO - Setting next_dagrun for example_task_group_decorator to 2024-05-29 00:00:00+00:00, run_after=2024-05-30 00:00:00+00:00
[2024-05-30T15:46:30.159-0500] {processor.py:183} INFO - Processing /home/diallo/Documents/workspace/Python/AirFlowProjects/AirFlow01/venv/lib/python3.10/site-packages/airflow/example_dags/example_task_group_decorator.py took 0.259 seconds
[2024-05-30T15:47:38.992-0500] {processor.py:161} INFO - Started process (PID=26800) to work on /home/diallo/Documents/workspace/Python/AirFlowProjects/AirFlow01/venv/lib/python3.10/site-packages/airflow/example_dags/example_task_group_decorator.py
[2024-05-30T15:47:39.033-0500] {processor.py:830} INFO - Processing file /home/diallo/Documents/workspace/Python/AirFlowProjects/AirFlow01/venv/lib/python3.10/site-packages/airflow/example_dags/example_task_group_decorator.py for tasks to queue
[2024-05-30T15:47:39.040-0500] {logging_mixin.py:188} INFO - [2024-05-30T15:47:39.038-0500] {dagbag.py:545} INFO - Filling up the DagBag from /home/diallo/Documents/workspace/Python/AirFlowProjects/AirFlow01/venv/lib/python3.10/site-packages/airflow/example_dags/example_task_group_decorator.py
[2024-05-30T15:47:39.116-0500] {processor.py:840} INFO - DAG(s) 'example_task_group_decorator' retrieved from /home/diallo/Documents/workspace/Python/AirFlowProjects/AirFlow01/venv/lib/python3.10/site-packages/airflow/example_dags/example_task_group_decorator.py
[2024-05-30T15:47:39.151-0500] {logging_mixin.py:188} INFO - [2024-05-30T15:47:39.150-0500] {dag.py:3096} INFO - Sync 1 DAGs
[2024-05-30T15:47:39.178-0500] {logging_mixin.py:188} INFO - [2024-05-30T15:47:39.177-0500] {dag.py:3954} INFO - Setting next_dagrun for example_task_group_decorator to 2024-05-29 00:00:00+00:00, run_after=2024-05-30 00:00:00+00:00
[2024-05-30T15:47:39.317-0500] {processor.py:183} INFO - Processing /home/diallo/Documents/workspace/Python/AirFlowProjects/AirFlow01/venv/lib/python3.10/site-packages/airflow/example_dags/example_task_group_decorator.py took 0.355 seconds
[2024-05-30T15:48:42.066-0500] {processor.py:161} INFO - Started process (PID=27332) to work on /home/diallo/Documents/workspace/Python/AirFlowProjects/AirFlow01/venv/lib/python3.10/site-packages/airflow/example_dags/example_task_group_decorator.py
[2024-05-30T15:48:42.068-0500] {processor.py:830} INFO - Processing file /home/diallo/Documents/workspace/Python/AirFlowProjects/AirFlow01/venv/lib/python3.10/site-packages/airflow/example_dags/example_task_group_decorator.py for tasks to queue
[2024-05-30T15:48:42.070-0500] {logging_mixin.py:188} INFO - [2024-05-30T15:48:42.070-0500] {dagbag.py:545} INFO - Filling up the DagBag from /home/diallo/Documents/workspace/Python/AirFlowProjects/AirFlow01/venv/lib/python3.10/site-packages/airflow/example_dags/example_task_group_decorator.py
[2024-05-30T15:48:42.088-0500] {processor.py:840} INFO - DAG(s) 'example_task_group_decorator' retrieved from /home/diallo/Documents/workspace/Python/AirFlowProjects/AirFlow01/venv/lib/python3.10/site-packages/airflow/example_dags/example_task_group_decorator.py
[2024-05-30T15:48:42.109-0500] {logging_mixin.py:188} INFO - [2024-05-30T15:48:42.108-0500] {dag.py:3096} INFO - Sync 1 DAGs
[2024-05-30T15:48:42.127-0500] {logging_mixin.py:188} INFO - [2024-05-30T15:48:42.127-0500] {dag.py:3954} INFO - Setting next_dagrun for example_task_group_decorator to 2024-05-29 00:00:00+00:00, run_after=2024-05-30 00:00:00+00:00
[2024-05-30T15:48:42.241-0500] {processor.py:183} INFO - Processing /home/diallo/Documents/workspace/Python/AirFlowProjects/AirFlow01/venv/lib/python3.10/site-packages/airflow/example_dags/example_task_group_decorator.py took 0.184 seconds
[2024-05-30T15:49:51.798-0500] {processor.py:161} INFO - Started process (PID=27879) to work on /home/diallo/Documents/workspace/Python/AirFlowProjects/AirFlow01/venv/lib/python3.10/site-packages/airflow/example_dags/example_task_group_decorator.py
[2024-05-30T15:49:51.861-0500] {processor.py:830} INFO - Processing file /home/diallo/Documents/workspace/Python/AirFlowProjects/AirFlow01/venv/lib/python3.10/site-packages/airflow/example_dags/example_task_group_decorator.py for tasks to queue
[2024-05-30T15:49:51.867-0500] {logging_mixin.py:188} INFO - [2024-05-30T15:49:51.865-0500] {dagbag.py:545} INFO - Filling up the DagBag from /home/diallo/Documents/workspace/Python/AirFlowProjects/AirFlow01/venv/lib/python3.10/site-packages/airflow/example_dags/example_task_group_decorator.py
[2024-05-30T15:49:51.922-0500] {processor.py:840} INFO - DAG(s) 'example_task_group_decorator' retrieved from /home/diallo/Documents/workspace/Python/AirFlowProjects/AirFlow01/venv/lib/python3.10/site-packages/airflow/example_dags/example_task_group_decorator.py
[2024-05-30T15:49:51.949-0500] {logging_mixin.py:188} INFO - [2024-05-30T15:49:51.949-0500] {dag.py:3096} INFO - Sync 1 DAGs
[2024-05-30T15:49:51.968-0500] {logging_mixin.py:188} INFO - [2024-05-30T15:49:51.968-0500] {dag.py:3954} INFO - Setting next_dagrun for example_task_group_decorator to 2024-05-29 00:00:00+00:00, run_after=2024-05-30 00:00:00+00:00
[2024-05-30T15:49:53.113-0500] {processor.py:183} INFO - Processing /home/diallo/Documents/workspace/Python/AirFlowProjects/AirFlow01/venv/lib/python3.10/site-packages/airflow/example_dags/example_task_group_decorator.py took 1.336 seconds
