[2024-05-30T15:38:27.885-0500] {processor.py:161} INFO - Started process (PID=22476) to work on /home/diallo/Documents/workspace/Python/AirFlowProjects/AirFlow01/venv/lib/python3.10/site-packages/airflow/example_dags/example_external_task_marker_dag.py
[2024-05-30T15:38:27.886-0500] {processor.py:830} INFO - Processing file /home/diallo/Documents/workspace/Python/AirFlowProjects/AirFlow01/venv/lib/python3.10/site-packages/airflow/example_dags/example_external_task_marker_dag.py for tasks to queue
[2024-05-30T15:38:27.888-0500] {logging_mixin.py:188} INFO - [2024-05-30T15:38:27.887-0500] {dagbag.py:545} INFO - Filling up the DagBag from /home/diallo/Documents/workspace/Python/AirFlowProjects/AirFlow01/venv/lib/python3.10/site-packages/airflow/example_dags/example_external_task_marker_dag.py
[2024-05-30T15:38:27.895-0500] {processor.py:840} INFO - DAG(s) 'example_external_task_marker_child', 'example_external_task_marker_parent' retrieved from /home/diallo/Documents/workspace/Python/AirFlowProjects/AirFlow01/venv/lib/python3.10/site-packages/airflow/example_dags/example_external_task_marker_dag.py
[2024-05-30T15:38:28.148-0500] {logging_mixin.py:188} INFO - [2024-05-30T15:38:28.147-0500] {override.py:1829} INFO - Created Permission View: can delete on DAG:example_external_task_marker_child
[2024-05-30T15:38:28.206-0500] {logging_mixin.py:188} INFO - [2024-05-30T15:38:28.204-0500] {override.py:1829} INFO - Created Permission View: can edit on DAG:example_external_task_marker_child
[2024-05-30T15:38:28.273-0500] {logging_mixin.py:188} INFO - [2024-05-30T15:38:28.272-0500] {override.py:1829} INFO - Created Permission View: can read on DAG:example_external_task_marker_child
[2024-05-30T15:38:28.419-0500] {logging_mixin.py:188} INFO - [2024-05-30T15:38:28.418-0500] {override.py:1829} INFO - Created Permission View: can delete on DAG:example_external_task_marker_parent
[2024-05-30T15:38:28.464-0500] {logging_mixin.py:188} INFO - [2024-05-30T15:38:28.463-0500] {override.py:1829} INFO - Created Permission View: can edit on DAG:example_external_task_marker_parent
[2024-05-30T15:38:28.509-0500] {logging_mixin.py:188} INFO - [2024-05-30T15:38:28.509-0500] {override.py:1829} INFO - Created Permission View: can read on DAG:example_external_task_marker_parent
[2024-05-30T15:38:28.510-0500] {logging_mixin.py:188} INFO - [2024-05-30T15:38:28.510-0500] {dag.py:3096} INFO - Sync 2 DAGs
[2024-05-30T15:38:28.537-0500] {logging_mixin.py:188} INFO - [2024-05-30T15:38:28.537-0500] {dag.py:3118} INFO - Creating ORM DAG for example_external_task_marker_child
[2024-05-30T15:38:28.538-0500] {logging_mixin.py:188} INFO - [2024-05-30T15:38:28.538-0500] {dag.py:3118} INFO - Creating ORM DAG for example_external_task_marker_parent
[2024-05-30T15:38:28.539-0500] {logging_mixin.py:188} INFO - [2024-05-30T15:38:28.539-0500] {dag.py:3954} INFO - Setting next_dagrun for example_external_task_marker_child to None, run_after=None
[2024-05-30T15:38:28.540-0500] {logging_mixin.py:188} INFO - [2024-05-30T15:38:28.540-0500] {dag.py:3954} INFO - Setting next_dagrun for example_external_task_marker_parent to None, run_after=None
[2024-05-30T15:38:28.829-0500] {processor.py:183} INFO - Processing /home/diallo/Documents/workspace/Python/AirFlowProjects/AirFlow01/venv/lib/python3.10/site-packages/airflow/example_dags/example_external_task_marker_dag.py took 0.951 seconds
[2024-05-30T15:39:49.345-0500] {processor.py:161} INFO - Started process (PID=23162) to work on /home/diallo/Documents/workspace/Python/AirFlowProjects/AirFlow01/venv/lib/python3.10/site-packages/airflow/example_dags/example_external_task_marker_dag.py
[2024-05-30T15:39:49.430-0500] {processor.py:830} INFO - Processing file /home/diallo/Documents/workspace/Python/AirFlowProjects/AirFlow01/venv/lib/python3.10/site-packages/airflow/example_dags/example_external_task_marker_dag.py for tasks to queue
[2024-05-30T15:39:49.432-0500] {logging_mixin.py:188} INFO - [2024-05-30T15:39:49.431-0500] {dagbag.py:545} INFO - Filling up the DagBag from /home/diallo/Documents/workspace/Python/AirFlowProjects/AirFlow01/venv/lib/python3.10/site-packages/airflow/example_dags/example_external_task_marker_dag.py
[2024-05-30T15:39:49.443-0500] {processor.py:840} INFO - DAG(s) 'example_external_task_marker_parent', 'example_external_task_marker_child' retrieved from /home/diallo/Documents/workspace/Python/AirFlowProjects/AirFlow01/venv/lib/python3.10/site-packages/airflow/example_dags/example_external_task_marker_dag.py
[2024-05-30T15:39:49.472-0500] {logging_mixin.py:188} INFO - [2024-05-30T15:39:49.471-0500] {dag.py:3096} INFO - Sync 2 DAGs
[2024-05-30T15:39:49.485-0500] {logging_mixin.py:188} INFO - [2024-05-30T15:39:49.484-0500] {dag.py:3954} INFO - Setting next_dagrun for example_external_task_marker_child to None, run_after=None
[2024-05-30T15:39:49.490-0500] {logging_mixin.py:188} INFO - [2024-05-30T15:39:49.490-0500] {dag.py:3954} INFO - Setting next_dagrun for example_external_task_marker_parent to None, run_after=None
[2024-05-30T15:39:49.594-0500] {processor.py:183} INFO - Processing /home/diallo/Documents/workspace/Python/AirFlowProjects/AirFlow01/venv/lib/python3.10/site-packages/airflow/example_dags/example_external_task_marker_dag.py took 0.277 seconds
[2024-05-30T15:42:47.194-0500] {processor.py:161} INFO - Started process (PID=24543) to work on /home/diallo/Documents/workspace/Python/AirFlowProjects/AirFlow01/venv/lib/python3.10/site-packages/airflow/example_dags/example_external_task_marker_dag.py
[2024-05-30T15:42:47.276-0500] {processor.py:830} INFO - Processing file /home/diallo/Documents/workspace/Python/AirFlowProjects/AirFlow01/venv/lib/python3.10/site-packages/airflow/example_dags/example_external_task_marker_dag.py for tasks to queue
[2024-05-30T15:42:47.282-0500] {logging_mixin.py:188} INFO - [2024-05-30T15:42:47.280-0500] {dagbag.py:545} INFO - Filling up the DagBag from /home/diallo/Documents/workspace/Python/AirFlowProjects/AirFlow01/venv/lib/python3.10/site-packages/airflow/example_dags/example_external_task_marker_dag.py
[2024-05-30T15:42:47.311-0500] {processor.py:840} INFO - DAG(s) 'example_external_task_marker_child', 'example_external_task_marker_parent' retrieved from /home/diallo/Documents/workspace/Python/AirFlowProjects/AirFlow01/venv/lib/python3.10/site-packages/airflow/example_dags/example_external_task_marker_dag.py
[2024-05-30T15:42:47.373-0500] {logging_mixin.py:188} INFO - [2024-05-30T15:42:47.373-0500] {dag.py:3096} INFO - Sync 2 DAGs
[2024-05-30T15:42:47.394-0500] {logging_mixin.py:188} INFO - [2024-05-30T15:42:47.394-0500] {dag.py:3954} INFO - Setting next_dagrun for example_external_task_marker_child to None, run_after=None
[2024-05-30T15:42:47.400-0500] {logging_mixin.py:188} INFO - [2024-05-30T15:42:47.400-0500] {dag.py:3954} INFO - Setting next_dagrun for example_external_task_marker_parent to None, run_after=None
[2024-05-30T15:42:47.491-0500] {processor.py:183} INFO - Processing /home/diallo/Documents/workspace/Python/AirFlowProjects/AirFlow01/venv/lib/python3.10/site-packages/airflow/example_dags/example_external_task_marker_dag.py took 0.304 seconds
[2024-05-30T15:43:51.863-0500] {processor.py:161} INFO - Started process (PID=25050) to work on /home/diallo/Documents/workspace/Python/AirFlowProjects/AirFlow01/venv/lib/python3.10/site-packages/airflow/example_dags/example_external_task_marker_dag.py
[2024-05-30T15:43:51.903-0500] {processor.py:830} INFO - Processing file /home/diallo/Documents/workspace/Python/AirFlowProjects/AirFlow01/venv/lib/python3.10/site-packages/airflow/example_dags/example_external_task_marker_dag.py for tasks to queue
[2024-05-30T15:43:51.909-0500] {logging_mixin.py:188} INFO - [2024-05-30T15:43:51.907-0500] {dagbag.py:545} INFO - Filling up the DagBag from /home/diallo/Documents/workspace/Python/AirFlowProjects/AirFlow01/venv/lib/python3.10/site-packages/airflow/example_dags/example_external_task_marker_dag.py
[2024-05-30T15:43:51.931-0500] {processor.py:840} INFO - DAG(s) 'example_external_task_marker_child', 'example_external_task_marker_parent' retrieved from /home/diallo/Documents/workspace/Python/AirFlowProjects/AirFlow01/venv/lib/python3.10/site-packages/airflow/example_dags/example_external_task_marker_dag.py
[2024-05-30T15:43:51.963-0500] {logging_mixin.py:188} INFO - [2024-05-30T15:43:51.963-0500] {dag.py:3096} INFO - Sync 2 DAGs
[2024-05-30T15:43:51.975-0500] {logging_mixin.py:188} INFO - [2024-05-30T15:43:51.975-0500] {dag.py:3954} INFO - Setting next_dagrun for example_external_task_marker_child to None, run_after=None
[2024-05-30T15:43:51.979-0500] {logging_mixin.py:188} INFO - [2024-05-30T15:43:51.979-0500] {dag.py:3954} INFO - Setting next_dagrun for example_external_task_marker_parent to None, run_after=None
[2024-05-30T15:43:52.060-0500] {processor.py:183} INFO - Processing /home/diallo/Documents/workspace/Python/AirFlowProjects/AirFlow01/venv/lib/python3.10/site-packages/airflow/example_dags/example_external_task_marker_dag.py took 0.220 seconds
[2024-05-30T15:45:49.977-0500] {processor.py:161} INFO - Started process (PID=25936) to work on /home/diallo/Documents/workspace/Python/AirFlowProjects/AirFlow01/venv/lib/python3.10/site-packages/airflow/example_dags/example_external_task_marker_dag.py
[2024-05-30T15:45:50.016-0500] {processor.py:830} INFO - Processing file /home/diallo/Documents/workspace/Python/AirFlowProjects/AirFlow01/venv/lib/python3.10/site-packages/airflow/example_dags/example_external_task_marker_dag.py for tasks to queue
[2024-05-30T15:45:50.019-0500] {logging_mixin.py:188} INFO - [2024-05-30T15:45:50.018-0500] {dagbag.py:545} INFO - Filling up the DagBag from /home/diallo/Documents/workspace/Python/AirFlowProjects/AirFlow01/venv/lib/python3.10/site-packages/airflow/example_dags/example_external_task_marker_dag.py
[2024-05-30T15:45:50.034-0500] {processor.py:840} INFO - DAG(s) 'example_external_task_marker_child', 'example_external_task_marker_parent' retrieved from /home/diallo/Documents/workspace/Python/AirFlowProjects/AirFlow01/venv/lib/python3.10/site-packages/airflow/example_dags/example_external_task_marker_dag.py
[2024-05-30T15:45:50.057-0500] {logging_mixin.py:188} INFO - [2024-05-30T15:45:50.057-0500] {dag.py:3096} INFO - Sync 2 DAGs
[2024-05-30T15:45:50.069-0500] {logging_mixin.py:188} INFO - [2024-05-30T15:45:50.068-0500] {dag.py:3954} INFO - Setting next_dagrun for example_external_task_marker_child to None, run_after=None
[2024-05-30T15:45:50.072-0500] {logging_mixin.py:188} INFO - [2024-05-30T15:45:50.071-0500] {dag.py:3954} INFO - Setting next_dagrun for example_external_task_marker_parent to None, run_after=None
[2024-05-30T15:45:50.153-0500] {processor.py:183} INFO - Processing /home/diallo/Documents/workspace/Python/AirFlowProjects/AirFlow01/venv/lib/python3.10/site-packages/airflow/example_dags/example_external_task_marker_dag.py took 0.185 seconds
[2024-05-30T15:47:03.108-0500] {processor.py:161} INFO - Started process (PID=26526) to work on /home/diallo/Documents/workspace/Python/AirFlowProjects/AirFlow01/venv/lib/python3.10/site-packages/airflow/example_dags/example_external_task_marker_dag.py
[2024-05-30T15:47:03.142-0500] {processor.py:830} INFO - Processing file /home/diallo/Documents/workspace/Python/AirFlowProjects/AirFlow01/venv/lib/python3.10/site-packages/airflow/example_dags/example_external_task_marker_dag.py for tasks to queue
[2024-05-30T15:47:03.146-0500] {logging_mixin.py:188} INFO - [2024-05-30T15:47:03.145-0500] {dagbag.py:545} INFO - Filling up the DagBag from /home/diallo/Documents/workspace/Python/AirFlowProjects/AirFlow01/venv/lib/python3.10/site-packages/airflow/example_dags/example_external_task_marker_dag.py
[2024-05-30T15:47:03.157-0500] {processor.py:840} INFO - DAG(s) 'example_external_task_marker_child', 'example_external_task_marker_parent' retrieved from /home/diallo/Documents/workspace/Python/AirFlowProjects/AirFlow01/venv/lib/python3.10/site-packages/airflow/example_dags/example_external_task_marker_dag.py
[2024-05-30T15:47:03.190-0500] {logging_mixin.py:188} INFO - [2024-05-30T15:47:03.190-0500] {dag.py:3096} INFO - Sync 2 DAGs
[2024-05-30T15:47:03.208-0500] {logging_mixin.py:188} INFO - [2024-05-30T15:47:03.207-0500] {dag.py:3954} INFO - Setting next_dagrun for example_external_task_marker_child to None, run_after=None
[2024-05-30T15:47:03.212-0500] {logging_mixin.py:188} INFO - [2024-05-30T15:47:03.212-0500] {dag.py:3954} INFO - Setting next_dagrun for example_external_task_marker_parent to None, run_after=None
[2024-05-30T15:47:03.333-0500] {processor.py:183} INFO - Processing /home/diallo/Documents/workspace/Python/AirFlowProjects/AirFlow01/venv/lib/python3.10/site-packages/airflow/example_dags/example_external_task_marker_dag.py took 0.243 seconds
[2024-05-30T15:48:12.620-0500] {processor.py:161} INFO - Started process (PID=27086) to work on /home/diallo/Documents/workspace/Python/AirFlowProjects/AirFlow01/venv/lib/python3.10/site-packages/airflow/example_dags/example_external_task_marker_dag.py
[2024-05-30T15:48:12.630-0500] {processor.py:830} INFO - Processing file /home/diallo/Documents/workspace/Python/AirFlowProjects/AirFlow01/venv/lib/python3.10/site-packages/airflow/example_dags/example_external_task_marker_dag.py for tasks to queue
[2024-05-30T15:48:12.633-0500] {logging_mixin.py:188} INFO - [2024-05-30T15:48:12.632-0500] {dagbag.py:545} INFO - Filling up the DagBag from /home/diallo/Documents/workspace/Python/AirFlowProjects/AirFlow01/venv/lib/python3.10/site-packages/airflow/example_dags/example_external_task_marker_dag.py
[2024-05-30T15:48:12.644-0500] {processor.py:840} INFO - DAG(s) 'example_external_task_marker_child', 'example_external_task_marker_parent' retrieved from /home/diallo/Documents/workspace/Python/AirFlowProjects/AirFlow01/venv/lib/python3.10/site-packages/airflow/example_dags/example_external_task_marker_dag.py
[2024-05-30T15:48:12.678-0500] {logging_mixin.py:188} INFO - [2024-05-30T15:48:12.677-0500] {dag.py:3096} INFO - Sync 2 DAGs
[2024-05-30T15:48:12.694-0500] {logging_mixin.py:188} INFO - [2024-05-30T15:48:12.694-0500] {dag.py:3954} INFO - Setting next_dagrun for example_external_task_marker_child to None, run_after=None
[2024-05-30T15:48:12.698-0500] {logging_mixin.py:188} INFO - [2024-05-30T15:48:12.698-0500] {dag.py:3954} INFO - Setting next_dagrun for example_external_task_marker_parent to None, run_after=None
[2024-05-30T15:48:12.760-0500] {processor.py:183} INFO - Processing /home/diallo/Documents/workspace/Python/AirFlowProjects/AirFlow01/venv/lib/python3.10/site-packages/airflow/example_dags/example_external_task_marker_dag.py took 0.172 seconds
[2024-05-30T15:49:12.557-0500] {processor.py:161} INFO - Started process (PID=27575) to work on /home/diallo/Documents/workspace/Python/AirFlowProjects/AirFlow01/venv/lib/python3.10/site-packages/airflow/example_dags/example_external_task_marker_dag.py
[2024-05-30T15:49:12.590-0500] {processor.py:830} INFO - Processing file /home/diallo/Documents/workspace/Python/AirFlowProjects/AirFlow01/venv/lib/python3.10/site-packages/airflow/example_dags/example_external_task_marker_dag.py for tasks to queue
[2024-05-30T15:49:12.592-0500] {logging_mixin.py:188} INFO - [2024-05-30T15:49:12.592-0500] {dagbag.py:545} INFO - Filling up the DagBag from /home/diallo/Documents/workspace/Python/AirFlowProjects/AirFlow01/venv/lib/python3.10/site-packages/airflow/example_dags/example_external_task_marker_dag.py
[2024-05-30T15:49:12.600-0500] {processor.py:840} INFO - DAG(s) 'example_external_task_marker_child', 'example_external_task_marker_parent' retrieved from /home/diallo/Documents/workspace/Python/AirFlowProjects/AirFlow01/venv/lib/python3.10/site-packages/airflow/example_dags/example_external_task_marker_dag.py
[2024-05-30T15:49:12.619-0500] {logging_mixin.py:188} INFO - [2024-05-30T15:49:12.618-0500] {dag.py:3096} INFO - Sync 2 DAGs
[2024-05-30T15:49:12.629-0500] {logging_mixin.py:188} INFO - [2024-05-30T15:49:12.629-0500] {dag.py:3954} INFO - Setting next_dagrun for example_external_task_marker_child to None, run_after=None
[2024-05-30T15:49:12.633-0500] {logging_mixin.py:188} INFO - [2024-05-30T15:49:12.632-0500] {dag.py:3954} INFO - Setting next_dagrun for example_external_task_marker_parent to None, run_after=None
[2024-05-30T15:49:12.690-0500] {processor.py:183} INFO - Processing /home/diallo/Documents/workspace/Python/AirFlowProjects/AirFlow01/venv/lib/python3.10/site-packages/airflow/example_dags/example_external_task_marker_dag.py took 0.144 seconds
