[2024-05-30T15:37:23.810-0500] {processor.py:161} INFO - Started process (PID=21908) to work on /home/diallo/Documents/workspace/Python/AirFlowProjects/AirFlow01/venv/lib/python3.10/site-packages/airflow/example_dags/tutorial.py
[2024-05-30T15:37:23.812-0500] {processor.py:830} INFO - Processing file /home/diallo/Documents/workspace/Python/AirFlowProjects/AirFlow01/venv/lib/python3.10/site-packages/airflow/example_dags/tutorial.py for tasks to queue
[2024-05-30T15:37:23.814-0500] {logging_mixin.py:188} INFO - [2024-05-30T15:37:23.813-0500] {dagbag.py:545} INFO - Filling up the DagBag from /home/diallo/Documents/workspace/Python/AirFlowProjects/AirFlow01/venv/lib/python3.10/site-packages/airflow/example_dags/tutorial.py
[2024-05-30T15:37:23.824-0500] {processor.py:840} INFO - DAG(s) 'tutorial' retrieved from /home/diallo/Documents/workspace/Python/AirFlowProjects/AirFlow01/venv/lib/python3.10/site-packages/airflow/example_dags/tutorial.py
[2024-05-30T15:37:24.062-0500] {logging_mixin.py:188} INFO - [2024-05-30T15:37:24.059-0500] {override.py:1829} INFO - Created Permission View: can delete on DAG:tutorial
[2024-05-30T15:37:24.128-0500] {logging_mixin.py:188} INFO - [2024-05-30T15:37:24.127-0500] {override.py:1829} INFO - Created Permission View: can edit on DAG:tutorial
[2024-05-30T15:37:24.194-0500] {logging_mixin.py:188} INFO - [2024-05-30T15:37:24.194-0500] {override.py:1829} INFO - Created Permission View: can read on DAG:tutorial
[2024-05-30T15:37:24.195-0500] {logging_mixin.py:188} INFO - [2024-05-30T15:37:24.195-0500] {dag.py:3096} INFO - Sync 1 DAGs
[2024-05-30T15:37:24.206-0500] {logging_mixin.py:188} INFO - [2024-05-30T15:37:24.206-0500] {dag.py:3118} INFO - Creating ORM DAG for tutorial
[2024-05-30T15:37:24.215-0500] {logging_mixin.py:188} INFO - [2024-05-30T15:37:24.214-0500] {dag.py:3954} INFO - Setting next_dagrun for tutorial to 2024-05-29 00:00:00+00:00, run_after=2024-05-30 00:00:00+00:00
[2024-05-30T15:37:24.306-0500] {processor.py:183} INFO - Processing /home/diallo/Documents/workspace/Python/AirFlowProjects/AirFlow01/venv/lib/python3.10/site-packages/airflow/example_dags/tutorial.py took 0.504 seconds
[2024-05-30T15:38:57.354-0500] {processor.py:161} INFO - Started process (PID=22766) to work on /home/diallo/Documents/workspace/Python/AirFlowProjects/AirFlow01/venv/lib/python3.10/site-packages/airflow/example_dags/tutorial.py
[2024-05-30T15:38:57.436-0500] {processor.py:830} INFO - Processing file /home/diallo/Documents/workspace/Python/AirFlowProjects/AirFlow01/venv/lib/python3.10/site-packages/airflow/example_dags/tutorial.py for tasks to queue
[2024-05-30T15:38:57.442-0500] {logging_mixin.py:188} INFO - [2024-05-30T15:38:57.440-0500] {dagbag.py:545} INFO - Filling up the DagBag from /home/diallo/Documents/workspace/Python/AirFlowProjects/AirFlow01/venv/lib/python3.10/site-packages/airflow/example_dags/tutorial.py
[2024-05-30T15:38:57.466-0500] {processor.py:840} INFO - DAG(s) 'tutorial' retrieved from /home/diallo/Documents/workspace/Python/AirFlowProjects/AirFlow01/venv/lib/python3.10/site-packages/airflow/example_dags/tutorial.py
[2024-05-30T15:38:57.491-0500] {logging_mixin.py:188} INFO - [2024-05-30T15:38:57.491-0500] {dag.py:3096} INFO - Sync 1 DAGs
[2024-05-30T15:38:57.511-0500] {logging_mixin.py:188} INFO - [2024-05-30T15:38:57.510-0500] {dag.py:3954} INFO - Setting next_dagrun for tutorial to 2024-05-29 00:00:00+00:00, run_after=2024-05-30 00:00:00+00:00
[2024-05-30T15:38:57.593-0500] {processor.py:183} INFO - Processing /home/diallo/Documents/workspace/Python/AirFlowProjects/AirFlow01/venv/lib/python3.10/site-packages/airflow/example_dags/tutorial.py took 0.253 seconds
[2024-05-30T15:39:39.521-0500] {processor.py:161} INFO - Started process (PID=23094) to work on /home/diallo/Documents/workspace/Python/AirFlowProjects/AirFlow01/venv/lib/python3.10/site-packages/airflow/example_dags/tutorial.py
[2024-05-30T15:39:39.637-0500] {processor.py:830} INFO - Processing file /home/diallo/Documents/workspace/Python/AirFlowProjects/AirFlow01/venv/lib/python3.10/site-packages/airflow/example_dags/tutorial.py for tasks to queue
[2024-05-30T15:39:39.642-0500] {logging_mixin.py:188} INFO - [2024-05-30T15:39:39.641-0500] {dagbag.py:545} INFO - Filling up the DagBag from /home/diallo/Documents/workspace/Python/AirFlowProjects/AirFlow01/venv/lib/python3.10/site-packages/airflow/example_dags/tutorial.py
[2024-05-30T15:39:39.660-0500] {processor.py:840} INFO - DAG(s) 'tutorial' retrieved from /home/diallo/Documents/workspace/Python/AirFlowProjects/AirFlow01/venv/lib/python3.10/site-packages/airflow/example_dags/tutorial.py
[2024-05-30T15:39:39.680-0500] {logging_mixin.py:188} INFO - [2024-05-30T15:39:39.680-0500] {dag.py:3096} INFO - Sync 1 DAGs
[2024-05-30T15:39:39.699-0500] {logging_mixin.py:188} INFO - [2024-05-30T15:39:39.699-0500] {dag.py:3954} INFO - Setting next_dagrun for tutorial to 2024-05-29 00:00:00+00:00, run_after=2024-05-30 00:00:00+00:00
[2024-05-30T15:39:39.757-0500] {processor.py:183} INFO - Processing /home/diallo/Documents/workspace/Python/AirFlowProjects/AirFlow01/venv/lib/python3.10/site-packages/airflow/example_dags/tutorial.py took 0.245 seconds
[2024-05-30T15:42:04.074-0500] {processor.py:161} INFO - Started process (PID=24177) to work on /home/diallo/Documents/workspace/Python/AirFlowProjects/AirFlow01/venv/lib/python3.10/site-packages/airflow/example_dags/tutorial.py
[2024-05-30T15:42:04.142-0500] {processor.py:830} INFO - Processing file /home/diallo/Documents/workspace/Python/AirFlowProjects/AirFlow01/venv/lib/python3.10/site-packages/airflow/example_dags/tutorial.py for tasks to queue
[2024-05-30T15:42:04.147-0500] {logging_mixin.py:188} INFO - [2024-05-30T15:42:04.146-0500] {dagbag.py:545} INFO - Filling up the DagBag from /home/diallo/Documents/workspace/Python/AirFlowProjects/AirFlow01/venv/lib/python3.10/site-packages/airflow/example_dags/tutorial.py
[2024-05-30T15:42:04.260-0500] {processor.py:840} INFO - DAG(s) 'tutorial' retrieved from /home/diallo/Documents/workspace/Python/AirFlowProjects/AirFlow01/venv/lib/python3.10/site-packages/airflow/example_dags/tutorial.py
[2024-05-30T15:42:04.273-0500] {logging_mixin.py:188} INFO - [2024-05-30T15:42:04.273-0500] {dag.py:3096} INFO - Sync 1 DAGs
[2024-05-30T15:42:04.289-0500] {logging_mixin.py:188} INFO - [2024-05-30T15:42:04.289-0500] {dag.py:3954} INFO - Setting next_dagrun for tutorial to 2024-05-29 00:00:00+00:00, run_after=2024-05-30 00:00:00+00:00
[2024-05-30T15:42:05.425-0500] {processor.py:183} INFO - Processing /home/diallo/Documents/workspace/Python/AirFlowProjects/AirFlow01/venv/lib/python3.10/site-packages/airflow/example_dags/tutorial.py took 1.359 seconds
[2024-05-30T15:43:08.368-0500] {processor.py:161} INFO - Started process (PID=24708) to work on /home/diallo/Documents/workspace/Python/AirFlowProjects/AirFlow01/venv/lib/python3.10/site-packages/airflow/example_dags/tutorial.py
[2024-05-30T15:43:08.409-0500] {processor.py:830} INFO - Processing file /home/diallo/Documents/workspace/Python/AirFlowProjects/AirFlow01/venv/lib/python3.10/site-packages/airflow/example_dags/tutorial.py for tasks to queue
[2024-05-30T15:43:08.414-0500] {logging_mixin.py:188} INFO - [2024-05-30T15:43:08.413-0500] {dagbag.py:545} INFO - Filling up the DagBag from /home/diallo/Documents/workspace/Python/AirFlowProjects/AirFlow01/venv/lib/python3.10/site-packages/airflow/example_dags/tutorial.py
[2024-05-30T15:43:08.434-0500] {processor.py:840} INFO - DAG(s) 'tutorial' retrieved from /home/diallo/Documents/workspace/Python/AirFlowProjects/AirFlow01/venv/lib/python3.10/site-packages/airflow/example_dags/tutorial.py
[2024-05-30T15:43:08.456-0500] {logging_mixin.py:188} INFO - [2024-05-30T15:43:08.456-0500] {dag.py:3096} INFO - Sync 1 DAGs
[2024-05-30T15:43:08.477-0500] {logging_mixin.py:188} INFO - [2024-05-30T15:43:08.476-0500] {dag.py:3954} INFO - Setting next_dagrun for tutorial to 2024-05-29 00:00:00+00:00, run_after=2024-05-30 00:00:00+00:00
[2024-05-30T15:43:08.549-0500] {processor.py:183} INFO - Processing /home/diallo/Documents/workspace/Python/AirFlowProjects/AirFlow01/venv/lib/python3.10/site-packages/airflow/example_dags/tutorial.py took 0.189 seconds
[2024-05-30T15:44:09.306-0500] {processor.py:161} INFO - Started process (PID=25180) to work on /home/diallo/Documents/workspace/Python/AirFlowProjects/AirFlow01/venv/lib/python3.10/site-packages/airflow/example_dags/tutorial.py
[2024-05-30T15:44:09.333-0500] {processor.py:830} INFO - Processing file /home/diallo/Documents/workspace/Python/AirFlowProjects/AirFlow01/venv/lib/python3.10/site-packages/airflow/example_dags/tutorial.py for tasks to queue
[2024-05-30T15:44:09.339-0500] {logging_mixin.py:188} INFO - [2024-05-30T15:44:09.338-0500] {dagbag.py:545} INFO - Filling up the DagBag from /home/diallo/Documents/workspace/Python/AirFlowProjects/AirFlow01/venv/lib/python3.10/site-packages/airflow/example_dags/tutorial.py
[2024-05-30T15:44:09.357-0500] {processor.py:840} INFO - DAG(s) 'tutorial' retrieved from /home/diallo/Documents/workspace/Python/AirFlowProjects/AirFlow01/venv/lib/python3.10/site-packages/airflow/example_dags/tutorial.py
[2024-05-30T15:44:09.377-0500] {logging_mixin.py:188} INFO - [2024-05-30T15:44:09.377-0500] {dag.py:3096} INFO - Sync 1 DAGs
[2024-05-30T15:44:09.397-0500] {logging_mixin.py:188} INFO - [2024-05-30T15:44:09.396-0500] {dag.py:3954} INFO - Setting next_dagrun for tutorial to 2024-05-29 00:00:00+00:00, run_after=2024-05-30 00:00:00+00:00
[2024-05-30T15:44:10.429-0500] {processor.py:183} INFO - Processing /home/diallo/Documents/workspace/Python/AirFlowProjects/AirFlow01/venv/lib/python3.10/site-packages/airflow/example_dags/tutorial.py took 1.132 seconds
[2024-05-30T15:45:16.800-0500] {processor.py:161} INFO - Started process (PID=25687) to work on /home/diallo/Documents/workspace/Python/AirFlowProjects/AirFlow01/venv/lib/python3.10/site-packages/airflow/example_dags/tutorial.py
[2024-05-30T15:45:16.834-0500] {processor.py:830} INFO - Processing file /home/diallo/Documents/workspace/Python/AirFlowProjects/AirFlow01/venv/lib/python3.10/site-packages/airflow/example_dags/tutorial.py for tasks to queue
[2024-05-30T15:45:16.841-0500] {logging_mixin.py:188} INFO - [2024-05-30T15:45:16.839-0500] {dagbag.py:545} INFO - Filling up the DagBag from /home/diallo/Documents/workspace/Python/AirFlowProjects/AirFlow01/venv/lib/python3.10/site-packages/airflow/example_dags/tutorial.py
[2024-05-30T15:45:16.861-0500] {processor.py:840} INFO - DAG(s) 'tutorial' retrieved from /home/diallo/Documents/workspace/Python/AirFlowProjects/AirFlow01/venv/lib/python3.10/site-packages/airflow/example_dags/tutorial.py
[2024-05-30T15:45:16.885-0500] {logging_mixin.py:188} INFO - [2024-05-30T15:45:16.885-0500] {dag.py:3096} INFO - Sync 1 DAGs
[2024-05-30T15:45:16.904-0500] {logging_mixin.py:188} INFO - [2024-05-30T15:45:16.904-0500] {dag.py:3954} INFO - Setting next_dagrun for tutorial to 2024-05-29 00:00:00+00:00, run_after=2024-05-30 00:00:00+00:00
[2024-05-30T15:45:17.926-0500] {processor.py:183} INFO - Processing /home/diallo/Documents/workspace/Python/AirFlowProjects/AirFlow01/venv/lib/python3.10/site-packages/airflow/example_dags/tutorial.py took 1.134 seconds
[2024-05-30T15:46:13.370-0500] {processor.py:161} INFO - Started process (PID=26117) to work on /home/diallo/Documents/workspace/Python/AirFlowProjects/AirFlow01/venv/lib/python3.10/site-packages/airflow/example_dags/tutorial.py
[2024-05-30T15:46:13.413-0500] {processor.py:830} INFO - Processing file /home/diallo/Documents/workspace/Python/AirFlowProjects/AirFlow01/venv/lib/python3.10/site-packages/airflow/example_dags/tutorial.py for tasks to queue
[2024-05-30T15:46:13.419-0500] {logging_mixin.py:188} INFO - [2024-05-30T15:46:13.417-0500] {dagbag.py:545} INFO - Filling up the DagBag from /home/diallo/Documents/workspace/Python/AirFlowProjects/AirFlow01/venv/lib/python3.10/site-packages/airflow/example_dags/tutorial.py
[2024-05-30T15:46:13.441-0500] {processor.py:840} INFO - DAG(s) 'tutorial' retrieved from /home/diallo/Documents/workspace/Python/AirFlowProjects/AirFlow01/venv/lib/python3.10/site-packages/airflow/example_dags/tutorial.py
[2024-05-30T15:46:13.501-0500] {logging_mixin.py:188} INFO - [2024-05-30T15:46:13.500-0500] {dag.py:3096} INFO - Sync 1 DAGs
[2024-05-30T15:46:13.544-0500] {logging_mixin.py:188} INFO - [2024-05-30T15:46:13.544-0500] {dag.py:3954} INFO - Setting next_dagrun for tutorial to 2024-05-29 00:00:00+00:00, run_after=2024-05-30 00:00:00+00:00
[2024-05-30T15:46:13.838-0500] {processor.py:183} INFO - Processing /home/diallo/Documents/workspace/Python/AirFlowProjects/AirFlow01/venv/lib/python3.10/site-packages/airflow/example_dags/tutorial.py took 0.491 seconds
[2024-05-30T15:47:20.719-0500] {processor.py:161} INFO - Started process (PID=26671) to work on /home/diallo/Documents/workspace/Python/AirFlowProjects/AirFlow01/venv/lib/python3.10/site-packages/airflow/example_dags/tutorial.py
[2024-05-30T15:47:20.729-0500] {processor.py:830} INFO - Processing file /home/diallo/Documents/workspace/Python/AirFlowProjects/AirFlow01/venv/lib/python3.10/site-packages/airflow/example_dags/tutorial.py for tasks to queue
[2024-05-30T15:47:20.731-0500] {logging_mixin.py:188} INFO - [2024-05-30T15:47:20.730-0500] {dagbag.py:545} INFO - Filling up the DagBag from /home/diallo/Documents/workspace/Python/AirFlowProjects/AirFlow01/venv/lib/python3.10/site-packages/airflow/example_dags/tutorial.py
[2024-05-30T15:47:20.737-0500] {processor.py:840} INFO - DAG(s) 'tutorial' retrieved from /home/diallo/Documents/workspace/Python/AirFlowProjects/AirFlow01/venv/lib/python3.10/site-packages/airflow/example_dags/tutorial.py
[2024-05-30T15:47:20.755-0500] {logging_mixin.py:188} INFO - [2024-05-30T15:47:20.755-0500] {dag.py:3096} INFO - Sync 1 DAGs
[2024-05-30T15:47:20.780-0500] {logging_mixin.py:188} INFO - [2024-05-30T15:47:20.780-0500] {dag.py:3954} INFO - Setting next_dagrun for tutorial to 2024-05-29 00:00:00+00:00, run_after=2024-05-30 00:00:00+00:00
[2024-05-30T15:47:20.889-0500] {processor.py:183} INFO - Processing /home/diallo/Documents/workspace/Python/AirFlowProjects/AirFlow01/venv/lib/python3.10/site-packages/airflow/example_dags/tutorial.py took 0.180 seconds
[2024-05-30T15:48:02.637-0500] {processor.py:161} INFO - Started process (PID=27000) to work on /home/diallo/Documents/workspace/Python/AirFlowProjects/AirFlow01/venv/lib/python3.10/site-packages/airflow/example_dags/tutorial.py
[2024-05-30T15:48:02.652-0500] {processor.py:830} INFO - Processing file /home/diallo/Documents/workspace/Python/AirFlowProjects/AirFlow01/venv/lib/python3.10/site-packages/airflow/example_dags/tutorial.py for tasks to queue
[2024-05-30T15:48:02.658-0500] {logging_mixin.py:188} INFO - [2024-05-30T15:48:02.657-0500] {dagbag.py:545} INFO - Filling up the DagBag from /home/diallo/Documents/workspace/Python/AirFlowProjects/AirFlow01/venv/lib/python3.10/site-packages/airflow/example_dags/tutorial.py
[2024-05-30T15:48:02.685-0500] {processor.py:840} INFO - DAG(s) 'tutorial' retrieved from /home/diallo/Documents/workspace/Python/AirFlowProjects/AirFlow01/venv/lib/python3.10/site-packages/airflow/example_dags/tutorial.py
[2024-05-30T15:48:02.721-0500] {logging_mixin.py:188} INFO - [2024-05-30T15:48:02.721-0500] {dag.py:3096} INFO - Sync 1 DAGs
[2024-05-30T15:48:02.746-0500] {logging_mixin.py:188} INFO - [2024-05-30T15:48:02.745-0500] {dag.py:3954} INFO - Setting next_dagrun for tutorial to 2024-05-29 00:00:00+00:00, run_after=2024-05-30 00:00:00+00:00
[2024-05-30T15:48:02.847-0500] {processor.py:183} INFO - Processing /home/diallo/Documents/workspace/Python/AirFlowProjects/AirFlow01/venv/lib/python3.10/site-packages/airflow/example_dags/tutorial.py took 0.234 seconds
[2024-05-30T15:49:01.768-0500] {processor.py:161} INFO - Started process (PID=27484) to work on /home/diallo/Documents/workspace/Python/AirFlowProjects/AirFlow01/venv/lib/python3.10/site-packages/airflow/example_dags/tutorial.py
[2024-05-30T15:49:01.804-0500] {processor.py:830} INFO - Processing file /home/diallo/Documents/workspace/Python/AirFlowProjects/AirFlow01/venv/lib/python3.10/site-packages/airflow/example_dags/tutorial.py for tasks to queue
[2024-05-30T15:49:01.810-0500] {logging_mixin.py:188} INFO - [2024-05-30T15:49:01.809-0500] {dagbag.py:545} INFO - Filling up the DagBag from /home/diallo/Documents/workspace/Python/AirFlowProjects/AirFlow01/venv/lib/python3.10/site-packages/airflow/example_dags/tutorial.py
[2024-05-30T15:49:01.828-0500] {processor.py:840} INFO - DAG(s) 'tutorial' retrieved from /home/diallo/Documents/workspace/Python/AirFlowProjects/AirFlow01/venv/lib/python3.10/site-packages/airflow/example_dags/tutorial.py
[2024-05-30T15:49:01.851-0500] {logging_mixin.py:188} INFO - [2024-05-30T15:49:01.850-0500] {dag.py:3096} INFO - Sync 1 DAGs
[2024-05-30T15:49:01.869-0500] {logging_mixin.py:188} INFO - [2024-05-30T15:49:01.869-0500] {dag.py:3954} INFO - Setting next_dagrun for tutorial to 2024-05-29 00:00:00+00:00, run_after=2024-05-30 00:00:00+00:00
[2024-05-30T15:49:02.049-0500] {processor.py:183} INFO - Processing /home/diallo/Documents/workspace/Python/AirFlowProjects/AirFlow01/venv/lib/python3.10/site-packages/airflow/example_dags/tutorial.py took 0.293 seconds
[2024-05-30T15:50:36.596-0500] {processor.py:161} INFO - Started process (PID=28221) to work on /home/diallo/Documents/workspace/Python/AirFlowProjects/AirFlow01/venv/lib/python3.10/site-packages/airflow/example_dags/tutorial.py
[2024-05-30T15:50:36.655-0500] {processor.py:830} INFO - Processing file /home/diallo/Documents/workspace/Python/AirFlowProjects/AirFlow01/venv/lib/python3.10/site-packages/airflow/example_dags/tutorial.py for tasks to queue
[2024-05-30T15:50:36.662-0500] {logging_mixin.py:188} INFO - [2024-05-30T15:50:36.660-0500] {dagbag.py:545} INFO - Filling up the DagBag from /home/diallo/Documents/workspace/Python/AirFlowProjects/AirFlow01/venv/lib/python3.10/site-packages/airflow/example_dags/tutorial.py
[2024-05-30T15:50:36.685-0500] {processor.py:840} INFO - DAG(s) 'tutorial' retrieved from /home/diallo/Documents/workspace/Python/AirFlowProjects/AirFlow01/venv/lib/python3.10/site-packages/airflow/example_dags/tutorial.py
[2024-05-30T15:50:36.739-0500] {logging_mixin.py:188} INFO - [2024-05-30T15:50:36.738-0500] {dag.py:3096} INFO - Sync 1 DAGs
[2024-05-30T15:50:36.768-0500] {logging_mixin.py:188} INFO - [2024-05-30T15:50:36.768-0500] {dag.py:3954} INFO - Setting next_dagrun for tutorial to 2024-05-29 00:00:00+00:00, run_after=2024-05-30 00:00:00+00:00
[2024-05-30T15:50:38.330-0500] {processor.py:183} INFO - Processing /home/diallo/Documents/workspace/Python/AirFlowProjects/AirFlow01/venv/lib/python3.10/site-packages/airflow/example_dags/tutorial.py took 1.742 seconds
