[2024-05-30T15:37:18.566-0500] {processor.py:161} INFO - Started process (PID=21866) to work on /home/diallo/Documents/workspace/Python/AirFlowProjects/AirFlow01/venv/lib/python3.10/site-packages/airflow/example_dags/tutorial_dag.py
[2024-05-30T15:37:18.568-0500] {processor.py:830} INFO - Processing file /home/diallo/Documents/workspace/Python/AirFlowProjects/AirFlow01/venv/lib/python3.10/site-packages/airflow/example_dags/tutorial_dag.py for tasks to queue
[2024-05-30T15:37:18.570-0500] {logging_mixin.py:188} INFO - [2024-05-30T15:37:18.570-0500] {dagbag.py:545} INFO - Filling up the DagBag from /home/diallo/Documents/workspace/Python/AirFlowProjects/AirFlow01/venv/lib/python3.10/site-packages/airflow/example_dags/tutorial_dag.py
[2024-05-30T15:37:18.579-0500] {processor.py:840} INFO - DAG(s) 'tutorial_dag' retrieved from /home/diallo/Documents/workspace/Python/AirFlowProjects/AirFlow01/venv/lib/python3.10/site-packages/airflow/example_dags/tutorial_dag.py
[2024-05-30T15:37:18.811-0500] {logging_mixin.py:188} INFO - [2024-05-30T15:37:18.809-0500] {override.py:1829} INFO - Created Permission View: can delete on DAG:tutorial_dag
[2024-05-30T15:37:18.878-0500] {logging_mixin.py:188} INFO - [2024-05-30T15:37:18.877-0500] {override.py:1829} INFO - Created Permission View: can edit on DAG:tutorial_dag
[2024-05-30T15:37:18.947-0500] {logging_mixin.py:188} INFO - [2024-05-30T15:37:18.946-0500] {override.py:1829} INFO - Created Permission View: can read on DAG:tutorial_dag
[2024-05-30T15:37:18.948-0500] {logging_mixin.py:188} INFO - [2024-05-30T15:37:18.948-0500] {dag.py:3096} INFO - Sync 1 DAGs
[2024-05-30T15:37:18.979-0500] {logging_mixin.py:188} INFO - [2024-05-30T15:37:18.978-0500] {dag.py:3118} INFO - Creating ORM DAG for tutorial_dag
[2024-05-30T15:37:18.980-0500] {logging_mixin.py:188} INFO - [2024-05-30T15:37:18.979-0500] {dag.py:3954} INFO - Setting next_dagrun for tutorial_dag to None, run_after=None
[2024-05-30T15:37:19.080-0500] {processor.py:183} INFO - Processing /home/diallo/Documents/workspace/Python/AirFlowProjects/AirFlow01/venv/lib/python3.10/site-packages/airflow/example_dags/tutorial_dag.py took 0.522 seconds
[2024-05-30T15:38:53.404-0500] {processor.py:161} INFO - Started process (PID=22735) to work on /home/diallo/Documents/workspace/Python/AirFlowProjects/AirFlow01/venv/lib/python3.10/site-packages/airflow/example_dags/tutorial_dag.py
[2024-05-30T15:38:53.436-0500] {processor.py:830} INFO - Processing file /home/diallo/Documents/workspace/Python/AirFlowProjects/AirFlow01/venv/lib/python3.10/site-packages/airflow/example_dags/tutorial_dag.py for tasks to queue
[2024-05-30T15:38:53.442-0500] {logging_mixin.py:188} INFO - [2024-05-30T15:38:53.441-0500] {dagbag.py:545} INFO - Filling up the DagBag from /home/diallo/Documents/workspace/Python/AirFlowProjects/AirFlow01/venv/lib/python3.10/site-packages/airflow/example_dags/tutorial_dag.py
[2024-05-30T15:38:53.466-0500] {processor.py:840} INFO - DAG(s) 'tutorial_dag' retrieved from /home/diallo/Documents/workspace/Python/AirFlowProjects/AirFlow01/venv/lib/python3.10/site-packages/airflow/example_dags/tutorial_dag.py
[2024-05-30T15:38:53.500-0500] {logging_mixin.py:188} INFO - [2024-05-30T15:38:53.499-0500] {dag.py:3096} INFO - Sync 1 DAGs
[2024-05-30T15:38:53.513-0500] {logging_mixin.py:188} INFO - [2024-05-30T15:38:53.513-0500] {dag.py:3954} INFO - Setting next_dagrun for tutorial_dag to None, run_after=None
[2024-05-30T15:38:53.635-0500] {processor.py:183} INFO - Processing /home/diallo/Documents/workspace/Python/AirFlowProjects/AirFlow01/venv/lib/python3.10/site-packages/airflow/example_dags/tutorial_dag.py took 0.241 seconds
[2024-05-30T15:39:35.300-0500] {processor.py:161} INFO - Started process (PID=23063) to work on /home/diallo/Documents/workspace/Python/AirFlowProjects/AirFlow01/venv/lib/python3.10/site-packages/airflow/example_dags/tutorial_dag.py
[2024-05-30T15:39:35.403-0500] {processor.py:830} INFO - Processing file /home/diallo/Documents/workspace/Python/AirFlowProjects/AirFlow01/venv/lib/python3.10/site-packages/airflow/example_dags/tutorial_dag.py for tasks to queue
[2024-05-30T15:39:35.409-0500] {logging_mixin.py:188} INFO - [2024-05-30T15:39:35.408-0500] {dagbag.py:545} INFO - Filling up the DagBag from /home/diallo/Documents/workspace/Python/AirFlowProjects/AirFlow01/venv/lib/python3.10/site-packages/airflow/example_dags/tutorial_dag.py
[2024-05-30T15:39:35.424-0500] {processor.py:840} INFO - DAG(s) 'tutorial_dag' retrieved from /home/diallo/Documents/workspace/Python/AirFlowProjects/AirFlow01/venv/lib/python3.10/site-packages/airflow/example_dags/tutorial_dag.py
[2024-05-30T15:39:35.445-0500] {logging_mixin.py:188} INFO - [2024-05-30T15:39:35.445-0500] {dag.py:3096} INFO - Sync 1 DAGs
[2024-05-30T15:39:35.459-0500] {logging_mixin.py:188} INFO - [2024-05-30T15:39:35.459-0500] {dag.py:3954} INFO - Setting next_dagrun for tutorial_dag to None, run_after=None
[2024-05-30T15:39:35.551-0500] {processor.py:183} INFO - Processing /home/diallo/Documents/workspace/Python/AirFlowProjects/AirFlow01/venv/lib/python3.10/site-packages/airflow/example_dags/tutorial_dag.py took 0.260 seconds
[2024-05-30T15:40:50.761-0500] {processor.py:161} INFO - Started process (PID=23623) to work on /home/diallo/Documents/workspace/Python/AirFlowProjects/AirFlow01/venv/lib/python3.10/site-packages/airflow/example_dags/tutorial_dag.py
[2024-05-30T15:40:50.832-0500] {processor.py:830} INFO - Processing file /home/diallo/Documents/workspace/Python/AirFlowProjects/AirFlow01/venv/lib/python3.10/site-packages/airflow/example_dags/tutorial_dag.py for tasks to queue
[2024-05-30T15:40:50.834-0500] {logging_mixin.py:188} INFO - [2024-05-30T15:40:50.834-0500] {dagbag.py:545} INFO - Filling up the DagBag from /home/diallo/Documents/workspace/Python/AirFlowProjects/AirFlow01/venv/lib/python3.10/site-packages/airflow/example_dags/tutorial_dag.py
[2024-05-30T15:40:50.846-0500] {processor.py:840} INFO - DAG(s) 'tutorial_dag' retrieved from /home/diallo/Documents/workspace/Python/AirFlowProjects/AirFlow01/venv/lib/python3.10/site-packages/airflow/example_dags/tutorial_dag.py
[2024-05-30T15:40:50.877-0500] {logging_mixin.py:188} INFO - [2024-05-30T15:40:50.876-0500] {dag.py:3096} INFO - Sync 1 DAGs
[2024-05-30T15:40:50.889-0500] {logging_mixin.py:188} INFO - [2024-05-30T15:40:50.889-0500] {dag.py:3954} INFO - Setting next_dagrun for tutorial_dag to None, run_after=None
[2024-05-30T15:40:52.055-0500] {processor.py:183} INFO - Processing /home/diallo/Documents/workspace/Python/AirFlowProjects/AirFlow01/venv/lib/python3.10/site-packages/airflow/example_dags/tutorial_dag.py took 1.301 seconds
[2024-05-30T15:41:56.967-0500] {processor.py:161} INFO - Started process (PID=24130) to work on /home/diallo/Documents/workspace/Python/AirFlowProjects/AirFlow01/venv/lib/python3.10/site-packages/airflow/example_dags/tutorial_dag.py
[2024-05-30T15:41:56.995-0500] {processor.py:830} INFO - Processing file /home/diallo/Documents/workspace/Python/AirFlowProjects/AirFlow01/venv/lib/python3.10/site-packages/airflow/example_dags/tutorial_dag.py for tasks to queue
[2024-05-30T15:41:56.997-0500] {logging_mixin.py:188} INFO - [2024-05-30T15:41:56.996-0500] {dagbag.py:545} INFO - Filling up the DagBag from /home/diallo/Documents/workspace/Python/AirFlowProjects/AirFlow01/venv/lib/python3.10/site-packages/airflow/example_dags/tutorial_dag.py
[2024-05-30T15:41:57.003-0500] {processor.py:840} INFO - DAG(s) 'tutorial_dag' retrieved from /home/diallo/Documents/workspace/Python/AirFlowProjects/AirFlow01/venv/lib/python3.10/site-packages/airflow/example_dags/tutorial_dag.py
[2024-05-30T15:41:57.104-0500] {logging_mixin.py:188} INFO - [2024-05-30T15:41:57.103-0500] {dag.py:3096} INFO - Sync 1 DAGs
[2024-05-30T15:41:57.114-0500] {logging_mixin.py:188} INFO - [2024-05-30T15:41:57.114-0500] {dag.py:3954} INFO - Setting next_dagrun for tutorial_dag to None, run_after=None
[2024-05-30T15:41:57.596-0500] {processor.py:183} INFO - Processing /home/diallo/Documents/workspace/Python/AirFlowProjects/AirFlow01/venv/lib/python3.10/site-packages/airflow/example_dags/tutorial_dag.py took 0.637 seconds
[2024-05-30T15:43:04.635-0500] {processor.py:161} INFO - Started process (PID=24675) to work on /home/diallo/Documents/workspace/Python/AirFlowProjects/AirFlow01/venv/lib/python3.10/site-packages/airflow/example_dags/tutorial_dag.py
[2024-05-30T15:43:04.678-0500] {processor.py:830} INFO - Processing file /home/diallo/Documents/workspace/Python/AirFlowProjects/AirFlow01/venv/lib/python3.10/site-packages/airflow/example_dags/tutorial_dag.py for tasks to queue
[2024-05-30T15:43:04.685-0500] {logging_mixin.py:188} INFO - [2024-05-30T15:43:04.683-0500] {dagbag.py:545} INFO - Filling up the DagBag from /home/diallo/Documents/workspace/Python/AirFlowProjects/AirFlow01/venv/lib/python3.10/site-packages/airflow/example_dags/tutorial_dag.py
[2024-05-30T15:43:04.703-0500] {processor.py:840} INFO - DAG(s) 'tutorial_dag' retrieved from /home/diallo/Documents/workspace/Python/AirFlowProjects/AirFlow01/venv/lib/python3.10/site-packages/airflow/example_dags/tutorial_dag.py
[2024-05-30T15:43:04.724-0500] {logging_mixin.py:188} INFO - [2024-05-30T15:43:04.724-0500] {dag.py:3096} INFO - Sync 1 DAGs
[2024-05-30T15:43:04.735-0500] {logging_mixin.py:188} INFO - [2024-05-30T15:43:04.735-0500] {dag.py:3954} INFO - Setting next_dagrun for tutorial_dag to None, run_after=None
[2024-05-30T15:43:04.816-0500] {processor.py:183} INFO - Processing /home/diallo/Documents/workspace/Python/AirFlowProjects/AirFlow01/venv/lib/python3.10/site-packages/airflow/example_dags/tutorial_dag.py took 0.189 seconds
[2024-05-30T15:43:40.378-0500] {processor.py:161} INFO - Started process (PID=24953) to work on /home/diallo/Documents/workspace/Python/AirFlowProjects/AirFlow01/venv/lib/python3.10/site-packages/airflow/example_dags/tutorial_dag.py
[2024-05-30T15:43:40.380-0500] {processor.py:830} INFO - Processing file /home/diallo/Documents/workspace/Python/AirFlowProjects/AirFlow01/venv/lib/python3.10/site-packages/airflow/example_dags/tutorial_dag.py for tasks to queue
[2024-05-30T15:43:40.381-0500] {logging_mixin.py:188} INFO - [2024-05-30T15:43:40.381-0500] {dagbag.py:545} INFO - Filling up the DagBag from /home/diallo/Documents/workspace/Python/AirFlowProjects/AirFlow01/venv/lib/python3.10/site-packages/airflow/example_dags/tutorial_dag.py
[2024-05-30T15:43:40.387-0500] {processor.py:840} INFO - DAG(s) 'tutorial_dag' retrieved from /home/diallo/Documents/workspace/Python/AirFlowProjects/AirFlow01/venv/lib/python3.10/site-packages/airflow/example_dags/tutorial_dag.py
[2024-05-30T15:43:40.402-0500] {logging_mixin.py:188} INFO - [2024-05-30T15:43:40.401-0500] {dag.py:3096} INFO - Sync 1 DAGs
[2024-05-30T15:43:40.413-0500] {logging_mixin.py:188} INFO - [2024-05-30T15:43:40.413-0500] {dag.py:3954} INFO - Setting next_dagrun for tutorial_dag to None, run_after=None
[2024-05-30T15:43:40.521-0500] {processor.py:183} INFO - Processing /home/diallo/Documents/workspace/Python/AirFlowProjects/AirFlow01/venv/lib/python3.10/site-packages/airflow/example_dags/tutorial_dag.py took 0.151 seconds
[2024-05-30T15:45:09.811-0500] {processor.py:161} INFO - Started process (PID=25641) to work on /home/diallo/Documents/workspace/Python/AirFlowProjects/AirFlow01/venv/lib/python3.10/site-packages/airflow/example_dags/tutorial_dag.py
[2024-05-30T15:45:09.855-0500] {processor.py:830} INFO - Processing file /home/diallo/Documents/workspace/Python/AirFlowProjects/AirFlow01/venv/lib/python3.10/site-packages/airflow/example_dags/tutorial_dag.py for tasks to queue
[2024-05-30T15:45:09.860-0500] {logging_mixin.py:188} INFO - [2024-05-30T15:45:09.859-0500] {dagbag.py:545} INFO - Filling up the DagBag from /home/diallo/Documents/workspace/Python/AirFlowProjects/AirFlow01/venv/lib/python3.10/site-packages/airflow/example_dags/tutorial_dag.py
[2024-05-30T15:45:09.879-0500] {processor.py:840} INFO - DAG(s) 'tutorial_dag' retrieved from /home/diallo/Documents/workspace/Python/AirFlowProjects/AirFlow01/venv/lib/python3.10/site-packages/airflow/example_dags/tutorial_dag.py
[2024-05-30T15:45:09.900-0500] {logging_mixin.py:188} INFO - [2024-05-30T15:45:09.900-0500] {dag.py:3096} INFO - Sync 1 DAGs
[2024-05-30T15:45:09.911-0500] {logging_mixin.py:188} INFO - [2024-05-30T15:45:09.911-0500] {dag.py:3954} INFO - Setting next_dagrun for tutorial_dag to None, run_after=None
[2024-05-30T15:45:10.590-0500] {processor.py:183} INFO - Processing /home/diallo/Documents/workspace/Python/AirFlowProjects/AirFlow01/venv/lib/python3.10/site-packages/airflow/example_dags/tutorial_dag.py took 0.794 seconds
[2024-05-30T15:46:09.432-0500] {processor.py:161} INFO - Started process (PID=26086) to work on /home/diallo/Documents/workspace/Python/AirFlowProjects/AirFlow01/venv/lib/python3.10/site-packages/airflow/example_dags/tutorial_dag.py
[2024-05-30T15:46:09.470-0500] {processor.py:830} INFO - Processing file /home/diallo/Documents/workspace/Python/AirFlowProjects/AirFlow01/venv/lib/python3.10/site-packages/airflow/example_dags/tutorial_dag.py for tasks to queue
[2024-05-30T15:46:09.476-0500] {logging_mixin.py:188} INFO - [2024-05-30T15:46:09.475-0500] {dagbag.py:545} INFO - Filling up the DagBag from /home/diallo/Documents/workspace/Python/AirFlowProjects/AirFlow01/venv/lib/python3.10/site-packages/airflow/example_dags/tutorial_dag.py
[2024-05-30T15:46:09.495-0500] {processor.py:840} INFO - DAG(s) 'tutorial_dag' retrieved from /home/diallo/Documents/workspace/Python/AirFlowProjects/AirFlow01/venv/lib/python3.10/site-packages/airflow/example_dags/tutorial_dag.py
[2024-05-30T15:46:09.518-0500] {logging_mixin.py:188} INFO - [2024-05-30T15:46:09.518-0500] {dag.py:3096} INFO - Sync 1 DAGs
[2024-05-30T15:46:09.530-0500] {logging_mixin.py:188} INFO - [2024-05-30T15:46:09.530-0500] {dag.py:3954} INFO - Setting next_dagrun for tutorial_dag to None, run_after=None
[2024-05-30T15:46:09.612-0500] {processor.py:183} INFO - Processing /home/diallo/Documents/workspace/Python/AirFlowProjects/AirFlow01/venv/lib/python3.10/site-packages/airflow/example_dags/tutorial_dag.py took 0.187 seconds
[2024-05-30T15:46:49.454-0500] {processor.py:161} INFO - Started process (PID=26421) to work on /home/diallo/Documents/workspace/Python/AirFlowProjects/AirFlow01/venv/lib/python3.10/site-packages/airflow/example_dags/tutorial_dag.py
[2024-05-30T15:46:49.489-0500] {processor.py:830} INFO - Processing file /home/diallo/Documents/workspace/Python/AirFlowProjects/AirFlow01/venv/lib/python3.10/site-packages/airflow/example_dags/tutorial_dag.py for tasks to queue
[2024-05-30T15:46:49.493-0500] {logging_mixin.py:188} INFO - [2024-05-30T15:46:49.492-0500] {dagbag.py:545} INFO - Filling up the DagBag from /home/diallo/Documents/workspace/Python/AirFlowProjects/AirFlow01/venv/lib/python3.10/site-packages/airflow/example_dags/tutorial_dag.py
[2024-05-30T15:46:49.506-0500] {processor.py:840} INFO - DAG(s) 'tutorial_dag' retrieved from /home/diallo/Documents/workspace/Python/AirFlowProjects/AirFlow01/venv/lib/python3.10/site-packages/airflow/example_dags/tutorial_dag.py
[2024-05-30T15:46:49.539-0500] {logging_mixin.py:188} INFO - [2024-05-30T15:46:49.539-0500] {dag.py:3096} INFO - Sync 1 DAGs
[2024-05-30T15:46:49.564-0500] {logging_mixin.py:188} INFO - [2024-05-30T15:46:49.563-0500] {dag.py:3954} INFO - Setting next_dagrun for tutorial_dag to None, run_after=None
[2024-05-30T15:46:49.664-0500] {processor.py:183} INFO - Processing /home/diallo/Documents/workspace/Python/AirFlowProjects/AirFlow01/venv/lib/python3.10/site-packages/airflow/example_dags/tutorial_dag.py took 0.239 seconds
[2024-05-30T15:47:59.136-0500] {processor.py:161} INFO - Started process (PID=26973) to work on /home/diallo/Documents/workspace/Python/AirFlowProjects/AirFlow01/venv/lib/python3.10/site-packages/airflow/example_dags/tutorial_dag.py
[2024-05-30T15:47:59.170-0500] {processor.py:830} INFO - Processing file /home/diallo/Documents/workspace/Python/AirFlowProjects/AirFlow01/venv/lib/python3.10/site-packages/airflow/example_dags/tutorial_dag.py for tasks to queue
[2024-05-30T15:47:59.172-0500] {logging_mixin.py:188} INFO - [2024-05-30T15:47:59.172-0500] {dagbag.py:545} INFO - Filling up the DagBag from /home/diallo/Documents/workspace/Python/AirFlowProjects/AirFlow01/venv/lib/python3.10/site-packages/airflow/example_dags/tutorial_dag.py
[2024-05-30T15:47:59.179-0500] {processor.py:840} INFO - DAG(s) 'tutorial_dag' retrieved from /home/diallo/Documents/workspace/Python/AirFlowProjects/AirFlow01/venv/lib/python3.10/site-packages/airflow/example_dags/tutorial_dag.py
[2024-05-30T15:47:59.198-0500] {logging_mixin.py:188} INFO - [2024-05-30T15:47:59.197-0500] {dag.py:3096} INFO - Sync 1 DAGs
[2024-05-30T15:47:59.212-0500] {logging_mixin.py:188} INFO - [2024-05-30T15:47:59.212-0500] {dag.py:3954} INFO - Setting next_dagrun for tutorial_dag to None, run_after=None
[2024-05-30T15:47:59.281-0500] {processor.py:183} INFO - Processing /home/diallo/Documents/workspace/Python/AirFlowProjects/AirFlow01/venv/lib/python3.10/site-packages/airflow/example_dags/tutorial_dag.py took 0.154 seconds
[2024-05-30T15:48:57.958-0500] {processor.py:161} INFO - Started process (PID=27454) to work on /home/diallo/Documents/workspace/Python/AirFlowProjects/AirFlow01/venv/lib/python3.10/site-packages/airflow/example_dags/tutorial_dag.py
[2024-05-30T15:48:57.992-0500] {processor.py:830} INFO - Processing file /home/diallo/Documents/workspace/Python/AirFlowProjects/AirFlow01/venv/lib/python3.10/site-packages/airflow/example_dags/tutorial_dag.py for tasks to queue
[2024-05-30T15:48:57.993-0500] {logging_mixin.py:188} INFO - [2024-05-30T15:48:57.993-0500] {dagbag.py:545} INFO - Filling up the DagBag from /home/diallo/Documents/workspace/Python/AirFlowProjects/AirFlow01/venv/lib/python3.10/site-packages/airflow/example_dags/tutorial_dag.py
[2024-05-30T15:48:57.998-0500] {processor.py:840} INFO - DAG(s) 'tutorial_dag' retrieved from /home/diallo/Documents/workspace/Python/AirFlowProjects/AirFlow01/venv/lib/python3.10/site-packages/airflow/example_dags/tutorial_dag.py
[2024-05-30T15:48:58.013-0500] {logging_mixin.py:188} INFO - [2024-05-30T15:48:58.013-0500] {dag.py:3096} INFO - Sync 1 DAGs
[2024-05-30T15:48:58.025-0500] {logging_mixin.py:188} INFO - [2024-05-30T15:48:58.024-0500] {dag.py:3954} INFO - Setting next_dagrun for tutorial_dag to None, run_after=None
[2024-05-30T15:48:58.110-0500] {processor.py:183} INFO - Processing /home/diallo/Documents/workspace/Python/AirFlowProjects/AirFlow01/venv/lib/python3.10/site-packages/airflow/example_dags/tutorial_dag.py took 0.159 seconds
[2024-05-30T15:50:28.933-0500] {processor.py:161} INFO - Started process (PID=28171) to work on /home/diallo/Documents/workspace/Python/AirFlowProjects/AirFlow01/venv/lib/python3.10/site-packages/airflow/example_dags/tutorial_dag.py
[2024-05-30T15:50:28.943-0500] {processor.py:830} INFO - Processing file /home/diallo/Documents/workspace/Python/AirFlowProjects/AirFlow01/venv/lib/python3.10/site-packages/airflow/example_dags/tutorial_dag.py for tasks to queue
[2024-05-30T15:50:28.945-0500] {logging_mixin.py:188} INFO - [2024-05-30T15:50:28.944-0500] {dagbag.py:545} INFO - Filling up the DagBag from /home/diallo/Documents/workspace/Python/AirFlowProjects/AirFlow01/venv/lib/python3.10/site-packages/airflow/example_dags/tutorial_dag.py
[2024-05-30T15:50:28.955-0500] {processor.py:840} INFO - DAG(s) 'tutorial_dag' retrieved from /home/diallo/Documents/workspace/Python/AirFlowProjects/AirFlow01/venv/lib/python3.10/site-packages/airflow/example_dags/tutorial_dag.py
[2024-05-30T15:50:28.976-0500] {logging_mixin.py:188} INFO - [2024-05-30T15:50:28.976-0500] {dag.py:3096} INFO - Sync 1 DAGs
[2024-05-30T15:50:28.993-0500] {logging_mixin.py:188} INFO - [2024-05-30T15:50:28.993-0500] {dag.py:3954} INFO - Setting next_dagrun for tutorial_dag to None, run_after=None
[2024-05-30T15:50:29.651-0500] {processor.py:183} INFO - Processing /home/diallo/Documents/workspace/Python/AirFlowProjects/AirFlow01/venv/lib/python3.10/site-packages/airflow/example_dags/tutorial_dag.py took 0.727 seconds
