[2024-05-30T15:37:22.113-0500] {processor.py:161} INFO - Started process (PID=21901) to work on /home/diallo/Documents/workspace/Python/AirFlowProjects/AirFlow01/venv/lib/python3.10/site-packages/airflow/example_dags/tutorial_objectstorage.py
[2024-05-30T15:37:22.114-0500] {processor.py:830} INFO - Processing file /home/diallo/Documents/workspace/Python/AirFlowProjects/AirFlow01/venv/lib/python3.10/site-packages/airflow/example_dags/tutorial_objectstorage.py for tasks to queue
[2024-05-30T15:37:22.116-0500] {logging_mixin.py:188} INFO - [2024-05-30T15:37:22.115-0500] {dagbag.py:545} INFO - Filling up the DagBag from /home/diallo/Documents/workspace/Python/AirFlowProjects/AirFlow01/venv/lib/python3.10/site-packages/airflow/example_dags/tutorial_objectstorage.py
[2024-05-30T15:37:22.124-0500] {processor.py:840} INFO - DAG(s) 'tutorial_objectstorage' retrieved from /home/diallo/Documents/workspace/Python/AirFlowProjects/AirFlow01/venv/lib/python3.10/site-packages/airflow/example_dags/tutorial_objectstorage.py
[2024-05-30T15:37:22.361-0500] {logging_mixin.py:188} INFO - [2024-05-30T15:37:22.360-0500] {override.py:1829} INFO - Created Permission View: can delete on DAG:tutorial_objectstorage
[2024-05-30T15:37:22.428-0500] {logging_mixin.py:188} INFO - [2024-05-30T15:37:22.427-0500] {override.py:1829} INFO - Created Permission View: can edit on DAG:tutorial_objectstorage
[2024-05-30T15:37:22.496-0500] {logging_mixin.py:188} INFO - [2024-05-30T15:37:22.495-0500] {override.py:1829} INFO - Created Permission View: can read on DAG:tutorial_objectstorage
[2024-05-30T15:37:22.497-0500] {logging_mixin.py:188} INFO - [2024-05-30T15:37:22.497-0500] {dag.py:3096} INFO - Sync 1 DAGs
[2024-05-30T15:37:22.528-0500] {logging_mixin.py:188} INFO - [2024-05-30T15:37:22.528-0500] {dag.py:3118} INFO - Creating ORM DAG for tutorial_objectstorage
[2024-05-30T15:37:22.529-0500] {logging_mixin.py:188} INFO - [2024-05-30T15:37:22.529-0500] {dag.py:3954} INFO - Setting next_dagrun for tutorial_objectstorage to None, run_after=None
[2024-05-30T15:37:22.618-0500] {processor.py:183} INFO - Processing /home/diallo/Documents/workspace/Python/AirFlowProjects/AirFlow01/venv/lib/python3.10/site-packages/airflow/example_dags/tutorial_objectstorage.py took 0.510 seconds
[2024-05-30T15:38:56.097-0500] {processor.py:161} INFO - Started process (PID=22751) to work on /home/diallo/Documents/workspace/Python/AirFlowProjects/AirFlow01/venv/lib/python3.10/site-packages/airflow/example_dags/tutorial_objectstorage.py
[2024-05-30T15:38:56.136-0500] {processor.py:830} INFO - Processing file /home/diallo/Documents/workspace/Python/AirFlowProjects/AirFlow01/venv/lib/python3.10/site-packages/airflow/example_dags/tutorial_objectstorage.py for tasks to queue
[2024-05-30T15:38:56.141-0500] {logging_mixin.py:188} INFO - [2024-05-30T15:38:56.140-0500] {dagbag.py:545} INFO - Filling up the DagBag from /home/diallo/Documents/workspace/Python/AirFlowProjects/AirFlow01/venv/lib/python3.10/site-packages/airflow/example_dags/tutorial_objectstorage.py
[2024-05-30T15:38:56.164-0500] {processor.py:840} INFO - DAG(s) 'tutorial_objectstorage' retrieved from /home/diallo/Documents/workspace/Python/AirFlowProjects/AirFlow01/venv/lib/python3.10/site-packages/airflow/example_dags/tutorial_objectstorage.py
[2024-05-30T15:38:56.184-0500] {logging_mixin.py:188} INFO - [2024-05-30T15:38:56.184-0500] {dag.py:3096} INFO - Sync 1 DAGs
[2024-05-30T15:38:56.198-0500] {logging_mixin.py:188} INFO - [2024-05-30T15:38:56.197-0500] {dag.py:3954} INFO - Setting next_dagrun for tutorial_objectstorage to None, run_after=None
[2024-05-30T15:38:56.266-0500] {processor.py:183} INFO - Processing /home/diallo/Documents/workspace/Python/AirFlowProjects/AirFlow01/venv/lib/python3.10/site-packages/airflow/example_dags/tutorial_objectstorage.py took 0.188 seconds
[2024-05-30T15:39:38.027-0500] {processor.py:161} INFO - Started process (PID=23079) to work on /home/diallo/Documents/workspace/Python/AirFlowProjects/AirFlow01/venv/lib/python3.10/site-packages/airflow/example_dags/tutorial_objectstorage.py
[2024-05-30T15:39:38.092-0500] {processor.py:830} INFO - Processing file /home/diallo/Documents/workspace/Python/AirFlowProjects/AirFlow01/venv/lib/python3.10/site-packages/airflow/example_dags/tutorial_objectstorage.py for tasks to queue
[2024-05-30T15:39:38.101-0500] {logging_mixin.py:188} INFO - [2024-05-30T15:39:38.099-0500] {dagbag.py:545} INFO - Filling up the DagBag from /home/diallo/Documents/workspace/Python/AirFlowProjects/AirFlow01/venv/lib/python3.10/site-packages/airflow/example_dags/tutorial_objectstorage.py
[2024-05-30T15:39:38.134-0500] {processor.py:840} INFO - DAG(s) 'tutorial_objectstorage' retrieved from /home/diallo/Documents/workspace/Python/AirFlowProjects/AirFlow01/venv/lib/python3.10/site-packages/airflow/example_dags/tutorial_objectstorage.py
[2024-05-30T15:39:38.184-0500] {logging_mixin.py:188} INFO - [2024-05-30T15:39:38.183-0500] {dag.py:3096} INFO - Sync 1 DAGs
[2024-05-30T15:39:38.202-0500] {logging_mixin.py:188} INFO - [2024-05-30T15:39:38.202-0500] {dag.py:3954} INFO - Setting next_dagrun for tutorial_objectstorage to None, run_after=None
[2024-05-30T15:39:38.299-0500] {processor.py:183} INFO - Processing /home/diallo/Documents/workspace/Python/AirFlowProjects/AirFlow01/venv/lib/python3.10/site-packages/airflow/example_dags/tutorial_objectstorage.py took 0.297 seconds
[2024-05-30T15:42:00.970-0500] {processor.py:161} INFO - Started process (PID=24162) to work on /home/diallo/Documents/workspace/Python/AirFlowProjects/AirFlow01/venv/lib/python3.10/site-packages/airflow/example_dags/tutorial_objectstorage.py
[2024-05-30T15:42:01.199-0500] {processor.py:830} INFO - Processing file /home/diallo/Documents/workspace/Python/AirFlowProjects/AirFlow01/venv/lib/python3.10/site-packages/airflow/example_dags/tutorial_objectstorage.py for tasks to queue
[2024-05-30T15:42:01.204-0500] {logging_mixin.py:188} INFO - [2024-05-30T15:42:01.203-0500] {dagbag.py:545} INFO - Filling up the DagBag from /home/diallo/Documents/workspace/Python/AirFlowProjects/AirFlow01/venv/lib/python3.10/site-packages/airflow/example_dags/tutorial_objectstorage.py
[2024-05-30T15:42:01.320-0500] {processor.py:840} INFO - DAG(s) 'tutorial_objectstorage' retrieved from /home/diallo/Documents/workspace/Python/AirFlowProjects/AirFlow01/venv/lib/python3.10/site-packages/airflow/example_dags/tutorial_objectstorage.py
[2024-05-30T15:42:01.330-0500] {logging_mixin.py:188} INFO - [2024-05-30T15:42:01.330-0500] {dag.py:3096} INFO - Sync 1 DAGs
[2024-05-30T15:42:01.340-0500] {logging_mixin.py:188} INFO - [2024-05-30T15:42:01.339-0500] {dag.py:3954} INFO - Setting next_dagrun for tutorial_objectstorage to None, run_after=None
[2024-05-30T15:42:02.580-0500] {processor.py:183} INFO - Processing /home/diallo/Documents/workspace/Python/AirFlowProjects/AirFlow01/venv/lib/python3.10/site-packages/airflow/example_dags/tutorial_objectstorage.py took 1.617 seconds
[2024-05-30T15:43:07.216-0500] {processor.py:161} INFO - Started process (PID=24697) to work on /home/diallo/Documents/workspace/Python/AirFlowProjects/AirFlow01/venv/lib/python3.10/site-packages/airflow/example_dags/tutorial_objectstorage.py
[2024-05-30T15:43:07.249-0500] {processor.py:830} INFO - Processing file /home/diallo/Documents/workspace/Python/AirFlowProjects/AirFlow01/venv/lib/python3.10/site-packages/airflow/example_dags/tutorial_objectstorage.py for tasks to queue
[2024-05-30T15:43:07.250-0500] {logging_mixin.py:188} INFO - [2024-05-30T15:43:07.250-0500] {dagbag.py:545} INFO - Filling up the DagBag from /home/diallo/Documents/workspace/Python/AirFlowProjects/AirFlow01/venv/lib/python3.10/site-packages/airflow/example_dags/tutorial_objectstorage.py
[2024-05-30T15:43:07.259-0500] {processor.py:840} INFO - DAG(s) 'tutorial_objectstorage' retrieved from /home/diallo/Documents/workspace/Python/AirFlowProjects/AirFlow01/venv/lib/python3.10/site-packages/airflow/example_dags/tutorial_objectstorage.py
[2024-05-30T15:43:07.273-0500] {logging_mixin.py:188} INFO - [2024-05-30T15:43:07.273-0500] {dag.py:3096} INFO - Sync 1 DAGs
[2024-05-30T15:43:07.284-0500] {logging_mixin.py:188} INFO - [2024-05-30T15:43:07.284-0500] {dag.py:3954} INFO - Setting next_dagrun for tutorial_objectstorage to None, run_after=None
[2024-05-30T15:43:07.367-0500] {processor.py:183} INFO - Processing /home/diallo/Documents/workspace/Python/AirFlowProjects/AirFlow01/venv/lib/python3.10/site-packages/airflow/example_dags/tutorial_objectstorage.py took 0.160 seconds
[2024-05-30T15:44:07.348-0500] {processor.py:161} INFO - Started process (PID=25164) to work on /home/diallo/Documents/workspace/Python/AirFlowProjects/AirFlow01/venv/lib/python3.10/site-packages/airflow/example_dags/tutorial_objectstorage.py
[2024-05-30T15:44:07.400-0500] {processor.py:830} INFO - Processing file /home/diallo/Documents/workspace/Python/AirFlowProjects/AirFlow01/venv/lib/python3.10/site-packages/airflow/example_dags/tutorial_objectstorage.py for tasks to queue
[2024-05-30T15:44:07.406-0500] {logging_mixin.py:188} INFO - [2024-05-30T15:44:07.404-0500] {dagbag.py:545} INFO - Filling up the DagBag from /home/diallo/Documents/workspace/Python/AirFlowProjects/AirFlow01/venv/lib/python3.10/site-packages/airflow/example_dags/tutorial_objectstorage.py
[2024-05-30T15:44:07.431-0500] {processor.py:840} INFO - DAG(s) 'tutorial_objectstorage' retrieved from /home/diallo/Documents/workspace/Python/AirFlowProjects/AirFlow01/venv/lib/python3.10/site-packages/airflow/example_dags/tutorial_objectstorage.py
[2024-05-30T15:44:07.450-0500] {logging_mixin.py:188} INFO - [2024-05-30T15:44:07.450-0500] {dag.py:3096} INFO - Sync 1 DAGs
[2024-05-30T15:44:07.463-0500] {logging_mixin.py:188} INFO - [2024-05-30T15:44:07.463-0500] {dag.py:3954} INFO - Setting next_dagrun for tutorial_objectstorage to None, run_after=None
[2024-05-30T15:44:08.529-0500] {processor.py:183} INFO - Processing /home/diallo/Documents/workspace/Python/AirFlowProjects/AirFlow01/venv/lib/python3.10/site-packages/airflow/example_dags/tutorial_objectstorage.py took 1.189 seconds
[2024-05-30T15:45:15.275-0500] {processor.py:161} INFO - Started process (PID=25672) to work on /home/diallo/Documents/workspace/Python/AirFlowProjects/AirFlow01/venv/lib/python3.10/site-packages/airflow/example_dags/tutorial_objectstorage.py
[2024-05-30T15:45:15.300-0500] {processor.py:830} INFO - Processing file /home/diallo/Documents/workspace/Python/AirFlowProjects/AirFlow01/venv/lib/python3.10/site-packages/airflow/example_dags/tutorial_objectstorage.py for tasks to queue
[2024-05-30T15:45:15.306-0500] {logging_mixin.py:188} INFO - [2024-05-30T15:45:15.305-0500] {dagbag.py:545} INFO - Filling up the DagBag from /home/diallo/Documents/workspace/Python/AirFlowProjects/AirFlow01/venv/lib/python3.10/site-packages/airflow/example_dags/tutorial_objectstorage.py
[2024-05-30T15:45:15.325-0500] {processor.py:840} INFO - DAG(s) 'tutorial_objectstorage' retrieved from /home/diallo/Documents/workspace/Python/AirFlowProjects/AirFlow01/venv/lib/python3.10/site-packages/airflow/example_dags/tutorial_objectstorage.py
[2024-05-30T15:45:15.342-0500] {logging_mixin.py:188} INFO - [2024-05-30T15:45:15.342-0500] {dag.py:3096} INFO - Sync 1 DAGs
[2024-05-30T15:45:15.353-0500] {logging_mixin.py:188} INFO - [2024-05-30T15:45:15.353-0500] {dag.py:3954} INFO - Setting next_dagrun for tutorial_objectstorage to None, run_after=None
[2024-05-30T15:45:15.961-0500] {processor.py:183} INFO - Processing /home/diallo/Documents/workspace/Python/AirFlowProjects/AirFlow01/venv/lib/python3.10/site-packages/airflow/example_dags/tutorial_objectstorage.py took 0.701 seconds
[2024-05-30T15:46:12.077-0500] {processor.py:161} INFO - Started process (PID=26102) to work on /home/diallo/Documents/workspace/Python/AirFlowProjects/AirFlow01/venv/lib/python3.10/site-packages/airflow/example_dags/tutorial_objectstorage.py
[2024-05-30T15:46:12.112-0500] {processor.py:830} INFO - Processing file /home/diallo/Documents/workspace/Python/AirFlowProjects/AirFlow01/venv/lib/python3.10/site-packages/airflow/example_dags/tutorial_objectstorage.py for tasks to queue
[2024-05-30T15:46:12.114-0500] {logging_mixin.py:188} INFO - [2024-05-30T15:46:12.113-0500] {dagbag.py:545} INFO - Filling up the DagBag from /home/diallo/Documents/workspace/Python/AirFlowProjects/AirFlow01/venv/lib/python3.10/site-packages/airflow/example_dags/tutorial_objectstorage.py
[2024-05-30T15:46:12.128-0500] {processor.py:840} INFO - DAG(s) 'tutorial_objectstorage' retrieved from /home/diallo/Documents/workspace/Python/AirFlowProjects/AirFlow01/venv/lib/python3.10/site-packages/airflow/example_dags/tutorial_objectstorage.py
[2024-05-30T15:46:12.152-0500] {logging_mixin.py:188} INFO - [2024-05-30T15:46:12.151-0500] {dag.py:3096} INFO - Sync 1 DAGs
[2024-05-30T15:46:12.165-0500] {logging_mixin.py:188} INFO - [2024-05-30T15:46:12.165-0500] {dag.py:3954} INFO - Setting next_dagrun for tutorial_objectstorage to None, run_after=None
[2024-05-30T15:46:12.234-0500] {processor.py:183} INFO - Processing /home/diallo/Documents/workspace/Python/AirFlowProjects/AirFlow01/venv/lib/python3.10/site-packages/airflow/example_dags/tutorial_objectstorage.py took 0.166 seconds
[2024-05-30T15:46:51.437-0500] {processor.py:161} INFO - Started process (PID=26437) to work on /home/diallo/Documents/workspace/Python/AirFlowProjects/AirFlow01/venv/lib/python3.10/site-packages/airflow/example_dags/tutorial_objectstorage.py
[2024-05-30T15:46:51.441-0500] {processor.py:830} INFO - Processing file /home/diallo/Documents/workspace/Python/AirFlowProjects/AirFlow01/venv/lib/python3.10/site-packages/airflow/example_dags/tutorial_objectstorage.py for tasks to queue
[2024-05-30T15:46:51.446-0500] {logging_mixin.py:188} INFO - [2024-05-30T15:46:51.445-0500] {dagbag.py:545} INFO - Filling up the DagBag from /home/diallo/Documents/workspace/Python/AirFlowProjects/AirFlow01/venv/lib/python3.10/site-packages/airflow/example_dags/tutorial_objectstorage.py
[2024-05-30T15:46:51.461-0500] {processor.py:840} INFO - DAG(s) 'tutorial_objectstorage' retrieved from /home/diallo/Documents/workspace/Python/AirFlowProjects/AirFlow01/venv/lib/python3.10/site-packages/airflow/example_dags/tutorial_objectstorage.py
[2024-05-30T15:46:51.485-0500] {logging_mixin.py:188} INFO - [2024-05-30T15:46:51.484-0500] {dag.py:3096} INFO - Sync 1 DAGs
[2024-05-30T15:46:51.500-0500] {logging_mixin.py:188} INFO - [2024-05-30T15:46:51.500-0500] {dag.py:3954} INFO - Setting next_dagrun for tutorial_objectstorage to None, run_after=None
[2024-05-30T15:46:51.635-0500] {processor.py:183} INFO - Processing /home/diallo/Documents/workspace/Python/AirFlowProjects/AirFlow01/venv/lib/python3.10/site-packages/airflow/example_dags/tutorial_objectstorage.py took 0.229 seconds
[2024-05-30T15:48:01.879-0500] {processor.py:161} INFO - Started process (PID=26999) to work on /home/diallo/Documents/workspace/Python/AirFlowProjects/AirFlow01/venv/lib/python3.10/site-packages/airflow/example_dags/tutorial_objectstorage.py
[2024-05-30T15:48:01.918-0500] {processor.py:830} INFO - Processing file /home/diallo/Documents/workspace/Python/AirFlowProjects/AirFlow01/venv/lib/python3.10/site-packages/airflow/example_dags/tutorial_objectstorage.py for tasks to queue
[2024-05-30T15:48:01.921-0500] {logging_mixin.py:188} INFO - [2024-05-30T15:48:01.920-0500] {dagbag.py:545} INFO - Filling up the DagBag from /home/diallo/Documents/workspace/Python/AirFlowProjects/AirFlow01/venv/lib/python3.10/site-packages/airflow/example_dags/tutorial_objectstorage.py
[2024-05-30T15:48:01.937-0500] {processor.py:840} INFO - DAG(s) 'tutorial_objectstorage' retrieved from /home/diallo/Documents/workspace/Python/AirFlowProjects/AirFlow01/venv/lib/python3.10/site-packages/airflow/example_dags/tutorial_objectstorage.py
[2024-05-30T15:48:01.969-0500] {logging_mixin.py:188} INFO - [2024-05-30T15:48:01.968-0500] {dag.py:3096} INFO - Sync 1 DAGs
[2024-05-30T15:48:01.992-0500] {logging_mixin.py:188} INFO - [2024-05-30T15:48:01.992-0500] {dag.py:3954} INFO - Setting next_dagrun for tutorial_objectstorage to None, run_after=None
[2024-05-30T15:48:02.063-0500] {processor.py:183} INFO - Processing /home/diallo/Documents/workspace/Python/AirFlowProjects/AirFlow01/venv/lib/python3.10/site-packages/airflow/example_dags/tutorial_objectstorage.py took 0.214 seconds
[2024-05-30T15:49:00.502-0500] {processor.py:161} INFO - Started process (PID=27483) to work on /home/diallo/Documents/workspace/Python/AirFlowProjects/AirFlow01/venv/lib/python3.10/site-packages/airflow/example_dags/tutorial_objectstorage.py
[2024-05-30T15:49:00.537-0500] {processor.py:830} INFO - Processing file /home/diallo/Documents/workspace/Python/AirFlowProjects/AirFlow01/venv/lib/python3.10/site-packages/airflow/example_dags/tutorial_objectstorage.py for tasks to queue
[2024-05-30T15:49:00.543-0500] {logging_mixin.py:188} INFO - [2024-05-30T15:49:00.542-0500] {dagbag.py:545} INFO - Filling up the DagBag from /home/diallo/Documents/workspace/Python/AirFlowProjects/AirFlow01/venv/lib/python3.10/site-packages/airflow/example_dags/tutorial_objectstorage.py
[2024-05-30T15:49:00.565-0500] {processor.py:840} INFO - DAG(s) 'tutorial_objectstorage' retrieved from /home/diallo/Documents/workspace/Python/AirFlowProjects/AirFlow01/venv/lib/python3.10/site-packages/airflow/example_dags/tutorial_objectstorage.py
[2024-05-30T15:49:00.585-0500] {logging_mixin.py:188} INFO - [2024-05-30T15:49:00.585-0500] {dag.py:3096} INFO - Sync 1 DAGs
[2024-05-30T15:49:00.596-0500] {logging_mixin.py:188} INFO - [2024-05-30T15:49:00.596-0500] {dag.py:3954} INFO - Setting next_dagrun for tutorial_objectstorage to None, run_after=None
[2024-05-30T15:49:00.679-0500] {processor.py:183} INFO - Processing /home/diallo/Documents/workspace/Python/AirFlowProjects/AirFlow01/venv/lib/python3.10/site-packages/airflow/example_dags/tutorial_objectstorage.py took 0.191 seconds
[2024-05-30T15:50:33.409-0500] {processor.py:161} INFO - Started process (PID=28203) to work on /home/diallo/Documents/workspace/Python/AirFlowProjects/AirFlow01/venv/lib/python3.10/site-packages/airflow/example_dags/tutorial_objectstorage.py
[2024-05-30T15:50:33.642-0500] {processor.py:830} INFO - Processing file /home/diallo/Documents/workspace/Python/AirFlowProjects/AirFlow01/venv/lib/python3.10/site-packages/airflow/example_dags/tutorial_objectstorage.py for tasks to queue
[2024-05-30T15:50:33.650-0500] {logging_mixin.py:188} INFO - [2024-05-30T15:50:33.647-0500] {dagbag.py:545} INFO - Filling up the DagBag from /home/diallo/Documents/workspace/Python/AirFlowProjects/AirFlow01/venv/lib/python3.10/site-packages/airflow/example_dags/tutorial_objectstorage.py
[2024-05-30T15:50:33.683-0500] {processor.py:840} INFO - DAG(s) 'tutorial_objectstorage' retrieved from /home/diallo/Documents/workspace/Python/AirFlowProjects/AirFlow01/venv/lib/python3.10/site-packages/airflow/example_dags/tutorial_objectstorage.py
[2024-05-30T15:50:33.736-0500] {logging_mixin.py:188} INFO - [2024-05-30T15:50:33.736-0500] {dag.py:3096} INFO - Sync 1 DAGs
[2024-05-30T15:50:33.756-0500] {logging_mixin.py:188} INFO - [2024-05-30T15:50:33.756-0500] {dag.py:3954} INFO - Setting next_dagrun for tutorial_objectstorage to None, run_after=None
[2024-05-30T15:50:34.891-0500] {processor.py:183} INFO - Processing /home/diallo/Documents/workspace/Python/AirFlowProjects/AirFlow01/venv/lib/python3.10/site-packages/airflow/example_dags/tutorial_objectstorage.py took 1.514 seconds
