[2024-05-30T15:37:10.436-0500] {processor.py:161} INFO - Started process (PID=21803) to work on /home/diallo/Documents/workspace/Python/AirFlowProjects/AirFlow01/venv/lib/python3.10/site-packages/airflow/example_dags/tutorial_taskflow_api.py
[2024-05-30T15:37:10.438-0500] {processor.py:830} INFO - Processing file /home/diallo/Documents/workspace/Python/AirFlowProjects/AirFlow01/venv/lib/python3.10/site-packages/airflow/example_dags/tutorial_taskflow_api.py for tasks to queue
[2024-05-30T15:37:10.439-0500] {logging_mixin.py:188} INFO - [2024-05-30T15:37:10.439-0500] {dagbag.py:545} INFO - Filling up the DagBag from /home/diallo/Documents/workspace/Python/AirFlowProjects/AirFlow01/venv/lib/python3.10/site-packages/airflow/example_dags/tutorial_taskflow_api.py
[2024-05-30T15:37:10.449-0500] {processor.py:840} INFO - DAG(s) 'tutorial_taskflow_api' retrieved from /home/diallo/Documents/workspace/Python/AirFlowProjects/AirFlow01/venv/lib/python3.10/site-packages/airflow/example_dags/tutorial_taskflow_api.py
[2024-05-30T15:37:10.682-0500] {logging_mixin.py:188} INFO - [2024-05-30T15:37:10.681-0500] {override.py:1829} INFO - Created Permission View: can delete on DAG:tutorial_taskflow_api
[2024-05-30T15:37:10.739-0500] {logging_mixin.py:188} INFO - [2024-05-30T15:37:10.737-0500] {override.py:1829} INFO - Created Permission View: can edit on DAG:tutorial_taskflow_api
[2024-05-30T15:37:10.805-0500] {logging_mixin.py:188} INFO - [2024-05-30T15:37:10.804-0500] {override.py:1829} INFO - Created Permission View: can read on DAG:tutorial_taskflow_api
[2024-05-30T15:37:10.806-0500] {logging_mixin.py:188} INFO - [2024-05-30T15:37:10.805-0500] {dag.py:3096} INFO - Sync 1 DAGs
[2024-05-30T15:37:10.824-0500] {logging_mixin.py:188} INFO - [2024-05-30T15:37:10.823-0500] {dag.py:3118} INFO - Creating ORM DAG for tutorial_taskflow_api
[2024-05-30T15:37:10.825-0500] {logging_mixin.py:188} INFO - [2024-05-30T15:37:10.824-0500] {dag.py:3954} INFO - Setting next_dagrun for tutorial_taskflow_api to None, run_after=None
[2024-05-30T15:37:10.904-0500] {processor.py:183} INFO - Processing /home/diallo/Documents/workspace/Python/AirFlowProjects/AirFlow01/venv/lib/python3.10/site-packages/airflow/example_dags/tutorial_taskflow_api.py took 0.473 seconds
[2024-05-30T15:38:46.596-0500] {processor.py:161} INFO - Started process (PID=22673) to work on /home/diallo/Documents/workspace/Python/AirFlowProjects/AirFlow01/venv/lib/python3.10/site-packages/airflow/example_dags/tutorial_taskflow_api.py
[2024-05-30T15:38:46.628-0500] {processor.py:830} INFO - Processing file /home/diallo/Documents/workspace/Python/AirFlowProjects/AirFlow01/venv/lib/python3.10/site-packages/airflow/example_dags/tutorial_taskflow_api.py for tasks to queue
[2024-05-30T15:38:46.632-0500] {logging_mixin.py:188} INFO - [2024-05-30T15:38:46.631-0500] {dagbag.py:545} INFO - Filling up the DagBag from /home/diallo/Documents/workspace/Python/AirFlowProjects/AirFlow01/venv/lib/python3.10/site-packages/airflow/example_dags/tutorial_taskflow_api.py
[2024-05-30T15:38:46.650-0500] {processor.py:840} INFO - DAG(s) 'tutorial_taskflow_api' retrieved from /home/diallo/Documents/workspace/Python/AirFlowProjects/AirFlow01/venv/lib/python3.10/site-packages/airflow/example_dags/tutorial_taskflow_api.py
[2024-05-30T15:38:46.669-0500] {logging_mixin.py:188} INFO - [2024-05-30T15:38:46.668-0500] {dag.py:3096} INFO - Sync 1 DAGs
[2024-05-30T15:38:46.681-0500] {logging_mixin.py:188} INFO - [2024-05-30T15:38:46.681-0500] {dag.py:3954} INFO - Setting next_dagrun for tutorial_taskflow_api to None, run_after=None
[2024-05-30T15:38:46.766-0500] {processor.py:183} INFO - Processing /home/diallo/Documents/workspace/Python/AirFlowProjects/AirFlow01/venv/lib/python3.10/site-packages/airflow/example_dags/tutorial_taskflow_api.py took 0.180 seconds
[2024-05-30T15:39:29.158-0500] {processor.py:161} INFO - Started process (PID=23015) to work on /home/diallo/Documents/workspace/Python/AirFlowProjects/AirFlow01/venv/lib/python3.10/site-packages/airflow/example_dags/tutorial_taskflow_api.py
[2024-05-30T15:39:29.211-0500] {processor.py:830} INFO - Processing file /home/diallo/Documents/workspace/Python/AirFlowProjects/AirFlow01/venv/lib/python3.10/site-packages/airflow/example_dags/tutorial_taskflow_api.py for tasks to queue
[2024-05-30T15:39:29.214-0500] {logging_mixin.py:188} INFO - [2024-05-30T15:39:29.213-0500] {dagbag.py:545} INFO - Filling up the DagBag from /home/diallo/Documents/workspace/Python/AirFlowProjects/AirFlow01/venv/lib/python3.10/site-packages/airflow/example_dags/tutorial_taskflow_api.py
[2024-05-30T15:39:29.223-0500] {processor.py:840} INFO - DAG(s) 'tutorial_taskflow_api' retrieved from /home/diallo/Documents/workspace/Python/AirFlowProjects/AirFlow01/venv/lib/python3.10/site-packages/airflow/example_dags/tutorial_taskflow_api.py
[2024-05-30T15:39:29.243-0500] {logging_mixin.py:188} INFO - [2024-05-30T15:39:29.243-0500] {dag.py:3096} INFO - Sync 1 DAGs
[2024-05-30T15:39:29.255-0500] {logging_mixin.py:188} INFO - [2024-05-30T15:39:29.255-0500] {dag.py:3954} INFO - Setting next_dagrun for tutorial_taskflow_api to None, run_after=None
[2024-05-30T15:39:29.342-0500] {processor.py:183} INFO - Processing /home/diallo/Documents/workspace/Python/AirFlowProjects/AirFlow01/venv/lib/python3.10/site-packages/airflow/example_dags/tutorial_taskflow_api.py took 0.203 seconds
[2024-05-30T15:40:07.086-0500] {processor.py:161} INFO - Started process (PID=23307) to work on /home/diallo/Documents/workspace/Python/AirFlowProjects/AirFlow01/venv/lib/python3.10/site-packages/airflow/example_dags/tutorial_taskflow_api.py
[2024-05-30T15:40:07.087-0500] {processor.py:830} INFO - Processing file /home/diallo/Documents/workspace/Python/AirFlowProjects/AirFlow01/venv/lib/python3.10/site-packages/airflow/example_dags/tutorial_taskflow_api.py for tasks to queue
[2024-05-30T15:40:07.090-0500] {logging_mixin.py:188} INFO - [2024-05-30T15:40:07.090-0500] {dagbag.py:545} INFO - Filling up the DagBag from /home/diallo/Documents/workspace/Python/AirFlowProjects/AirFlow01/venv/lib/python3.10/site-packages/airflow/example_dags/tutorial_taskflow_api.py
[2024-05-30T15:40:07.099-0500] {processor.py:840} INFO - DAG(s) 'tutorial_taskflow_api' retrieved from /home/diallo/Documents/workspace/Python/AirFlowProjects/AirFlow01/venv/lib/python3.10/site-packages/airflow/example_dags/tutorial_taskflow_api.py
[2024-05-30T15:40:07.114-0500] {logging_mixin.py:188} INFO - [2024-05-30T15:40:07.114-0500] {dag.py:3096} INFO - Sync 1 DAGs
[2024-05-30T15:40:07.125-0500] {logging_mixin.py:188} INFO - [2024-05-30T15:40:07.124-0500] {dag.py:3954} INFO - Setting next_dagrun for tutorial_taskflow_api to None, run_after=None
[2024-05-30T15:40:07.378-0500] {processor.py:183} INFO - Processing /home/diallo/Documents/workspace/Python/AirFlowProjects/AirFlow01/venv/lib/python3.10/site-packages/airflow/example_dags/tutorial_taskflow_api.py took 0.300 seconds
[2024-05-30T15:41:48.313-0500] {processor.py:161} INFO - Started process (PID=24064) to work on /home/diallo/Documents/workspace/Python/AirFlowProjects/AirFlow01/venv/lib/python3.10/site-packages/airflow/example_dags/tutorial_taskflow_api.py
[2024-05-30T15:41:48.359-0500] {processor.py:830} INFO - Processing file /home/diallo/Documents/workspace/Python/AirFlowProjects/AirFlow01/venv/lib/python3.10/site-packages/airflow/example_dags/tutorial_taskflow_api.py for tasks to queue
[2024-05-30T15:41:48.365-0500] {logging_mixin.py:188} INFO - [2024-05-30T15:41:48.363-0500] {dagbag.py:545} INFO - Filling up the DagBag from /home/diallo/Documents/workspace/Python/AirFlowProjects/AirFlow01/venv/lib/python3.10/site-packages/airflow/example_dags/tutorial_taskflow_api.py
[2024-05-30T15:41:48.386-0500] {processor.py:840} INFO - DAG(s) 'tutorial_taskflow_api' retrieved from /home/diallo/Documents/workspace/Python/AirFlowProjects/AirFlow01/venv/lib/python3.10/site-packages/airflow/example_dags/tutorial_taskflow_api.py
[2024-05-30T15:41:48.490-0500] {logging_mixin.py:188} INFO - [2024-05-30T15:41:48.490-0500] {dag.py:3096} INFO - Sync 1 DAGs
[2024-05-30T15:41:48.500-0500] {logging_mixin.py:188} INFO - [2024-05-30T15:41:48.500-0500] {dag.py:3954} INFO - Setting next_dagrun for tutorial_taskflow_api to None, run_after=None
[2024-05-30T15:41:49.337-0500] {processor.py:183} INFO - Processing /home/diallo/Documents/workspace/Python/AirFlowProjects/AirFlow01/venv/lib/python3.10/site-packages/airflow/example_dags/tutorial_taskflow_api.py took 1.034 seconds
[2024-05-30T15:42:58.296-0500] {processor.py:161} INFO - Started process (PID=24625) to work on /home/diallo/Documents/workspace/Python/AirFlowProjects/AirFlow01/venv/lib/python3.10/site-packages/airflow/example_dags/tutorial_taskflow_api.py
[2024-05-30T15:42:58.325-0500] {processor.py:830} INFO - Processing file /home/diallo/Documents/workspace/Python/AirFlowProjects/AirFlow01/venv/lib/python3.10/site-packages/airflow/example_dags/tutorial_taskflow_api.py for tasks to queue
[2024-05-30T15:42:58.327-0500] {logging_mixin.py:188} INFO - [2024-05-30T15:42:58.327-0500] {dagbag.py:545} INFO - Filling up the DagBag from /home/diallo/Documents/workspace/Python/AirFlowProjects/AirFlow01/venv/lib/python3.10/site-packages/airflow/example_dags/tutorial_taskflow_api.py
[2024-05-30T15:42:58.337-0500] {processor.py:840} INFO - DAG(s) 'tutorial_taskflow_api' retrieved from /home/diallo/Documents/workspace/Python/AirFlowProjects/AirFlow01/venv/lib/python3.10/site-packages/airflow/example_dags/tutorial_taskflow_api.py
[2024-05-30T15:42:58.355-0500] {logging_mixin.py:188} INFO - [2024-05-30T15:42:58.355-0500] {dag.py:3096} INFO - Sync 1 DAGs
[2024-05-30T15:42:58.368-0500] {logging_mixin.py:188} INFO - [2024-05-30T15:42:58.368-0500] {dag.py:3954} INFO - Setting next_dagrun for tutorial_taskflow_api to None, run_after=None
[2024-05-30T15:42:58.466-0500] {processor.py:183} INFO - Processing /home/diallo/Documents/workspace/Python/AirFlowProjects/AirFlow01/venv/lib/python3.10/site-packages/airflow/example_dags/tutorial_taskflow_api.py took 0.180 seconds
[2024-05-30T15:43:34.940-0500] {processor.py:161} INFO - Started process (PID=24920) to work on /home/diallo/Documents/workspace/Python/AirFlowProjects/AirFlow01/venv/lib/python3.10/site-packages/airflow/example_dags/tutorial_taskflow_api.py
[2024-05-30T15:43:34.981-0500] {processor.py:830} INFO - Processing file /home/diallo/Documents/workspace/Python/AirFlowProjects/AirFlow01/venv/lib/python3.10/site-packages/airflow/example_dags/tutorial_taskflow_api.py for tasks to queue
[2024-05-30T15:43:34.984-0500] {logging_mixin.py:188} INFO - [2024-05-30T15:43:34.983-0500] {dagbag.py:545} INFO - Filling up the DagBag from /home/diallo/Documents/workspace/Python/AirFlowProjects/AirFlow01/venv/lib/python3.10/site-packages/airflow/example_dags/tutorial_taskflow_api.py
[2024-05-30T15:43:34.997-0500] {processor.py:840} INFO - DAG(s) 'tutorial_taskflow_api' retrieved from /home/diallo/Documents/workspace/Python/AirFlowProjects/AirFlow01/venv/lib/python3.10/site-packages/airflow/example_dags/tutorial_taskflow_api.py
[2024-05-30T15:43:35.019-0500] {logging_mixin.py:188} INFO - [2024-05-30T15:43:35.019-0500] {dag.py:3096} INFO - Sync 1 DAGs
[2024-05-30T15:43:35.031-0500] {logging_mixin.py:188} INFO - [2024-05-30T15:43:35.031-0500] {dag.py:3954} INFO - Setting next_dagrun for tutorial_taskflow_api to None, run_after=None
[2024-05-30T15:43:35.112-0500] {processor.py:183} INFO - Processing /home/diallo/Documents/workspace/Python/AirFlowProjects/AirFlow01/venv/lib/python3.10/site-packages/airflow/example_dags/tutorial_taskflow_api.py took 0.181 seconds
[2024-05-30T15:44:58.448-0500] {processor.py:161} INFO - Started process (PID=25550) to work on /home/diallo/Documents/workspace/Python/AirFlowProjects/AirFlow01/venv/lib/python3.10/site-packages/airflow/example_dags/tutorial_taskflow_api.py
[2024-05-30T15:44:58.487-0500] {processor.py:830} INFO - Processing file /home/diallo/Documents/workspace/Python/AirFlowProjects/AirFlow01/venv/lib/python3.10/site-packages/airflow/example_dags/tutorial_taskflow_api.py for tasks to queue
[2024-05-30T15:44:58.492-0500] {logging_mixin.py:188} INFO - [2024-05-30T15:44:58.491-0500] {dagbag.py:545} INFO - Filling up the DagBag from /home/diallo/Documents/workspace/Python/AirFlowProjects/AirFlow01/venv/lib/python3.10/site-packages/airflow/example_dags/tutorial_taskflow_api.py
[2024-05-30T15:44:58.512-0500] {processor.py:840} INFO - DAG(s) 'tutorial_taskflow_api' retrieved from /home/diallo/Documents/workspace/Python/AirFlowProjects/AirFlow01/venv/lib/python3.10/site-packages/airflow/example_dags/tutorial_taskflow_api.py
[2024-05-30T15:44:58.534-0500] {logging_mixin.py:188} INFO - [2024-05-30T15:44:58.534-0500] {dag.py:3096} INFO - Sync 1 DAGs
[2024-05-30T15:44:58.545-0500] {logging_mixin.py:188} INFO - [2024-05-30T15:44:58.545-0500] {dag.py:3954} INFO - Setting next_dagrun for tutorial_taskflow_api to None, run_after=None
[2024-05-30T15:44:59.289-0500] {processor.py:183} INFO - Processing /home/diallo/Documents/workspace/Python/AirFlowProjects/AirFlow01/venv/lib/python3.10/site-packages/airflow/example_dags/tutorial_taskflow_api.py took 0.848 seconds
[2024-05-30T15:46:03.954-0500] {processor.py:161} INFO - Started process (PID=26037) to work on /home/diallo/Documents/workspace/Python/AirFlowProjects/AirFlow01/venv/lib/python3.10/site-packages/airflow/example_dags/tutorial_taskflow_api.py
[2024-05-30T15:46:03.986-0500] {processor.py:830} INFO - Processing file /home/diallo/Documents/workspace/Python/AirFlowProjects/AirFlow01/venv/lib/python3.10/site-packages/airflow/example_dags/tutorial_taskflow_api.py for tasks to queue
[2024-05-30T15:46:03.991-0500] {logging_mixin.py:188} INFO - [2024-05-30T15:46:03.989-0500] {dagbag.py:545} INFO - Filling up the DagBag from /home/diallo/Documents/workspace/Python/AirFlowProjects/AirFlow01/venv/lib/python3.10/site-packages/airflow/example_dags/tutorial_taskflow_api.py
[2024-05-30T15:46:04.007-0500] {processor.py:840} INFO - DAG(s) 'tutorial_taskflow_api' retrieved from /home/diallo/Documents/workspace/Python/AirFlowProjects/AirFlow01/venv/lib/python3.10/site-packages/airflow/example_dags/tutorial_taskflow_api.py
[2024-05-30T15:46:04.029-0500] {logging_mixin.py:188} INFO - [2024-05-30T15:46:04.028-0500] {dag.py:3096} INFO - Sync 1 DAGs
[2024-05-30T15:46:04.046-0500] {logging_mixin.py:188} INFO - [2024-05-30T15:46:04.045-0500] {dag.py:3954} INFO - Setting next_dagrun for tutorial_taskflow_api to None, run_after=None
[2024-05-30T15:46:04.128-0500] {processor.py:183} INFO - Processing /home/diallo/Documents/workspace/Python/AirFlowProjects/AirFlow01/venv/lib/python3.10/site-packages/airflow/example_dags/tutorial_taskflow_api.py took 0.182 seconds
[2024-05-30T15:46:42.332-0500] {processor.py:161} INFO - Started process (PID=26370) to work on /home/diallo/Documents/workspace/Python/AirFlowProjects/AirFlow01/venv/lib/python3.10/site-packages/airflow/example_dags/tutorial_taskflow_api.py
[2024-05-30T15:46:42.374-0500] {processor.py:830} INFO - Processing file /home/diallo/Documents/workspace/Python/AirFlowProjects/AirFlow01/venv/lib/python3.10/site-packages/airflow/example_dags/tutorial_taskflow_api.py for tasks to queue
[2024-05-30T15:46:42.380-0500] {logging_mixin.py:188} INFO - [2024-05-30T15:46:42.378-0500] {dagbag.py:545} INFO - Filling up the DagBag from /home/diallo/Documents/workspace/Python/AirFlowProjects/AirFlow01/venv/lib/python3.10/site-packages/airflow/example_dags/tutorial_taskflow_api.py
[2024-05-30T15:46:42.410-0500] {processor.py:840} INFO - DAG(s) 'tutorial_taskflow_api' retrieved from /home/diallo/Documents/workspace/Python/AirFlowProjects/AirFlow01/venv/lib/python3.10/site-packages/airflow/example_dags/tutorial_taskflow_api.py
[2024-05-30T15:46:42.477-0500] {logging_mixin.py:188} INFO - [2024-05-30T15:46:42.476-0500] {dag.py:3096} INFO - Sync 1 DAGs
[2024-05-30T15:46:42.496-0500] {logging_mixin.py:188} INFO - [2024-05-30T15:46:42.496-0500] {dag.py:3954} INFO - Setting next_dagrun for tutorial_taskflow_api to None, run_after=None
[2024-05-30T15:46:42.655-0500] {processor.py:183} INFO - Processing /home/diallo/Documents/workspace/Python/AirFlowProjects/AirFlow01/venv/lib/python3.10/site-packages/airflow/example_dags/tutorial_taskflow_api.py took 0.328 seconds
[2024-05-30T15:47:16.776-0500] {processor.py:161} INFO - Started process (PID=26638) to work on /home/diallo/Documents/workspace/Python/AirFlowProjects/AirFlow01/venv/lib/python3.10/site-packages/airflow/example_dags/tutorial_taskflow_api.py
[2024-05-30T15:47:16.780-0500] {processor.py:830} INFO - Processing file /home/diallo/Documents/workspace/Python/AirFlowProjects/AirFlow01/venv/lib/python3.10/site-packages/airflow/example_dags/tutorial_taskflow_api.py for tasks to queue
[2024-05-30T15:47:16.782-0500] {logging_mixin.py:188} INFO - [2024-05-30T15:47:16.782-0500] {dagbag.py:545} INFO - Filling up the DagBag from /home/diallo/Documents/workspace/Python/AirFlowProjects/AirFlow01/venv/lib/python3.10/site-packages/airflow/example_dags/tutorial_taskflow_api.py
[2024-05-30T15:47:16.794-0500] {processor.py:840} INFO - DAG(s) 'tutorial_taskflow_api' retrieved from /home/diallo/Documents/workspace/Python/AirFlowProjects/AirFlow01/venv/lib/python3.10/site-packages/airflow/example_dags/tutorial_taskflow_api.py
[2024-05-30T15:47:16.814-0500] {logging_mixin.py:188} INFO - [2024-05-30T15:47:16.814-0500] {dag.py:3096} INFO - Sync 1 DAGs
[2024-05-30T15:47:16.827-0500] {logging_mixin.py:188} INFO - [2024-05-30T15:47:16.827-0500] {dag.py:3954} INFO - Setting next_dagrun for tutorial_taskflow_api to None, run_after=None
[2024-05-30T15:47:16.966-0500] {processor.py:183} INFO - Processing /home/diallo/Documents/workspace/Python/AirFlowProjects/AirFlow01/venv/lib/python3.10/site-packages/airflow/example_dags/tutorial_taskflow_api.py took 0.215 seconds
[2024-05-30T15:47:52.085-0500] {processor.py:161} INFO - Started process (PID=26918) to work on /home/diallo/Documents/workspace/Python/AirFlowProjects/AirFlow01/venv/lib/python3.10/site-packages/airflow/example_dags/tutorial_taskflow_api.py
[2024-05-30T15:47:52.090-0500] {processor.py:830} INFO - Processing file /home/diallo/Documents/workspace/Python/AirFlowProjects/AirFlow01/venv/lib/python3.10/site-packages/airflow/example_dags/tutorial_taskflow_api.py for tasks to queue
[2024-05-30T15:47:52.097-0500] {logging_mixin.py:188} INFO - [2024-05-30T15:47:52.095-0500] {dagbag.py:545} INFO - Filling up the DagBag from /home/diallo/Documents/workspace/Python/AirFlowProjects/AirFlow01/venv/lib/python3.10/site-packages/airflow/example_dags/tutorial_taskflow_api.py
[2024-05-30T15:47:52.120-0500] {processor.py:840} INFO - DAG(s) 'tutorial_taskflow_api' retrieved from /home/diallo/Documents/workspace/Python/AirFlowProjects/AirFlow01/venv/lib/python3.10/site-packages/airflow/example_dags/tutorial_taskflow_api.py
[2024-05-30T15:47:52.147-0500] {logging_mixin.py:188} INFO - [2024-05-30T15:47:52.147-0500] {dag.py:3096} INFO - Sync 1 DAGs
[2024-05-30T15:47:52.162-0500] {logging_mixin.py:188} INFO - [2024-05-30T15:47:52.162-0500] {dag.py:3954} INFO - Setting next_dagrun for tutorial_taskflow_api to None, run_after=None
[2024-05-30T15:47:52.260-0500] {processor.py:183} INFO - Processing /home/diallo/Documents/workspace/Python/AirFlowProjects/AirFlow01/venv/lib/python3.10/site-packages/airflow/example_dags/tutorial_taskflow_api.py took 0.205 seconds
[2024-05-30T15:48:24.924-0500] {processor.py:161} INFO - Started process (PID=27198) to work on /home/diallo/Documents/workspace/Python/AirFlowProjects/AirFlow01/venv/lib/python3.10/site-packages/airflow/example_dags/tutorial_taskflow_api.py
[2024-05-30T15:48:24.926-0500] {processor.py:830} INFO - Processing file /home/diallo/Documents/workspace/Python/AirFlowProjects/AirFlow01/venv/lib/python3.10/site-packages/airflow/example_dags/tutorial_taskflow_api.py for tasks to queue
[2024-05-30T15:48:24.928-0500] {logging_mixin.py:188} INFO - [2024-05-30T15:48:24.928-0500] {dagbag.py:545} INFO - Filling up the DagBag from /home/diallo/Documents/workspace/Python/AirFlowProjects/AirFlow01/venv/lib/python3.10/site-packages/airflow/example_dags/tutorial_taskflow_api.py
[2024-05-30T15:48:24.938-0500] {processor.py:840} INFO - DAG(s) 'tutorial_taskflow_api' retrieved from /home/diallo/Documents/workspace/Python/AirFlowProjects/AirFlow01/venv/lib/python3.10/site-packages/airflow/example_dags/tutorial_taskflow_api.py
[2024-05-30T15:48:24.953-0500] {logging_mixin.py:188} INFO - [2024-05-30T15:48:24.953-0500] {dag.py:3096} INFO - Sync 1 DAGs
[2024-05-30T15:48:24.964-0500] {logging_mixin.py:188} INFO - [2024-05-30T15:48:24.964-0500] {dag.py:3954} INFO - Setting next_dagrun for tutorial_taskflow_api to None, run_after=None
[2024-05-30T15:48:25.069-0500] {processor.py:183} INFO - Processing /home/diallo/Documents/workspace/Python/AirFlowProjects/AirFlow01/venv/lib/python3.10/site-packages/airflow/example_dags/tutorial_taskflow_api.py took 0.154 seconds
[2024-05-30T15:49:23.274-0500] {processor.py:161} INFO - Started process (PID=27671) to work on /home/diallo/Documents/workspace/Python/AirFlowProjects/AirFlow01/venv/lib/python3.10/site-packages/airflow/example_dags/tutorial_taskflow_api.py
[2024-05-30T15:49:23.291-0500] {processor.py:830} INFO - Processing file /home/diallo/Documents/workspace/Python/AirFlowProjects/AirFlow01/venv/lib/python3.10/site-packages/airflow/example_dags/tutorial_taskflow_api.py for tasks to queue
[2024-05-30T15:49:23.294-0500] {logging_mixin.py:188} INFO - [2024-05-30T15:49:23.293-0500] {dagbag.py:545} INFO - Filling up the DagBag from /home/diallo/Documents/workspace/Python/AirFlowProjects/AirFlow01/venv/lib/python3.10/site-packages/airflow/example_dags/tutorial_taskflow_api.py
[2024-05-30T15:49:23.306-0500] {processor.py:840} INFO - DAG(s) 'tutorial_taskflow_api' retrieved from /home/diallo/Documents/workspace/Python/AirFlowProjects/AirFlow01/venv/lib/python3.10/site-packages/airflow/example_dags/tutorial_taskflow_api.py
[2024-05-30T15:49:23.322-0500] {logging_mixin.py:188} INFO - [2024-05-30T15:49:23.322-0500] {dag.py:3096} INFO - Sync 1 DAGs
[2024-05-30T15:49:23.334-0500] {logging_mixin.py:188} INFO - [2024-05-30T15:49:23.334-0500] {dag.py:3954} INFO - Setting next_dagrun for tutorial_taskflow_api to None, run_after=None
[2024-05-30T15:49:23.413-0500] {processor.py:183} INFO - Processing /home/diallo/Documents/workspace/Python/AirFlowProjects/AirFlow01/venv/lib/python3.10/site-packages/airflow/example_dags/tutorial_taskflow_api.py took 0.146 seconds
[2024-05-30T15:50:19.343-0500] {processor.py:161} INFO - Started process (PID=28094) to work on /home/diallo/Documents/workspace/Python/AirFlowProjects/AirFlow01/venv/lib/python3.10/site-packages/airflow/example_dags/tutorial_taskflow_api.py
[2024-05-30T15:50:19.360-0500] {processor.py:830} INFO - Processing file /home/diallo/Documents/workspace/Python/AirFlowProjects/AirFlow01/venv/lib/python3.10/site-packages/airflow/example_dags/tutorial_taskflow_api.py for tasks to queue
[2024-05-30T15:50:19.366-0500] {logging_mixin.py:188} INFO - [2024-05-30T15:50:19.364-0500] {dagbag.py:545} INFO - Filling up the DagBag from /home/diallo/Documents/workspace/Python/AirFlowProjects/AirFlow01/venv/lib/python3.10/site-packages/airflow/example_dags/tutorial_taskflow_api.py
[2024-05-30T15:50:19.402-0500] {processor.py:840} INFO - DAG(s) 'tutorial_taskflow_api' retrieved from /home/diallo/Documents/workspace/Python/AirFlowProjects/AirFlow01/venv/lib/python3.10/site-packages/airflow/example_dags/tutorial_taskflow_api.py
[2024-05-30T15:50:19.461-0500] {logging_mixin.py:188} INFO - [2024-05-30T15:50:19.461-0500] {dag.py:3096} INFO - Sync 1 DAGs
[2024-05-30T15:50:19.479-0500] {logging_mixin.py:188} INFO - [2024-05-30T15:50:19.479-0500] {dag.py:3954} INFO - Setting next_dagrun for tutorial_taskflow_api to None, run_after=None
[2024-05-30T15:50:20.631-0500] {processor.py:183} INFO - Processing /home/diallo/Documents/workspace/Python/AirFlowProjects/AirFlow01/venv/lib/python3.10/site-packages/airflow/example_dags/tutorial_taskflow_api.py took 1.303 seconds
