[2024-06-03T13:30:14.263-0500] {processor.py:161} INFO - Started process (PID=7083) to work on /home/diallo/airflow/dags/execute_multiple_tasks.py
[2024-06-03T13:30:14.264-0500] {processor.py:830} INFO - Processing file /home/diallo/airflow/dags/execute_multiple_tasks.py for tasks to queue
[2024-06-03T13:30:14.265-0500] {logging_mixin.py:188} INFO - [2024-06-03T13:30:14.265-0500] {dagbag.py:545} INFO - Filling up the DagBag from /home/diallo/airflow/dags/execute_multiple_tasks.py
[2024-06-03T13:30:14.276-0500] {processor.py:840} INFO - DAG(s) 'executing_multiple_tasks' retrieved from /home/diallo/airflow/dags/execute_multiple_tasks.py
[2024-06-03T13:30:14.364-0500] {logging_mixin.py:188} INFO - [2024-06-03T13:30:14.364-0500] {dag.py:3096} INFO - Sync 1 DAGs
[2024-06-03T13:30:14.379-0500] {logging_mixin.py:188} INFO - [2024-06-03T13:30:14.378-0500] {dag.py:3954} INFO - Setting next_dagrun for executing_multiple_tasks to None, run_after=None
[2024-06-03T13:30:14.402-0500] {processor.py:183} INFO - Processing /home/diallo/airflow/dags/execute_multiple_tasks.py took 0.145 seconds
[2024-06-03T13:30:44.528-0500] {processor.py:161} INFO - Started process (PID=7097) to work on /home/diallo/airflow/dags/execute_multiple_tasks.py
[2024-06-03T13:30:44.531-0500] {processor.py:830} INFO - Processing file /home/diallo/airflow/dags/execute_multiple_tasks.py for tasks to queue
[2024-06-03T13:30:44.533-0500] {logging_mixin.py:188} INFO - [2024-06-03T13:30:44.533-0500] {dagbag.py:545} INFO - Filling up the DagBag from /home/diallo/airflow/dags/execute_multiple_tasks.py
[2024-06-03T13:30:44.542-0500] {processor.py:840} INFO - DAG(s) 'executing_multiple_tasks' retrieved from /home/diallo/airflow/dags/execute_multiple_tasks.py
[2024-06-03T13:30:44.562-0500] {logging_mixin.py:188} INFO - [2024-06-03T13:30:44.562-0500] {dag.py:3096} INFO - Sync 1 DAGs
[2024-06-03T13:30:44.578-0500] {logging_mixin.py:188} INFO - [2024-06-03T13:30:44.578-0500] {dag.py:3954} INFO - Setting next_dagrun for executing_multiple_tasks to None, run_after=None
[2024-06-03T13:30:44.598-0500] {processor.py:183} INFO - Processing /home/diallo/airflow/dags/execute_multiple_tasks.py took 0.076 seconds
[2024-06-03T13:31:14.939-0500] {processor.py:161} INFO - Started process (PID=7115) to work on /home/diallo/airflow/dags/execute_multiple_tasks.py
[2024-06-03T13:31:14.943-0500] {processor.py:830} INFO - Processing file /home/diallo/airflow/dags/execute_multiple_tasks.py for tasks to queue
[2024-06-03T13:31:14.945-0500] {logging_mixin.py:188} INFO - [2024-06-03T13:31:14.945-0500] {dagbag.py:545} INFO - Filling up the DagBag from /home/diallo/airflow/dags/execute_multiple_tasks.py
[2024-06-03T13:31:14.956-0500] {processor.py:840} INFO - DAG(s) 'executing_multiple_tasks' retrieved from /home/diallo/airflow/dags/execute_multiple_tasks.py
[2024-06-03T13:31:14.976-0500] {logging_mixin.py:188} INFO - [2024-06-03T13:31:14.976-0500] {dag.py:3096} INFO - Sync 1 DAGs
[2024-06-03T13:31:14.994-0500] {logging_mixin.py:188} INFO - [2024-06-03T13:31:14.994-0500] {dag.py:3954} INFO - Setting next_dagrun for executing_multiple_tasks to None, run_after=None
[2024-06-03T13:31:15.019-0500] {processor.py:183} INFO - Processing /home/diallo/airflow/dags/execute_multiple_tasks.py took 0.097 seconds
[2024-06-03T13:31:45.556-0500] {processor.py:161} INFO - Started process (PID=7185) to work on /home/diallo/airflow/dags/execute_multiple_tasks.py
[2024-06-03T13:31:45.557-0500] {processor.py:830} INFO - Processing file /home/diallo/airflow/dags/execute_multiple_tasks.py for tasks to queue
[2024-06-03T13:31:45.558-0500] {logging_mixin.py:188} INFO - [2024-06-03T13:31:45.558-0500] {dagbag.py:545} INFO - Filling up the DagBag from /home/diallo/airflow/dags/execute_multiple_tasks.py
[2024-06-03T13:31:45.566-0500] {processor.py:840} INFO - DAG(s) 'executing_multiple_tasks' retrieved from /home/diallo/airflow/dags/execute_multiple_tasks.py
[2024-06-03T13:31:45.585-0500] {logging_mixin.py:188} INFO - [2024-06-03T13:31:45.585-0500] {dag.py:3096} INFO - Sync 1 DAGs
[2024-06-03T13:31:45.602-0500] {logging_mixin.py:188} INFO - [2024-06-03T13:31:45.601-0500] {dag.py:3954} INFO - Setting next_dagrun for executing_multiple_tasks to None, run_after=None
[2024-06-03T13:31:45.628-0500] {processor.py:183} INFO - Processing /home/diallo/airflow/dags/execute_multiple_tasks.py took 0.079 seconds
[2024-06-03T13:32:16.013-0500] {processor.py:161} INFO - Started process (PID=7211) to work on /home/diallo/airflow/dags/execute_multiple_tasks.py
[2024-06-03T13:32:16.017-0500] {processor.py:830} INFO - Processing file /home/diallo/airflow/dags/execute_multiple_tasks.py for tasks to queue
[2024-06-03T13:32:16.019-0500] {logging_mixin.py:188} INFO - [2024-06-03T13:32:16.019-0500] {dagbag.py:545} INFO - Filling up the DagBag from /home/diallo/airflow/dags/execute_multiple_tasks.py
[2024-06-03T13:32:16.031-0500] {processor.py:840} INFO - DAG(s) 'executing_multiple_tasks' retrieved from /home/diallo/airflow/dags/execute_multiple_tasks.py
[2024-06-03T13:32:16.053-0500] {logging_mixin.py:188} INFO - [2024-06-03T13:32:16.053-0500] {dag.py:3096} INFO - Sync 1 DAGs
[2024-06-03T13:32:16.072-0500] {logging_mixin.py:188} INFO - [2024-06-03T13:32:16.072-0500] {dag.py:3954} INFO - Setting next_dagrun for executing_multiple_tasks to None, run_after=None
[2024-06-03T13:32:16.097-0500] {processor.py:183} INFO - Processing /home/diallo/airflow/dags/execute_multiple_tasks.py took 0.098 seconds
[2024-06-03T13:32:46.567-0500] {processor.py:161} INFO - Started process (PID=7253) to work on /home/diallo/airflow/dags/execute_multiple_tasks.py
[2024-06-03T13:32:46.568-0500] {processor.py:830} INFO - Processing file /home/diallo/airflow/dags/execute_multiple_tasks.py for tasks to queue
[2024-06-03T13:32:46.569-0500] {logging_mixin.py:188} INFO - [2024-06-03T13:32:46.569-0500] {dagbag.py:545} INFO - Filling up the DagBag from /home/diallo/airflow/dags/execute_multiple_tasks.py
[2024-06-03T13:32:46.577-0500] {processor.py:840} INFO - DAG(s) 'executing_multiple_tasks' retrieved from /home/diallo/airflow/dags/execute_multiple_tasks.py
[2024-06-03T13:32:46.598-0500] {logging_mixin.py:188} INFO - [2024-06-03T13:32:46.597-0500] {dag.py:3096} INFO - Sync 1 DAGs
[2024-06-03T13:32:46.614-0500] {logging_mixin.py:188} INFO - [2024-06-03T13:32:46.614-0500] {dag.py:3954} INFO - Setting next_dagrun for executing_multiple_tasks to None, run_after=None
[2024-06-03T13:32:46.635-0500] {processor.py:183} INFO - Processing /home/diallo/airflow/dags/execute_multiple_tasks.py took 0.074 seconds
[2024-06-03T13:33:17.030-0500] {processor.py:161} INFO - Started process (PID=7261) to work on /home/diallo/airflow/dags/execute_multiple_tasks.py
[2024-06-03T13:33:17.033-0500] {processor.py:830} INFO - Processing file /home/diallo/airflow/dags/execute_multiple_tasks.py for tasks to queue
[2024-06-03T13:33:17.036-0500] {logging_mixin.py:188} INFO - [2024-06-03T13:33:17.035-0500] {dagbag.py:545} INFO - Filling up the DagBag from /home/diallo/airflow/dags/execute_multiple_tasks.py
[2024-06-03T13:33:17.048-0500] {processor.py:840} INFO - DAG(s) 'executing_multiple_tasks' retrieved from /home/diallo/airflow/dags/execute_multiple_tasks.py
[2024-06-03T13:33:17.070-0500] {logging_mixin.py:188} INFO - [2024-06-03T13:33:17.070-0500] {dag.py:3096} INFO - Sync 1 DAGs
[2024-06-03T13:33:17.087-0500] {logging_mixin.py:188} INFO - [2024-06-03T13:33:17.087-0500] {dag.py:3954} INFO - Setting next_dagrun for executing_multiple_tasks to None, run_after=None
[2024-06-03T13:33:17.111-0500] {processor.py:183} INFO - Processing /home/diallo/airflow/dags/execute_multiple_tasks.py took 0.087 seconds
[2024-06-03T13:33:47.520-0500] {processor.py:161} INFO - Started process (PID=7324) to work on /home/diallo/airflow/dags/execute_multiple_tasks.py
[2024-06-03T13:33:47.522-0500] {processor.py:830} INFO - Processing file /home/diallo/airflow/dags/execute_multiple_tasks.py for tasks to queue
[2024-06-03T13:33:47.525-0500] {logging_mixin.py:188} INFO - [2024-06-03T13:33:47.525-0500] {dagbag.py:545} INFO - Filling up the DagBag from /home/diallo/airflow/dags/execute_multiple_tasks.py
[2024-06-03T13:33:47.537-0500] {processor.py:840} INFO - DAG(s) 'executing_multiple_tasks' retrieved from /home/diallo/airflow/dags/execute_multiple_tasks.py
[2024-06-03T13:33:47.557-0500] {logging_mixin.py:188} INFO - [2024-06-03T13:33:47.556-0500] {dag.py:3096} INFO - Sync 1 DAGs
[2024-06-03T13:33:47.573-0500] {logging_mixin.py:188} INFO - [2024-06-03T13:33:47.572-0500] {dag.py:3954} INFO - Setting next_dagrun for executing_multiple_tasks to None, run_after=None
[2024-06-03T13:33:47.603-0500] {processor.py:183} INFO - Processing /home/diallo/airflow/dags/execute_multiple_tasks.py took 0.103 seconds
[2024-06-03T13:34:18.126-0500] {processor.py:161} INFO - Started process (PID=7397) to work on /home/diallo/airflow/dags/execute_multiple_tasks.py
[2024-06-03T13:34:18.130-0500] {processor.py:830} INFO - Processing file /home/diallo/airflow/dags/execute_multiple_tasks.py for tasks to queue
[2024-06-03T13:34:18.134-0500] {logging_mixin.py:188} INFO - [2024-06-03T13:34:18.133-0500] {dagbag.py:545} INFO - Filling up the DagBag from /home/diallo/airflow/dags/execute_multiple_tasks.py
[2024-06-03T13:34:18.150-0500] {processor.py:840} INFO - DAG(s) 'executing_multiple_tasks' retrieved from /home/diallo/airflow/dags/execute_multiple_tasks.py
[2024-06-03T13:34:18.186-0500] {logging_mixin.py:188} INFO - [2024-06-03T13:34:18.185-0500] {dag.py:3096} INFO - Sync 1 DAGs
[2024-06-03T13:34:18.211-0500] {logging_mixin.py:188} INFO - [2024-06-03T13:34:18.211-0500] {dag.py:3954} INFO - Setting next_dagrun for executing_multiple_tasks to None, run_after=None
[2024-06-03T13:34:18.240-0500] {processor.py:183} INFO - Processing /home/diallo/airflow/dags/execute_multiple_tasks.py took 0.123 seconds
[2024-06-03T13:34:48.860-0500] {processor.py:161} INFO - Started process (PID=7406) to work on /home/diallo/airflow/dags/execute_multiple_tasks.py
[2024-06-03T13:34:48.863-0500] {processor.py:830} INFO - Processing file /home/diallo/airflow/dags/execute_multiple_tasks.py for tasks to queue
[2024-06-03T13:34:48.871-0500] {logging_mixin.py:188} INFO - [2024-06-03T13:34:48.869-0500] {dagbag.py:545} INFO - Filling up the DagBag from /home/diallo/airflow/dags/execute_multiple_tasks.py
[2024-06-03T13:34:48.902-0500] {processor.py:840} INFO - DAG(s) 'executing_multiple_tasks' retrieved from /home/diallo/airflow/dags/execute_multiple_tasks.py
[2024-06-03T13:34:48.936-0500] {logging_mixin.py:188} INFO - [2024-06-03T13:34:48.936-0500] {dag.py:3096} INFO - Sync 1 DAGs
[2024-06-03T13:34:48.954-0500] {logging_mixin.py:188} INFO - [2024-06-03T13:34:48.954-0500] {dag.py:3954} INFO - Setting next_dagrun for executing_multiple_tasks to None, run_after=None
[2024-06-03T13:34:48.996-0500] {processor.py:183} INFO - Processing /home/diallo/airflow/dags/execute_multiple_tasks.py took 0.159 seconds
[2024-06-03T13:35:19.440-0500] {processor.py:161} INFO - Started process (PID=7427) to work on /home/diallo/airflow/dags/execute_multiple_tasks.py
[2024-06-03T13:35:19.443-0500] {processor.py:830} INFO - Processing file /home/diallo/airflow/dags/execute_multiple_tasks.py for tasks to queue
[2024-06-03T13:35:19.445-0500] {logging_mixin.py:188} INFO - [2024-06-03T13:35:19.445-0500] {dagbag.py:545} INFO - Filling up the DagBag from /home/diallo/airflow/dags/execute_multiple_tasks.py
[2024-06-03T13:35:19.455-0500] {processor.py:840} INFO - DAG(s) 'executing_multiple_tasks' retrieved from /home/diallo/airflow/dags/execute_multiple_tasks.py
[2024-06-03T13:35:19.477-0500] {logging_mixin.py:188} INFO - [2024-06-03T13:35:19.476-0500] {dag.py:3096} INFO - Sync 1 DAGs
[2024-06-03T13:35:19.495-0500] {logging_mixin.py:188} INFO - [2024-06-03T13:35:19.495-0500] {dag.py:3954} INFO - Setting next_dagrun for executing_multiple_tasks to None, run_after=None
[2024-06-03T13:35:19.518-0500] {processor.py:183} INFO - Processing /home/diallo/airflow/dags/execute_multiple_tasks.py took 0.087 seconds
[2024-06-03T13:48:13.414-0500] {processor.py:161} INFO - Started process (PID=9672) to work on /home/diallo/airflow/dags/execute_multiple_tasks.py
[2024-06-03T13:48:13.415-0500] {processor.py:830} INFO - Processing file /home/diallo/airflow/dags/execute_multiple_tasks.py for tasks to queue
[2024-06-03T13:48:13.417-0500] {logging_mixin.py:188} INFO - [2024-06-03T13:48:13.416-0500] {dagbag.py:545} INFO - Filling up the DagBag from /home/diallo/airflow/dags/execute_multiple_tasks.py
[2024-06-03T13:48:13.430-0500] {processor.py:840} INFO - DAG(s) 'executing_multiple_tasks' retrieved from /home/diallo/airflow/dags/execute_multiple_tasks.py
[2024-06-03T13:48:13.451-0500] {logging_mixin.py:188} INFO - [2024-06-03T13:48:13.451-0500] {dag.py:3096} INFO - Sync 1 DAGs
[2024-06-03T13:48:13.470-0500] {logging_mixin.py:188} INFO - [2024-06-03T13:48:13.469-0500] {dag.py:3954} INFO - Setting next_dagrun for executing_multiple_tasks to None, run_after=None
[2024-06-03T13:48:13.494-0500] {processor.py:183} INFO - Processing /home/diallo/airflow/dags/execute_multiple_tasks.py took 0.088 seconds
[2024-06-03T13:48:43.617-0500] {processor.py:161} INFO - Started process (PID=9703) to work on /home/diallo/airflow/dags/execute_multiple_tasks.py
[2024-06-03T13:48:43.620-0500] {processor.py:830} INFO - Processing file /home/diallo/airflow/dags/execute_multiple_tasks.py for tasks to queue
[2024-06-03T13:48:43.622-0500] {logging_mixin.py:188} INFO - [2024-06-03T13:48:43.622-0500] {dagbag.py:545} INFO - Filling up the DagBag from /home/diallo/airflow/dags/execute_multiple_tasks.py
[2024-06-03T13:48:43.636-0500] {processor.py:840} INFO - DAG(s) 'executing_multiple_tasks' retrieved from /home/diallo/airflow/dags/execute_multiple_tasks.py
[2024-06-03T13:48:43.657-0500] {logging_mixin.py:188} INFO - [2024-06-03T13:48:43.657-0500] {dag.py:3096} INFO - Sync 1 DAGs
[2024-06-03T13:48:43.676-0500] {logging_mixin.py:188} INFO - [2024-06-03T13:48:43.676-0500] {dag.py:3954} INFO - Setting next_dagrun for executing_multiple_tasks to None, run_after=None
[2024-06-03T13:48:43.701-0500] {processor.py:183} INFO - Processing /home/diallo/airflow/dags/execute_multiple_tasks.py took 0.090 seconds
[2024-06-03T13:49:14.278-0500] {processor.py:161} INFO - Started process (PID=9801) to work on /home/diallo/airflow/dags/execute_multiple_tasks.py
[2024-06-03T13:49:14.279-0500] {processor.py:830} INFO - Processing file /home/diallo/airflow/dags/execute_multiple_tasks.py for tasks to queue
[2024-06-03T13:49:14.281-0500] {logging_mixin.py:188} INFO - [2024-06-03T13:49:14.280-0500] {dagbag.py:545} INFO - Filling up the DagBag from /home/diallo/airflow/dags/execute_multiple_tasks.py
[2024-06-03T13:49:14.290-0500] {processor.py:840} INFO - DAG(s) 'executing_multiple_tasks' retrieved from /home/diallo/airflow/dags/execute_multiple_tasks.py
[2024-06-03T13:49:14.310-0500] {logging_mixin.py:188} INFO - [2024-06-03T13:49:14.309-0500] {dag.py:3096} INFO - Sync 1 DAGs
[2024-06-03T13:49:14.326-0500] {logging_mixin.py:188} INFO - [2024-06-03T13:49:14.326-0500] {dag.py:3954} INFO - Setting next_dagrun for executing_multiple_tasks to None, run_after=None
[2024-06-03T13:49:14.361-0500] {processor.py:183} INFO - Processing /home/diallo/airflow/dags/execute_multiple_tasks.py took 0.088 seconds
[2024-06-03T13:49:44.734-0500] {processor.py:161} INFO - Started process (PID=10171) to work on /home/diallo/airflow/dags/execute_multiple_tasks.py
[2024-06-03T13:49:44.737-0500] {processor.py:830} INFO - Processing file /home/diallo/airflow/dags/execute_multiple_tasks.py for tasks to queue
[2024-06-03T13:49:44.739-0500] {logging_mixin.py:188} INFO - [2024-06-03T13:49:44.739-0500] {dagbag.py:545} INFO - Filling up the DagBag from /home/diallo/airflow/dags/execute_multiple_tasks.py
[2024-06-03T13:49:44.750-0500] {processor.py:840} INFO - DAG(s) 'executing_multiple_tasks' retrieved from /home/diallo/airflow/dags/execute_multiple_tasks.py
[2024-06-03T13:49:44.772-0500] {logging_mixin.py:188} INFO - [2024-06-03T13:49:44.771-0500] {dag.py:3096} INFO - Sync 1 DAGs
[2024-06-03T13:49:44.790-0500] {logging_mixin.py:188} INFO - [2024-06-03T13:49:44.790-0500] {dag.py:3954} INFO - Setting next_dagrun for executing_multiple_tasks to None, run_after=None
[2024-06-03T13:49:44.815-0500] {processor.py:183} INFO - Processing /home/diallo/airflow/dags/execute_multiple_tasks.py took 0.089 seconds
[2024-06-03T13:50:15.314-0500] {processor.py:161} INFO - Started process (PID=10192) to work on /home/diallo/airflow/dags/execute_multiple_tasks.py
[2024-06-03T13:50:15.315-0500] {processor.py:830} INFO - Processing file /home/diallo/airflow/dags/execute_multiple_tasks.py for tasks to queue
[2024-06-03T13:50:15.317-0500] {logging_mixin.py:188} INFO - [2024-06-03T13:50:15.317-0500] {dagbag.py:545} INFO - Filling up the DagBag from /home/diallo/airflow/dags/execute_multiple_tasks.py
[2024-06-03T13:50:15.328-0500] {processor.py:840} INFO - DAG(s) 'executing_multiple_tasks' retrieved from /home/diallo/airflow/dags/execute_multiple_tasks.py
[2024-06-03T13:50:15.347-0500] {logging_mixin.py:188} INFO - [2024-06-03T13:50:15.347-0500] {dag.py:3096} INFO - Sync 1 DAGs
[2024-06-03T13:50:15.370-0500] {logging_mixin.py:188} INFO - [2024-06-03T13:50:15.369-0500] {dag.py:3954} INFO - Setting next_dagrun for executing_multiple_tasks to None, run_after=None
[2024-06-03T13:50:15.439-0500] {processor.py:183} INFO - Processing /home/diallo/airflow/dags/execute_multiple_tasks.py took 0.131 seconds
[2024-06-03T13:50:45.945-0500] {processor.py:161} INFO - Started process (PID=10220) to work on /home/diallo/airflow/dags/execute_multiple_tasks.py
[2024-06-03T13:50:45.949-0500] {processor.py:830} INFO - Processing file /home/diallo/airflow/dags/execute_multiple_tasks.py for tasks to queue
[2024-06-03T13:50:45.952-0500] {logging_mixin.py:188} INFO - [2024-06-03T13:50:45.951-0500] {dagbag.py:545} INFO - Filling up the DagBag from /home/diallo/airflow/dags/execute_multiple_tasks.py
[2024-06-03T13:50:45.966-0500] {processor.py:840} INFO - DAG(s) 'executing_multiple_tasks' retrieved from /home/diallo/airflow/dags/execute_multiple_tasks.py
[2024-06-03T13:50:45.986-0500] {logging_mixin.py:188} INFO - [2024-06-03T13:50:45.986-0500] {dag.py:3096} INFO - Sync 1 DAGs
[2024-06-03T13:50:46.004-0500] {logging_mixin.py:188} INFO - [2024-06-03T13:50:46.004-0500] {dag.py:3954} INFO - Setting next_dagrun for executing_multiple_tasks to None, run_after=None
[2024-06-03T13:50:46.036-0500] {processor.py:183} INFO - Processing /home/diallo/airflow/dags/execute_multiple_tasks.py took 0.104 seconds
