[2024-06-03T22:32:26.412-0500] {local_task_job_runner.py:120} INFO - ::group::Pre task execution logs
[2024-06-03T22:32:26.495-0500] {taskinstance.py:2076} INFO - Dependencies all met for dep_context=non-requeueable deps ti=<TaskInstance: python_pipeline.group_by_smoker manual__2024-06-03T19:29:43.576572+00:00 [queued]>
[2024-06-03T22:32:26.503-0500] {taskinstance.py:2076} INFO - Dependencies all met for dep_context=requeueable deps ti=<TaskInstance: python_pipeline.group_by_smoker manual__2024-06-03T19:29:43.576572+00:00 [queued]>
[2024-06-03T22:32:26.503-0500] {taskinstance.py:2306} INFO - Starting attempt 1 of 1
[2024-06-03T22:32:26.525-0500] {taskinstance.py:2330} INFO - Executing <Task(PythonOperator): group_by_smoker> on 2024-06-03 19:29:43.576572+00:00
[2024-06-03T22:32:26.531-0500] {standard_task_runner.py:63} INFO - Started process 45621 to run task
[2024-06-03T22:32:26.537-0500] {standard_task_runner.py:90} INFO - Running: ['airflow', 'tasks', 'run', 'python_pipeline', 'group_by_smoker', 'manual__2024-06-03T19:29:43.576572+00:00', '--job-id', '132', '--raw', '--subdir', 'DAGS_FOLDER/data_cleaning.py', '--cfg-path', '/tmp/tmppf7qnhuh']
[2024-06-03T22:32:26.539-0500] {standard_task_runner.py:91} INFO - Job 132: Subtask group_by_smoker
[2024-06-03T22:32:26.574-0500] {task_command.py:426} INFO - Running <TaskInstance: python_pipeline.group_by_smoker manual__2024-06-03T19:29:43.576572+00:00 [running]> on host diallo
[2024-06-03T22:32:26.656-0500] {taskinstance.py:2648} INFO - Exporting env vars: AIRFLOW_CTX_DAG_OWNER='Diallo' AIRFLOW_CTX_DAG_ID='python_pipeline' AIRFLOW_CTX_TASK_ID='group_by_smoker' AIRFLOW_CTX_EXECUTION_DATE='2024-06-03T19:29:43.576572+00:00' AIRFLOW_CTX_TRY_NUMBER='1' AIRFLOW_CTX_DAG_RUN_ID='manual__2024-06-03T19:29:43.576572+00:00'
[2024-06-03T22:32:26.656-0500] {taskinstance.py:430} INFO - ::endgroup::
[2024-06-03T22:32:26.681-0500] {logging_mixin.py:188} WARNING - /home/diallo/airflow/dags/data_cleaning.py:47 FutureWarning: Passing literal json to 'read_json' is deprecated and will be removed in a future version. To read from a literal string, wrap it in a 'StringIO' object.
[2024-06-03T22:32:26.710-0500] {logging_mixin.py:188} INFO -   smoker  ...       charges
0     no  ...   8409.025939
1    yes  ...  31963.762697

[2 rows x 4 columns]
[2024-06-03T22:32:26.712-0500] {python.py:237} INFO - Done. Returned value was: None
[2024-06-03T22:32:26.712-0500] {taskinstance.py:441} INFO - ::group::Post task execution logs
[2024-06-03T22:32:26.718-0500] {taskinstance.py:1206} INFO - Marking task as SUCCESS. dag_id=python_pipeline, task_id=group_by_smoker, run_id=manual__2024-06-03T19:29:43.576572+00:00, execution_date=20240603T192943, start_date=20240604T033226, end_date=20240604T033226
[2024-06-03T22:32:26.749-0500] {local_task_job_runner.py:240} INFO - Task exited with return code 0
[2024-06-03T22:32:26.761-0500] {taskinstance.py:3498} INFO - 0 downstream tasks scheduled from follow-on schedule check
[2024-06-03T22:32:26.762-0500] {local_task_job_runner.py:222} INFO - ::endgroup::
