[2024-05-30T16:25:23.354-0500] {local_task_job_runner.py:120} INFO - ::group::Pre task execution logs
[2024-05-30T16:25:24.503-0500] {taskinstance.py:2076} INFO - Dependencies all met for dep_context=non-requeueable deps ti=<TaskInstance: hello_world.Hello_world_task manual__2024-05-30T21:24:54.869971+00:00 [queued]>
[2024-05-30T16:25:24.541-0500] {taskinstance.py:2076} INFO - Dependencies all met for dep_context=requeueable deps ti=<TaskInstance: hello_world.Hello_world_task manual__2024-05-30T21:24:54.869971+00:00 [queued]>
[2024-05-30T16:25:24.542-0500] {taskinstance.py:2306} INFO - Starting attempt 1 of 1
[2024-05-30T16:25:26.419-0500] {taskinstance.py:2330} INFO - Executing <Task(BashOperator): Hello_world_task> on 2024-05-30 21:24:54.869971+00:00
[2024-05-30T16:25:26.425-0500] {standard_task_runner.py:63} INFO - Started process 44204 to run task
[2024-05-30T16:25:26.430-0500] {standard_task_runner.py:90} INFO - Running: ['airflow', 'tasks', 'run', 'hello_world', 'Hello_world_task', 'manual__2024-05-30T21:24:54.869971+00:00', '--job-id', '3', '--raw', '--subdir', 'DAGS_FOLDER/simple_test_hello_world.py', '--cfg-path', '/tmp/tmptp39400r']
[2024-05-30T16:25:26.433-0500] {standard_task_runner.py:91} INFO - Job 3: Subtask Hello_world_task
[2024-05-30T16:25:27.576-0500] {task_command.py:426} INFO - Running <TaskInstance: hello_world.Hello_world_task manual__2024-05-30T21:24:54.869971+00:00 [running]> on host diallo
[2024-05-30T16:25:29.819-0500] {taskinstance.py:2648} INFO - Exporting env vars: AIRFLOW_CTX_DAG_OWNER='Diallo' AIRFLOW_CTX_DAG_ID='hello_world' AIRFLOW_CTX_TASK_ID='Hello_world_task' AIRFLOW_CTX_EXECUTION_DATE='2024-05-30T21:24:54.869971+00:00' AIRFLOW_CTX_TRY_NUMBER='1' AIRFLOW_CTX_DAG_RUN_ID='manual__2024-05-30T21:24:54.869971+00:00'
[2024-05-30T16:25:29.821-0500] {taskinstance.py:430} INFO - ::endgroup::
[2024-05-30T16:25:29.908-0500] {subprocess.py:63} INFO - Tmp dir root location: /tmp
[2024-05-30T16:25:29.910-0500] {subprocess.py:75} INFO - Running command: ['/usr/bin/bash', '-c', 'echo Hello world']
[2024-05-30T16:25:29.924-0500] {subprocess.py:86} INFO - Output:
[2024-05-30T16:25:29.926-0500] {subprocess.py:93} INFO - Hello world
[2024-05-30T16:25:29.927-0500] {subprocess.py:97} INFO - Command exited with return code 0
[2024-05-30T16:25:29.928-0500] {taskinstance.py:441} INFO - ::group::Post task execution logs
[2024-05-30T16:25:30.658-0500] {taskinstance.py:1206} INFO - Marking task as SUCCESS. dag_id=hello_world, task_id=Hello_world_task, run_id=manual__2024-05-30T21:24:54.869971+00:00, execution_date=20240530T212454, start_date=20240530T212524, end_date=20240530T212530
[2024-05-30T16:25:33.353-0500] {local_task_job_runner.py:240} INFO - Task exited with return code 0
[2024-05-30T16:25:33.407-0500] {taskinstance.py:3498} INFO - 0 downstream tasks scheduled from follow-on schedule check
[2024-05-30T16:25:33.409-0500] {local_task_job_runner.py:222} INFO - ::endgroup::
