[2024-06-03T22:29:57.047-0500] {local_task_job_runner.py:120} INFO - ::group::Pre task execution logs
[2024-06-03T22:29:57.156-0500] {taskinstance.py:2076} INFO - Dependencies all met for dep_context=non-requeueable deps ti=<TaskInstance: python_pipeline.group_by_smoker manual__2024-06-04T03:16:14.447776+00:00 [queued]>
[2024-06-03T22:29:57.163-0500] {taskinstance.py:2076} INFO - Dependencies all met for dep_context=requeueable deps ti=<TaskInstance: python_pipeline.group_by_smoker manual__2024-06-04T03:16:14.447776+00:00 [queued]>
[2024-06-03T22:29:57.163-0500] {taskinstance.py:2306} INFO - Starting attempt 4 of 4
[2024-06-03T22:29:57.187-0500] {taskinstance.py:2330} INFO - Executing <Task(PythonOperator): group_by_smoker> on 2024-06-04 03:16:14.447776+00:00
[2024-06-03T22:29:57.190-0500] {standard_task_runner.py:63} INFO - Started process 45327 to run task
[2024-06-03T22:29:57.193-0500] {standard_task_runner.py:90} INFO - Running: ['airflow', 'tasks', 'run', 'python_pipeline', 'group_by_smoker', 'manual__2024-06-04T03:16:14.447776+00:00', '--job-id', '77', '--raw', '--subdir', 'DAGS_FOLDER/data_cleaning.py', '--cfg-path', '/tmp/tmpe_sdstrv']
[2024-06-03T22:29:57.195-0500] {standard_task_runner.py:91} INFO - Job 77: Subtask group_by_smoker
[2024-06-03T22:29:57.237-0500] {task_command.py:426} INFO - Running <TaskInstance: python_pipeline.group_by_smoker manual__2024-06-04T03:16:14.447776+00:00 [running]> on host diallo
[2024-06-03T22:29:57.304-0500] {taskinstance.py:2648} INFO - Exporting env vars: AIRFLOW_CTX_DAG_OWNER='Diallo' AIRFLOW_CTX_DAG_ID='python_pipeline' AIRFLOW_CTX_TASK_ID='group_by_smoker' AIRFLOW_CTX_EXECUTION_DATE='2024-06-04T03:16:14.447776+00:00' AIRFLOW_CTX_TRY_NUMBER='4' AIRFLOW_CTX_DAG_RUN_ID='manual__2024-06-04T03:16:14.447776+00:00'
[2024-06-03T22:29:57.305-0500] {taskinstance.py:430} INFO - ::endgroup::
[2024-06-03T22:29:57.327-0500] {logging_mixin.py:188} WARNING - /home/diallo/airflow/dags/data_cleaning.py:47 FutureWarning: Passing literal json to 'read_json' is deprecated and will be removed in a future version. To read from a literal string, wrap it in a 'StringIO' object.
[2024-06-03T22:29:57.357-0500] {logging_mixin.py:188} INFO -   smoker  ...       charges
0     no  ...   8409.025939
1    yes  ...  31963.762697

[2 rows x 4 columns]
[2024-06-03T22:29:57.358-0500] {python.py:237} INFO - Done. Returned value was: None
[2024-06-03T22:29:57.359-0500] {taskinstance.py:441} INFO - ::group::Post task execution logs
[2024-06-03T22:29:57.363-0500] {taskinstance.py:1206} INFO - Marking task as SUCCESS. dag_id=python_pipeline, task_id=group_by_smoker, run_id=manual__2024-06-04T03:16:14.447776+00:00, execution_date=20240604T031614, start_date=20240604T032957, end_date=20240604T032957
[2024-06-03T22:29:57.406-0500] {local_task_job_runner.py:240} INFO - Task exited with return code 0
[2024-06-03T22:29:57.420-0500] {taskinstance.py:3498} INFO - 0 downstream tasks scheduled from follow-on schedule check
[2024-06-03T22:29:57.421-0500] {local_task_job_runner.py:222} INFO - ::endgroup::
