[2024-05-30T16:43:24.350-0500] {processor.py:161} INFO - Started process (PID=51858) to work on /home/diallo/airflow/dags/execute_multiple_tasks.py
[2024-05-30T16:43:24.351-0500] {processor.py:830} INFO - Processing file /home/diallo/airflow/dags/execute_multiple_tasks.py for tasks to queue
[2024-05-30T16:43:24.352-0500] {logging_mixin.py:188} INFO - [2024-05-30T16:43:24.351-0500] {dagbag.py:545} INFO - Filling up the DagBag from /home/diallo/airflow/dags/execute_multiple_tasks.py
[2024-05-30T16:43:24.355-0500] {logging_mixin.py:188} INFO - [2024-05-30T16:43:24.354-0500] {dagbag.py:355} ERROR - Failed to import: /home/diallo/airflow/dags/execute_multiple_tasks.py
Traceback (most recent call last):
  File "/home/diallo/Documents/workspace/Python/AirFlowProjects/AirFlow01/venv/lib/python3.10/site-packages/airflow/models/dagbag.py", line 351, in parse
    loader.exec_module(new_module)
  File "<frozen importlib._bootstrap_external>", line 879, in exec_module
  File "<frozen importlib._bootstrap_external>", line 1017, in get_code
  File "<frozen importlib._bootstrap_external>", line 947, in source_to_code
  File "<frozen importlib._bootstrap>", line 241, in _call_with_frames_removed
  File "/home/diallo/airflow/dags/execute_multiple_tasks.py", line 21
    taskA = BashOperator(
    ^^^^^
IndentationError: expected an indented block after 'with' statement on line 12
[2024-05-30T16:43:24.355-0500] {processor.py:842} WARNING - No viable dags retrieved from /home/diallo/airflow/dags/execute_multiple_tasks.py
[2024-05-30T16:43:24.459-0500] {processor.py:183} INFO - Processing /home/diallo/airflow/dags/execute_multiple_tasks.py took 0.117 seconds
[2024-05-30T16:43:40.909-0500] {processor.py:161} INFO - Started process (PID=51973) to work on /home/diallo/airflow/dags/execute_multiple_tasks.py
[2024-05-30T16:43:40.912-0500] {processor.py:830} INFO - Processing file /home/diallo/airflow/dags/execute_multiple_tasks.py for tasks to queue
[2024-05-30T16:43:40.916-0500] {logging_mixin.py:188} INFO - [2024-05-30T16:43:40.913-0500] {dagbag.py:545} INFO - Filling up the DagBag from /home/diallo/airflow/dags/execute_multiple_tasks.py
[2024-05-30T16:43:40.923-0500] {logging_mixin.py:188} INFO - [2024-05-30T16:43:40.921-0500] {dagbag.py:355} ERROR - Failed to import: /home/diallo/airflow/dags/execute_multiple_tasks.py
Traceback (most recent call last):
  File "/home/diallo/Documents/workspace/Python/AirFlowProjects/AirFlow01/venv/lib/python3.10/site-packages/airflow/models/dagbag.py", line 351, in parse
    loader.exec_module(new_module)
  File "<frozen importlib._bootstrap_external>", line 879, in exec_module
  File "<frozen importlib._bootstrap_external>", line 1017, in get_code
  File "<frozen importlib._bootstrap_external>", line 947, in source_to_code
  File "<frozen importlib._bootstrap>", line 241, in _call_with_frames_removed
  File "/home/diallo/airflow/dags/execute_multiple_tasks.py", line 21
    taskA = BashOperator(
    ^^^^^
IndentationError: expected an indented block after 'with' statement on line 12
[2024-05-30T16:43:40.924-0500] {processor.py:842} WARNING - No viable dags retrieved from /home/diallo/airflow/dags/execute_multiple_tasks.py
[2024-05-30T16:43:40.994-0500] {processor.py:183} INFO - Processing /home/diallo/airflow/dags/execute_multiple_tasks.py took 0.111 seconds
[2024-05-30T16:43:42.213-0500] {processor.py:161} INFO - Started process (PID=51984) to work on /home/diallo/airflow/dags/execute_multiple_tasks.py
[2024-05-30T16:43:42.215-0500] {processor.py:830} INFO - Processing file /home/diallo/airflow/dags/execute_multiple_tasks.py for tasks to queue
[2024-05-30T16:43:42.218-0500] {logging_mixin.py:188} INFO - [2024-05-30T16:43:42.217-0500] {dagbag.py:545} INFO - Filling up the DagBag from /home/diallo/airflow/dags/execute_multiple_tasks.py
[2024-05-30T16:43:42.229-0500] {logging_mixin.py:188} INFO - [2024-05-30T16:43:42.227-0500] {dagbag.py:355} ERROR - Failed to import: /home/diallo/airflow/dags/execute_multiple_tasks.py
Traceback (most recent call last):
  File "/home/diallo/Documents/workspace/Python/AirFlowProjects/AirFlow01/venv/lib/python3.10/site-packages/airflow/models/dagbag.py", line 351, in parse
    loader.exec_module(new_module)
  File "<frozen importlib._bootstrap_external>", line 879, in exec_module
  File "<frozen importlib._bootstrap_external>", line 1017, in get_code
  File "<frozen importlib._bootstrap_external>", line 947, in source_to_code
  File "<frozen importlib._bootstrap>", line 241, in _call_with_frames_removed
  File "/home/diallo/airflow/dags/execute_multiple_tasks.py", line 21
    taskA = BashOperator(
    ^^^^^
IndentationError: expected an indented block after 'with' statement on line 12
[2024-05-30T16:43:42.231-0500] {processor.py:842} WARNING - No viable dags retrieved from /home/diallo/airflow/dags/execute_multiple_tasks.py
[2024-05-30T16:43:42.296-0500] {processor.py:183} INFO - Processing /home/diallo/airflow/dags/execute_multiple_tasks.py took 0.108 seconds
[2024-05-30T16:43:44.817-0500] {processor.py:161} INFO - Started process (PID=52004) to work on /home/diallo/airflow/dags/execute_multiple_tasks.py
[2024-05-30T16:43:44.820-0500] {processor.py:830} INFO - Processing file /home/diallo/airflow/dags/execute_multiple_tasks.py for tasks to queue
[2024-05-30T16:43:44.824-0500] {logging_mixin.py:188} INFO - [2024-05-30T16:43:44.823-0500] {dagbag.py:545} INFO - Filling up the DagBag from /home/diallo/airflow/dags/execute_multiple_tasks.py
[2024-05-30T16:43:44.835-0500] {logging_mixin.py:188} INFO - [2024-05-30T16:43:44.832-0500] {dagbag.py:355} ERROR - Failed to import: /home/diallo/airflow/dags/execute_multiple_tasks.py
Traceback (most recent call last):
  File "/home/diallo/Documents/workspace/Python/AirFlowProjects/AirFlow01/venv/lib/python3.10/site-packages/airflow/models/dagbag.py", line 351, in parse
    loader.exec_module(new_module)
  File "<frozen importlib._bootstrap_external>", line 879, in exec_module
  File "<frozen importlib._bootstrap_external>", line 1017, in get_code
  File "<frozen importlib._bootstrap_external>", line 947, in source_to_code
  File "<frozen importlib._bootstrap>", line 241, in _call_with_frames_removed
  File "/home/diallo/airflow/dags/execute_multiple_tasks.py", line 21
    taskA = BashOperator(
    ^^^^^
IndentationError: expected an indented block after 'with' statement on line 12
[2024-05-30T16:43:44.836-0500] {processor.py:842} WARNING - No viable dags retrieved from /home/diallo/airflow/dags/execute_multiple_tasks.py
[2024-05-30T16:43:44.965-0500] {processor.py:183} INFO - Processing /home/diallo/airflow/dags/execute_multiple_tasks.py took 0.175 seconds
[2024-05-30T16:43:55.901-0500] {processor.py:161} INFO - Started process (PID=52095) to work on /home/diallo/airflow/dags/execute_multiple_tasks.py
[2024-05-30T16:43:55.903-0500] {processor.py:830} INFO - Processing file /home/diallo/airflow/dags/execute_multiple_tasks.py for tasks to queue
[2024-05-30T16:43:55.905-0500] {logging_mixin.py:188} INFO - [2024-05-30T16:43:55.904-0500] {dagbag.py:545} INFO - Filling up the DagBag from /home/diallo/airflow/dags/execute_multiple_tasks.py
[2024-05-30T16:43:55.909-0500] {logging_mixin.py:188} INFO - [2024-05-30T16:43:55.908-0500] {dagbag.py:355} ERROR - Failed to import: /home/diallo/airflow/dags/execute_multiple_tasks.py
Traceback (most recent call last):
  File "/home/diallo/Documents/workspace/Python/AirFlowProjects/AirFlow01/venv/lib/python3.10/site-packages/airflow/models/dagbag.py", line 351, in parse
    loader.exec_module(new_module)
  File "<frozen importlib._bootstrap_external>", line 879, in exec_module
  File "<frozen importlib._bootstrap_external>", line 1017, in get_code
  File "<frozen importlib._bootstrap_external>", line 947, in source_to_code
  File "<frozen importlib._bootstrap>", line 241, in _call_with_frames_removed
  File "/home/diallo/airflow/dags/execute_multiple_tasks.py", line 21
    taskA = BashOperator(
    ^^^^^
IndentationError: expected an indented block after 'with' statement on line 12
[2024-05-30T16:43:55.909-0500] {processor.py:842} WARNING - No viable dags retrieved from /home/diallo/airflow/dags/execute_multiple_tasks.py
[2024-05-30T16:43:55.968-0500] {processor.py:183} INFO - Processing /home/diallo/airflow/dags/execute_multiple_tasks.py took 0.084 seconds
[2024-05-30T16:43:59.389-0500] {processor.py:161} INFO - Started process (PID=52113) to work on /home/diallo/airflow/dags/execute_multiple_tasks.py
[2024-05-30T16:43:59.392-0500] {processor.py:830} INFO - Processing file /home/diallo/airflow/dags/execute_multiple_tasks.py for tasks to queue
[2024-05-30T16:43:59.396-0500] {logging_mixin.py:188} INFO - [2024-05-30T16:43:59.394-0500] {dagbag.py:545} INFO - Filling up the DagBag from /home/diallo/airflow/dags/execute_multiple_tasks.py
[2024-05-30T16:43:59.412-0500] {logging_mixin.py:188} INFO - [2024-05-30T16:43:59.408-0500] {dagbag.py:355} ERROR - Failed to import: /home/diallo/airflow/dags/execute_multiple_tasks.py
Traceback (most recent call last):
  File "/home/diallo/Documents/workspace/Python/AirFlowProjects/AirFlow01/venv/lib/python3.10/site-packages/airflow/models/dagbag.py", line 351, in parse
    loader.exec_module(new_module)
  File "<frozen importlib._bootstrap_external>", line 879, in exec_module
  File "<frozen importlib._bootstrap_external>", line 1017, in get_code
  File "<frozen importlib._bootstrap_external>", line 947, in source_to_code
  File "<frozen importlib._bootstrap>", line 241, in _call_with_frames_removed
  File "/home/diallo/airflow/dags/execute_multiple_tasks.py", line 21
    taskA = BashOperator(
    ^^^^^
IndentationError: expected an indented block after 'with' statement on line 12
[2024-05-30T16:43:59.414-0500] {processor.py:842} WARNING - No viable dags retrieved from /home/diallo/airflow/dags/execute_multiple_tasks.py
[2024-05-30T16:43:59.502-0500] {processor.py:183} INFO - Processing /home/diallo/airflow/dags/execute_multiple_tasks.py took 0.142 seconds
[2024-05-30T16:44:02.761-0500] {processor.py:161} INFO - Started process (PID=52144) to work on /home/diallo/airflow/dags/execute_multiple_tasks.py
[2024-05-30T16:44:02.763-0500] {processor.py:830} INFO - Processing file /home/diallo/airflow/dags/execute_multiple_tasks.py for tasks to queue
[2024-05-30T16:44:02.765-0500] {logging_mixin.py:188} INFO - [2024-05-30T16:44:02.764-0500] {dagbag.py:545} INFO - Filling up the DagBag from /home/diallo/airflow/dags/execute_multiple_tasks.py
[2024-05-30T16:44:02.771-0500] {logging_mixin.py:188} INFO - [2024-05-30T16:44:02.770-0500] {dagbag.py:355} ERROR - Failed to import: /home/diallo/airflow/dags/execute_multiple_tasks.py
Traceback (most recent call last):
  File "/home/diallo/Documents/workspace/Python/AirFlowProjects/AirFlow01/venv/lib/python3.10/site-packages/airflow/models/dagbag.py", line 351, in parse
    loader.exec_module(new_module)
  File "<frozen importlib._bootstrap_external>", line 879, in exec_module
  File "<frozen importlib._bootstrap_external>", line 1017, in get_code
  File "<frozen importlib._bootstrap_external>", line 947, in source_to_code
  File "<frozen importlib._bootstrap>", line 241, in _call_with_frames_removed
  File "/home/diallo/airflow/dags/execute_multiple_tasks.py", line 21
    taskA = BashOperator(
    ^^^^^
IndentationError: expected an indented block after 'with' statement on line 12
[2024-05-30T16:44:02.772-0500] {processor.py:842} WARNING - No viable dags retrieved from /home/diallo/airflow/dags/execute_multiple_tasks.py
[2024-05-30T16:44:02.830-0500] {processor.py:183} INFO - Processing /home/diallo/airflow/dags/execute_multiple_tasks.py took 0.086 seconds
[2024-05-30T16:44:04.908-0500] {processor.py:161} INFO - Started process (PID=52162) to work on /home/diallo/airflow/dags/execute_multiple_tasks.py
[2024-05-30T16:44:04.910-0500] {processor.py:830} INFO - Processing file /home/diallo/airflow/dags/execute_multiple_tasks.py for tasks to queue
[2024-05-30T16:44:04.911-0500] {logging_mixin.py:188} INFO - [2024-05-30T16:44:04.911-0500] {dagbag.py:545} INFO - Filling up the DagBag from /home/diallo/airflow/dags/execute_multiple_tasks.py
[2024-05-30T16:44:04.916-0500] {logging_mixin.py:188} INFO - [2024-05-30T16:44:04.915-0500] {dagbag.py:355} ERROR - Failed to import: /home/diallo/airflow/dags/execute_multiple_tasks.py
Traceback (most recent call last):
  File "/home/diallo/Documents/workspace/Python/AirFlowProjects/AirFlow01/venv/lib/python3.10/site-packages/airflow/models/dagbag.py", line 351, in parse
    loader.exec_module(new_module)
  File "<frozen importlib._bootstrap_external>", line 879, in exec_module
  File "<frozen importlib._bootstrap_external>", line 1017, in get_code
  File "<frozen importlib._bootstrap_external>", line 947, in source_to_code
  File "<frozen importlib._bootstrap>", line 241, in _call_with_frames_removed
  File "/home/diallo/airflow/dags/execute_multiple_tasks.py", line 21
    taskA = BashOperator(
    ^^^^^
IndentationError: expected an indented block after 'with' statement on line 12
[2024-05-30T16:44:04.917-0500] {processor.py:842} WARNING - No viable dags retrieved from /home/diallo/airflow/dags/execute_multiple_tasks.py
[2024-05-30T16:44:04.981-0500] {processor.py:183} INFO - Processing /home/diallo/airflow/dags/execute_multiple_tasks.py took 0.096 seconds
[2024-05-30T16:44:07.302-0500] {processor.py:161} INFO - Started process (PID=52180) to work on /home/diallo/airflow/dags/execute_multiple_tasks.py
[2024-05-30T16:44:07.304-0500] {processor.py:830} INFO - Processing file /home/diallo/airflow/dags/execute_multiple_tasks.py for tasks to queue
[2024-05-30T16:44:07.306-0500] {logging_mixin.py:188} INFO - [2024-05-30T16:44:07.305-0500] {dagbag.py:545} INFO - Filling up the DagBag from /home/diallo/airflow/dags/execute_multiple_tasks.py
[2024-05-30T16:44:07.311-0500] {logging_mixin.py:188} INFO - [2024-05-30T16:44:07.310-0500] {dagbag.py:355} ERROR - Failed to import: /home/diallo/airflow/dags/execute_multiple_tasks.py
Traceback (most recent call last):
  File "/home/diallo/Documents/workspace/Python/AirFlowProjects/AirFlow01/venv/lib/python3.10/site-packages/airflow/models/dagbag.py", line 351, in parse
    loader.exec_module(new_module)
  File "<frozen importlib._bootstrap_external>", line 879, in exec_module
  File "<frozen importlib._bootstrap_external>", line 1017, in get_code
  File "<frozen importlib._bootstrap_external>", line 947, in source_to_code
  File "<frozen importlib._bootstrap>", line 241, in _call_with_frames_removed
  File "/home/diallo/airflow/dags/execute_multiple_tasks.py", line 21
    taskA = BashOperator(
    ^^^^^
IndentationError: expected an indented block after 'with' statement on line 12
[2024-05-30T16:44:07.311-0500] {processor.py:842} WARNING - No viable dags retrieved from /home/diallo/airflow/dags/execute_multiple_tasks.py
[2024-05-30T16:44:07.372-0500] {processor.py:183} INFO - Processing /home/diallo/airflow/dags/execute_multiple_tasks.py took 0.097 seconds
[2024-05-30T16:44:09.737-0500] {processor.py:161} INFO - Started process (PID=52198) to work on /home/diallo/airflow/dags/execute_multiple_tasks.py
[2024-05-30T16:44:09.739-0500] {processor.py:830} INFO - Processing file /home/diallo/airflow/dags/execute_multiple_tasks.py for tasks to queue
[2024-05-30T16:44:09.741-0500] {logging_mixin.py:188} INFO - [2024-05-30T16:44:09.740-0500] {dagbag.py:545} INFO - Filling up the DagBag from /home/diallo/airflow/dags/execute_multiple_tasks.py
[2024-05-30T16:44:09.747-0500] {logging_mixin.py:188} INFO - [2024-05-30T16:44:09.745-0500] {dagbag.py:355} ERROR - Failed to import: /home/diallo/airflow/dags/execute_multiple_tasks.py
Traceback (most recent call last):
  File "/home/diallo/Documents/workspace/Python/AirFlowProjects/AirFlow01/venv/lib/python3.10/site-packages/airflow/models/dagbag.py", line 351, in parse
    loader.exec_module(new_module)
  File "<frozen importlib._bootstrap_external>", line 879, in exec_module
  File "<frozen importlib._bootstrap_external>", line 1017, in get_code
  File "<frozen importlib._bootstrap_external>", line 947, in source_to_code
  File "<frozen importlib._bootstrap>", line 241, in _call_with_frames_removed
  File "/home/diallo/airflow/dags/execute_multiple_tasks.py", line 21
    taskA = BashOperator(
    ^^^^^
IndentationError: expected an indented block after 'with' statement on line 12
[2024-05-30T16:44:09.747-0500] {processor.py:842} WARNING - No viable dags retrieved from /home/diallo/airflow/dags/execute_multiple_tasks.py
[2024-05-30T16:44:09.810-0500] {processor.py:183} INFO - Processing /home/diallo/airflow/dags/execute_multiple_tasks.py took 0.094 seconds
[2024-05-30T16:44:23.400-0500] {processor.py:161} INFO - Started process (PID=52298) to work on /home/diallo/airflow/dags/execute_multiple_tasks.py
[2024-05-30T16:44:23.402-0500] {processor.py:830} INFO - Processing file /home/diallo/airflow/dags/execute_multiple_tasks.py for tasks to queue
[2024-05-30T16:44:23.403-0500] {logging_mixin.py:188} INFO - [2024-05-30T16:44:23.402-0500] {dagbag.py:545} INFO - Filling up the DagBag from /home/diallo/airflow/dags/execute_multiple_tasks.py
[2024-05-30T16:44:23.415-0500] {processor.py:840} INFO - DAG(s) 'executing_multiple_tasks' retrieved from /home/diallo/airflow/dags/execute_multiple_tasks.py
[2024-05-30T16:44:23.686-0500] {logging_mixin.py:188} INFO - [2024-05-30T16:44:23.685-0500] {override.py:1829} INFO - Created Permission View: can delete on DAG:executing_multiple_tasks
[2024-05-30T16:44:23.763-0500] {logging_mixin.py:188} INFO - [2024-05-30T16:44:23.762-0500] {override.py:1829} INFO - Created Permission View: can edit on DAG:executing_multiple_tasks
[2024-05-30T16:44:23.819-0500] {logging_mixin.py:188} INFO - [2024-05-30T16:44:23.818-0500] {override.py:1829} INFO - Created Permission View: can read on DAG:executing_multiple_tasks
[2024-05-30T16:44:23.820-0500] {logging_mixin.py:188} INFO - [2024-05-30T16:44:23.820-0500] {dag.py:3096} INFO - Sync 1 DAGs
[2024-05-30T16:44:23.847-0500] {logging_mixin.py:188} INFO - [2024-05-30T16:44:23.846-0500] {dag.py:3118} INFO - Creating ORM DAG for executing_multiple_tasks
[2024-05-30T16:44:23.861-0500] {logging_mixin.py:188} INFO - [2024-05-30T16:44:23.861-0500] {dag.py:3954} INFO - Setting next_dagrun for executing_multiple_tasks to 2024-05-29 00:00:00+00:00, run_after=2024-05-29 00:00:00+00:00
[2024-05-30T16:44:23.986-0500] {processor.py:183} INFO - Processing /home/diallo/airflow/dags/execute_multiple_tasks.py took 0.593 seconds
[2024-05-30T16:44:29.377-0500] {processor.py:161} INFO - Started process (PID=52338) to work on /home/diallo/airflow/dags/execute_multiple_tasks.py
[2024-05-30T16:44:29.379-0500] {processor.py:830} INFO - Processing file /home/diallo/airflow/dags/execute_multiple_tasks.py for tasks to queue
[2024-05-30T16:44:29.380-0500] {logging_mixin.py:188} INFO - [2024-05-30T16:44:29.380-0500] {dagbag.py:545} INFO - Filling up the DagBag from /home/diallo/airflow/dags/execute_multiple_tasks.py
[2024-05-30T16:44:29.394-0500] {processor.py:840} INFO - DAG(s) 'executing_multiple_tasks' retrieved from /home/diallo/airflow/dags/execute_multiple_tasks.py
[2024-05-30T16:44:29.403-0500] {logging_mixin.py:188} INFO - [2024-05-30T16:44:29.403-0500] {dag.py:3096} INFO - Sync 1 DAGs
[2024-05-30T16:44:29.423-0500] {logging_mixin.py:188} INFO - [2024-05-30T16:44:29.422-0500] {dag.py:3954} INFO - Setting next_dagrun for executing_multiple_tasks to 2024-05-29 00:00:00+00:00, run_after=2024-05-29 00:00:00+00:00
[2024-05-30T16:44:29.515-0500] {processor.py:183} INFO - Processing /home/diallo/airflow/dags/execute_multiple_tasks.py took 0.159 seconds
[2024-05-30T16:44:30.705-0500] {processor.py:161} INFO - Started process (PID=52354) to work on /home/diallo/airflow/dags/execute_multiple_tasks.py
[2024-05-30T16:44:30.707-0500] {processor.py:830} INFO - Processing file /home/diallo/airflow/dags/execute_multiple_tasks.py for tasks to queue
[2024-05-30T16:44:30.709-0500] {logging_mixin.py:188} INFO - [2024-05-30T16:44:30.708-0500] {dagbag.py:545} INFO - Filling up the DagBag from /home/diallo/airflow/dags/execute_multiple_tasks.py
[2024-05-30T16:44:30.720-0500] {processor.py:840} INFO - DAG(s) 'executing_multiple_tasks' retrieved from /home/diallo/airflow/dags/execute_multiple_tasks.py
[2024-05-30T16:44:30.729-0500] {logging_mixin.py:188} INFO - [2024-05-30T16:44:30.729-0500] {dag.py:3096} INFO - Sync 1 DAGs
[2024-05-30T16:44:30.750-0500] {logging_mixin.py:188} INFO - [2024-05-30T16:44:30.750-0500] {dag.py:3954} INFO - Setting next_dagrun for executing_multiple_tasks to 2024-05-29 00:00:00+00:00, run_after=2024-05-29 00:00:00+00:00
[2024-05-30T16:44:30.850-0500] {processor.py:183} INFO - Processing /home/diallo/airflow/dags/execute_multiple_tasks.py took 0.158 seconds
[2024-05-30T16:45:01.742-0500] {processor.py:161} INFO - Started process (PID=52575) to work on /home/diallo/airflow/dags/execute_multiple_tasks.py
[2024-05-30T16:45:01.746-0500] {processor.py:830} INFO - Processing file /home/diallo/airflow/dags/execute_multiple_tasks.py for tasks to queue
[2024-05-30T16:45:01.750-0500] {logging_mixin.py:188} INFO - [2024-05-30T16:45:01.748-0500] {dagbag.py:545} INFO - Filling up the DagBag from /home/diallo/airflow/dags/execute_multiple_tasks.py
[2024-05-30T16:45:01.768-0500] {processor.py:840} INFO - DAG(s) 'executing_multiple_tasks' retrieved from /home/diallo/airflow/dags/execute_multiple_tasks.py
[2024-05-30T16:45:01.792-0500] {logging_mixin.py:188} INFO - [2024-05-30T16:45:01.792-0500] {dag.py:3096} INFO - Sync 1 DAGs
[2024-05-30T16:45:01.811-0500] {logging_mixin.py:188} INFO - [2024-05-30T16:45:01.811-0500] {dag.py:3954} INFO - Setting next_dagrun for executing_multiple_tasks to 2024-05-29 00:00:00+00:00, run_after=2024-05-29 00:00:00+00:00
[2024-05-30T16:45:01.921-0500] {processor.py:183} INFO - Processing /home/diallo/airflow/dags/execute_multiple_tasks.py took 0.203 seconds
[2024-05-30T16:45:32.188-0500] {processor.py:161} INFO - Started process (PID=52781) to work on /home/diallo/airflow/dags/execute_multiple_tasks.py
[2024-05-30T16:45:32.190-0500] {processor.py:830} INFO - Processing file /home/diallo/airflow/dags/execute_multiple_tasks.py for tasks to queue
[2024-05-30T16:45:32.192-0500] {logging_mixin.py:188} INFO - [2024-05-30T16:45:32.192-0500] {dagbag.py:545} INFO - Filling up the DagBag from /home/diallo/airflow/dags/execute_multiple_tasks.py
[2024-05-30T16:45:32.208-0500] {processor.py:840} INFO - DAG(s) 'executing_multiple_tasks' retrieved from /home/diallo/airflow/dags/execute_multiple_tasks.py
[2024-05-30T16:45:32.232-0500] {logging_mixin.py:188} INFO - [2024-05-30T16:45:32.232-0500] {dag.py:3096} INFO - Sync 1 DAGs
[2024-05-30T16:45:32.250-0500] {logging_mixin.py:188} INFO - [2024-05-30T16:45:32.250-0500] {dag.py:3954} INFO - Setting next_dagrun for executing_multiple_tasks to 2024-05-29 00:00:00+00:00, run_after=2024-05-29 00:00:00+00:00
[2024-05-30T16:45:32.313-0500] {processor.py:183} INFO - Processing /home/diallo/airflow/dags/execute_multiple_tasks.py took 0.148 seconds
[2024-05-30T16:46:02.526-0500] {processor.py:161} INFO - Started process (PID=52992) to work on /home/diallo/airflow/dags/execute_multiple_tasks.py
[2024-05-30T16:46:02.556-0500] {processor.py:830} INFO - Processing file /home/diallo/airflow/dags/execute_multiple_tasks.py for tasks to queue
[2024-05-30T16:46:02.557-0500] {logging_mixin.py:188} INFO - [2024-05-30T16:46:02.557-0500] {dagbag.py:545} INFO - Filling up the DagBag from /home/diallo/airflow/dags/execute_multiple_tasks.py
[2024-05-30T16:46:02.567-0500] {processor.py:840} INFO - DAG(s) 'executing_multiple_tasks' retrieved from /home/diallo/airflow/dags/execute_multiple_tasks.py
[2024-05-30T16:46:02.591-0500] {logging_mixin.py:188} INFO - [2024-05-30T16:46:02.591-0500] {dag.py:3096} INFO - Sync 1 DAGs
[2024-05-30T16:46:02.611-0500] {logging_mixin.py:188} INFO - [2024-05-30T16:46:02.611-0500] {dag.py:3954} INFO - Setting next_dagrun for executing_multiple_tasks to 2024-05-29 00:00:00+00:00, run_after=2024-05-29 00:00:00+00:00
[2024-05-30T16:46:02.700-0500] {processor.py:183} INFO - Processing /home/diallo/airflow/dags/execute_multiple_tasks.py took 0.191 seconds
[2024-05-30T16:46:32.954-0500] {processor.py:161} INFO - Started process (PID=53209) to work on /home/diallo/airflow/dags/execute_multiple_tasks.py
[2024-05-30T16:46:32.957-0500] {processor.py:830} INFO - Processing file /home/diallo/airflow/dags/execute_multiple_tasks.py for tasks to queue
[2024-05-30T16:46:32.959-0500] {logging_mixin.py:188} INFO - [2024-05-30T16:46:32.958-0500] {dagbag.py:545} INFO - Filling up the DagBag from /home/diallo/airflow/dags/execute_multiple_tasks.py
[2024-05-30T16:46:32.974-0500] {processor.py:840} INFO - DAG(s) 'executing_multiple_tasks' retrieved from /home/diallo/airflow/dags/execute_multiple_tasks.py
[2024-05-30T16:46:32.998-0500] {logging_mixin.py:188} INFO - [2024-05-30T16:46:32.998-0500] {dag.py:3096} INFO - Sync 1 DAGs
[2024-05-30T16:46:33.016-0500] {logging_mixin.py:188} INFO - [2024-05-30T16:46:33.016-0500] {dag.py:3954} INFO - Setting next_dagrun for executing_multiple_tasks to 2024-05-29 00:00:00+00:00, run_after=2024-05-29 00:00:00+00:00
[2024-05-30T16:46:33.123-0500] {processor.py:183} INFO - Processing /home/diallo/airflow/dags/execute_multiple_tasks.py took 0.194 seconds
[2024-05-30T16:47:03.457-0500] {processor.py:161} INFO - Started process (PID=53417) to work on /home/diallo/airflow/dags/execute_multiple_tasks.py
[2024-05-30T16:47:03.458-0500] {processor.py:830} INFO - Processing file /home/diallo/airflow/dags/execute_multiple_tasks.py for tasks to queue
[2024-05-30T16:47:03.459-0500] {logging_mixin.py:188} INFO - [2024-05-30T16:47:03.459-0500] {dagbag.py:545} INFO - Filling up the DagBag from /home/diallo/airflow/dags/execute_multiple_tasks.py
[2024-05-30T16:47:03.471-0500] {processor.py:840} INFO - DAG(s) 'executing_multiple_tasks' retrieved from /home/diallo/airflow/dags/execute_multiple_tasks.py
[2024-05-30T16:47:03.493-0500] {logging_mixin.py:188} INFO - [2024-05-30T16:47:03.493-0500] {dag.py:3096} INFO - Sync 1 DAGs
[2024-05-30T16:47:03.511-0500] {logging_mixin.py:188} INFO - [2024-05-30T16:47:03.511-0500] {dag.py:3954} INFO - Setting next_dagrun for executing_multiple_tasks to 2024-05-29 00:00:00+00:00, run_after=2024-05-29 00:00:00+00:00
[2024-05-30T16:47:03.588-0500] {processor.py:183} INFO - Processing /home/diallo/airflow/dags/execute_multiple_tasks.py took 0.143 seconds
[2024-05-30T16:47:33.802-0500] {processor.py:161} INFO - Started process (PID=53643) to work on /home/diallo/airflow/dags/execute_multiple_tasks.py
[2024-05-30T16:47:33.839-0500] {processor.py:830} INFO - Processing file /home/diallo/airflow/dags/execute_multiple_tasks.py for tasks to queue
[2024-05-30T16:47:33.843-0500] {logging_mixin.py:188} INFO - [2024-05-30T16:47:33.841-0500] {dagbag.py:545} INFO - Filling up the DagBag from /home/diallo/airflow/dags/execute_multiple_tasks.py
[2024-05-30T16:47:33.873-0500] {processor.py:840} INFO - DAG(s) 'executing_multiple_tasks' retrieved from /home/diallo/airflow/dags/execute_multiple_tasks.py
[2024-05-30T16:47:33.898-0500] {logging_mixin.py:188} INFO - [2024-05-30T16:47:33.898-0500] {dag.py:3096} INFO - Sync 1 DAGs
[2024-05-30T16:47:33.917-0500] {logging_mixin.py:188} INFO - [2024-05-30T16:47:33.916-0500] {dag.py:3954} INFO - Setting next_dagrun for executing_multiple_tasks to 2024-05-29 00:00:00+00:00, run_after=2024-05-29 00:00:00+00:00
[2024-05-30T16:47:33.982-0500] {processor.py:183} INFO - Processing /home/diallo/airflow/dags/execute_multiple_tasks.py took 0.193 seconds
[2024-05-30T16:48:04.241-0500] {processor.py:161} INFO - Started process (PID=53848) to work on /home/diallo/airflow/dags/execute_multiple_tasks.py
[2024-05-30T16:48:04.241-0500] {processor.py:830} INFO - Processing file /home/diallo/airflow/dags/execute_multiple_tasks.py for tasks to queue
[2024-05-30T16:48:04.242-0500] {logging_mixin.py:188} INFO - [2024-05-30T16:48:04.242-0500] {dagbag.py:545} INFO - Filling up the DagBag from /home/diallo/airflow/dags/execute_multiple_tasks.py
[2024-05-30T16:48:04.252-0500] {processor.py:840} INFO - DAG(s) 'executing_multiple_tasks' retrieved from /home/diallo/airflow/dags/execute_multiple_tasks.py
[2024-05-30T16:48:04.273-0500] {logging_mixin.py:188} INFO - [2024-05-30T16:48:04.272-0500] {dag.py:3096} INFO - Sync 1 DAGs
[2024-05-30T16:48:04.292-0500] {logging_mixin.py:188} INFO - [2024-05-30T16:48:04.291-0500] {dag.py:3954} INFO - Setting next_dagrun for executing_multiple_tasks to 2024-05-29 00:00:00+00:00, run_after=2024-05-29 00:00:00+00:00
[2024-05-30T16:48:04.383-0500] {processor.py:183} INFO - Processing /home/diallo/airflow/dags/execute_multiple_tasks.py took 0.149 seconds
[2024-05-30T16:48:34.565-0500] {processor.py:161} INFO - Started process (PID=54175) to work on /home/diallo/airflow/dags/execute_multiple_tasks.py
[2024-05-30T16:48:34.603-0500] {processor.py:830} INFO - Processing file /home/diallo/airflow/dags/execute_multiple_tasks.py for tasks to queue
[2024-05-30T16:48:34.604-0500] {logging_mixin.py:188} INFO - [2024-05-30T16:48:34.604-0500] {dagbag.py:545} INFO - Filling up the DagBag from /home/diallo/airflow/dags/execute_multiple_tasks.py
[2024-05-30T16:48:34.615-0500] {processor.py:840} INFO - DAG(s) 'executing_multiple_tasks' retrieved from /home/diallo/airflow/dags/execute_multiple_tasks.py
[2024-05-30T16:48:34.640-0500] {logging_mixin.py:188} INFO - [2024-05-30T16:48:34.640-0500] {dag.py:3096} INFO - Sync 1 DAGs
[2024-05-30T16:48:34.669-0500] {logging_mixin.py:188} INFO - [2024-05-30T16:48:34.669-0500] {dag.py:3954} INFO - Setting next_dagrun for executing_multiple_tasks to 2024-05-29 00:00:00+00:00, run_after=2024-05-29 00:00:00+00:00
[2024-05-30T16:48:34.731-0500] {processor.py:183} INFO - Processing /home/diallo/airflow/dags/execute_multiple_tasks.py took 0.173 seconds
[2024-05-30T16:49:04.871-0500] {processor.py:161} INFO - Started process (PID=54407) to work on /home/diallo/airflow/dags/execute_multiple_tasks.py
[2024-05-30T16:49:04.908-0500] {processor.py:830} INFO - Processing file /home/diallo/airflow/dags/execute_multiple_tasks.py for tasks to queue
[2024-05-30T16:49:04.910-0500] {logging_mixin.py:188} INFO - [2024-05-30T16:49:04.910-0500] {dagbag.py:545} INFO - Filling up the DagBag from /home/diallo/airflow/dags/execute_multiple_tasks.py
[2024-05-30T16:49:04.934-0500] {processor.py:840} INFO - DAG(s) 'executing_multiple_tasks' retrieved from /home/diallo/airflow/dags/execute_multiple_tasks.py
[2024-05-30T16:49:04.961-0500] {logging_mixin.py:188} INFO - [2024-05-30T16:49:04.961-0500] {dag.py:3096} INFO - Sync 1 DAGs
[2024-05-30T16:49:04.977-0500] {logging_mixin.py:188} INFO - [2024-05-30T16:49:04.977-0500] {dag.py:3954} INFO - Setting next_dagrun for executing_multiple_tasks to 2024-05-29 00:00:00+00:00, run_after=2024-05-29 00:00:00+00:00
[2024-05-30T16:49:05.043-0500] {processor.py:183} INFO - Processing /home/diallo/airflow/dags/execute_multiple_tasks.py took 0.180 seconds
[2024-05-30T16:51:39.887-0500] {processor.py:161} INFO - Started process (PID=54690) to work on /home/diallo/airflow/dags/execute_multiple_tasks.py
[2024-05-30T16:51:41.206-0500] {processor.py:830} INFO - Processing file /home/diallo/airflow/dags/execute_multiple_tasks.py for tasks to queue
[2024-05-30T16:51:41.208-0500] {logging_mixin.py:188} INFO - [2024-05-30T16:51:41.207-0500] {dagbag.py:545} INFO - Filling up the DagBag from /home/diallo/airflow/dags/execute_multiple_tasks.py
[2024-05-30T16:51:41.221-0500] {processor.py:840} INFO - DAG(s) 'executing_multiple_tasks' retrieved from /home/diallo/airflow/dags/execute_multiple_tasks.py
[2024-05-30T16:51:41.245-0500] {logging_mixin.py:188} INFO - [2024-05-30T16:51:41.245-0500] {dag.py:3096} INFO - Sync 1 DAGs
[2024-05-30T16:51:41.263-0500] {logging_mixin.py:188} INFO - [2024-05-30T16:51:41.263-0500] {dag.py:3954} INFO - Setting next_dagrun for executing_multiple_tasks to 2024-05-29 00:00:00+00:00, run_after=2024-05-29 00:00:00+00:00
[2024-05-30T16:51:41.864-0500] {processor.py:183} INFO - Processing /home/diallo/airflow/dags/execute_multiple_tasks.py took 1.988 seconds
[2024-05-30T16:52:12.172-0500] {processor.py:161} INFO - Started process (PID=55115) to work on /home/diallo/airflow/dags/execute_multiple_tasks.py
[2024-05-30T16:52:12.176-0500] {processor.py:830} INFO - Processing file /home/diallo/airflow/dags/execute_multiple_tasks.py for tasks to queue
[2024-05-30T16:52:12.180-0500] {logging_mixin.py:188} INFO - [2024-05-30T16:52:12.179-0500] {dagbag.py:545} INFO - Filling up the DagBag from /home/diallo/airflow/dags/execute_multiple_tasks.py
[2024-05-30T16:52:12.199-0500] {processor.py:840} INFO - DAG(s) 'executing_multiple_tasks' retrieved from /home/diallo/airflow/dags/execute_multiple_tasks.py
[2024-05-30T16:52:12.224-0500] {logging_mixin.py:188} INFO - [2024-05-30T16:52:12.224-0500] {dag.py:3096} INFO - Sync 1 DAGs
[2024-05-30T16:52:12.245-0500] {logging_mixin.py:188} INFO - [2024-05-30T16:52:12.245-0500] {dag.py:3954} INFO - Setting next_dagrun for executing_multiple_tasks to 2024-05-29 00:00:00+00:00, run_after=2024-05-29 00:00:00+00:00
[2024-05-30T16:52:12.328-0500] {processor.py:183} INFO - Processing /home/diallo/airflow/dags/execute_multiple_tasks.py took 0.184 seconds
[2024-05-30T16:52:42.489-0500] {processor.py:161} INFO - Started process (PID=55499) to work on /home/diallo/airflow/dags/execute_multiple_tasks.py
[2024-05-30T16:52:42.491-0500] {processor.py:830} INFO - Processing file /home/diallo/airflow/dags/execute_multiple_tasks.py for tasks to queue
[2024-05-30T16:52:42.494-0500] {logging_mixin.py:188} INFO - [2024-05-30T16:52:42.493-0500] {dagbag.py:545} INFO - Filling up the DagBag from /home/diallo/airflow/dags/execute_multiple_tasks.py
[2024-05-30T16:52:42.512-0500] {processor.py:840} INFO - DAG(s) 'executing_multiple_tasks' retrieved from /home/diallo/airflow/dags/execute_multiple_tasks.py
[2024-05-30T16:52:42.541-0500] {logging_mixin.py:188} INFO - [2024-05-30T16:52:42.541-0500] {dag.py:3096} INFO - Sync 1 DAGs
[2024-05-30T16:52:42.560-0500] {logging_mixin.py:188} INFO - [2024-05-30T16:52:42.559-0500] {dag.py:3954} INFO - Setting next_dagrun for executing_multiple_tasks to 2024-05-29 00:00:00+00:00, run_after=2024-05-29 00:00:00+00:00
[2024-05-30T16:52:42.722-0500] {processor.py:183} INFO - Processing /home/diallo/airflow/dags/execute_multiple_tasks.py took 0.257 seconds
[2024-05-30T16:53:12.893-0500] {processor.py:161} INFO - Started process (PID=55935) to work on /home/diallo/airflow/dags/execute_multiple_tasks.py
[2024-05-30T16:53:12.906-0500] {processor.py:830} INFO - Processing file /home/diallo/airflow/dags/execute_multiple_tasks.py for tasks to queue
[2024-05-30T16:53:12.907-0500] {logging_mixin.py:188} INFO - [2024-05-30T16:53:12.907-0500] {dagbag.py:545} INFO - Filling up the DagBag from /home/diallo/airflow/dags/execute_multiple_tasks.py
[2024-05-30T16:53:12.916-0500] {processor.py:840} INFO - DAG(s) 'executing_multiple_tasks' retrieved from /home/diallo/airflow/dags/execute_multiple_tasks.py
[2024-05-30T16:53:12.937-0500] {logging_mixin.py:188} INFO - [2024-05-30T16:53:12.937-0500] {dag.py:3096} INFO - Sync 1 DAGs
[2024-05-30T16:53:12.959-0500] {logging_mixin.py:188} INFO - [2024-05-30T16:53:12.959-0500] {dag.py:3954} INFO - Setting next_dagrun for executing_multiple_tasks to 2024-05-29 00:00:00+00:00, run_after=2024-05-29 00:00:00+00:00
[2024-05-30T16:53:13.133-0500] {processor.py:183} INFO - Processing /home/diallo/airflow/dags/execute_multiple_tasks.py took 0.247 seconds
[2024-05-30T16:53:43.323-0500] {processor.py:161} INFO - Started process (PID=56399) to work on /home/diallo/airflow/dags/execute_multiple_tasks.py
[2024-05-30T16:53:43.324-0500] {processor.py:830} INFO - Processing file /home/diallo/airflow/dags/execute_multiple_tasks.py for tasks to queue
[2024-05-30T16:53:43.325-0500] {logging_mixin.py:188} INFO - [2024-05-30T16:53:43.325-0500] {dagbag.py:545} INFO - Filling up the DagBag from /home/diallo/airflow/dags/execute_multiple_tasks.py
[2024-05-30T16:53:43.334-0500] {processor.py:840} INFO - DAG(s) 'executing_multiple_tasks' retrieved from /home/diallo/airflow/dags/execute_multiple_tasks.py
[2024-05-30T16:53:43.354-0500] {logging_mixin.py:188} INFO - [2024-05-30T16:53:43.354-0500] {dag.py:3096} INFO - Sync 1 DAGs
[2024-05-30T16:53:43.371-0500] {logging_mixin.py:188} INFO - [2024-05-30T16:53:43.371-0500] {dag.py:3954} INFO - Setting next_dagrun for executing_multiple_tasks to 2024-05-29 00:00:00+00:00, run_after=2024-05-29 00:00:00+00:00
[2024-05-30T16:53:43.450-0500] {processor.py:183} INFO - Processing /home/diallo/airflow/dags/execute_multiple_tasks.py took 0.133 seconds
[2024-05-30T16:54:13.678-0500] {processor.py:161} INFO - Started process (PID=56805) to work on /home/diallo/airflow/dags/execute_multiple_tasks.py
[2024-05-30T16:54:13.712-0500] {processor.py:830} INFO - Processing file /home/diallo/airflow/dags/execute_multiple_tasks.py for tasks to queue
[2024-05-30T16:54:13.713-0500] {logging_mixin.py:188} INFO - [2024-05-30T16:54:13.713-0500] {dagbag.py:545} INFO - Filling up the DagBag from /home/diallo/airflow/dags/execute_multiple_tasks.py
[2024-05-30T16:54:13.726-0500] {processor.py:840} INFO - DAG(s) 'executing_multiple_tasks' retrieved from /home/diallo/airflow/dags/execute_multiple_tasks.py
[2024-05-30T16:54:13.749-0500] {logging_mixin.py:188} INFO - [2024-05-30T16:54:13.749-0500] {dag.py:3096} INFO - Sync 1 DAGs
[2024-05-30T16:54:13.766-0500] {logging_mixin.py:188} INFO - [2024-05-30T16:54:13.766-0500] {dag.py:3954} INFO - Setting next_dagrun for executing_multiple_tasks to 2024-05-29 00:00:00+00:00, run_after=2024-05-29 00:00:00+00:00
[2024-05-30T16:54:13.823-0500] {processor.py:183} INFO - Processing /home/diallo/airflow/dags/execute_multiple_tasks.py took 0.163 seconds
[2024-05-30T16:54:43.994-0500] {processor.py:161} INFO - Started process (PID=57035) to work on /home/diallo/airflow/dags/execute_multiple_tasks.py
[2024-05-30T16:54:43.995-0500] {processor.py:830} INFO - Processing file /home/diallo/airflow/dags/execute_multiple_tasks.py for tasks to queue
[2024-05-30T16:54:43.996-0500] {logging_mixin.py:188} INFO - [2024-05-30T16:54:43.996-0500] {dagbag.py:545} INFO - Filling up the DagBag from /home/diallo/airflow/dags/execute_multiple_tasks.py
[2024-05-30T16:54:44.008-0500] {processor.py:840} INFO - DAG(s) 'executing_multiple_tasks' retrieved from /home/diallo/airflow/dags/execute_multiple_tasks.py
[2024-05-30T16:54:44.029-0500] {logging_mixin.py:188} INFO - [2024-05-30T16:54:44.029-0500] {dag.py:3096} INFO - Sync 1 DAGs
[2024-05-30T16:54:44.046-0500] {logging_mixin.py:188} INFO - [2024-05-30T16:54:44.046-0500] {dag.py:3954} INFO - Setting next_dagrun for executing_multiple_tasks to 2024-05-29 00:00:00+00:00, run_after=2024-05-29 00:00:00+00:00
[2024-05-30T16:54:44.125-0500] {processor.py:183} INFO - Processing /home/diallo/airflow/dags/execute_multiple_tasks.py took 0.148 seconds
[2024-05-30T16:55:14.298-0500] {processor.py:161} INFO - Started process (PID=57449) to work on /home/diallo/airflow/dags/execute_multiple_tasks.py
[2024-05-30T16:55:14.328-0500] {processor.py:830} INFO - Processing file /home/diallo/airflow/dags/execute_multiple_tasks.py for tasks to queue
[2024-05-30T16:55:14.330-0500] {logging_mixin.py:188} INFO - [2024-05-30T16:55:14.329-0500] {dagbag.py:545} INFO - Filling up the DagBag from /home/diallo/airflow/dags/execute_multiple_tasks.py
[2024-05-30T16:55:14.339-0500] {processor.py:840} INFO - DAG(s) 'executing_multiple_tasks' retrieved from /home/diallo/airflow/dags/execute_multiple_tasks.py
[2024-05-30T16:55:14.360-0500] {logging_mixin.py:188} INFO - [2024-05-30T16:55:14.360-0500] {dag.py:3096} INFO - Sync 1 DAGs
[2024-05-30T16:55:14.378-0500] {logging_mixin.py:188} INFO - [2024-05-30T16:55:14.377-0500] {dag.py:3954} INFO - Setting next_dagrun for executing_multiple_tasks to 2024-05-29 00:00:00+00:00, run_after=2024-05-29 00:00:00+00:00
[2024-05-30T16:55:14.442-0500] {processor.py:183} INFO - Processing /home/diallo/airflow/dags/execute_multiple_tasks.py took 0.153 seconds
[2024-05-30T16:55:44.689-0500] {processor.py:161} INFO - Started process (PID=57796) to work on /home/diallo/airflow/dags/execute_multiple_tasks.py
[2024-05-30T16:55:44.691-0500] {processor.py:830} INFO - Processing file /home/diallo/airflow/dags/execute_multiple_tasks.py for tasks to queue
[2024-05-30T16:55:44.693-0500] {logging_mixin.py:188} INFO - [2024-05-30T16:55:44.692-0500] {dagbag.py:545} INFO - Filling up the DagBag from /home/diallo/airflow/dags/execute_multiple_tasks.py
[2024-05-30T16:55:44.706-0500] {processor.py:840} INFO - DAG(s) 'executing_multiple_tasks' retrieved from /home/diallo/airflow/dags/execute_multiple_tasks.py
[2024-05-30T16:55:44.727-0500] {logging_mixin.py:188} INFO - [2024-05-30T16:55:44.726-0500] {dag.py:3096} INFO - Sync 1 DAGs
[2024-05-30T16:55:44.745-0500] {logging_mixin.py:188} INFO - [2024-05-30T16:55:44.745-0500] {dag.py:3954} INFO - Setting next_dagrun for executing_multiple_tasks to 2024-05-29 00:00:00+00:00, run_after=2024-05-29 00:00:00+00:00
[2024-05-30T16:55:44.847-0500] {processor.py:183} INFO - Processing /home/diallo/airflow/dags/execute_multiple_tasks.py took 0.174 seconds
[2024-05-30T16:56:14.984-0500] {processor.py:161} INFO - Started process (PID=58013) to work on /home/diallo/airflow/dags/execute_multiple_tasks.py
[2024-05-30T16:56:14.986-0500] {processor.py:830} INFO - Processing file /home/diallo/airflow/dags/execute_multiple_tasks.py for tasks to queue
[2024-05-30T16:56:14.987-0500] {logging_mixin.py:188} INFO - [2024-05-30T16:56:14.987-0500] {dagbag.py:545} INFO - Filling up the DagBag from /home/diallo/airflow/dags/execute_multiple_tasks.py
[2024-05-30T16:56:14.998-0500] {processor.py:840} INFO - DAG(s) 'executing_multiple_tasks' retrieved from /home/diallo/airflow/dags/execute_multiple_tasks.py
[2024-05-30T16:56:15.018-0500] {logging_mixin.py:188} INFO - [2024-05-30T16:56:15.018-0500] {dag.py:3096} INFO - Sync 1 DAGs
[2024-05-30T16:56:15.036-0500] {logging_mixin.py:188} INFO - [2024-05-30T16:56:15.036-0500] {dag.py:3954} INFO - Setting next_dagrun for executing_multiple_tasks to 2024-05-29 00:00:00+00:00, run_after=2024-05-29 00:00:00+00:00
[2024-05-30T16:56:15.118-0500] {processor.py:183} INFO - Processing /home/diallo/airflow/dags/execute_multiple_tasks.py took 0.142 seconds
[2024-05-30T16:56:45.344-0500] {processor.py:161} INFO - Started process (PID=58234) to work on /home/diallo/airflow/dags/execute_multiple_tasks.py
[2024-05-30T16:56:45.345-0500] {processor.py:830} INFO - Processing file /home/diallo/airflow/dags/execute_multiple_tasks.py for tasks to queue
[2024-05-30T16:56:45.347-0500] {logging_mixin.py:188} INFO - [2024-05-30T16:56:45.346-0500] {dagbag.py:545} INFO - Filling up the DagBag from /home/diallo/airflow/dags/execute_multiple_tasks.py
[2024-05-30T16:56:45.359-0500] {processor.py:840} INFO - DAG(s) 'executing_multiple_tasks' retrieved from /home/diallo/airflow/dags/execute_multiple_tasks.py
[2024-05-30T16:56:45.381-0500] {logging_mixin.py:188} INFO - [2024-05-30T16:56:45.381-0500] {dag.py:3096} INFO - Sync 1 DAGs
[2024-05-30T16:56:45.399-0500] {logging_mixin.py:188} INFO - [2024-05-30T16:56:45.399-0500] {dag.py:3954} INFO - Setting next_dagrun for executing_multiple_tasks to 2024-05-29 00:00:00+00:00, run_after=2024-05-29 00:00:00+00:00
[2024-05-30T16:56:45.476-0500] {processor.py:183} INFO - Processing /home/diallo/airflow/dags/execute_multiple_tasks.py took 0.151 seconds
[2024-05-30T16:57:15.661-0500] {processor.py:161} INFO - Started process (PID=58439) to work on /home/diallo/airflow/dags/execute_multiple_tasks.py
[2024-05-30T16:57:15.694-0500] {processor.py:830} INFO - Processing file /home/diallo/airflow/dags/execute_multiple_tasks.py for tasks to queue
[2024-05-30T16:57:15.696-0500] {logging_mixin.py:188} INFO - [2024-05-30T16:57:15.695-0500] {dagbag.py:545} INFO - Filling up the DagBag from /home/diallo/airflow/dags/execute_multiple_tasks.py
[2024-05-30T16:57:15.713-0500] {processor.py:840} INFO - DAG(s) 'executing_multiple_tasks' retrieved from /home/diallo/airflow/dags/execute_multiple_tasks.py
[2024-05-30T16:57:15.740-0500] {logging_mixin.py:188} INFO - [2024-05-30T16:57:15.740-0500] {dag.py:3096} INFO - Sync 1 DAGs
[2024-05-30T16:57:15.763-0500] {logging_mixin.py:188} INFO - [2024-05-30T16:57:15.763-0500] {dag.py:3954} INFO - Setting next_dagrun for executing_multiple_tasks to 2024-05-29 00:00:00+00:00, run_after=2024-05-29 00:00:00+00:00
[2024-05-30T16:57:15.832-0500] {processor.py:183} INFO - Processing /home/diallo/airflow/dags/execute_multiple_tasks.py took 0.182 seconds
[2024-05-30T16:57:45.987-0500] {processor.py:161} INFO - Started process (PID=58664) to work on /home/diallo/airflow/dags/execute_multiple_tasks.py
[2024-05-30T16:57:46.023-0500] {processor.py:830} INFO - Processing file /home/diallo/airflow/dags/execute_multiple_tasks.py for tasks to queue
[2024-05-30T16:57:46.027-0500] {logging_mixin.py:188} INFO - [2024-05-30T16:57:46.025-0500] {dagbag.py:545} INFO - Filling up the DagBag from /home/diallo/airflow/dags/execute_multiple_tasks.py
[2024-05-30T16:57:46.049-0500] {processor.py:840} INFO - DAG(s) 'executing_multiple_tasks' retrieved from /home/diallo/airflow/dags/execute_multiple_tasks.py
[2024-05-30T16:57:46.073-0500] {logging_mixin.py:188} INFO - [2024-05-30T16:57:46.073-0500] {dag.py:3096} INFO - Sync 1 DAGs
[2024-05-30T16:57:46.091-0500] {logging_mixin.py:188} INFO - [2024-05-30T16:57:46.091-0500] {dag.py:3954} INFO - Setting next_dagrun for executing_multiple_tasks to 2024-05-29 00:00:00+00:00, run_after=2024-05-29 00:00:00+00:00
[2024-05-30T16:57:46.177-0500] {processor.py:183} INFO - Processing /home/diallo/airflow/dags/execute_multiple_tasks.py took 0.205 seconds
[2024-05-30T16:58:16.428-0500] {processor.py:161} INFO - Started process (PID=58866) to work on /home/diallo/airflow/dags/execute_multiple_tasks.py
[2024-05-30T16:58:16.429-0500] {processor.py:830} INFO - Processing file /home/diallo/airflow/dags/execute_multiple_tasks.py for tasks to queue
[2024-05-30T16:58:16.430-0500] {logging_mixin.py:188} INFO - [2024-05-30T16:58:16.430-0500] {dagbag.py:545} INFO - Filling up the DagBag from /home/diallo/airflow/dags/execute_multiple_tasks.py
[2024-05-30T16:58:16.440-0500] {processor.py:840} INFO - DAG(s) 'executing_multiple_tasks' retrieved from /home/diallo/airflow/dags/execute_multiple_tasks.py
[2024-05-30T16:58:16.462-0500] {logging_mixin.py:188} INFO - [2024-05-30T16:58:16.462-0500] {dag.py:3096} INFO - Sync 1 DAGs
[2024-05-30T16:58:16.486-0500] {logging_mixin.py:188} INFO - [2024-05-30T16:58:16.486-0500] {dag.py:3954} INFO - Setting next_dagrun for executing_multiple_tasks to 2024-05-29 00:00:00+00:00, run_after=2024-05-29 00:00:00+00:00
[2024-05-30T16:58:16.541-0500] {processor.py:183} INFO - Processing /home/diallo/airflow/dags/execute_multiple_tasks.py took 0.123 seconds
[2024-05-30T16:58:46.790-0500] {processor.py:161} INFO - Started process (PID=59091) to work on /home/diallo/airflow/dags/execute_multiple_tasks.py
[2024-05-30T16:58:46.825-0500] {processor.py:830} INFO - Processing file /home/diallo/airflow/dags/execute_multiple_tasks.py for tasks to queue
[2024-05-30T16:58:46.828-0500] {logging_mixin.py:188} INFO - [2024-05-30T16:58:46.827-0500] {dagbag.py:545} INFO - Filling up the DagBag from /home/diallo/airflow/dags/execute_multiple_tasks.py
[2024-05-30T16:58:46.851-0500] {processor.py:840} INFO - DAG(s) 'executing_multiple_tasks' retrieved from /home/diallo/airflow/dags/execute_multiple_tasks.py
[2024-05-30T16:58:46.873-0500] {logging_mixin.py:188} INFO - [2024-05-30T16:58:46.873-0500] {dag.py:3096} INFO - Sync 1 DAGs
[2024-05-30T16:58:46.890-0500] {logging_mixin.py:188} INFO - [2024-05-30T16:58:46.890-0500] {dag.py:3954} INFO - Setting next_dagrun for executing_multiple_tasks to 2024-05-29 00:00:00+00:00, run_after=2024-05-29 00:00:00+00:00
[2024-05-30T16:58:46.971-0500] {processor.py:183} INFO - Processing /home/diallo/airflow/dags/execute_multiple_tasks.py took 0.200 seconds
[2024-05-30T16:59:17.216-0500] {processor.py:161} INFO - Started process (PID=59315) to work on /home/diallo/airflow/dags/execute_multiple_tasks.py
[2024-05-30T16:59:17.218-0500] {processor.py:830} INFO - Processing file /home/diallo/airflow/dags/execute_multiple_tasks.py for tasks to queue
[2024-05-30T16:59:17.220-0500] {logging_mixin.py:188} INFO - [2024-05-30T16:59:17.219-0500] {dagbag.py:545} INFO - Filling up the DagBag from /home/diallo/airflow/dags/execute_multiple_tasks.py
[2024-05-30T16:59:17.235-0500] {processor.py:840} INFO - DAG(s) 'executing_multiple_tasks' retrieved from /home/diallo/airflow/dags/execute_multiple_tasks.py
[2024-05-30T16:59:17.257-0500] {logging_mixin.py:188} INFO - [2024-05-30T16:59:17.257-0500] {dag.py:3096} INFO - Sync 1 DAGs
[2024-05-30T16:59:17.278-0500] {logging_mixin.py:188} INFO - [2024-05-30T16:59:17.277-0500] {dag.py:3954} INFO - Setting next_dagrun for executing_multiple_tasks to 2024-05-29 00:00:00+00:00, run_after=2024-05-29 00:00:00+00:00
[2024-05-30T16:59:17.367-0500] {processor.py:183} INFO - Processing /home/diallo/airflow/dags/execute_multiple_tasks.py took 0.166 seconds
[2024-05-30T16:59:47.501-0500] {processor.py:161} INFO - Started process (PID=59522) to work on /home/diallo/airflow/dags/execute_multiple_tasks.py
[2024-05-30T16:59:47.507-0500] {processor.py:830} INFO - Processing file /home/diallo/airflow/dags/execute_multiple_tasks.py for tasks to queue
[2024-05-30T16:59:47.508-0500] {logging_mixin.py:188} INFO - [2024-05-30T16:59:47.508-0500] {dagbag.py:545} INFO - Filling up the DagBag from /home/diallo/airflow/dags/execute_multiple_tasks.py
[2024-05-30T16:59:47.518-0500] {processor.py:840} INFO - DAG(s) 'executing_multiple_tasks' retrieved from /home/diallo/airflow/dags/execute_multiple_tasks.py
[2024-05-30T16:59:47.539-0500] {logging_mixin.py:188} INFO - [2024-05-30T16:59:47.539-0500] {dag.py:3096} INFO - Sync 1 DAGs
[2024-05-30T16:59:47.557-0500] {logging_mixin.py:188} INFO - [2024-05-30T16:59:47.557-0500] {dag.py:3954} INFO - Setting next_dagrun for executing_multiple_tasks to 2024-05-29 00:00:00+00:00, run_after=2024-05-29 00:00:00+00:00
[2024-05-30T16:59:47.656-0500] {processor.py:183} INFO - Processing /home/diallo/airflow/dags/execute_multiple_tasks.py took 0.166 seconds
[2024-05-30T17:00:17.826-0500] {processor.py:161} INFO - Started process (PID=59741) to work on /home/diallo/airflow/dags/execute_multiple_tasks.py
[2024-05-30T17:00:17.833-0500] {processor.py:830} INFO - Processing file /home/diallo/airflow/dags/execute_multiple_tasks.py for tasks to queue
[2024-05-30T17:00:17.835-0500] {logging_mixin.py:188} INFO - [2024-05-30T17:00:17.834-0500] {dagbag.py:545} INFO - Filling up the DagBag from /home/diallo/airflow/dags/execute_multiple_tasks.py
[2024-05-30T17:00:17.848-0500] {processor.py:840} INFO - DAG(s) 'executing_multiple_tasks' retrieved from /home/diallo/airflow/dags/execute_multiple_tasks.py
[2024-05-30T17:00:17.869-0500] {logging_mixin.py:188} INFO - [2024-05-30T17:00:17.869-0500] {dag.py:3096} INFO - Sync 1 DAGs
[2024-05-30T17:00:17.888-0500] {logging_mixin.py:188} INFO - [2024-05-30T17:00:17.887-0500] {dag.py:3954} INFO - Setting next_dagrun for executing_multiple_tasks to 2024-05-29 00:00:00+00:00, run_after=2024-05-29 00:00:00+00:00
[2024-05-30T17:00:17.974-0500] {processor.py:183} INFO - Processing /home/diallo/airflow/dags/execute_multiple_tasks.py took 0.156 seconds
[2024-05-30T17:00:48.200-0500] {processor.py:161} INFO - Started process (PID=59952) to work on /home/diallo/airflow/dags/execute_multiple_tasks.py
[2024-05-30T17:00:48.202-0500] {processor.py:830} INFO - Processing file /home/diallo/airflow/dags/execute_multiple_tasks.py for tasks to queue
[2024-05-30T17:00:48.203-0500] {logging_mixin.py:188} INFO - [2024-05-30T17:00:48.203-0500] {dagbag.py:545} INFO - Filling up the DagBag from /home/diallo/airflow/dags/execute_multiple_tasks.py
[2024-05-30T17:00:48.214-0500] {processor.py:840} INFO - DAG(s) 'executing_multiple_tasks' retrieved from /home/diallo/airflow/dags/execute_multiple_tasks.py
[2024-05-30T17:00:48.233-0500] {logging_mixin.py:188} INFO - [2024-05-30T17:00:48.233-0500] {dag.py:3096} INFO - Sync 1 DAGs
[2024-05-30T17:00:48.252-0500] {logging_mixin.py:188} INFO - [2024-05-30T17:00:48.252-0500] {dag.py:3954} INFO - Setting next_dagrun for executing_multiple_tasks to 2024-05-29 00:00:00+00:00, run_after=2024-05-29 00:00:00+00:00
[2024-05-30T17:00:48.359-0500] {processor.py:183} INFO - Processing /home/diallo/airflow/dags/execute_multiple_tasks.py took 0.176 seconds
[2024-05-30T17:02:08.340-0500] {processor.py:161} INFO - Started process (PID=60269) to work on /home/diallo/airflow/dags/execute_multiple_tasks.py
[2024-05-30T17:02:09.095-0500] {processor.py:830} INFO - Processing file /home/diallo/airflow/dags/execute_multiple_tasks.py for tasks to queue
[2024-05-30T17:02:09.098-0500] {logging_mixin.py:188} INFO - [2024-05-30T17:02:09.097-0500] {dagbag.py:545} INFO - Filling up the DagBag from /home/diallo/airflow/dags/execute_multiple_tasks.py
[2024-05-30T17:02:09.129-0500] {processor.py:840} INFO - DAG(s) 'executing_multiple_tasks' retrieved from /home/diallo/airflow/dags/execute_multiple_tasks.py
[2024-05-30T17:02:09.154-0500] {logging_mixin.py:188} INFO - [2024-05-30T17:02:09.154-0500] {dag.py:3096} INFO - Sync 1 DAGs
[2024-05-30T17:02:09.172-0500] {logging_mixin.py:188} INFO - [2024-05-30T17:02:09.171-0500] {dag.py:3954} INFO - Setting next_dagrun for executing_multiple_tasks to 2024-05-29 00:00:00+00:00, run_after=2024-05-29 00:00:00+00:00
[2024-05-30T17:02:09.750-0500] {processor.py:183} INFO - Processing /home/diallo/airflow/dags/execute_multiple_tasks.py took 1.427 seconds
[2024-05-30T17:02:39.920-0500] {processor.py:161} INFO - Started process (PID=60590) to work on /home/diallo/airflow/dags/execute_multiple_tasks.py
[2024-05-30T17:02:39.922-0500] {processor.py:830} INFO - Processing file /home/diallo/airflow/dags/execute_multiple_tasks.py for tasks to queue
[2024-05-30T17:02:39.924-0500] {logging_mixin.py:188} INFO - [2024-05-30T17:02:39.923-0500] {dagbag.py:545} INFO - Filling up the DagBag from /home/diallo/airflow/dags/execute_multiple_tasks.py
[2024-05-30T17:02:39.938-0500] {processor.py:840} INFO - DAG(s) 'executing_multiple_tasks' retrieved from /home/diallo/airflow/dags/execute_multiple_tasks.py
[2024-05-30T17:02:39.959-0500] {logging_mixin.py:188} INFO - [2024-05-30T17:02:39.959-0500] {dag.py:3096} INFO - Sync 1 DAGs
[2024-05-30T17:02:39.975-0500] {logging_mixin.py:188} INFO - [2024-05-30T17:02:39.975-0500] {dag.py:3954} INFO - Setting next_dagrun for executing_multiple_tasks to 2024-05-29 00:00:00+00:00, run_after=2024-05-29 00:00:00+00:00
[2024-05-30T17:02:40.038-0500] {processor.py:183} INFO - Processing /home/diallo/airflow/dags/execute_multiple_tasks.py took 0.133 seconds
[2024-05-30T17:03:10.749-0500] {processor.py:161} INFO - Started process (PID=60839) to work on /home/diallo/airflow/dags/execute_multiple_tasks.py
[2024-05-30T17:03:10.874-0500] {processor.py:830} INFO - Processing file /home/diallo/airflow/dags/execute_multiple_tasks.py for tasks to queue
[2024-05-30T17:03:10.877-0500] {logging_mixin.py:188} INFO - [2024-05-30T17:03:10.876-0500] {dagbag.py:545} INFO - Filling up the DagBag from /home/diallo/airflow/dags/execute_multiple_tasks.py
[2024-05-30T17:03:10.906-0500] {processor.py:840} INFO - DAG(s) 'executing_multiple_tasks' retrieved from /home/diallo/airflow/dags/execute_multiple_tasks.py
[2024-05-30T17:03:10.940-0500] {logging_mixin.py:188} INFO - [2024-05-30T17:03:10.939-0500] {dag.py:3096} INFO - Sync 1 DAGs
[2024-05-30T17:03:10.956-0500] {logging_mixin.py:188} INFO - [2024-05-30T17:03:10.956-0500] {dag.py:3954} INFO - Setting next_dagrun for executing_multiple_tasks to 2024-05-29 00:00:00+00:00, run_after=2024-05-29 00:00:00+00:00
[2024-05-30T17:03:11.032-0500] {processor.py:183} INFO - Processing /home/diallo/airflow/dags/execute_multiple_tasks.py took 0.299 seconds
[2024-05-30T17:03:41.253-0500] {processor.py:161} INFO - Started process (PID=61059) to work on /home/diallo/airflow/dags/execute_multiple_tasks.py
[2024-05-30T17:03:41.254-0500] {processor.py:830} INFO - Processing file /home/diallo/airflow/dags/execute_multiple_tasks.py for tasks to queue
[2024-05-30T17:03:41.255-0500] {logging_mixin.py:188} INFO - [2024-05-30T17:03:41.255-0500] {dagbag.py:545} INFO - Filling up the DagBag from /home/diallo/airflow/dags/execute_multiple_tasks.py
[2024-05-30T17:03:41.264-0500] {processor.py:840} INFO - DAG(s) 'executing_multiple_tasks' retrieved from /home/diallo/airflow/dags/execute_multiple_tasks.py
[2024-05-30T17:03:41.284-0500] {logging_mixin.py:188} INFO - [2024-05-30T17:03:41.284-0500] {dag.py:3096} INFO - Sync 1 DAGs
[2024-05-30T17:03:41.301-0500] {logging_mixin.py:188} INFO - [2024-05-30T17:03:41.301-0500] {dag.py:3954} INFO - Setting next_dagrun for executing_multiple_tasks to 2024-05-29 00:00:00+00:00, run_after=2024-05-29 00:00:00+00:00
[2024-05-30T17:03:41.371-0500] {processor.py:183} INFO - Processing /home/diallo/airflow/dags/execute_multiple_tasks.py took 0.125 seconds
[2024-05-30T17:04:11.591-0500] {processor.py:161} INFO - Started process (PID=61270) to work on /home/diallo/airflow/dags/execute_multiple_tasks.py
[2024-05-30T17:04:11.631-0500] {processor.py:830} INFO - Processing file /home/diallo/airflow/dags/execute_multiple_tasks.py for tasks to queue
[2024-05-30T17:04:11.633-0500] {logging_mixin.py:188} INFO - [2024-05-30T17:04:11.632-0500] {dagbag.py:545} INFO - Filling up the DagBag from /home/diallo/airflow/dags/execute_multiple_tasks.py
[2024-05-30T17:04:11.651-0500] {processor.py:840} INFO - DAG(s) 'executing_multiple_tasks' retrieved from /home/diallo/airflow/dags/execute_multiple_tasks.py
[2024-05-30T17:04:11.674-0500] {logging_mixin.py:188} INFO - [2024-05-30T17:04:11.674-0500] {dag.py:3096} INFO - Sync 1 DAGs
[2024-05-30T17:04:11.693-0500] {logging_mixin.py:188} INFO - [2024-05-30T17:04:11.693-0500] {dag.py:3954} INFO - Setting next_dagrun for executing_multiple_tasks to 2024-05-29 00:00:00+00:00, run_after=2024-05-29 00:00:00+00:00
[2024-05-30T17:04:11.769-0500] {processor.py:183} INFO - Processing /home/diallo/airflow/dags/execute_multiple_tasks.py took 0.192 seconds
[2024-05-30T17:04:41.883-0500] {processor.py:161} INFO - Started process (PID=61490) to work on /home/diallo/airflow/dags/execute_multiple_tasks.py
[2024-05-30T17:04:41.884-0500] {processor.py:830} INFO - Processing file /home/diallo/airflow/dags/execute_multiple_tasks.py for tasks to queue
[2024-05-30T17:04:41.886-0500] {logging_mixin.py:188} INFO - [2024-05-30T17:04:41.885-0500] {dagbag.py:545} INFO - Filling up the DagBag from /home/diallo/airflow/dags/execute_multiple_tasks.py
[2024-05-30T17:04:41.896-0500] {processor.py:840} INFO - DAG(s) 'executing_multiple_tasks' retrieved from /home/diallo/airflow/dags/execute_multiple_tasks.py
[2024-05-30T17:04:41.915-0500] {logging_mixin.py:188} INFO - [2024-05-30T17:04:41.915-0500] {dag.py:3096} INFO - Sync 1 DAGs
[2024-05-30T17:04:41.932-0500] {logging_mixin.py:188} INFO - [2024-05-30T17:04:41.931-0500] {dag.py:3954} INFO - Setting next_dagrun for executing_multiple_tasks to 2024-05-29 00:00:00+00:00, run_after=2024-05-29 00:00:00+00:00
[2024-05-30T17:04:41.990-0500] {processor.py:183} INFO - Processing /home/diallo/airflow/dags/execute_multiple_tasks.py took 0.119 seconds
[2024-05-30T17:05:12.213-0500] {processor.py:161} INFO - Started process (PID=61709) to work on /home/diallo/airflow/dags/execute_multiple_tasks.py
[2024-05-30T17:05:12.251-0500] {processor.py:830} INFO - Processing file /home/diallo/airflow/dags/execute_multiple_tasks.py for tasks to queue
[2024-05-30T17:05:12.254-0500] {logging_mixin.py:188} INFO - [2024-05-30T17:05:12.253-0500] {dagbag.py:545} INFO - Filling up the DagBag from /home/diallo/airflow/dags/execute_multiple_tasks.py
[2024-05-30T17:05:12.275-0500] {processor.py:840} INFO - DAG(s) 'executing_multiple_tasks' retrieved from /home/diallo/airflow/dags/execute_multiple_tasks.py
[2024-05-30T17:05:12.299-0500] {logging_mixin.py:188} INFO - [2024-05-30T17:05:12.299-0500] {dag.py:3096} INFO - Sync 1 DAGs
[2024-05-30T17:05:12.317-0500] {logging_mixin.py:188} INFO - [2024-05-30T17:05:12.316-0500] {dag.py:3954} INFO - Setting next_dagrun for executing_multiple_tasks to 2024-05-29 00:00:00+00:00, run_after=2024-05-29 00:00:00+00:00
[2024-05-30T17:05:12.378-0500] {processor.py:183} INFO - Processing /home/diallo/airflow/dags/execute_multiple_tasks.py took 0.180 seconds
[2024-05-30T17:05:42.495-0500] {processor.py:161} INFO - Started process (PID=61920) to work on /home/diallo/airflow/dags/execute_multiple_tasks.py
[2024-05-30T17:05:42.496-0500] {processor.py:830} INFO - Processing file /home/diallo/airflow/dags/execute_multiple_tasks.py for tasks to queue
[2024-05-30T17:05:42.497-0500] {logging_mixin.py:188} INFO - [2024-05-30T17:05:42.497-0500] {dagbag.py:545} INFO - Filling up the DagBag from /home/diallo/airflow/dags/execute_multiple_tasks.py
[2024-05-30T17:05:42.508-0500] {processor.py:840} INFO - DAG(s) 'executing_multiple_tasks' retrieved from /home/diallo/airflow/dags/execute_multiple_tasks.py
[2024-05-30T17:05:42.527-0500] {logging_mixin.py:188} INFO - [2024-05-30T17:05:42.527-0500] {dag.py:3096} INFO - Sync 1 DAGs
[2024-05-30T17:05:42.544-0500] {logging_mixin.py:188} INFO - [2024-05-30T17:05:42.544-0500] {dag.py:3954} INFO - Setting next_dagrun for executing_multiple_tasks to 2024-05-29 00:00:00+00:00, run_after=2024-05-29 00:00:00+00:00
[2024-05-30T17:05:42.605-0500] {processor.py:183} INFO - Processing /home/diallo/airflow/dags/execute_multiple_tasks.py took 0.123 seconds
[2024-05-30T17:06:12.798-0500] {processor.py:161} INFO - Started process (PID=62144) to work on /home/diallo/airflow/dags/execute_multiple_tasks.py
[2024-05-30T17:06:12.822-0500] {processor.py:830} INFO - Processing file /home/diallo/airflow/dags/execute_multiple_tasks.py for tasks to queue
[2024-05-30T17:06:12.824-0500] {logging_mixin.py:188} INFO - [2024-05-30T17:06:12.823-0500] {dagbag.py:545} INFO - Filling up the DagBag from /home/diallo/airflow/dags/execute_multiple_tasks.py
[2024-05-30T17:06:12.843-0500] {processor.py:840} INFO - DAG(s) 'executing_multiple_tasks' retrieved from /home/diallo/airflow/dags/execute_multiple_tasks.py
[2024-05-30T17:06:12.869-0500] {logging_mixin.py:188} INFO - [2024-05-30T17:06:12.868-0500] {dag.py:3096} INFO - Sync 1 DAGs
[2024-05-30T17:06:12.886-0500] {logging_mixin.py:188} INFO - [2024-05-30T17:06:12.885-0500] {dag.py:3954} INFO - Setting next_dagrun for executing_multiple_tasks to 2024-05-29 00:00:00+00:00, run_after=2024-05-29 00:00:00+00:00
[2024-05-30T17:06:12.944-0500] {processor.py:183} INFO - Processing /home/diallo/airflow/dags/execute_multiple_tasks.py took 0.154 seconds
[2024-05-30T17:06:43.119-0500] {processor.py:161} INFO - Started process (PID=62351) to work on /home/diallo/airflow/dags/execute_multiple_tasks.py
[2024-05-30T17:06:43.120-0500] {processor.py:830} INFO - Processing file /home/diallo/airflow/dags/execute_multiple_tasks.py for tasks to queue
[2024-05-30T17:06:43.122-0500] {logging_mixin.py:188} INFO - [2024-05-30T17:06:43.121-0500] {dagbag.py:545} INFO - Filling up the DagBag from /home/diallo/airflow/dags/execute_multiple_tasks.py
[2024-05-30T17:06:43.137-0500] {processor.py:840} INFO - DAG(s) 'executing_multiple_tasks' retrieved from /home/diallo/airflow/dags/execute_multiple_tasks.py
[2024-05-30T17:06:43.158-0500] {logging_mixin.py:188} INFO - [2024-05-30T17:06:43.157-0500] {dag.py:3096} INFO - Sync 1 DAGs
[2024-05-30T17:06:43.174-0500] {logging_mixin.py:188} INFO - [2024-05-30T17:06:43.174-0500] {dag.py:3954} INFO - Setting next_dagrun for executing_multiple_tasks to 2024-05-29 00:00:00+00:00, run_after=2024-05-29 00:00:00+00:00
[2024-05-30T17:06:43.267-0500] {processor.py:183} INFO - Processing /home/diallo/airflow/dags/execute_multiple_tasks.py took 0.161 seconds
